-1 1411049297.456554 action (-0.05)
-1 1411049303.569406 effect (8.546864 0.072711)
-1 1411049313.648209 action (-0.04)
-1 1411049319.283022 effect (15.36643 0.101834)
-1 1411049330.959952 action (-0.03)
-1 1411049337.188262 effect (21.297145 0.120352)
-1 1411049351.607505 action (-0.02)
-1 1411049357.158296 effect (49.389948 0.189858)
-1 1411049372.855513 action (-0.01)
-1 1411049379.191408 effect (-58.092276 0.458174)
-1 1411049394.858339 action (0.0)
-1 1411049400.968777 effect (-67.212703 0.268321)
-1 1411049416.810463 action (0.01)
-1 1411049423.042404 effect (-23.556261 0.180279)
-1 1411049438.052197 action (0.02)
-1 1411049444.973543 effect (-39.595727 0.256323)
-1 1411049456.668083 action (0.03)
-1 1411049462.868474 effect (173.347661 0.025172)
-1 1411049471.814801 action (0.04)
-1 1411049477.911553 effect (-59.373084 0.007592)
-1 1411049486.449841 action (0.05)
-1 1411049492.094390 effect (-141.780369 0.004062)
-1 1411049509.864778 action (-0.05)
-1 1411049515.399535 effect (-1.485605 0.099134)
-1 1411049528.245977 action (-0.04)
-1 1411049533.780590 effect (6.796728 0.137364)
-1 1411049543.456814 action (-0.03)
-1 1411049550.185893 effect (49.457351 0.055775)
-1 1411049561.383357 action (-0.02)
-1 1411049567.011551 effect (70.324446 0.061377)
-1 1411049583.062574 action (-0.01)
-1 1411049588.974737 effect (-29.525169 0.159392)
-1 1411049605.161722 action (0.0)
-1 1411049611.366877 effect (-30.458084 0.196536)
-1 1411049626.369597 action (0.01)
-1 1411049632.612086 effect (-28.548822 0.185461)
-1 1411049644.980740 action (0.02)
-1 1411049650.612031 effect (-128.171184 0.02164)
-1 1411049659.226303 action (0.03)
-1 1411049665.455757 effect (-89.270878 0.035116)
-1 1411049674.015996 action (0.04)
-1 1411049679.735777 effect (-98.701735 0.018484)
-1 1411049688.357387 action (0.05)
-1 1411049693.777058 effect (67.056012 0.000474)
-1 1411049715.034272 action (-0.05)
-1 1411049719.291475 effect (-2.152443 0.125994)
-1 1411049728.599925 action (-0.04)
-1 1411049734.029633 effect (17.70628 0.078323)
-1 1411049744.699196 action (-0.03)
-1 1411049750.645188 effect (64.370042 0.056309)
-1 1411049761.162738 action (-0.02)
-1 1411049766.588308 effect (101.621649 0.048687)
-1 1411049782.343442 action (-0.01)
-1 1411049788.360050 effect (-58.566699 0.115001)
-1 1411049803.985798 action (0.0)
-1 1411049810.089687 effect (-28.281755 0.165579)
-1 1411049825.863869 action (0.01)
-1 1411049831.565609 effect (-26.735165 0.166323)
-1 1411049842.788815 action (0.02)
-1 1411049848.940051 effect (-124.478948 0.005316)
-1 1411049857.914005 action (0.03)
-1 1411049863.545855 effect (-89.88625 0.019966)
-1 1411049872.324893 action (0.04)
-1 1411049877.729510 effect (-89.067704 0.019648)
-1 1411049886.794230 action (0.05)
-1 1411049892.613991 effect (86.98677 0.007904)
-1 1411049906.755158 action (-0.05)
-1 1411049912.204542 effect (5.968673 0.088343)
-1 1411049923.223402 action (-0.04)
-1 1411049929.796425 effect (5.04036 0.11181)
-1 1411049939.476315 action (-0.03)
-1 1411049945.611091 effect (62.19297 0.058063)
-1 1411049957.081982 action (-0.02)
-1 1411049962.801298 effect (92.670854 0.053908)
-1 1411049978.782223 action (-0.01)
-1 1411049984.904915 effect (-47.200889 0.379672)
-1 1411050001.855539 action (0.0)
-1 1411050007.587570 effect (-32.275743 0.185671)
-1 1411050023.011857 action (0.01)
-1 1411050029.314346 effect (-26.891726 0.158712)
-1 1411050041.272209 action (0.02)
-1 1411050047.496216 effect (-138.656492 0.035284)
-1 1411050057.340606 action (0.03)
-1 1411050062.970297 effect (-95.91771 0.016107)
-1 1411050071.634995 action (0.04)
-1 1411050077.145721 effect (-67.912219 0.02468)
-1 1411050086.956040 action (0.05)
-1 1411050092.371217 effect (-88.712241 0.032918)
-1 1411050111.880109 action (-0.05)
-1 1411050117.417758 effect (-0.409607 0.109625)
-1 1411050130.242726 action (-0.04)
-1 1411050135.673162 effect (4.545669 0.113313)
-1 1411050145.844642 action (-0.03)
-1 1411050151.461916 effect (38.285374 0.058319)
-1 1411050168.616448 action (-0.02)
-1 1411050175.940533 effect (-48.420133 0.354908)
-1 1411050193.082335 action (-0.01)
-1 1411050199.345150 effect (-57.880814 0.35141)
-1 1411050214.878968 action (0.0)
-1 1411050221.702884 effect (-67.179648 0.306116)
-1 1411050237.404104 action (0.01)
-1 1411050244.224983 effect (-27.496198 0.151092)
-1 1411050256.120497 action (0.02)
-1 1411050262.961119 effect (-70.227666 0.014787)
-1 1411050275.901121 action (0.03)
-1 1411050281.511062 effect (-80.710839 0.068601)
-1 1411050290.446722 action (0.04)
-1 1411050297.776925 effect (-89.653372 0.011065)
-1 1411050307.378780 action (0.05)
-1 1411050313.979963 effect (-94.009405 0.02226)
-1 1411050330.977388 action (-0.05)
-1 1411050336.625278 effect (10.477275 0.0874)
-1 1411050349.819224 action (-0.04)
-1 1411050355.253834 effect (5.839268 0.128314)
-1 1411050366.922504 action (-0.03)
-1 1411050373.546361 effect (8.095244 0.117516)
-1 1411050386.721240 action (-0.02)
-1 1411050394.153858 effect (-4.645366 0.066231)
-1 1411050407.626033 action (-0.01)
-1 1411050413.336543 effect (41.96982 0.135041)
-1 1411050429.267878 action (0.0)
-1 1411050435.509727 effect (-28.671266 0.172127)
-1 1411050450.941614 action (0.01)
-1 1411050457.076016 effect (-27.782279 0.164223)
-1 1411050470.038205 action (0.02)
-1 1411050475.588299 effect (-31.284986 0.048451)
-1 1411050484.697121 action (0.03)
-1 1411050490.820794 effect (-78.886093 0.017711)
-1 1411050499.602933 action (0.04)
-1 1411050505.225847 effect (-112.122279 0.016642)
-1 1411050513.895022 action (0.05)
-1 1411050520.926071 effect (-119.169958 0.005534)
-1 1411050538.337162 action (-0.05)
-1 1411050543.889280 effect (10.24761 0.049775)
-1 1411050553.373386 action (-0.04)
-1 1411050559.606457 effect (17.740538 0.069443)
-1 1411050571.279105 action (-0.03)
-1 1411050576.918773 effect (9.386429 0.117474)
-1 1411050590.749927 action (-0.02)
-1 1411050596.976176 effect (34.031702 0.166388)
-1 1411050612.692979 action (-0.01)
-1 1411050618.836559 effect (111.053533 0.200982)
-1 1411050634.526169 action (0.0)
-1 1411050640.745067 effect (-31.190157 0.164093)
-1 1411050656.551330 action (0.01)
-1 1411050662.770497 effect (-25.977482 0.158161)
-1 1411050676.302948 action (0.02)
-1 1411050682.216340 effect (-145.565669 0.010601)
-1 1411050690.820967 action (0.03)
-1 1411050696.454716 effect (-97.56902 0.023708)
-1 1411050705.090262 action (0.04)
-1 1411050710.623368 effect (-85.259213 0.008046)
-1 1411050720.405835 action (0.05)
-1 1411050725.836054 effect (-83.830998 0.032043)
-1 1411050741.368896 action (-0.05)
-1 1411050748.696061 effect (22.322282 0.064968)
-1 1411050761.681517 action (-0.04)
-1 1411050767.330147 effect (0.956973 0.114637)
-1 1411050776.712514 action (-0.03)
-1 1411050782.338966 effect (47.244554 0.076937)
-1 1411050793.391995 action (-0.02)
-1 1411050798.959933 effect (111.63262 0.043848)
-1 1411050814.690962 action (-0.01)
-1 1411050820.831507 effect (-32.944527 0.166503)
-1 1411050836.554630 action (0.0)
-1 1411050843.851537 effect (-74.327988 0.394411)
-1 1411050858.701509 action (0.01)
-1 1411050864.932775 effect (-32.989105 0.160729)
-1 1411050879.985155 action (0.02)
-1 1411050885.883196 effect (-24.891891 0.152774)
-1 1411050894.913278 action (0.03)
-1 1411050900.556531 effect (-80.610542 0.024777)
-1 1411050909.561161 action (0.04)
-1 1411050915.512839 effect (-54.826723 0.006215)
-1 1411050924.977026 action (0.05)
-1 1411050930.594285 effect (-80.704225 0.044215)
-1 1411050945.080967 action (-0.05)
-1 1411050950.624132 effect (112.829976 0.03729)
-1 1411050960.674063 action (-0.04)
-1 1411050966.115968 effect (16.640625 0.073843)
-1 1411050975.683231 action (-0.03)
-1 1411050981.803946 effect (56.847419 0.050524)
-1 1411050993.281727 action (-0.02)
-1 1411050998.812161 effect (76.508157 0.050229)
-1 1411051015.752164 action (-0.01)
-1 1411051021.674406 effect (27.954982 0.225619)
-1 1411051037.414991 action (0.0)
-1 1411051043.318937 effect (-31.402028 0.167598)
-1 1411051058.935264 action (0.01)
-1 1411051065.064280 effect (-28.262295 0.157297)
-1 1411051079.012925 action (0.02)
-1 1411051085.954369 effect (-29.378557 0.15612)
-1 1411051094.537848 action (0.03)
-1 1411051100.140607 effect (-95.075457 0.032218)
-1 1411051109.257378 action (0.04)
-1 1411051114.759009 effect (-98.694588 0.022793)
-1 1411051123.321369 action (0.05)
-1 1411051128.740320 effect (-87.484623 0.006083)
-1 1411051142.561845 action (-0.05)
-1 1411051146.782188 effect (113.842804 0.054813)
-1 1411051156.393097 action (-0.04)
-1 1411051161.955164 effect (38.297623 0.057011)
-1 1411051173.399198 action (-0.03)
-1 1411051179.044260 effect (60.535009 0.055996)
-1 1411051190.462633 action (-0.02)
-1 1411051195.888205 effect (96.583836 0.047147)
-1 1411051212.036992 action (-0.01)
-1 1411051218.155407 effect (-50.519201 0.213214)
-1 1411051235.498891 action (0.0)
-1 1411051241.628630 effect (-39.411685 0.176101)
-1 1411051256.894697 action (0.01)
-1 1411051263.018862 effect (-32.951792 0.193093)
-1 1411051276.653845 action (0.02)
-1 1411051283.971970 effect (-67.849509 0.105872)
-1 1411051292.863411 action (0.03)
-1 1411051299.809828 effect (-122.703026 0.018606)
-1 1411051308.572249 action (0.04)
-1 1411051314.002827 effect (-83.634316 0.03151)
-1 1411051322.607990 action (0.05)
-1 1411051328.130133 effect (170.440477 0.005882)
-1 1411051548.206719 action (-0.05)
-1 1411051554.057336 effect (7.644457 0.081301)
-1 1411051563.787337 action (-0.04)
-1 1411051569.442545 effect (41.744488 0.049532)
-1 1411051580.554720 action (-0.03)
-1 1411051586.175618 effect (53.428348 0.051335)
-1 1411051598.954770 action (-0.02)
-1 1411051604.879201 effect (-44.507027 0.35504)
-1 1411051621.042297 action (-0.01)
-1 1411051627.269129 effect (-50.290152 0.362152)
-1 1411051638.944449 action (0.0)
-1 1411051644.869927 effect (-32.317219 0.17189)
-1 1411051660.646070 action (0.01)
-1 1411051666.474745 effect (-25.931479 0.1619)
-1 1411051681.849726 action (0.02)
-1 1411051687.796551 effect (-25.603026 0.156586)
-1 1411051698.613036 action (0.03)
-1 1411051704.325086 effect (-40.041838 0.145895)
-1 1411051713.644537 action (0.04)
-1 1411051719.360101 effect (-77.413489 0.016333)
-1 1411051729.197933 action (0.05)
-1 1411051735.027036 effect (-74.23981 0.01222)
-1 1411051753.539670 action (-0.05)
-1 1411051759.873930 effect (0.084753 0.109336)
-1 1411051771.589108 action (-0.04)
-1 1411051777.303008 effect (5.1968 0.131924)
-1 1411051787.135660 action (-0.03)
-1 1411051792.755347 effect (54.206999 0.050901)
-1 1411051808.494945 action (-0.02)
-1 1411051814.705110 effect (13.655398 0.121289)
-1 1411051830.569507 action (-0.01)
-1 1411051836.779146 effect (-43.969454 0.358902)
-1 1411051848.436799 action (0.0)
-1 1411051854.679061 effect (-53.752757 0.370776)
-1 1411051870.453322 action (0.01)
-1 1411051876.181454 effect (-23.990175 0.154431)
-1 1411051891.837927 action (0.02)
-1 1411051898.088153 effect (-18.333971 0.130846)
-1 1411051909.334528 action (0.03)
-1 1411051915.090283 effect (-97.867608 0.021009)
-1 1411051924.379156 action (0.04)
-1 1411051930.002578 effect (-56.935616 0.007465)
-1 1411051939.300612 action (0.05)
-1 1411051945.034690 effect (-62.78073 0.00144)
-1 1411051961.570222 action (-0.05)
-1 1411051967.204194 effect (137.349166 0.046259)
-1 1411051977.603731 action (-0.04)
-1 1411051983.254610 effect (18.137614 0.082614)
-1 1411051994.352167 action (-0.03)
-1 1411052000.073949 effect (151.630936 0.074868)
-1 1411052013.964911 action (-0.02)
-1 1411052019.669628 effect (81.035689 0.042465)
-1 1411052035.531734 action (-0.01)
-1 1411052041.560481 effect (121.270244 0.273651)
-1 1411052053.317546 action (0.0)
-1 1411052059.035425 effect (-54.557432 0.234284)
-1 1411052074.824509 action (0.01)
-1 1411052080.638225 effect (-30.671072 0.179069)
-1 1411052091.800053 action (0.02)
-1 1411052097.427544 effect (-120.156627 0.025327)
-1 1411052112.942945 action (0.03)
-1 1411052118.911700 effect (-62.953205 0.105077)
-1 1411052127.817871 action (0.04)
-1 1411052133.637438 effect (-99.694155 0.019577)
-1 1411052142.712582 action (0.05)
-1 1411052148.327307 effect (113.304785 0.008351)
-1 1411052165.326534 action (-0.05)
-1 1411052172.381235 effect (3.332779 0.09803)
-1 1411052184.055311 action (-0.04)
-1 1411052189.690673 effect (55.322873 0.046667)
-1 1411052201.648361 action (-0.03)
-1 1411052207.278394 effect (55.859169 0.047607)
-1 1411052223.195847 action (-0.02)
-1 1411052228.993755 effect (8.410524 0.146561)
-1 1411052244.903709 action (-0.01)
-1 1411052251.122746 effect (-47.443993 0.365699)
-1 1411052262.457399 action (0.0)
-1 1411052268.387935 effect (-28.598149 0.188649)
-1 1411052284.286600 action (0.01)
-1 1411052289.899997 effect (-27.855009 0.163954)
-1 1411052302.252387 action (0.02)
-1 1411052307.977017 effect (-76.263256 0.017822)
-1 1411052316.873518 action (0.03)
-1 1411052322.591139 effect (-95.824015 0.03315)
-1 1411052331.321157 action (0.04)
-1 1411052336.950574 effect (-88.331843 0.019149)
-1 1411052346.150623 action (0.05)
-1 1411052352.060971 effect (87.061525 0.004789)
-1 1411052367.822007 action (-0.05)
-1 1411052373.444845 effect (53.419096 0.055675)
-1 1411052383.812688 action (-0.04)
-1 1411052389.458684 effect (17.035479 0.083559)
-1 1411052400.793717 action (-0.03)
-1 1411052406.431821 effect (57.614297 0.055459)
-1 1411052418.607860 action (-0.02)
-1 1411052424.846033 effect (92.51449 0.05297)
-1 1411052440.666130 action (-0.01)
-1 1411052446.901758 effect (-31.332085 0.176265)
-1 1411052459.039880 action (0.0)
-1 1411052463.842473 effect (-51.898345 0.381112)
-1 1411052479.693026 action (0.01)
-1 1411052486.719806 effect (-25.901392 0.160322)
-1 1411052500.466325 action (0.02)
-1 1411052506.190945 effect (-116.696784 0.00972)
-1 1411052519.676608 action (0.03)
-1 1411052525.985805 effect (-57.729551 0.125911)
-1 1411052534.994741 action (0.04)
-1 1411052540.720740 effect (-117.133844 0.006506)
-1 1411052549.094018 action (0.05)
-1 1411052554.723182 effect (-162.289812 0.004073)
-1 1411052570.035468 action (-0.05)
-1 1411052576.254765 effect (7.643951 0.063463)
-1 1411052585.924706 action (-0.04)
-1 1411052591.464335 effect (29.776016 0.069111)
-1 1411052601.960118 action (-0.03)
-1 1411052607.993119 effect (60.19368 0.053878)
-1 1411052619.278266 action (-0.02)
-1 1411052625.201229 effect (94.065575 0.049672)
-1 1411052641.126276 action (-0.01)
-1 1411052647.461192 effect (-44.123841 0.359559)
-1 1411052659.190748 action (0.0)
-1 1411052665.111641 effect (-57.114398 0.339034)
-1 1411052680.977177 action (0.01)
-1 1411052687.217521 effect (-27.574417 0.163194)
-1 1411052701.104681 action (0.02)
-1 1411052707.014357 effect (-87.945368 0.078375)
-1 1411052716.459778 action (0.03)
-1 1411052722.116143 effect (-97.587604 0.027398)
-1 1411052731.516771 action (0.04)
-1 1411052737.233584 effect (-88.229009 0.029322)
-1 1411052745.887338 action (0.05)
-1 1411052751.600503 effect (-114.548089 0.01444)
-1 1411052768.304308 action (-0.05)
-1 1411052772.625398 effect (-1.395671 0.119824)
-1 1411052782.951019 action (-0.04)
-1 1411052788.697218 effect (17.193294 0.071802)
-1 1411052799.704927 action (-0.03)
-1 1411052805.258981 effect (49.857867 0.065706)
-1 1411052817.555830 action (-0.02)
-1 1411052823.265714 effect (113.386013 0.042753)
-1 1411052839.724158 action (-0.01)
-1 1411052845.435082 effect (-44.370374 0.355527)
-1 1411052857.367746 action (0.0)
-1 1411052863.079037 effect (-66.184183 0.337484)
-1 1411052879.239563 action (0.01)
-1 1411052884.952101 effect (-37.761114 0.179428)
-1 1411052900.497548 action (0.02)
-1 1411052906.427419 effect (-25.139795 0.149319)
-1 1411052915.497139 action (0.03)
-1 1411052921.310030 effect (-96.610217 0.025439)
-1 1411052930.062339 action (0.04)
-1 1411052936.962713 effect (-87.600718 0.012623)
-1 1411052946.381942 action (0.05)
-1 1411052951.989689 effect (-7.304456 0.00712)
-1 1411052966.816411 action (-0.05)
-1 1411052972.459812 effect (11.61112 0.081638)
-1 1411052982.388414 action (-0.04)
-1 1411052989.332211 effect (14.087304 0.079357)
-1 1411053000.221188 action (-0.03)
-1 1411053005.853189 effect (61.786659 0.057421)
-1 1411053017.535513 action (-0.02)
-1 1411053023.377210 effect (104.584226 0.063169)
-1 1411053040.686126 action (-0.01)
-1 1411053046.895320 effect (-56.365039 0.455676)
-1 1411053058.865580 action (0.0)
-1 1411053065.066067 effect (-44.670327 0.358327)
-1 1411053080.733073 action (0.01)
-1 1411053086.569456 effect (-34.367184 0.159895)
-1 1411053102.508521 action (0.02)
-1 1411053108.258412 effect (-25.956204 0.156597)
-1 1411053125.306720 action (0.03)
-1 1411053130.929820 effect (-16.568117 0.137556)
-1 1411053140.583346 action (0.04)
-1 1411053146.303754 effect (-98.99711 0.018999)
-1 1411053155.021068 action (0.05)
-1 1411053160.778569 effect (-132.185552 0.004688)
-1 1411053175.863577 action (-0.05)
-1 1411053181.497081 effect (6.586529 0.091178)
-1 1411053193.559752 action (-0.04)
-1 1411053199.184854 effect (2.885368 0.118227)
-1 1411053208.459214 action (-0.03)
-1 1411053214.085090 effect (45.580595 0.066284)
-1 1411053226.471029 action (-0.02)
-1 1411053232.679077 effect (76.931551 0.050326)
-1 1411053248.642697 action (-0.01)
-1 1411053254.289930 effect (-55.607533 0.370962)
-1 1411053266.069937 action (0.0)
-1 1411053272.278629 effect (-51.441755 0.369248)
-1 1411053288.233857 action (0.01)
-1 1411053294.307993 effect (-25.226673 0.157522)
-1 1411053310.402729 action (0.02)
-1 1411053316.646024 effect (-19.904175 0.152373)
-1 1411053327.737305 action (0.03)
-1 1411053333.476906 effect (-126.280002 0.016621)
-1 1411053342.381509 action (0.04)
-1 1411053348.104851 effect (98.343851 0.001646)
-1 1411053357.105170 action (0.05)
-1 1411053362.929253 effect (36.674741 0.001074)
-1 1411053379.220725 action (-0.05)
-1 1411053384.759138 effect (2.560094 0.10235)
-1 1411053394.341838 action (-0.04)
-1 1411053400.178730 effect (42.285218 0.052474)
-1 1411053412.425708 action (-0.03)
-1 1411053418.836078 effect (-56.499796 0.365692)
-1 1411053430.468033 action (-0.02)
-1 1411053437.984320 effect (110.022846 0.057317)
-1 1411053453.910130 action (-0.01)
-1 1411053459.631650 effect (-67.946368 0.28092)
-1 1411053471.654610 action (0.0)
-1 1411053477.864014 effect (-29.855622 0.166443)
-1 1411053494.995721 action (0.01)
-1 1411053500.711597 effect (-48.67223 0.341901)
-1 1411053515.594014 action (0.02)
-1 1411053521.211697 effect (-25.443352 0.149486)
-1 1411053530.030126 action (0.03)
-1 1411053535.863529 effect (-99.657203 0.017721)
-1 1411053544.899121 action (0.04)
-1 1411053550.717912 effect (-89.576239 0.024122)
-1 1411053559.796283 action (0.05)
-1 1411053565.334750 effect (-85.700801 0.005428)
