-1 1410763346.572761 action (-0.05)
-1 1410763352.559247 effect (31.05936 0.093548)
-1 1410763372.476666 action (-0.04)
-1 1410763377.953585 effect (70.573133 0.134768)
-1 1410763399.482710 action (-0.03)
-1 1410763406.043105 effect (-12.337735 0.10835)
-1 1410763426.252882 action (-0.02)
-1 1410763431.363526 effect (-9.056706 0.109402)
-1 1410763450.820187 action (-0.01)
-1 1410763456.578567 effect (-17.375613 0.065038)
-1 1410763476.968716 action (0.0)
-1 1410763482.220171 effect (0.089128 0.098861)
-1 1410763501.710873 action (0.01)
-1 1410763507.620367 effect (-26.009316 0.052228)
-1 1410763527.918699 action (0.02)
-1 1410763533.014644 effect (14.813633 0.06583)
-1 1410763553.086651 action (0.03)
-1 1410763558.563101 effect (79.584399 0.00172)
-1 1410763580.249620 action (0.04)
-1 1410763585.505896 effect (-108.783516 0.010143)
-1 1410763605.883017 action (0.05)
-1 1410763611.400372 effect (104.04546 0.003615)
-1 1410763643.197081 action (-0.05)
-1 1410763650.143023 effect (126.403971 0.014073)
-1 1410763671.075156 action (-0.04)
-1 1410763677.632358 effect (56.088142 0.153603)
-1 1410763697.676503 action (-0.03)
-1 1410763703.656067 effect (-22.053372 0.097671)
-1 1410763724.326770 action (-0.02)
-1 1410763729.920737 effect (-12.667211 0.060226)
-1 1410763751.984291 action (-0.01)
-1 1410763757.007849 effect (-37.127135 0.016275)
-1 1410763778.380407 action (0.0)
-1 1410763784.418038 effect (-9.08937 0.046029)
-1 1410763803.641687 action (0.01)
-1 1410763809.708327 effect (-177.299317 0.011786)
-1 1410763830.095054 action (0.02)
-1 1410763836.264511 effect (-35.157787 0.382719)
-1 1410763858.924230 action (0.03)
-1 1410763864.736748 effect (22.641865 0.095208)
-1 1410763885.010717 action (0.04)
-1 1410763890.520159 effect (-26.904734 0.05394)
-1 1410763910.575887 action (0.05)
-1 1410763916.274038 effect (8.210545 0.024716)
-1 1410763995.214264 action (-0.05)
-1 1410764001.404021 effect (77.49505 0.13014)
-1 1410764022.657004 action (-0.04)
-1 1410764028.331257 effect (11.830502 0.11518)
-1 1410764048.708401 action (-0.03)
-1 1410764054.287650 effect (4.160822 0.116243)
-1 1410764075.366026 action (-0.02)
-1 1410764081.695769 effect (-3.283601 0.111326)
-1 1410764102.202684 action (-0.01)
-1 1410764107.421294 effect (-0.848007 0.110011)
-1 1410764126.846802 action (0.0)
-1 1410764133.006508 effect (67.056918 0.104656)
-1 1410764153.593188 action (0.01)
-1 1410764158.785597 effect (-11.054663 0.070923)
-1 1410764178.989929 action (0.02)
-1 1410764184.616338 effect (-48.532353 0.012564)
-1 1410764204.500238 action (0.03)
-1 1410764210.105410 effect (-85.580784 0.004589)
-1 1410764230.498856 action (0.04)
-1 1410764235.801130 effect (151.146428 0.009605)
-1 1410764256.796073 action (0.05)
-1 1410764262.001389 effect (129.132917 0.014148)
-1 1410764299.624681 action (-0.05)
-1 1410764306.492259 effect (-22.368879 0.006536)
-1 1410764327.461646 action (-0.04)
-1 1410764332.542243 effect (9.429122 0.093082)
-1 1410764353.055512 action (-0.03)
-1 1410764358.468585 effect (-37.449098 0.115291)
-1 1410764378.121158 action (-0.02)
-1 1410764384.592286 effect (-29.118662 0.113367)
-1 1410764406.488759 action (-0.01)
-1 1410764412.116232 effect (110.152665 0.047495)
-1 1410764432.691941 action (0.0)
-1 1410764439.752276 effect (120.477685 0.019858)
-1 1410764460.308582 action (0.01)
-1 1410764465.838136 effect (144.573926 0.086275)
-1 1410764486.541239 action (0.02)
-1 1410764492.140120 effect (-12.322494 0.067976)
-1 1410764513.547825 action (0.03)
-1 1410764519.470438 effect (13.12101 0.118772)
-1 1410764540.332498 action (0.04)
-1 1410764545.930603 effect (31.536358 0.08235)
-1 1410764566.550397 action (0.05)
-1 1410764572.548279 effect (53.537139 0.043708)
-1 1410764608.645688 action (-0.05)
-1 1410764613.882735 effect (-25.489873 0.108333)
-1 1410764634.638805 action (-0.04)
-1 1410764640.029463 effect (-4.964322 0.128836)
-1 1410764661.467565 action (-0.03)
-1 1410764667.309243 effect (39.463799 0.00692)
-1 1410764687.032929 action (-0.02)
-1 1410764692.820843 effect (-12.13013 0.050307)
-1 1410764713.853330 action (-0.01)
-1 1410764719.374680 effect (1.424219 0.098998)
-1 1410764740.130657 action (0.0)
-1 1410764745.456180 effect (66.835566 0.00311)
-1 1410764767.336452 action (0.01)
-1 1410764773.397799 effect (97.110707 0.052078)
-1 1410764794.644488 action (0.02)
-1 1410764799.829245 effect (4.50211 0.020733)
-1 1410764821.043279 action (0.03)
-1 1410764826.325219 effect (24.635555 0.111734)
-1 1410764847.792395 action (0.04)
-1 1410764852.788167 effect (153.416411 0.009584)
-1 1410764875.717467 action (0.05)
-1 1410764882.217922 effect (53.891183 0.113857)
