-1 1409919073.227517 action (-0.05)
-1 1409919081.382880 effect (-0.935518 0.16329)
-1 1409919091.673739 action (-0.04)
-1 1409919096.740465 effect (2.047236 0.167938)
-1 1409919110.093024 action (-0.03)
-1 1409919117.229028 effect (13.547365 0.16634)
-1 1409919133.580969 action (-0.02)
-1 1409919141.714882 effect (-25.461311 0.179424)
-1 1409919155.399224 action (-0.01)
-1 1409919163.547750 effect (-33.942494 0.188394)
-1 1409919171.826482 action (0.0)
-1 1409919177.963262 effect (-59.4286 0.005935)
-1 1409919192.191222 action (0.01)
-1 1409919200.325923 effect (-64.41434 0.081431)
-1 1409919209.429883 action (0.02)
-1 1409919215.541949 effect (175.541339 0.038302)
-1 1409919226.523456 action (0.03)
-1 1409919232.541597 effect (-173.843896 0.016357)
-1 1409919240.174510 action (0.04)
-1 1409919246.198258 effect (145.213624 0.007431)
-1 1409919254.140804 action (0.05)
-1 1409919260.273937 effect (160.399296 0.003328)
-1 1409919275.570835 action (-0.05)
-1 1409919280.595157 effect (-1.638305 0.16364)
-1 1409919290.898126 action (-0.04)
-1 1409919296.354574 effect (2.133155 0.163282)
-1 1409919307.342790 action (-0.03)
-1 1409919314.471891 effect (5.455815 0.162647)
-1 1409919328.582884 action (-0.02)
-1 1409919336.693690 effect (-21.110423 0.173377)
-1 1409919350.406887 action (-0.01)
-1 1409919358.558396 effect (-24.116501 0.182641)
-1 1409919367.294628 action (0.0)
-1 1409919375.443302 effect (-59.962705 0.034089)
-1 1409919389.115750 action (0.01)
-1 1409919395.338241 effect (-127.142117 0.037493)
-1 1409919406.742029 action (0.02)
-1 1409919412.783799 effect (131.226672 0.034094)
-1 1409919422.043598 action (0.03)
-1 1409919428.071993 effect (-26.83064 0.170102)
-1 1409919436.920358 action (0.04)
-1 1409919442.050062 effect (-42.950848 0.166428)
-1 1409919451.208600 action (0.05)
-1 1409919456.334045 effect (-76.031488 0.0435)
-1 1409919474.142607 action (-0.05)
-1 1409919480.368181 effect (-27.029277 0.178359)
-1 1409919490.816719 action (-0.04)
-1 1409919496.948443 effect (-1.112626 0.162392)
-1 1409919511.262705 action (-0.03)
-1 1409919517.310617 effect (55.585381 0.188979)
-1 1409919533.722690 action (-0.02)
-1 1409919540.846648 effect (-24.065967 0.178632)
-1 1409919554.989626 action (-0.01)
-1 1409919562.349951 effect (-29.735413 0.189025)
-1 1409919572.223008 action (0.0)
-1 1409919578.277696 effect (-61.707529 0.033725)
-1 1409919591.451745 action (0.01)
-1 1409919596.562971 effect (-29.132568 0.023585)
-1 1409919606.041433 action (0.02)
-1 1409919612.075681 effect (-152.41283 0.020414)
-1 1409919621.226529 action (0.03)
-1 1409919626.762624 effect (-28.14064 0.17119)
-1 1409919634.630324 action (0.04)
-1 1409919640.658235 effect (-27.897433 0.004498)
-1 1409919648.350081 action (0.05)
-1 1409919654.574615 effect (-157.924782 0.004041)
-1 1409919669.446360 action (-0.05)
-1 1409919675.697283 effect (0.244426 0.166805)
-1 1409919684.673679 action (-0.04)
-1 1409919691.257087 effect (2.697567 0.168984)
-1 1409919706.403521 action (-0.03)
-1 1409919713.546364 effect (4.598722 0.165365)
-1 1409919726.548491 action (-0.02)
-1 1409919732.563956 effect (6.282232 0.16918)
-1 1409919749.166691 action (-0.01)
-1 1409919756.426015 effect (-31.670307 0.186538)
-1 1409919765.622980 action (0.0)
-1 1409919772.633417 effect (-32.292464 0.027515)
-1 1409919786.864100 action (0.01)
-1 1409919794.009794 effect (28.96857 0.235627)
-1 1409919805.813851 action (0.02)
-1 1409919812.967741 effect (17.054589 0.182622)
-1 1409919820.712233 action (0.03)
-1 1409919826.744337 effect (-119.519348 0.015212)
-1 1409919834.619110 action (0.04)
-1 1409919840.673394 effect (-168.401161 0.009949)
-1 1409919849.715054 action (0.05)
-1 1409919854.747461 effect (-80.631157 0.04403)
-1 1409919873.291269 action (-0.05)
-1 1409919881.436863 effect (-2.939899 0.168686)
-1 1409919890.631687 action (-0.04)
-1 1409919896.771232 effect (0.535907 0.16329)
-1 1409919908.319844 action (-0.03)
-1 1409919913.371963 effect (4.990607 0.171059)
-1 1409919928.507117 action (-0.02)
-1 1409919934.547357 effect (-44.189066 0.365217)
-1 1409919948.411709 action (-0.01)
-1 1409919955.526565 effect (-30.049737 0.184892)
-1 1409919963.524648 action (0.0)
-1 1409919969.464451 effect (-45.195142 0.01971)
-1 1409919982.469421 action (0.01)
-1 1409919988.702847 effect (1.176314 0.159325)
-1 1409920004.491111 action (0.02)
-1 1409920010.525482 effect (-10.428121 0.029948)
-1 1409920019.774883 action (0.03)
-1 1409920027.908163 effect (-23.896341 0.167715)
-1 1409920035.989369 action (0.04)
-1 1409920043.021989 effect (-41.205725 0.0148)
-1 1409920050.805456 action (0.05)
-1 1409920056.737673 effect (-82.331549 0.013169)
-1 1409920074.820338 action (-0.05)
-1 1409920080.075160 effect (-0.525157 0.160721)
-1 1409920090.190140 action (-0.04)
-1 1409920096.532820 effect (0.30994 0.169928)
-1 1409920110.252310 action (-0.03)
-1 1409920117.486636 effect (5.998718 0.166793)
-1 1409920132.942243 action (-0.02)
-1 1409920141.077310 effect (-31.155518 0.177735)
-1 1409920154.251864 action (-0.01)
-1 1409920160.293888 effect (-20.814306 0.176042)
-1 1409920168.183119 action (0.0)
-1 1409920175.412835 effect (-57.135096 0.018569)
-1 1409920189.117460 action (0.01)
-1 1409920197.234738 effect (-60.805003 0.061819)
-1 1409920206.301380 action (0.02)
-1 1409920212.337143 effect (-146.876543 0.034405)
-1 1409920221.685735 action (0.03)
-1 1409920227.706773 effect (-19.576507 0.176228)
-1 1409920235.770700 action (0.04)
-1 1409920243.915274 effect (159.734574 0.003558)
-1 1409920253.334145 action (0.05)
-1 1409920259.458918 effect (-91.564461 0.078701)
-1 1409920274.565048 action (-0.05)
-1 1409920280.616524 effect (4.590861 0.165525)
-1 1409920289.820237 action (-0.04)
-1 1409920297.994663 effect (3.022364 0.164983)
-1 1409920309.973155 action (-0.03)
-1 1409920316.004824 effect (6.948879 0.162232)
-1 1409920332.400740 action (-0.02)
-1 1409920340.541705 effect (-26.661751 0.188112)
-1 1409920355.652938 action (-0.01)
-1 1409920363.780155 effect (-30.541648 0.170228)
-1 1409920373.410214 action (0.0)
-1 1409920381.535855 effect (-47.241362 0.034998)
-1 1409920393.428994 action (0.01)
-1 1409920399.449677 effect (57.838267 0.004339)
-1 1409920412.442512 action (0.02)
-1 1409920418.374249 effect (12.439146 0.165556)
-1 1409920429.374827 action (0.03)
-1 1409920435.547434 effect (-51.391556 0.031779)
-1 1409920444.743968 action (0.04)
-1 1409920449.979224 effect (-41.590953 0.130441)
-1 1409920457.748184 action (0.05)
-1 1409920464.876811 effect (142.420173 0.007776)
-1 1409920479.334091 action (-0.05)
-1 1409920484.589570 effect (-1.684271 0.168694)
-1 1409920497.089564 action (-0.04)
-1 1409920502.235108 effect (2.505636 0.166342)
-1 1409920516.900743 action (-0.03)
-1 1409920524.039582 effect (7.751091 0.161758)
-1 1409920539.690354 action (-0.02)
-1 1409920547.806095 effect (-28.505809 0.163861)
-1 1409920561.195931 action (-0.01)
-1 1409920567.136929 effect (-35.853831 0.19048)
-1 1409920574.412166 action (0.0)
-1 1409920580.435389 effect (-23.309415 0.004536)
-1 1409920593.352218 action (0.01)
-1 1409920598.811232 effect (-33.185112 0.015599)
-1 1409920607.826098 action (0.02)
-1 1409920613.869138 effect (-169.626643 0.039464)
-1 1409920621.642984 action (0.03)
-1 1409920627.662225 effect (-97.438408 0.020638)
-1 1409920636.741196 action (0.04)
-1 1409920642.747949 effect (-80.676648 0.104157)
-1 1409920650.478492 action (0.05)
-1 1409920656.617565 effect (-11.004595 0.008945)
-1 1409920670.883000 action (-0.05)
-1 1409920676.942401 effect (1.841724 0.164027)
-1 1409920687.551814 action (-0.04)
-1 1409920692.817965 effect (1.155851 0.163085)
-1 1409920704.523587 action (-0.03)
-1 1409920710.674139 effect (5.039506 0.158706)
-1 1409920724.957137 action (-0.02)
-1 1409920732.188048 effect (-21.19165 0.173043)
-1 1409920745.563232 action (-0.01)
-1 1409920752.698225 effect (-18.1485 0.170936)
-1 1409920762.057727 action (0.0)
-1 1409920767.372917 effect (-49.262324 0.035753)
-1 1409920779.351500 action (0.01)
-1 1409920785.351698 effect (150.036031 0.007882)
-1 1409920794.322194 action (0.02)
-1 1409920800.352293 effect (-130.933983 0.038204)
-1 1409920809.378331 action (0.03)
-1 1409920816.498532 effect (-21.197351 0.175238)
-1 1409920824.572668 action (0.04)
-1 1409920829.818654 effect (-2.902381 0.00367)
-1 1409920837.551783 action (0.05)
-1 1409920844.570498 effect (142.046858 0.021205)
-1 1409920861.282684 action (-0.05)
-1 1409920868.536336 effect (-2.952853 0.17079)
-1 1409920877.604116 action (-0.04)
-1 1409920882.662939 effect (2.394802 0.163565)
-1 1409920894.482024 action (-0.03)
-1 1409920902.619892 effect (6.314953 0.167956)
-1 1409920917.391923 action (-0.02)
-1 1409920923.317082 effect (-62.190913 0.306882)
-1 1409920937.326884 action (-0.01)
-1 1409920945.467816 effect (-36.237029 0.205535)
-1 1409920953.564587 action (0.0)
-1 1409920960.884290 effect (-32.990371 0.016645)
-1 1409920974.386558 action (0.01)
-1 1409920981.644349 effect (-30.122224 0.039724)
-1 1409920990.563809 action (0.02)
-1 1409920996.596890 effect (-125.386053 0.034742)
-1 1409921005.701810 action (0.03)
-1 1409921012.836781 effect (-126.847902 0.020243)
-1 1409921021.720392 action (0.04)
-1 1409921027.876876 effect (-90.121858 0.092648)
-1 1409921035.402782 action (0.05)
-1 1409921041.628490 effect (81.242802 0.002442)
