-1 1410368415.569905 action (-0.05)
-1 1410368421.003430 effect (2.815013 0.104304)
-1 1410368432.074428 action (-0.04)
-1 1410368439.509008 effect (46.271637 0.038865)
-1 1410368448.248275 action (-0.03)
-1 1410368453.776530 effect (81.608271 0.026225)
-1 1410368466.409160 action (-0.02)
-1 1410368472.549728 effect (89.464907 0.015762)
-1 1410368485.725686 action (-0.01)
-1 1410368491.946890 effect (106.342871 0.009657)
-1 1410368500.786794 action (0.0)
-1 1410368507.025410 effect (86.599015 0.012053)
-1 1410368519.784053 action (0.01)
-1 1410368525.419614 effect (91.673755 0.016876)
-1 1410368538.412071 action (0.02)
-1 1410368544.125268 effect (89.879389 0.017677)
-1 1410368555.812523 action (0.03)
-1 1410368561.426589 effect (-121.794365 0.380502)
-1 1410368573.324466 action (0.04)
-1 1410368578.845958 effect (-18.056295 0.179767)
-1 1410368589.456198 action (0.05)
-1 1410368594.968753 effect (-16.620464 0.17027)
-1 1410368610.676675 action (-0.05)
-1 1410368615.317615 effect (90.135857 0.02839)
-1 1410368626.353908 action (-0.04)
-1 1410368631.796514 effect (30.834543 0.052406)
-1 1410368641.129458 action (-0.03)
-1 1410368647.855731 effect (52.601384 0.048623)
-1 1410368660.446436 action (-0.02)
-1 1410368666.662547 effect (103.708932 0.022031)
-1 1410368679.387815 action (-0.01)
-1 1410368685.703066 effect (144.497996 0.004411)
-1 1410368694.567733 action (0.0)
-1 1410368700.271439 effect (110.628862 0.008751)
-1 1410368713.240277 action (0.01)
-1 1410368718.864530 effect (64.563442 0.0092)
-1 1410368732.476062 action (0.02)
-1 1410368737.992681 effect (91.900657 0.027633)
-1 1410368749.919149 action (0.03)
-1 1410368755.445143 effect (-27.738712 0.187444)
-1 1410368766.102712 action (0.04)
-1 1410368771.630964 effect (-22.875531 0.180851)
-1 1410368783.268651 action (0.05)
-1 1410368788.806764 effect (-17.796713 0.175343)
-1 1410368806.733120 action (-0.05)
-1 1410368812.147961 effect (-159.917274 0.084877)
-1 1410368821.244974 action (-0.04)
-1 1410368827.384515 effect (12.945008 0.072998)
-1 1410368836.779552 action (-0.03)
-1 1410368842.198707 effect (67.365138 0.056484)
-1 1410368855.416201 action (-0.02)
-1 1410368862.748263 effect (85.385668 0.01598)
-1 1410368875.797793 action (-0.01)
-1 1410368882.021815 effect (56.975736 0.014248)
-1 1410368890.401981 action (0.0)
-1 1410368896.534418 effect (-83.236739 0.003823)
-1 1410368911.368803 action (0.01)
-1 1410368917.598981 effect (19.819943 0.038469)
-1 1410368930.870153 action (0.02)
-1 1410368936.495611 effect (-32.815363 0.155489)
-1 1410368948.000531 action (0.03)
-1 1410368953.712317 effect (-22.984553 0.185693)
-1 1410368965.228456 action (0.04)
-1 1410368971.826926 effect (-22.760263 0.189669)
-1 1410368983.330377 action (0.05)
-1 1410368989.044856 effect (-16.301364 0.175905)
-1 1410369006.162279 action (-0.05)
-1 1410369011.710846 effect (2.412809 0.103133)
-1 1410369023.449331 action (-0.04)
-1 1410369028.944822 effect (42.663373 0.032322)
-1 1410369039.914480 action (-0.03)
-1 1410369045.545354 effect (113.667178 0.059165)
-1 1410369056.351288 action (-0.02)
-1 1410369062.668835 effect (101.011759 0.031962)
-1 1410369075.337221 action (-0.01)
-1 1410369081.559721 effect (67.634018 0.009644)
-1 1410369090.215489 action (0.0)
-1 1410369096.450773 effect (140.153604 0.003312)
-1 1410369109.232864 action (0.01)
-1 1410369115.352299 effect (83.036438 0.005376)
-1 1410369128.149966 action (0.02)
-1 1410369133.866660 effect (-176.524184 0.058359)
-1 1410369145.635595 action (0.03)
-1 1410369151.857566 effect (-41.579921 0.050413)
-1 1410369163.333036 action (0.04)
-1 1410369169.057388 effect (-20.492426 0.180267)
-1 1410369179.058385 action (0.05)
-1 1410369184.629379 effect (-47.666803 0.17272)
-1 1410369203.162972 action (-0.05)
-1 1410369208.678092 effect (-166.456736 0.075294)
-1 1410369218.281673 action (-0.04)
-1 1410369223.811853 effect (32.983799 0.057285)
-1 1410369233.348441 action (-0.03)
-1 1410369238.973095 effect (76.19045 0.031766)
-1 1410369252.014152 action (-0.02)
-1 1410369258.155927 effect (88.744136 0.049978)
-1 1410369270.971137 action (-0.01)
-1 1410369276.677308 effect (65.849132 0.020379)
-1 1410369285.164163 action (0.0)
-1 1410369291.358458 effect (88.207242 0.008545)
-1 1410369304.172335 action (0.01)
-1 1410369309.804625 effect (71.477944 0.012303)
-1 1410369327.243048 action (0.02)
-1 1410369333.370731 effect (-29.717699 0.159674)
-1 1410369347.819442 action (0.03)
-1 1410369353.241538 effect (171.153751 0.078175)
-1 1410369364.207921 action (0.04)
-1 1410369369.726321 effect (-16.323062 0.20145)
-1 1410369380.925252 action (0.05)
-1 1410369386.530482 effect (-17.744001 0.171443)
-1 1410369402.909303 action (-0.05)
-1 1410369408.421138 effect (118.122901 0.022514)
-1 1410369419.159501 action (-0.04)
-1 1410369424.701993 effect (21.935529 0.07157)
-1 1410369436.307290 action (-0.03)
-1 1410369443.747842 effect (102.312603 0.049214)
-1 1410369456.630299 action (-0.02)
-1 1410369462.442155 effect (-84.776262 0.000496)
-1 1410369475.086849 action (-0.01)
-1 1410369480.619296 effect (71.81472 0.013346)
-1 1410369488.846591 action (0.0)
-1 1410369494.471461 effect (-83.557715 0.005588)
-1 1410369507.823435 action (0.01)
-1 1410369513.947860 effect (86.223298 0.012763)
-1 1410369526.892407 action (0.02)
-1 1410369532.312358 effect (-167.781745 0.065413)
-1 1410369545.392461 action (0.03)
-1 1410369551.202108 effect (-31.087089 0.13896)
-1 1410369562.554714 action (0.04)
-1 1410369568.067592 effect (-24.584456 0.187283)
-1 1410369579.619826 action (0.05)
-1 1410369585.237798 effect (-17.907109 0.168519)
-1 1410369604.268843 action (-0.05)
-1 1410369609.895600 effect (-153.67808 0.070984)
-1 1410369620.078487 action (-0.04)
-1 1410369625.628188 effect (12.364979 0.088583)
-1 1410369635.576132 action (-0.03)
-1 1410369641.189290 effect (70.178006 0.045391)
-1 1410369653.937176 action (-0.02)
-1 1410369659.580072 effect (96.649794 0.009882)
-1 1410369672.459317 action (-0.01)
-1 1410369678.662647 effect (-133.620008 0.001286)
-1 1410369687.239307 action (0.0)
-1 1410369693.457262 effect (-84.292573 0.008253)
-1 1410369706.827078 action (0.01)
-1 1410369712.441601 effect (86.353075 0.01505)
-1 1410369725.951311 action (0.02)
-1 1410369732.766481 effect (77.28539 0.030495)
-1 1410369745.095574 action (0.03)
-1 1410369750.510700 effect (-23.598963 0.181821)
-1 1410369762.058231 action (0.04)
-1 1410369767.480597 effect (-20.748295 0.186585)
-1 1410369777.989915 action (0.05)
-1 1410369785.013061 effect (-21.389674 0.175933)
-1 1410369800.076723 action (-0.05)
-1 1410369806.417429 effect (-0.530253 0.0831)
-1 1410369815.763127 action (-0.04)
-1 1410369823.224065 effect (34.211949 0.044026)
-1 1410369834.515822 action (-0.03)
-1 1410369841.242047 effect (106.347949 0.045907)
-1 1410369854.543632 action (-0.02)
-1 1410369860.755088 effect (11.356543 0.003867)
-1 1410369873.829774 action (-0.01)
-1 1410369881.403267 effect (96.054187 0.016249)
-1 1410369889.769461 action (0.0)
-1 1410369897.221403 effect (109.153026 0.010622)
-1 1410369910.139324 action (0.01)
-1 1410369916.441095 effect (67.109417 0.026976)
-1 1410369929.398447 action (0.02)
-1 1410369936.019456 effect (86.552363 0.028421)
-1 1410369948.741107 action (0.03)
-1 1410369954.359082 effect (175.234481 0.449347)
-1 1410369965.881180 action (0.04)
-1 1410369971.484568 effect (-21.376154 0.183461)
-1 1410369983.050716 action (0.05)
-1 1410369989.896014 effect (-17.687436 0.179501)
-1 1410370008.102524 action (-0.05)
-1 1410370016.254849 effect (178.503631 0.433839)
-1 1410370024.912389 action (-0.04)
-1 1410370030.370007 effect (84.654298 0.033282)
-1 1410370042.110204 action (-0.03)
-1 1410370047.523749 effect (117.68669 0.064362)
-1 1410370060.436135 action (-0.02)
-1 1410370066.255310 effect (129.12079 0.011295)
-1 1410370075.252344 action (-0.01)
-1 1410370081.583421 effect (57.588291 0.009705)
-1 1410370090.466809 action (0.0)
-1 1410370096.712526 effect (-86.540721 0.005234)
-1 1410370110.126788 action (0.01)
-1 1410370115.654122 effect (67.365639 0.017475)
-1 1410370130.305227 action (0.02)
-1 1410370136.517030 effect (38.006112 0.10898)
-1 1410370148.669104 action (0.03)
-1 1410370154.213535 effect (-158.092218 0.147079)
-1 1410370165.813705 action (0.04)
-1 1410370171.439307 effect (-23.330222 0.187965)
-1 1410370183.246313 action (0.05)
-1 1410370188.766508 effect (-19.233245 0.153178)
-1 1410370203.339480 action (-0.05)
-1 1410370209.057163 effect (90.703753 0.024827)
-1 1410370220.372626 action (-0.04)
-1 1410370225.908747 effect (38.191738 0.042132)
-1 1410370235.447901 action (-0.03)
-1 1410370240.995528 effect (40.032598 0.047163)
-1 1410370253.697037 action (-0.02)
-1 1410370259.805094 effect (48.839451 0.005345)
-1 1410370274.031796 action (-0.01)
-1 1410370279.750962 effect (59.878237 0.007042)
-1 1410370288.666891 action (0.0)
-1 1410370295.499459 effect (60.229838 0.006628)
-1 1410370308.294865 action (0.01)
-1 1410370313.904882 effect (75.27171 0.016483)
-1 1410370326.928233 action (0.02)
-1 1410370332.443280 effect (89.211109 0.029148)
-1 1410370345.190715 action (0.03)
-1 1410370350.708151 effect (-29.722186 0.140983)
-1 1410370363.049821 action (0.04)
-1 1410370369.859095 effect (-20.586948 0.152869)
-1 1410370379.517210 action (0.05)
-1 1410370385.124483 effect (-95.570361 0.043832)
