-1 1410946176.422422 action (-0.05)
-1 1410946183.064263 effect (121.30665 0.028573)
-1 1410946203.500361 action (-0.04)
-1 1410946211.279838 effect (-23.986256 0.094221)
-1 1410946232.306445 action (-0.03)
-1 1410946239.239322 effect (-68.946831 0.036575)
-1 1410946260.892406 action (-0.02)
-1 1410946267.763786 effect (-148.759012 0.051919)
-1 1410946289.386267 action (-0.01)
-1 1410946296.034687 effect (6.255537 0.098569)
-1 1410946316.665261 action (0.0)
-1 1410946323.262844 effect (168.187791 0.04677)
-1 1410946344.573602 action (0.01)
-1 1410946352.029683 effect (166.066203 0.045807)
-1 1410946373.955673 action (0.02)
-1 1410946380.653482 effect (0.609916 0.079135)
-1 1410946401.880120 action (0.03)
-1 1410946410.070883 effect (-141.113129 0.048413)
-1 1410946431.290192 action (0.04)
-1 1410946438.045928 effect (168.358463 0.051541)
-1 1410946460.345513 action (0.05)
-1 1410946468.404503 effect (-174.731275 0.046814)
-1 1410946713.045032 action (-0.05)
-1 1410946720.115009 effect (67.841557 0.040044)
-1 1410946741.111733 action (-0.04)
-1 1410946748.489238 effect (20.197555 0.084747)
-1 1410946769.609333 action (-0.03)
-1 1410946777.902503 effect (19.366776 0.078439)
-1 1410946799.460862 action (-0.02)
-1 1410946806.745546 effect (90.514619 0.00185)
-1 1410946829.016071 action (-0.01)
-1 1410946836.336573 effect (-4.854488 0.013619)
-1 1410946857.283481 action (0.0)
-1 1410946864.335277 effect (81.005623 0.030484)
-1 1410946885.743609 action (0.01)
-1 1410946892.281398 effect (-96.656414 0.062702)
-1 1410946914.325914 action (0.02)
-1 1410946922.998470 effect (-11.629105 0.079578)
-1 1410946944.606942 action (0.03)
-1 1410946951.277599 effect (-66.975539 0.00272)
-1 1410946972.884280 action (0.04)
-1 1410946980.076705 effect (-172.877435 0.005316)
-1 1410947002.283421 action (0.05)
-1 1410947009.935005 effect (28.346301 0.009318)
-1 1410947054.525267 action (-0.05)
-1 1410947061.772124 effect (-93.58702 0.121337)
-1 1410947083.863789 action (-0.04)
-1 1410947092.471748 effect (-99.245603 0.091945)
-1 1410947113.948807 action (-0.03)
-1 1410947120.711688 effect (-109.134372 0.096607)
-1 1410947141.854116 action (-0.02)
-1 1410947149.298088 effect (-99.26632 0.094108)
-1 1410947170.867875 action (-0.01)
-1 1410947177.980084 effect (-14.279863 0.102119)
-1 1410947198.664292 action (0.0)
-1 1410947205.684629 effect (-10.219382 0.10068)
-1 1410947226.581820 action (0.01)
-1 1410947233.763467 effect (102.339909 0.037023)
-1 1410947255.422496 action (0.02)
-1 1410947263.194286 effect (-102.309947 0.063777)
-1 1410947284.955553 action (0.03)
-1 1410947291.611186 effect (-109.965089 0.058622)
-1 1410947313.209701 action (0.04)
-1 1410947321.141213 effect (-161.503871 0.054103)
-1 1410947342.526091 action (0.05)
-1 1410947349.991808 effect (-169.733906 0.053947)
-1 1410947393.078683 action (-0.05)
-1 1410947401.667385 effect (74.603168 0.069913)
-1 1410947422.428455 action (-0.04)
-1 1410947429.021015 effect (-3.284931 0.093246)
-1 1410947449.613630 action (-0.03)
-1 1410947456.899545 effect (3.60808 0.084117)
-1 1410947477.748707 action (-0.02)
-1 1410947485.602019 effect (3.085639 0.09861)
-1 1410947508.361843 action (-0.01)
-1 1410947516.119499 effect (6.727462 0.053241)
-1 1410947537.298470 action (0.0)
-1 1410947545.676291 effect (3.59 0.098804)
-1 1410947567.175654 action (0.01)
-1 1410947573.990670 effect (-22.265272 0.077548)
-1 1410947595.865672 action (0.02)
-1 1410947602.905848 effect (-174.931037 0.026893)
-1 1410947625.555260 action (0.03)
-1 1410947632.838088 effect (-16.541952 0.11012)
-1 1410947654.788438 action (0.04)
-1 1410947661.864878 effect (-170.572133 0.039226)
-1 1410947685.502292 action (0.05)
-1 1410947692.236557 effect (-2.085792 0.043027)
-1 1410947738.227528 action (-0.05)
-1 1410947744.767299 effect (-14.186511 0.090356)
-1 1410947766.751753 action (-0.04)
-1 1410947774.031817 effect (-1.314447 0.004123)
-1 1410947795.784999 action (-0.03)
-1 1410947802.909888 effect (-11.327035 0.101224)
-1 1410947824.647285 action (-0.02)
-1 1410947831.944699 effect (-86.863752 0.086745)
-1 1410947852.616662 action (-0.01)
-1 1410947860.251775 effect (-124.020668 0.096766)
-1 1410947882.532226 action (0.0)
-1 1410947889.169954 effect (-132.812248 0.068454)
-1 1410947911.691694 action (0.01)
-1 1410947918.709057 effect (-103.684989 0.069191)
-1 1410947940.779147 action (0.02)
-1 1410947948.031505 effect (-111.209414 0.006697)
-1 1410947969.615522 action (0.03)
-1 1410947977.067367 effect (15.426594 0.054546)
-1 1410947999.896912 action (0.04)
-1 1410948007.319393 effect (138.452933 0.005749)
-1 1410948028.524800 action (0.05)
-1 1410948036.685770 effect (-111.780316 0.027831)
-1 1410948138.634525 action (-0.05)
-1 1410948145.554878 effect (-104.148591 0.13202)
-1 1410948166.715042 action (-0.04)
-1 1410948173.808058 effect (38.938219 0.064372)
-1 1410948194.461570 action (-0.03)
-1 1410948202.580044 effect (-87.549452 0.104947)
-1 1410948223.541023 action (-0.02)
-1 1410948231.161062 effect (-109.930404 0.109831)
-1 1410948251.655714 action (-0.01)
-1 1410948260.043474 effect (-94.609707 0.079148)
-1 1410948281.239368 action (0.0)
-1 1410948288.688655 effect (-104.440495 0.082791)
-1 1410948309.777620 action (0.01)
-1 1410948317.377851 effect (-69.544464 0.013705)
-1 1410948338.598733 action (0.02)
-1 1410948345.999734 effect (99.05093 0.0128)
-1 1410948366.869590 action (0.03)
-1 1410948374.413127 effect (33.113858 0.091195)
-1 1410948396.194289 action (0.04)
-1 1410948402.830126 effect (-112.515522 0.046693)
-1 1410948423.897832 action (0.05)
-1 1410948431.534976 effect (-128.569913 0.046635)
-1 1410948468.003096 action (-0.05)
-1 1410948474.565567 effect (-110.477313 0.168919)
-1 1410948495.454857 action (-0.04)
-1 1410948502.926126 effect (-27.760445 0.120375)
-1 1410948524.423713 action (-0.03)
-1 1410948532.143972 effect (-142.537216 0.102274)
-1 1410948553.186907 action (-0.02)
-1 1410948560.862546 effect (-107.419971 0.08511)
-1 1410948581.392376 action (-0.01)
-1 1410948588.422513 effect (-124.718171 0.053983)
-1 1410948610.420438 action (0.0)
-1 1410948617.575096 effect (-119.424424 0.066782)
-1 1410948638.170550 action (0.01)
-1 1410948645.535915 effect (-19.539093 0.112684)
-1 1410948666.486168 action (0.02)
-1 1410948673.343290 effect (-7.128347 0.084798)
-1 1410948694.560398 action (0.03)
-1 1410948701.228120 effect (-107.148259 0.052322)
-1 1410948723.797163 action (0.04)
-1 1410948731.221048 effect (-31.961213 0.249636)
-1 1410948752.872247 action (0.05)
-1 1410948760.711684 effect (-157.29046 0.067117)
-1 1410948816.746483 action (-0.05)
-1 1410948824.418506 effect (-101.042227 0.106855)
-1 1410948846.004686 action (-0.04)
-1 1410948852.922848 effect (-29.620183 0.137405)
-1 1410948874.122865 action (-0.03)
-1 1410948882.739675 effect (-124.811671 0.105243)
-1 1410948903.587980 action (-0.02)
-1 1410948910.095144 effect (-139.944789 0.073811)
-1 1410948931.398734 action (-0.01)
-1 1410948938.274919 effect (-12.82452 0.132798)
-1 1410948959.188755 action (0.0)
-1 1410948967.573027 effect (177.073198 0.047852)
-1 1410948988.492646 action (0.01)
-1 1410948996.058755 effect (-54.460722 0.024007)
-1 1410949016.949607 action (0.02)
-1 1410949025.017507 effect (7.565619 0.023723)
-1 1410949045.966508 action (0.03)
-1 1410949052.788192 effect (-154.838439 0.03665)
-1 1410949074.107777 action (0.04)
-1 1410949082.249322 effect (-105.879883 0.013587)
-1 1410949104.292702 action (0.05)
-1 1410949111.871932 effect (-112.943076 0.030952)
-1 1410949155.299694 action (-0.05)
-1 1410949163.406452 effect (-121.741471 0.104536)
-1 1410949184.822147 action (-0.04)
-1 1410949192.038460 effect (-133.372536 0.086692)
-1 1410949213.308472 action (-0.03)
-1 1410949220.536102 effect (-118.776596 0.068717)
-1 1410949241.653715 action (-0.02)
-1 1410949248.549598 effect (-2.459072 0.103102)
-1 1410949269.253792 action (-0.01)
-1 1410949276.433204 effect (-37.623196 0.108143)
-1 1410949297.298215 action (0.0)
-1 1410949304.164494 effect (-43.042167 0.083108)
-1 1410949324.625741 action (0.01)
-1 1410949331.881393 effect (-105.42298 0.024564)
-1 1410949353.670323 action (0.02)
-1 1410949360.448669 effect (1.055176 0.114073)
-1 1410949383.083497 action (0.03)
-1 1410949391.016167 effect (-135.603949 0.037472)
-1 1410949412.647206 action (0.04)
-1 1410949420.013938 effect (-124.420661 0.0456)
-1 1410949440.723727 action (0.05)
-1 1410949448.341886 effect (-97.353203 0.033626)
-1 1410949494.921819 action (-0.05)
-1 1410949502.823816 effect (-127.286845 0.110992)
-1 1410949524.143158 action (-0.04)
-1 1410949532.311030 effect (-121.837568 0.092623)
-1 1410949553.175047 action (-0.03)
-1 1410949560.647951 effect (-114.817533 0.086392)
-1 1410949581.618322 action (-0.02)
-1 1410949589.016015 effect (-122.548693 0.061696)
-1 1410949610.257798 action (-0.01)
-1 1410949618.570173 effect (-141.163762 0.074501)
-1 1410949640.134371 action (0.0)
-1 1410949646.796170 effect (-11.232438 0.102092)
-1 1410949667.830423 action (0.01)
-1 1410949675.121818 effect (-5.890049 0.052915)
-1 1410949696.626118 action (0.02)
-1 1410949704.081301 effect (-123.518821 0.035465)
-1 1410949725.132838 action (0.03)
-1 1410949731.701153 effect (-117.647511 0.035665)
-1 1410949752.696815 action (0.04)
-1 1410949759.672160 effect (95.782324 0.020725)
-1 1410949780.876515 action (0.05)
-1 1410949788.227151 effect (-127.537245 0.050775)
