-1 1410264685.221801 action (-0.05)
-1 1410264690.348069 effect (25.744497 0.056947)
-1 1410264698.938282 action (-0.04)
-1 1410264704.166845 effect (21.427988 0.067165)
-1 1410264714.444299 action (-0.03)
-1 1410264720.571472 effect (14.604276 0.139707)
-1 1410264731.034037 action (-0.02)
-1 1410264738.453928 effect (26.537381 0.133523)
-1 1410264750.983066 action (-0.01)
-1 1410264756.879817 effect (-8.828786 0.037186)
-1 1410264766.278210 action (0.0)
-1 1410264773.717879 effect (-23.375683 0.034239)
-1 1410264783.189808 action (0.01)
-1 1410264789.381327 effect (-155.726755 0.049732)
-1 1410264799.031636 action (0.02)
-1 1410264805.223053 effect (-147.638293 0.022513)
-1 1410264814.296263 action (0.03)
-1 1410264819.800181 effect (-39.479846 0.143868)
-1 1410264829.072079 action (0.04)
-1 1410264834.375033 effect (-90.285936 0.04603)
-1 1410264842.519403 action (0.05)
-1 1410264848.018203 effect (118.326922 0.006328)
-1 1410264862.804529 action (-0.05)
-1 1410264868.966184 effect (30.163522 0.044554)
-1 1410264877.269723 action (-0.04)
-1 1410264882.401198 effect (34.75437 0.056933)
-1 1410264892.394900 action (-0.03)
-1 1410264898.626447 effect (19.841161 0.122043)
-1 1410264909.307033 action (-0.02)
-1 1410264915.515287 effect (65.391761 0.078255)
-1 1410264930.154124 action (-0.01)
-1 1410264938.085052 effect (-48.334445 0.038817)
-1 1410264946.083739 action (0.0)
-1 1410264952.302666 effect (130.45118 0.009105)
-1 1410264968.402484 action (0.01)
-1 1410264976.434336 effect (-29.857042 0.188398)
-1 1410264986.098812 action (0.02)
-1 1410264993.020013 effect (33.615941 0.197997)
-1 1410265000.982373 action (0.03)
-1 1410265007.195726 effect (-72.993078 0.018104)
-1 1410265015.383257 action (0.04)
-1 1410265020.901293 effect (-78.688038 0.010531)
-1 1410265030.329238 action (0.05)
-1 1410265035.859819 effect (-91.72297 0.02287)
-1 1410265051.005040 action (-0.05)
-1 1410265058.454363 effect (19.63929 0.045781)
-1 1410265067.266077 action (-0.04)
-1 1410265073.605868 effect (10.223859 0.142447)
-1 1410265083.035880 action (-0.03)
-1 1410265089.253730 effect (32.684249 0.091455)
-1 1410265100.594203 action (-0.02)
-1 1410265107.509693 effect (70.12495 0.066002)
-1 1410265120.015043 action (-0.01)
-1 1410265127.940878 effect (-5.475014 0.047366)
-1 1410265135.802373 action (0.0)
-1 1410265142.012172 effect (-55.347851 0.003184)
-1 1410265152.199206 action (0.01)
-1 1410265158.327259 effect (24.742983 0.169658)
-1 1410265167.267401 action (0.02)
-1 1410265173.403194 effect (-170.73356 0.047076)
-1 1410265181.587712 action (0.03)
-1 1410265187.004834 effect (-90.191288 0.016706)
-1 1410265196.236370 action (0.04)
-1 1410265201.753342 effect (-31.295887 0.137917)
-1 1410265210.878683 action (0.05)
-1 1410265216.099721 effect (-74.87103 0.05048)
-1 1410265231.092438 action (-0.05)
-1 1410265238.540600 effect (37.487576 0.055244)
-1 1410265246.513712 action (-0.04)
-1 1410265251.813913 effect (159.897809 0.245933)
-1 1410265261.630733 action (-0.03)
-1 1410265269.041770 effect (17.775935 0.127063)
-1 1410265284.004644 action (-0.02)
-1 1410265291.913244 effect (-39.91152 0.189686)
-1 1410265305.189982 action (-0.01)
-1 1410265313.221921 effect (-6.634605 0.073356)
-1 1410265320.589887 action (0.0)
-1 1410265328.013217 effect (-125.72582 0.016176)
-1 1410265343.563686 action (0.01)
-1 1410265351.471210 effect (2.85126 0.031938)
-1 1410265359.840336 action (0.02)
-1 1410265367.070969 effect (-132.219474 0.024367)
-1 1410265375.181737 action (0.03)
-1 1410265380.704598 effect (-86.304647 0.028186)
-1 1410265389.874700 action (0.04)
-1 1410265396.096818 effect (-92.359629 0.043221)
-1 1410265404.206084 action (0.05)
-1 1410265409.795282 effect (145.206687 0.004124)
-1 1410265424.652388 action (-0.05)
-1 1410265429.981498 effect (55.241487 0.037566)
-1 1410265438.282855 action (-0.04)
-1 1410265444.500591 effect (20.502575 0.062363)
-1 1410265453.003942 action (-0.03)
-1 1410265460.326027 effect (16.460343 0.127516)
-1 1410265474.691730 action (-0.02)
-1 1410265480.598316 effect (70.574027 0.082879)
-1 1410265495.562835 action (-0.01)
-1 1410265503.572901 effect (-58.952643 0.399031)
-1 1410265512.691092 action (0.0)
-1 1410265519.700560 effect (-15.875845 0.035702)
-1 1410265534.056031 action (0.01)
-1 1410265541.100054 effect (122.838498 0.018308)
-1 1410265549.538132 action (0.02)
-1 1410265555.635032 effect (-120.260097 0.017935)
-1 1410265563.976069 action (0.03)
-1 1410265570.186893 effect (-65.971567 0.006552)
-1 1410265578.215906 action (0.04)
-1 1410265584.822953 effect (-110.253383 0.002527)
-1 1410265594.344589 action (0.05)
-1 1410265599.949201 effect (-87.390278 0.051518)
-1 1410265615.706925 action (-0.05)
-1 1410265621.856617 effect (5.227774 0.147708)
-1 1410265631.329022 action (-0.04)
-1 1410265636.549485 effect (26.653456 0.072035)
-1 1410265644.991368 action (-0.03)
-1 1410265651.203278 effect (17.465786 0.128568)
-1 1410265660.301076 action (-0.02)
-1 1410265666.513640 effect (15.998532 0.135714)
-1 1410265678.946927 action (-0.01)
-1 1410265686.854016 effect (-39.437169 0.033851)
-1 1410265694.382572 action (0.0)
-1 1410265700.597680 effect (19.548121 0.004718)
-1 1410265710.933511 action (0.01)
-1 1410265718.340268 effect (18.939357 0.166049)
-1 1410265727.868703 action (0.02)
-1 1410265735.280329 effect (-168.497232 0.046948)
-1 1410265743.836235 action (0.03)
-1 1410265751.262838 effect (-115.140811 0.015438)
-1 1410265759.614720 action (0.04)
-1 1410265765.624179 effect (-6.738094 0.006783)
-1 1410265774.908522 action (0.05)
-1 1410265780.443869 effect (-91.24681 0.032035)
-1 1410265794.546955 action (-0.05)
-1 1410265800.112028 effect (41.617077 0.036041)
-1 1410265809.410867 action (-0.04)
-1 1410265814.843538 effect (175.604721 0.311351)
-1 1410265823.712810 action (-0.03)
-1 1410265829.828331 effect (19.721657 0.126804)
-1 1410265838.591949 action (-0.02)
-1 1410265844.805128 effect (13.192515 0.132945)
-1 1410265860.731241 action (-0.01)
-1 1410265867.757151 effect (-52.536016 0.412372)
-1 1410265875.920011 action (0.0)
-1 1410265883.042329 effect (47.613843 0.005827)
-1 1410265895.716442 action (0.01)
-1 1410265902.647994 effect (-14.640392 0.025238)
-1 1410265911.689570 action (0.02)
-1 1410265917.719245 effect (-167.607954 0.049777)
-1 1410265926.063020 action (0.03)
-1 1410265932.279032 effect (-99.906792 0.015419)
-1 1410265940.459092 action (0.04)
-1 1410265946.573544 effect (-81.325574 0.009935)
-1 1410265955.549739 action (0.05)
-1 1410265961.069496 effect (-87.452422 0.032824)
-1 1410265975.896658 action (-0.05)
-1 1410265981.162262 effect (24.039671 0.04609)
-1 1410265989.536283 action (-0.04)
-1 1410265996.961175 effect (47.339605 0.057927)
-1 1410266006.667802 action (-0.03)
-1 1410266012.909426 effect (19.089356 0.128082)
-1 1410266022.439689 action (-0.02)
-1 1410266029.555656 effect (25.335506 0.125029)
-1 1410266046.449827 action (-0.01)
-1 1410266052.486703 effect (-54.632365 0.412527)
-1 1410266060.705083 action (0.0)
-1 1410266067.720936 effect (-15.955786 0.032814)
-1 1410266078.248479 action (0.01)
-1 1410266085.359448 effect (-154.949375 0.049691)
-1 1410266096.594336 action (0.02)
-1 1410266102.599554 effect (-144.071822 0.023412)
-1 1410266110.799343 action (0.03)
-1 1410266116.407490 effect (-82.149039 0.0214)
-1 1410266125.437825 action (0.04)
-1 1410266130.970870 effect (-90.038822 0.090608)
-1 1410266140.321207 action (0.05)
-1 1410266145.733526 effect (-89.988666 0.043074)
-1 1410266161.403646 action (-0.05)
-1 1410266166.849478 effect (12.955948 0.052347)
-1 1410266175.095887 action (-0.04)
-1 1410266180.437767 effect (27.150645 0.058482)
-1 1410266189.033114 action (-0.03)
-1 1410266196.441042 effect (8.174748 0.133779)
-1 1410266206.617048 action (-0.02)
-1 1410266212.530746 effect (65.88456 0.074179)
-1 1410266225.193890 action (-0.01)
-1 1410266231.215571 effect (-37.162397 0.039869)
-1 1410266239.920287 action (0.0)
-1 1410266246.163880 effect (-9.694683 0.04703)
-1 1410266256.682437 action (0.01)
-1 1410266262.912331 effect (16.948196 0.16771)
-1 1410266272.081539 action (0.02)
-1 1410266278.287097 effect (-140.097472 0.024063)
-1 1410266286.432691 action (0.03)
-1 1410266292.541296 effect (-130.350185 0.02443)
-1 1410266300.780242 action (0.04)
-1 1410266306.288246 effect (-85.387718 0.006135)
-1 1410266314.571641 action (0.05)
-1 1410266319.995345 effect (-89.157106 0.010768)
-1 1410266334.803608 action (-0.05)
-1 1410266340.130552 effect (44.762524 0.045859)
-1 1410266348.769631 action (-0.04)
-1 1410266354.882265 effect (22.043716 0.067205)
-1 1410266363.555986 action (-0.03)
-1 1410266370.968812 effect (19.716227 0.118506)
-1 1410266379.507263 action (-0.02)
-1 1410266385.611336 effect (16.848685 0.159416)
-1 1410266396.336298 action (-0.01)
-1 1410266402.471150 effect (68.1507 0.094055)
-1 1410266410.713193 action (0.0)
-1 1410266416.939956 effect (-173.282964 0.003626)
-1 1410266427.455172 action (0.01)
-1 1410266433.497195 effect (-129.048535 0.03167)
-1 1410266442.201748 action (0.02)
-1 1410266447.627021 effect (-170.955344 0.050073)
-1 1410266457.228158 action (0.03)
-1 1410266462.532637 effect (-49.582666 0.141059)
-1 1410266471.487929 action (0.04)
-1 1410266477.001701 effect (-34.28627 0.14017)
-1 1410266484.999727 action (0.05)
-1 1410266490.510205 effect (-110.518423 0.007215)
