-1 1410430646.122756 action (-0.05)
-1 1410430652.357469 effect (0.626873 0.16061)
-1 1410430664.700966 action (-0.04)
-1 1410430670.735871 effect (7.825819 0.153504)
-1 1410430684.488701 action (-0.03)
-1 1410430690.504117 effect (7.135127 0.120126)
-1 1410430706.570250 action (-0.02)
-1 1410430712.800759 effect (16.439087 0.152344)
-1 1410430729.035903 action (-0.01)
-1 1410430735.345051 effect (-29.556259 0.126655)
-1 1410430751.625155 action (0.0)
-1 1410430757.951723 effect (-33.380823 0.160032)
-1 1410430774.305718 action (0.01)
-1 1410430780.629043 effect (-28.82818 0.160165)
-1 1410430795.085907 action (0.02)
-1 1410430801.312827 effect (-11.550453 0.036173)
-1 1410430812.796554 action (0.03)
-1 1410430818.813905 effect (-135.826972 0.027654)
-1 1410430828.338455 action (0.04)
-1 1410430833.261858 effect (-102.003593 0.015586)
-1 1410430843.397336 action (0.05)
-1 1410430849.417700 effect (-87.720102 0.006582)
-1 1410430867.390737 action (-0.05)
-1 1410430873.331991 effect (-0.208116 0.163114)
-1 1410430886.130309 action (-0.04)
-1 1410430892.072709 effect (3.630941 0.14765)
-1 1410430904.876865 action (-0.03)
-1 1410430911.307754 effect (8.630929 0.143112)
-1 1410430926.450083 action (-0.02)
-1 1410430932.486285 effect (16.131697 0.149523)
-1 1410430949.092122 action (-0.01)
-1 1410430955.220016 effect (-26.757975 0.143343)
-1 1410430971.989605 action (0.0)
-1 1410430978.127441 effect (-41.321159 0.187124)
-1 1410430994.963958 action (0.01)
-1 1410431001.186134 effect (-29.905574 0.161759)
-1 1410431014.907025 action (0.02)
-1 1410431021.126708 effect (167.902886 0.018703)
-1 1410431032.686789 action (0.03)
-1 1410431038.219876 effect (-128.426248 0.01591)
-1 1410431047.902906 action (0.04)
-1 1410431053.928141 effect (-65.484011 0.009735)
-1 1410431063.601296 action (0.05)
-1 1410431069.637588 effect (145.764186 0.006793)
-1 1410431088.983327 action (-0.05)
-1 1410431093.822220 effect (-0.496743 0.146247)
-1 1410431106.123221 action (-0.04)
-1 1410431112.108555 effect (5.262744 0.158416)
-1 1410431125.028820 action (-0.03)
-1 1410431131.167431 effect (4.923238 0.143733)
-1 1410431146.141375 action (-0.02)
-1 1410431152.358390 effect (14.068579 0.16159)
-1 1410431168.725958 action (-0.01)
-1 1410431173.954356 effect (-32.964994 0.157111)
-1 1410431190.652386 action (0.0)
-1 1410431196.881842 effect (-33.079894 0.161085)
-1 1410431213.394931 action (0.01)
-1 1410431219.523799 effect (-32.814063 0.164574)
-1 1410431232.928973 action (0.02)
-1 1410431239.173620 effect (-122.17379 0.026171)
-1 1410431249.283273 action (0.03)
-1 1410431255.495621 effect (-96.058307 0.030504)
-1 1410431265.086941 action (0.04)
-1 1410431271.198237 effect (-88.598299 0.006532)
-1 1410431281.845260 action (0.05)
-1 1410431287.963766 effect (64.941898 0.009948)
-1 1410431305.423304 action (-0.05)
-1 1410431311.438966 effect (-0.193731 0.15223)
-1 1410431323.794001 action (-0.04)
-1 1410431329.816896 effect (7.734893 0.143213)
-1 1410431342.125161 action (-0.03)
-1 1410431348.273850 effect (7.048598 0.14448)
-1 1410431363.922030 action (-0.02)
-1 1410431370.035901 effect (19.604211 0.150758)
-1 1410431386.480322 action (-0.01)
-1 1410431392.709404 effect (-31.261026 0.159336)
-1 1410431409.038820 action (0.0)
-1 1410431415.262120 effect (-32.250164 0.170307)
-1 1410431431.640593 action (0.01)
-1 1410431437.756426 effect (-23.755221 0.156984)
-1 1410431452.818333 action (0.02)
-1 1410431458.939253 effect (-131.366462 0.008964)
-1 1410431470.469609 action (0.03)
-1 1410431476.499585 effect (-98.899303 0.021113)
-1 1410431485.950736 action (0.04)
-1 1410431491.950510 effect (-103.016681 0.018314)
-1 1410431501.452142 action (0.05)
-1 1410431507.397962 effect (7.603392 0.007345)
-1 1410431528.793721 action (-0.05)
-1 1410431533.634152 effect (-38.550399 0.154976)
-1 1410431545.830658 action (-0.04)
-1 1410431552.290515 effect (6.137383 0.161962)
-1 1410431565.247139 action (-0.03)
-1 1410431571.172889 effect (8.627122 0.15984)
-1 1410431586.700624 action (-0.02)
-1 1410431592.600658 effect (13.417765 0.154622)
-1 1410431609.235666 action (-0.01)
-1 1410431615.452878 effect (-26.274749 0.146831)
-1 1410431631.924959 action (0.0)
-1 1410431637.855382 effect (-30.251523 0.1733)
-1 1410431654.515841 action (0.01)
-1 1410431660.833138 effect (-27.601067 0.153364)
-1 1410431672.301298 action (0.02)
-1 1410431678.320496 effect (179.679095 0.067473)
-1 1410431689.154895 action (0.03)
-1 1410431695.158612 effect (-105.052945 0.03212)
-1 1410431705.023691 action (0.04)
-1 1410431710.929711 effect (-98.008149 0.018126)
-1 1410431720.667601 action (0.05)
-1 1410431726.784035 effect (90.589294 0.002066)
-1 1410431744.486887 action (-0.05)
-1 1410431749.257179 effect (-1.741898 0.14924)
-1 1410431761.189307 action (-0.04)
-1 1410431767.531388 effect (9.893234 0.149169)
-1 1410431780.271139 action (-0.03)
-1 1410431786.245162 effect (9.916755 0.138871)
-1 1410431796.531541 action (-0.02)
-1 1410431803.114092 effect (110.456366 1.066069)
-1 1410431819.493877 action (-0.01)
-1 1410431825.701184 effect (-61.760891 0.256937)
-1 1410431842.515288 action (0.0)
-1 1410431848.727855 effect (-52.690781 0.224138)
-1 1410431865.074694 action (0.01)
-1 1410431871.203617 effect (-30.22082 0.15789)
-1 1410431885.974858 action (0.02)
-1 1410431891.926590 effect (-126.158682 0.016221)
-1 1410431905.093763 action (0.03)
-1 1410431911.203142 effect (-123.264533 0.022658)
-1 1410431921.414577 action (0.04)
-1 1410431927.535093 effect (-103.227455 0.012497)
-1 1410431937.373311 action (0.05)
-1 1410431943.286388 effect (164.295116 0.004452)
-1 1410431961.116783 action (-0.05)
-1 1410431967.543926 effect (0.089588 0.158006)
-1 1410431980.036639 action (-0.04)
-1 1410431986.058782 effect (7.686386 0.162465)
-1 1410431999.181281 action (-0.03)
-1 1410432005.100975 effect (9.022775 0.143268)
-1 1410432020.969781 action (-0.02)
-1 1410432027.102156 effect (18.08122 0.152916)
-1 1410432043.377635 action (-0.01)
-1 1410432049.794892 effect (-35.294755 0.161496)
-1 1410432065.919298 action (0.0)
-1 1410432072.033225 effect (-47.560407 0.210444)
-1 1410432088.262730 action (0.01)
-1 1410432094.574493 effect (-22.563295 0.145403)
-1 1410432110.762087 action (0.02)
-1 1410432117.086368 effect (-23.316584 0.155453)
-1 1410432128.500192 action (0.03)
-1 1410432134.727012 effect (-137.224194 0.017256)
-1 1410432144.762315 action (0.04)
-1 1410432150.776702 effect (-136.37919 0.007262)
-1 1410432160.580939 action (0.05)
-1 1410432166.615990 effect (105.911853 0.003537)
-1 1410432184.797886 action (-0.05)
-1 1410432190.742437 effect (2.036721 0.153793)
-1 1410432202.974407 action (-0.04)
-1 1410432209.195316 effect (8.22297 0.157761)
-1 1410432221.977954 action (-0.03)
-1 1410432228.220476 effect (13.392887 0.141731)
-1 1410432244.599608 action (-0.02)
-1 1410432250.714660 effect (39.54552 0.177825)
-1 1410432267.669574 action (-0.01)
-1 1410432273.698225 effect (-26.986634 0.158212)
-1 1410432289.812427 action (0.0)
-1 1410432295.925896 effect (-28.398696 0.171329)
-1 1410432312.280672 action (0.01)
-1 1410432318.592232 effect (-32.352423 0.164081)
-1 1410432332.741950 action (0.02)
-1 1410432338.820787 effect (-106.851492 0.009496)
-1 1410432349.125931 action (0.03)
-1 1410432355.157612 effect (-103.540398 0.028591)
-1 1410432365.210368 action (0.04)
-1 1410432371.114964 effect (-114.508983 0.007939)
-1 1410432380.741331 action (0.05)
-1 1410432386.756864 effect (-110.985221 0.008663)
-1 1410432406.054872 action (-0.05)
-1 1410432410.775080 effect (2.512203 0.164149)
-1 1410432423.030741 action (-0.04)
-1 1410432429.364040 effect (3.934533 0.159415)
-1 1410432442.341986 action (-0.03)
-1 1410432448.346124 effect (8.864355 0.158624)
-1 1410432460.775475 action (-0.02)
-1 1410432466.812431 effect (1.865432 0.131604)
-1 1410432483.363975 action (-0.01)
-1 1410432489.499157 effect (-26.717055 0.148942)
-1 1410432505.839441 action (0.0)
-1 1410432512.164495 effect (-30.693261 0.161086)
-1 1410432528.743510 action (0.01)
-1 1410432535.196711 effect (-23.229398 0.153392)
-1 1410432549.249938 action (0.02)
-1 1410432554.362751 effect (-88.124565 0.01146)
-1 1410432566.690368 action (0.03)
-1 1410432572.893473 effect (148.45628 0.022572)
-1 1410432584.342110 action (0.04)
-1 1410432590.565247 effect (-113.039649 0.018664)
-1 1410432600.777979 action (0.05)
-1 1410432605.593396 effect (39.879666 0.010201)
-1 1410432623.559538 action (-0.05)
-1 1410432629.917754 effect (0.991337 0.148542)
-1 1410432642.234219 action (-0.04)
-1 1410432648.083685 effect (5.505941 0.164664)
-1 1410432662.474520 action (-0.03)
-1 1410432668.480714 effect (10.362725 0.153077)
-1 1410432683.572810 action (-0.02)
-1 1410432689.498034 effect (10.467167 0.162247)
-1 1410432706.167453 action (-0.01)
-1 1410432712.098056 effect (-29.099811 0.128936)
-1 1410432728.688037 action (0.0)
-1 1410432735.011890 effect (-36.464477 0.170261)
-1 1410432751.562870 action (0.01)
-1 1410432757.761768 effect (-30.668585 0.158446)
-1 1410432774.290769 action (0.02)
-1 1410432780.519288 effect (-77.067652 0.074241)
-1 1410432790.367139 action (0.03)
-1 1410432796.466875 effect (-88.423866 0.033963)
-1 1410432806.021367 action (0.04)
-1 1410432812.054691 effect (-130.587756 0.016904)
-1 1410432821.664203 action (0.05)
-1 1410432827.608051 effect (131.47478 0.007507)
-1 1410432845.931612 action (-0.05)
-1 1410432851.960570 effect (1.322245 0.149953)
-1 1410432864.851698 action (-0.04)
-1 1410432871.180169 effect (6.547726 0.155545)
-1 1410432884.336060 action (-0.03)
-1 1410432890.277186 effect (9.11818 0.148973)
-1 1410432906.569295 action (-0.02)
-1 1410432912.733764 effect (5.01005 0.136972)
-1 1410432929.199960 action (-0.01)
-1 1410432935.425511 effect (-29.781357 0.142214)
-1 1410432951.856387 action (0.0)
-1 1410432958.182679 effect (-32.568943 0.164414)
-1 1410432974.743992 action (0.01)
-1 1410432980.860235 effect (-24.970138 0.155345)
-1 1410432995.281768 action (0.02)
-1 1410433001.286046 effect (-134.928933 0.021069)
-1 1410433011.287849 action (0.03)
-1 1410433017.293622 effect (-90.797179 0.021107)
-1 1410433027.440057 action (0.04)
-1 1410433033.530134 effect (-98.501815 0.012396)
-1 1410433043.682802 action (0.05)
-1 1410433048.692919 effect (-28.59623 0.004961)
-1 1410433064.836831 action (-0.05)
-1 1410433071.222930 effect (-136.598826 0.342467)
-1 1410433083.580054 action (-0.04)
-1 1410433090.028284 effect (6.134871 0.162926)
-1 1410433102.539452 action (-0.03)
-1 1410433108.487266 effect (11.827155 0.130062)
-1 1410433124.158541 action (-0.02)
-1 1410433130.179000 effect (13.383502 0.17462)
-1 1410433146.522086 action (-0.01)
-1 1410433152.676439 effect (-28.927642 0.163972)
-1 1410433169.134115 action (0.0)
-1 1410433175.576585 effect (-29.538923 0.158301)
-1 1410433192.370472 action (0.01)
-1 1410433198.535386 effect (-26.508816 0.155115)
-1 1410433212.744727 action (0.02)
-1 1410433218.880580 effect (160.939772 0.018216)
-1 1410433229.692916 action (0.03)
-1 1410433235.818589 effect (-97.163286 0.028851)
-1 1410433245.687969 action (0.04)
-1 1410433252.005656 effect (-131.765712 0.013805)
-1 1410433262.385618 action (0.05)
-1 1410433268.487003 effect (-106.623267 0.013912)
-1 1410433286.286664 action (-0.05)
-1 1410433290.932573 effect (4.633256 0.153473)
-1 1410433303.828414 action (-0.04)
-1 1410433310.067944 effect (6.218513 0.158879)
-1 1410433322.723731 action (-0.03)
-1 1410433329.040891 effect (7.336907 0.165119)
-1 1410433343.742356 action (-0.02)
-1 1410433350.168352 effect (14.537191 0.14754)
-1 1410433366.494538 action (-0.01)
-1 1410433372.631621 effect (-31.740449 0.150661)
-1 1410433388.982904 action (0.0)
-1 1410433395.211476 effect (-33.0609 0.143265)
-1 1410433411.660786 action (0.01)
-1 1410433417.959162 effect (-22.092543 0.157674)
-1 1410433429.969373 action (0.02)
-1 1410433435.879618 effect (-131.01851 0.03151)
-1 1410433445.524832 action (0.03)
-1 1410433451.631846 effect (-98.772312 0.024025)
-1 1410433461.421303 action (0.04)
-1 1410433467.548356 effect (-101.950372 0.016874)
-1 1410433477.220112 action (0.05)
-1 1410433483.232608 effect (-86.424034 0.006238)
-1 1410433500.880666 action (-0.05)
-1 1410433505.613258 effect (2.864346 0.140007)
-1 1410433517.964044 action (-0.04)
-1 1410433524.397770 effect (8.618329 0.147321)
-1 1410433537.166943 action (-0.03)
-1 1410433543.207454 effect (9.211115 0.138683)
-1 1410433558.888511 action (-0.02)
-1 1410433564.893023 effect (13.976082 0.1506)
-1 1410433581.421029 action (-0.01)
-1 1410433587.838780 effect (-27.49284 0.14966)
-1 1410433604.051571 action (0.0)
-1 1410433610.104512 effect (-32.131014 0.171733)
-1 1410433626.513407 action (0.01)
-1 1410433632.843294 effect (-24.482521 0.162016)
-1 1410433649.379751 action (0.02)
-1 1410433655.392140 effect (-30.358566 0.153744)
-1 1410433667.650460 action (0.03)
-1 1410433672.554024 effect (169.753893 0.023685)
-1 1410433682.022544 action (0.04)
-1 1410433688.049793 effect (-121.167128 0.0187)
-1 1410433697.845281 action (0.05)
-1 1410433703.771153 effect (30.662604 0.001507)
-1 1410433724.200904 action (-0.05)
-1 1410433728.968444 effect (-29.439681 0.169356)
-1 1410433742.078875 action (-0.04)
-1 1410433748.402421 effect (3.435602 0.16317)
-1 1410433761.404430 action (-0.03)
-1 1410433767.256962 effect (10.705456 0.155045)
-1 1410433782.297054 action (-0.02)
-1 1410433788.319760 effect (12.793786 0.177206)
-1 1410433804.601020 action (-0.01)
-1 1410433810.922095 effect (-30.931071 0.168741)
-1 1410433827.268281 action (0.0)
-1 1410433833.285744 effect (-31.478794 0.16682)
-1 1410433849.518248 action (0.01)
-1 1410433855.842529 effect (-61.991673 0.313563)
-1 1410433872.410914 action (0.02)
-1 1410433878.610870 effect (-28.778643 0.142276)
-1 1410433889.125570 action (0.03)
-1 1410433895.153111 effect (-95.733542 0.032913)
-1 1410433905.043693 action (0.04)
-1 1410433910.955177 effect (-106.070395 0.010393)
-1 1410433920.868420 action (0.05)
-1 1410433926.779267 effect (108.096803 0.008579)
