-1 1410270961.868025 action (-0.05)
-1 1410270969.645829 effect (-9.09478 0.127445)
-1 1410270990.789249 action (-0.04)
-1 1410270997.686808 effect (4.496641 0.179943)
-1 1410271019.099725 action (-0.03)
-1 1410271026.346979 effect (-12.263099 0.130086)
-1 1410271047.523581 action (-0.02)
-1 1410271055.026613 effect (-12.650813 0.137524)
-1 1410271075.885163 action (-0.01)
-1 1410271082.764438 effect (-18.100133 0.129687)
-1 1410271103.712985 action (0.0)
-1 1410271110.638381 effect (-15.636387 0.128769)
-1 1410271131.653810 action (0.01)
-1 1410271138.351765 effect (-24.750652 0.116046)
-1 1410271160.527009 action (0.02)
-1 1410271167.645624 effect (-27.895429 0.113243)
-1 1410271189.073411 action (0.03)
-1 1410271196.997514 effect (-20.918928 0.118032)
-1 1410271217.852631 action (0.04)
-1 1410271226.437878 effect (-33.875795 0.015117)
-1 1410271248.147954 action (0.05)
-1 1410271256.642985 effect (-12.485129 0.064168)
-1 1410271313.081604 action (-0.05)
-1 1410271320.042413 effect (-12.560773 0.13333)
-1 1410271341.077753 action (-0.04)
-1 1410271349.330779 effect (-11.164814 0.129028)
-1 1410271370.145498 action (-0.03)
-1 1410271376.986035 effect (-10.425055 0.144508)
-1 1410271398.997277 action (-0.02)
-1 1410271406.520016 effect (-13.571566 0.148163)
-1 1410271427.257370 action (-0.01)
-1 1410271434.225424 effect (-19.852483 0.138359)
-1 1410271455.519739 action (0.0)
-1 1410271463.559175 effect (-12.864312 0.141484)
-1 1410271484.213262 action (0.01)
-1 1410271491.182049 effect (-7.457108 0.139147)
-1 1410271511.865977 action (0.02)
-1 1410271518.950268 effect (-8.569123 0.127885)
-1 1410271540.491893 action (0.03)
-1 1410271547.979871 effect (11.402694 0.133946)
-1 1410271569.225494 action (0.04)
-1 1410271576.403862 effect (-10.6402 0.125766)
-1 1410271596.931176 action (0.05)
-1 1410271603.712607 effect (-10.356286 0.11829)
-1 1410271653.157882 action (-0.05)
-1 1410271660.115381 effect (-17.298132 0.012907)
-1 1410271671.185948 action (-0.04)
-1 1410271676.012307 effect (179.672733 0.009585)
-1 1410271686.643363 action (-0.03)
-1 1410271692.046544 effect (-10.18289 0.017205)
-1 1410271715.220031 action (-0.02)
-1 1410271722.619359 effect (-1.20528 0.145522)
-1 1410271745.388594 action (-0.01)
-1 1410271753.151922 effect (-55.567328 0.050517)
-1 1410271774.207559 action (0.0)
-1 1410271782.402502 effect (12.87041 0.133003)
-1 1410271804.411382 action (0.01)
-1 1410271811.956773 effect (-8.10168 0.175618)
-1 1410271834.162368 action (0.02)
-1 1410271841.087498 effect (-9.122902 0.086478)
-1 1410271863.175205 action (0.03)
-1 1410271870.495738 effect (21.95667 0.005225)
-1 1410271893.349283 action (0.04)
-1 1410271900.331808 effect (-21.961559 0.040836)
-1 1410271921.542555 action (0.05)
-1 1410271928.479478 effect (-27.591402 0.099007)
-1 1410271965.432796 action (-0.05)
-1 1410271972.938372 effect (7.013805 0.140016)
-1 1410271994.566197 action (-0.04)
-1 1410272001.541463 effect (15.313606 0.147222)
-1 1410272022.181015 action (-0.03)
-1 1410272029.100319 effect (2.31941 0.135093)
-1 1410272050.362463 action (-0.02)
-1 1410272057.338836 effect (-9.363495 0.133924)
-1 1410272079.508312 action (-0.01)
-1 1410272088.212512 effect (-9.489031 0.131067)
-1 1410272110.651733 action (0.0)
-1 1410272119.550109 effect (-21.558015 0.125651)
-1 1410272140.524248 action (0.01)
-1 1410272148.397421 effect (-9.208329 0.119335)
-1 1410272169.594917 action (0.02)
-1 1410272176.602392 effect (-8.153006 0.127833)
-1 1410272197.719299 action (0.03)
-1 1410272205.629013 effect (-15.081934 0.031157)
-1 1410272228.184031 action (0.04)
-1 1410272235.704608 effect (2.439353 0.141979)
-1 1410272257.195820 action (0.05)
-1 1410272264.222652 effect (4.030867 0.074057)
-1 1410272301.005255 action (-0.05)
-1 1410272308.340774 effect (-24.227654 0.141553)
-1 1410272329.729898 action (-0.04)
-1 1410272336.956628 effect (-6.483589 0.147428)
-1 1410272357.589294 action (-0.03)
-1 1410272364.699864 effect (-6.458693 0.151069)
-1 1410272386.228180 action (-0.02)
-1 1410272393.854731 effect (-8.980163 0.15325)
-1 1410272415.257643 action (-0.01)
-1 1410272422.409793 effect (-12.710773 0.159164)
-1 1410272443.209543 action (0.0)
-1 1410272450.476434 effect (-16.802608 0.14864)
-1 1410272471.444286 action (0.01)
-1 1410272479.195085 effect (-8.589414 0.143108)
-1 1410272500.247383 action (0.02)
-1 1410272508.725044 effect (-10.73405 0.14197)
-1 1410272530.747608 action (0.03)
-1 1410272537.601269 effect (-18.183009 0.12136)
-1 1410272559.688933 action (0.04)
-1 1410272566.621153 effect (2.383527 0.062889)
-1 1410272587.685659 action (0.05)
-1 1410272595.431411 effect (-104.260135 0.021169)
-1 1410272681.428864 action (-0.05)
-1 1410272689.678502 effect (-16.512856 0.161846)
-1 1410272711.070072 action (-0.04)
-1 1410272717.988454 effect (-17.962039 0.152982)
-1 1410272740.112262 action (-0.03)
-1 1410272747.145635 effect (-7.892724 0.133339)
-1 1410272768.926464 action (-0.02)
-1 1410272775.985526 effect (-30.76935 0.151028)
-1 1410272797.135071 action (-0.01)
-1 1410272803.871156 effect (-3.883199 0.153855)
-1 1410272827.621888 action (0.0)
-1 1410272834.813687 effect (63.59378 0.055972)
-1 1410272856.062477 action (0.01)
-1 1410272862.741022 effect (-26.453 0.097837)
-1 1410272884.681416 action (0.02)
-1 1410272893.087108 effect (-10.106826 0.053632)
-1 1410272915.803133 action (0.03)
-1 1410272922.688668 effect (-3.831239 0.134484)
-1 1410272943.371644 action (0.04)
-1 1410272950.064889 effect (-137.665088 0.012992)
-1 1410272971.751033 action (0.05)
-1 1410272979.113705 effect (8.22531 0.11265)
-1 1410273012.327441 action (-0.05)
-1 1410273020.559601 effect (0.591099 0.131038)
-1 1410273041.224665 action (-0.04)
-1 1410273048.729013 effect (0.375008 0.149138)
-1 1410273070.851726 action (-0.03)
-1 1410273078.083462 effect (-21.924327 0.049038)
-1 1410273100.422569 action (-0.02)
-1 1410273107.642668 effect (-1.106893 0.136257)
-1 1410273128.655478 action (-0.01)
-1 1410273135.651911 effect (-7.631189 0.13765)
-1 1410273156.830948 action (0.0)
-1 1410273163.984821 effect (-11.924226 0.137669)
-1 1410273184.681415 action (0.01)
-1 1410273192.979856 effect (-13.540811 0.131022)
-1 1410273215.250999 action (0.02)
-1 1410273222.820436 effect (46.744069 0.011224)
-1 1410273244.678883 action (0.03)
-1 1410273253.226436 effect (-15.452795 0.156464)
-1 1410273274.122549 action (0.04)
-1 1410273280.857872 effect (-18.41586 0.131727)
-1 1410273301.907925 action (0.05)
-1 1410273309.456987 effect (-5.385417 0.102548)
-1 1410273344.203449 action (-0.05)
-1 1410273351.935245 effect (-6.308634 0.134702)
-1 1410273373.917783 action (-0.04)
-1 1410273381.672890 effect (11.922277 0.044705)
-1 1410273403.289819 action (-0.03)
-1 1410273410.148765 effect (-32.953884 0.139513)
-1 1410273430.818024 action (-0.02)
-1 1410273437.881993 effect (1.113774 0.14376)
-1 1410273459.103196 action (-0.01)
-1 1410273466.590465 effect (-0.05351 0.148381)
-1 1410273487.402583 action (0.0)
-1 1410273494.348403 effect (-7.101556 0.139791)
-1 1410273515.294514 action (0.01)
-1 1410273523.715462 effect (-14.773312 0.120801)
-1 1410273545.127167 action (0.02)
-1 1410273552.817375 effect (-12.750893 0.139425)
-1 1410273573.642594 action (0.03)
-1 1410273580.508354 effect (-39.328158 0.100495)
-1 1410273602.142974 action (0.04)
-1 1410273608.908206 effect (-7.32563 0.121762)
-1 1410273631.287447 action (0.05)
-1 1410273638.293889 effect (-44.103183 0.041529)
-1 1410273671.085582 action (-0.05)
-1 1410273678.397168 effect (-7.151695 0.138321)
-1 1410273699.385774 action (-0.04)
-1 1410273706.193083 effect (-11.40329 0.129766)
-1 1410273727.905211 action (-0.03)
-1 1410273736.316585 effect (-1.401997 0.134733)
-1 1410273757.376808 action (-0.02)
-1 1410273765.924971 effect (-22.353377 0.137791)
-1 1410273787.544865 action (-0.01)
-1 1410273794.717279 effect (-1.83404 0.129047)
-1 1410273815.839625 action (0.0)
-1 1410273824.416376 effect (-8.366134 0.13898)
-1 1410273846.859348 action (0.01)
-1 1410273855.632584 effect (-31.865896 0.055311)
-1 1410273877.180708 action (0.02)
-1 1410273884.102525 effect (-30.559118 0.142616)
-1 1410273905.490438 action (0.03)
-1 1410273913.996579 effect (-30.323982 0.086188)
-1 1410273934.712653 action (0.04)
-1 1410273941.316799 effect (-30.844228 0.13271)
-1 1410273962.545675 action (0.05)
-1 1410273969.370754 effect (-25.914155 0.063453)
-1 1410274015.832398 action (-0.05)
-1 1410274022.803284 effect (120.865255 0.026238)
-1 1410274043.938065 action (-0.04)
-1 1410274050.809596 effect (-10.940416 0.141383)
-1 1410274072.225308 action (-0.03)
-1 1410274080.755403 effect (-1.615252 0.139748)
-1 1410274102.662041 action (-0.02)
-1 1410274109.851881 effect (-16.722022 0.155241)
-1 1410274132.367883 action (-0.01)
-1 1410274139.516335 effect (166.561474 0.018555)
-1 1410274160.242616 action (0.0)
-1 1410274168.461617 effect (-5.420866 0.135402)
-1 1410274190.710728 action (0.01)
-1 1410274197.788344 effect (-106.652166 0.011684)
-1 1410274219.462966 action (0.02)
-1 1410274227.373112 effect (9.484961 0.13965)
-1 1410274249.251598 action (0.03)
-1 1410274256.624907 effect (-5.361672 0.136714)
-1 1410274277.879490 action (0.04)
-1 1410274284.550712 effect (5.041543 0.113045)
-1 1410274305.287356 action (0.05)
-1 1410274311.930867 effect (-23.140477 0.063299)
