-1 1410771916.676882 action (-0.05)
-1 1410771923.399735 effect (3.93107 0.018054)
-1 1410771945.630264 action (-0.04)
-1 1410771952.578547 effect (6.333739 0.045317)
-1 1410771973.283021 action (-0.03)
-1 1410771980.360727 effect (-148.846991 0.008086)
-1 1410772001.703791 action (-0.02)
-1 1410772006.789094 effect (-147.47684 0.003464)
-1 1410772027.604356 action (-0.01)
-1 1410772033.254841 effect (22.017392 0.015171)
-1 1410772053.785243 action (0.0)
-1 1410772060.366096 effect (45.032533 0.0165)
-1 1410772082.925764 action (0.01)
-1 1410772089.937503 effect (43.232679 0.076431)
-1 1410772110.622381 action (0.02)
-1 1410772117.159424 effect (-162.469343 0.003459)
-1 1410772139.603455 action (0.03)
-1 1410772144.764853 effect (114.505015 0.005483)
-1 1410772165.920236 action (0.04)
-1 1410772171.601879 effect (143.587526 0.01744)
-1 1410772192.493208 action (0.05)
-1 1410772198.538729 effect (31.519483 0.013477)
-1 1410772241.546316 action (-0.05)
-1 1410772248.486539 effect (-40.363648 0.020338)
-1 1410772269.716794 action (-0.04)
-1 1410772275.481176 effect (-61.563111 0.025672)
-1 1410772298.016573 action (-0.03)
-1 1410772305.049915 effect (141.459792 0.022563)
-1 1410772325.372854 action (-0.02)
-1 1410772330.624855 effect (163.683781 0.006528)
-1 1410772353.046899 action (-0.01)
-1 1410772358.603545 effect (160.208153 0.005)
-1 1410772379.599809 action (0.0)
-1 1410772384.685275 effect (-49.678223 0.037011)
-1 1410772407.523655 action (0.01)
-1 1410772413.441664 effect (-45.178977 0.025153)
-1 1410772435.453709 action (0.02)
-1 1410772441.269507 effect (13.304183 0.005392)
-1 1410772461.540603 action (0.03)
-1 1410772466.575368 effect (128.761474 0.026613)
-1 1410772489.321305 action (0.04)
-1 1410772496.276493 effect (-4.83245 0.020586)
-1 1410772516.622060 action (0.05)
-1 1410772523.440323 effect (159.251656 0.014914)
-1 1410772576.735748 action (-0.05)
-1 1410772583.089625 effect (-79.911702 0.007723)
-1 1410772605.734274 action (-0.04)
-1 1410772611.218813 effect (158.685981 0.021629)
-1 1410772631.944718 action (-0.03)
-1 1410772637.020657 effect (-10.622415 0.031143)
-1 1410772658.326984 action (-0.02)
-1 1410772664.037654 effect (168.948992 0.021576)
-1 1410772685.015845 action (-0.01)
-1 1410772691.203054 effect (60.527437 0.045265)
-1 1410772711.755291 action (0.0)
-1 1410772717.199484 effect (156.666175 0.010767)
-1 1410772737.239860 action (0.01)
-1 1410772743.793994 effect (-116.32642 0.009286)
-1 1410772764.866974 action (0.02)
-1 1410772770.351031 effect (-45.820534 0.014689)
-1 1410772791.588996 action (0.03)
-1 1410772798.597268 effect (40.093027 0.039785)
-1 1410772820.013052 action (0.04)
-1 1410772826.707728 effect (176.095667 0.003621)
-1 1410772848.929907 action (0.05)
-1 1410772854.525562 effect (155.389677 0.016575)
-1 1410772917.198052 action (-0.05)
-1 1410772922.748238 effect (133.176923 0.055409)
-1 1410772945.408664 action (-0.04)
-1 1410772950.973235 effect (-158.819613 0.050555)
-1 1410772971.250536 action (-0.03)
-1 1410772978.136644 effect (2.584168 0.010721)
-1 1410773000.573496 action (-0.02)
-1 1410773007.258614 effect (84.712173 0.074885)
-1 1410773027.216747 action (-0.01)
-1 1410773032.457573 effect (44.086672 0.009412)
-1 1410773054.004936 action (0.0)
-1 1410773061.089932 effect (-25.641167 0.005182)
-1 1410773081.949472 action (0.01)
-1 1410773088.622970 effect (168.208732 0.030866)
-1 1410773110.300207 action (0.02)
-1 1410773116.457800 effect (157.78558 0.002074)
-1 1410773138.015848 action (0.03)
-1 1410773143.393663 effect (151.599727 0.012507)
-1 1410773164.015078 action (0.04)
-1 1410773169.507224 effect (-11.630231 0.016833)
-1 1410773190.884853 action (0.05)
-1 1410773196.495769 effect (89.680162 0.004201)
-1 1410773237.895066 action (-0.05)
-1 1410773244.771291 effect (34.511264 0.007989)
-1 1410773266.980811 action (-0.04)
-1 1410773273.495260 effect (173.580021 0.026611)
-1 1410773293.888753 action (-0.03)
-1 1410773300.910266 effect (-141.890644 0.003914)
-1 1410773323.409541 action (-0.02)
-1 1410773329.096388 effect (129.140036 0.03053)
-1 1410773350.146353 action (-0.01)
-1 1410773357.084329 effect (177.39026 0.017893)
-1 1410773379.138985 action (0.0)
-1 1410773385.237176 effect (-0.495969 0.016558)
-1 1410773407.715970 action (0.01)
-1 1410773414.733638 effect (-9.869118 0.014962)
-1 1410773436.258281 action (0.02)
-1 1410773443.237601 effect (173.354434 0.006383)
-1 1410773464.441009 action (0.03)
-1 1410773471.348266 effect (-178.811325 0.016318)
-1 1410773492.246158 action (0.04)
-1 1410773499.297073 effect (156.101314 0.039173)
-1 1410773520.082965 action (0.05)
-1 1410773527.059843 effect (-166.657138 0.04714)
