-1 1410869010.640141 action (-0.05)
-1 1410869017.069752 effect (21.333215 0.050845)
-1 1410869034.984919 effect (16.157404 0.084227)
-1 1410869044.120924 action (-0.03)
-1 1410869050.332749 effect (15.29821 0.105773)
-1 1410869065.647304 action (-0.02)
-1 1410869073.658344 effect (20.745789 0.154269)
-1 1410869088.124726 action (-0.01)
-1 1410869096.132622 effect (-31.046602 0.175804)
-1 1410869110.062666 action (0.0)
-1 1410869116.974387 effect (-67.84478 0.407647)
-1 1410869129.565400 action (0.01)
-1 1410869135.579752 effect (-30.999518 0.17825)
-1 1410869145.130767 action (0.02)
-1 1410869153.161136 effect (43.210411 0.129978)
-1 1410869162.157480 action (0.03)
-1 1410869167.566812 effect (-26.519867 0.167279)
-1 1410869175.815737 action (0.04)
-1 1410869182.531131 effect (-67.822805 0.028126)
-1 1410869190.678430 action (0.05)
-1 1410869195.909513 effect (86.326901 0.002249)
-1 1410869210.894214 action (-0.05)
-1 1410869216.335032 effect (0.382173 0.090901)
-1 1410869225.116703 action (-0.04)
-1 1410869230.356046 effect (19.689542 0.093539)
-1 1410869240.371218 action (-0.03)
-1 1410869246.526275 effect (16.681813 0.094799)
-1 1410869257.029501 action (-0.02)
-1 1410869264.152727 effect (148.169713 0.086707)
-1 1410869277.495460 action (-0.01)
-1 1410869285.430459 effect (-29.3168 0.183888)
-1 1410869298.782371 action (0.0)
-1 1410869306.707958 effect (-71.92105 0.419849)
-1 1410869320.613488 action (0.01)
-1 1410869328.628625 effect (-85.875072 0.042936)
-1 1410869339.344331 action (0.02)
-1 1410869344.548753 effect (-119.484078 0.012584)
-1 1410869353.814950 action (0.03)
-1 1410869360.856452 effect (-121.968288 0.002829)
-1 1410869369.061487 action (0.04)
-1 1410869374.605901 effect (-88.889689 0.028181)
-1 1410869383.013641 action (0.05)
-1 1410869388.429804 effect (-99.172452 0.016484)
-1 1410869404.093233 action (-0.05)
-1 1410869410.321500 effect (4.178629 0.107208)
-1 1410869419.207832 action (-0.04)
-1 1410869425.452579 effect (13.639847 0.09784)
-1 1410869434.774397 action (-0.03)
-1 1410869440.871987 effect (12.546783 0.113285)
-1 1410869450.715702 action (-0.02)
-1 1410869456.954404 effect (18.282788 0.119735)
-1 1410869470.608216 action (-0.01)
-1 1410869478.624201 effect (-30.250849 0.166083)
-1 1410869491.684593 action (0.0)
-1 1410869499.700644 effect (-36.678513 0.216139)
-1 1410869508.626404 action (0.01)
-1 1410869516.742856 effect (39.032524 0.139804)
-1 1410869526.065676 action (0.02)
-1 1410869532.285519 effect (-132.16769 0.015286)
-1 1410869541.025573 action (0.03)
-1 1410869546.449905 effect (-90.08727 0.020314)
-1 1410869554.645612 action (0.04)
-1 1410869560.156904 effect (-152.802179 0.014195)
-1 1410869568.249368 action (0.05)
-1 1410869573.761870 effect (86.340802 0.005019)
-1 1410869588.473223 action (-0.05)
-1 1410869593.803168 effect (2.108188 0.114469)
-1 1410869602.778565 action (-0.04)
-1 1410869607.793596 effect (19.224342 0.081636)
-1 1410869616.752696 action (-0.03)
-1 1410869622.994491 effect (24.217466 0.091303)
-1 1410869632.780132 action (-0.02)
-1 1410869640.202926 effect (16.896774 0.119033)
-1 1410869653.864677 action (-0.01)
-1 1410869661.884049 effect (-27.392259 0.173626)
-1 1410869675.349434 action (0.0)
-1 1410869683.477908 effect (-35.650258 0.182765)
-1 1410869693.069584 action (0.01)
-1 1410869699.990966 effect (19.950324 0.161161)
-1 1410869715.130517 action (0.02)
-1 1410869723.137772 effect (-22.635279 0.169985)
-1 1410869734.906958 action (0.03)
-1 1410869740.813307 effect (60.756441 0.0073)
-1 1410869748.904544 action (0.04)
-1 1410869755.125008 effect (-91.77229 0.107413)
-1 1410869764.289447 action (0.05)
-1 1410869769.785945 effect (-84.874499 0.040495)
-1 1410869785.130067 action (-0.05)
-1 1410869790.365229 effect (9.773834 0.079171)
-1 1410869799.063841 action (-0.04)
-1 1410869803.903721 effect (12.223521 0.102105)
-1 1410869814.583081 action (-0.03)
-1 1410869820.685365 effect (12.94722 0.114726)
-1 1410869830.659276 action (-0.02)
-1 1410869836.868358 effect (27.69876 0.100226)
-1 1410869850.510985 action (-0.01)
-1 1410869857.635060 effect (-32.591555 0.191664)
-1 1410869871.023429 action (0.0)
-1 1410869878.040729 effect (-60.022479 0.425691)
-1 1410869890.375989 action (0.01)
-1 1410869898.297189 effect (-30.971689 0.171939)
-1 1410869906.907220 action (0.02)
-1 1410869914.131088 effect (43.010222 0.1307)
-1 1410869923.264891 action (0.03)
-1 1410869928.688951 effect (-27.713674 0.166275)
-1 1410869936.711071 action (0.04)
-1 1410869943.436915 effect (-19.493274 0.002566)
-1 1410869951.497704 action (0.05)
-1 1410869956.903728 effect (-126.408149 0.00989)
-1 1410869971.820914 action (-0.05)
-1 1410869977.943645 effect (81.491665 0.062447)
-1 1410869987.825649 action (-0.04)
-1 1410869993.861966 effect (12.055613 0.092504)
-1 1410870002.612788 action (-0.03)
-1 1410870010.039832 effect (18.690019 0.095068)
-1 1410870019.310344 action (-0.02)
-1 1410870025.538679 effect (22.913865 0.116553)
-1 1410870041.352220 action (-0.01)
-1 1410870047.268197 effect (-48.41601 0.205085)
-1 1410870056.331929 action (0.0)
-1 1410870064.348064 effect (-34.412898 0.17355)
-1 1410870076.469332 action (0.01)
-1 1410870083.398210 effect (26.017589 0.243119)
-1 1410870094.590612 action (0.02)
-1 1410870102.621967 effect (-3.68535 0.019909)
-1 1410870113.422017 action (0.03)
-1 1410870119.345355 effect (155.44571 0.011023)
-1 1410870127.673536 action (0.04)
-1 1410870135.075031 effect (-79.358801 0.001663)
-1 1410870143.306256 action (0.05)
-1 1410870148.721443 effect (19.640021 0.007677)
-1 1410870163.469749 action (-0.05)
-1 1410870170.118850 effect (5.206399 0.112393)
-1 1410870179.389849 action (-0.04)
-1 1410870185.625044 effect (13.380825 0.116408)
-1 1410870195.618246 action (-0.03)
-1 1410870201.835474 effect (19.196386 0.096935)
-1 1410870211.599220 action (-0.02)
-1 1410870217.840478 effect (16.213535 0.123954)
-1 1410870233.419919 action (-0.01)
-1 1410870241.431250 effect (-31.548035 0.166639)
-1 1410870254.577277 action (0.0)
-1 1410870260.500681 effect (-31.900017 0.178831)
-1 1410870273.365785 action (0.01)
-1 1410870281.384080 effect (-28.064236 0.162297)
-1 1410870290.124170 action (0.02)
-1 1410870297.151199 effect (34.716192 0.139207)
-1 1410870305.531465 action (0.03)
-1 1410870311.055051 effect (-95.046603 0.033115)
-1 1410870319.581497 action (0.04)
-1 1410870325.781355 effect (-103.602654 0.02556)
-1 1410870333.887969 action (0.05)
-1 1410870339.415963 effect (-3.413489 0.000243)
-1 1410870353.883872 action (-0.05)
-1 1410870359.012116 effect (0.865707 0.111289)
-1 1410870368.038405 action (-0.04)
-1 1410870373.998741 effect (12.237152 0.099256)
-1 1410870384.287093 action (-0.03)
-1 1410870390.479958 effect (19.537783 0.090539)
-1 1410870406.109170 action (-0.02)
-1 1410870412.039883 effect (7.41617 0.145653)
-1 1410870426.619237 action (-0.01)
-1 1410870434.619024 effect (-29.21812 0.18147)
-1 1410870448.677068 action (0.0)
-1 1410870456.695261 effect (-30.376258 0.189827)
-1 1410870468.897600 action (0.01)
-1 1410870477.017682 effect (-39.261465 0.048316)
-1 1410870487.190737 action (0.02)
-1 1410870494.106228 effect (-95.569936 0.019739)
-1 1410870502.648802 action (0.03)
-1 1410870508.863157 effect (-27.378753 0.169239)
-1 1410870517.231422 action (0.04)
-1 1410870523.455406 effect (-73.551651 0.021511)
-1 1410870533.129667 action (0.05)
-1 1410870538.539206 effect (-85.850435 0.053494)
-1 1410870553.340787 action (-0.05)
-1 1410870558.751354 effect (5.890851 0.087389)
-1 1410870568.361245 action (-0.04)
-1 1410870574.579197 effect (15.196824 0.098316)
-1 1410870584.287959 action (-0.03)
-1 1410870590.513190 effect (22.081208 0.088966)
-1 1410870600.919401 action (-0.02)
-1 1410870608.254067 effect (31.598111 0.091901)
-1 1410870621.701144 action (-0.01)
-1 1410870629.750078 effect (-30.584795 0.167411)
-1 1410870643.460888 action (0.0)
-1 1410870651.488869 effect (-36.747227 0.186755)
-1 1410870664.508623 action (0.01)
-1 1410870671.544455 effect (30.720533 0.153515)
-1 1410870680.451953 action (0.02)
-1 1410870687.398663 effect (-125.88516 0.027423)
-1 1410870696.519650 action (0.03)
-1 1410870702.636268 effect (-29.78051 0.156691)
-1 1410870711.851534 action (0.04)
-1 1410870717.277939 effect (-34.531208 0.193023)
-1 1410870726.656871 action (0.05)
-1 1410870732.875489 effect (-39.425738 0.178951)
-1 1410870747.584693 action (-0.05)
-1 1410870753.801562 effect (14.094062 0.062743)
-1 1410870762.535388 action (-0.04)
-1 1410870769.988277 effect (10.113729 0.102746)
-1 1410870779.967085 action (-0.03)
-1 1410870786.074227 effect (16.509037 0.103195)
-1 1410870801.765818 action (-0.02)
-1 1410870809.687968 effect (-57.686903 0.335927)
-1 1410870822.594340 action (-0.01)
-1 1410870830.727080 effect (-32.375556 0.182849)
-1 1410870844.421674 action (0.0)
-1 1410870852.327056 effect (-27.617747 0.185405)
-1 1410870863.780925 action (0.01)
-1 1410870870.826927 effect (-146.683692 0.020324)
-1 1410870878.733573 action (0.02)
-1 1410870885.760617 effect (-132.194491 0.024838)
-1 1410870895.160413 action (0.03)
-1 1410870902.389273 effect (-141.156866 0.011971)
-1 1410870911.648683 action (0.04)
-1 1410870917.066635 effect (-32.650825 0.129972)
-1 1410870925.225805 action (0.05)
-1 1410870930.642543 effect (-91.401302 0.009332)
-1 1410870945.031279 action (-0.05)
-1 1410870950.153360 effect (-1.246469 0.117613)
-1 1410870958.639422 action (-0.04)
-1 1410870966.056005 effect (11.079866 0.100236)
-1 1410870974.665140 action (-0.03)
-1 1410870980.774357 effect (17.748696 0.097678)
-1 1410870991.520367 action (-0.02)
-1 1410870997.451763 effect (17.612891 0.121011)
-1 1410871010.916121 action (-0.01)
-1 1410871018.929420 effect (-34.277957 0.177129)
-1 1410871026.897961 action (0.0)
-1 1410871034.314115 effect (-30.625341 0.182929)
-1 1410871048.607581 action (0.01)
-1 1410871054.533773 effect (-29.787836 0.162055)
-1 1410871063.597806 action (0.02)
-1 1410871070.522279 effect (41.48473 0.151279)
-1 1410871078.735586 action (0.03)
-1 1410871084.855478 effect (-93.150477 0.023112)
-1 1410871093.848896 action (0.04)
-1 1410871100.067131 effect (-107.591661 0.032046)
-1 1410871108.317482 action (0.05)
-1 1410871114.932537 effect (-11.949814 0.007348)
-1 1410871129.117783 action (-0.05)
-1 1410871134.130297 effect (3.6375 0.107498)
-1 1410871142.755072 action (-0.04)
-1 1410871148.993816 effect (13.690085 0.100874)
-1 1410871158.008579 action (-0.03)
-1 1410871164.124730 effect (10.142137 0.114945)
-1 1410871179.813953 action (-0.02)
-1 1410871185.817759 effect (17.767694 0.122577)
-1 1410871198.459150 action (-0.01)
-1 1410871205.471086 effect (-32.436028 0.183576)
-1 1410871213.584734 action (0.0)
-1 1410871221.520813 effect (-70.707755 0.342958)
-1 1410871235.447949 action (0.01)
-1 1410871243.382947 effect (-35.546578 0.196609)
-1 1410871252.007620 action (0.02)
-1 1410871257.930741 effect (43.161436 0.129086)
-1 1410871266.013871 action (0.03)
-1 1410871272.138812 effect (-94.310634 0.028348)
-1 1410871280.319783 action (0.04)
-1 1410871285.838106 effect (-90.33978 0.017193)
-1 1410871295.283818 action (0.05)
-1 1410871301.776558 effect (-77.853886 0.044354)
