-1 1409591432.827049 action (-0.05)
-1 1409591437.004800 effect (31.588672 0.079642)
-1 1409591445.233179 action (-0.04)
-1 1409591448.239347 effect (10.387044 0.121273)
-1 1409591456.212751 action (-0.03)
-1 1409591458.436111 effect (26.28881 0.097446)
-1 1409591466.621960 action (-0.02)
-1 1409591469.977495 effect (37.085034 0.145123)
-1 1409591479.559945 action (-0.01)
-1 1409591482.281080 effect (24.809695 0.137056)
-1 1409591492.487761 action (0.0)
-1 1409591495.633804 effect (34.241693 0.180356)
-1 1409591504.956356 action (0.01)
-1 1409591508.748068 effect (59.67631 0.110444)
-1 1409591520.438277 action (0.02)
-1 1409591523.461790 effect (-179.409206 0.060237)
-1 1409591535.016465 action (0.03)
-1 1409591537.557213 effect (-147.742069 0.067218)
-1 1409591552.315158 action (0.04)
-1 1409591556.659043 effect (-148.572985 0.060376)
-1 1409591566.757792 action (0.05)
-1 1409591569.616305 effect (-104.031811 0.020134)
-1 1409591591.671596 action (-0.05)
-1 1409591595.093223 effect (5.962887 0.106153)
-1 1409591607.267110 action (-0.04)
-1 1409591610.603306 effect (8.801079 0.116046)
-1 1409591624.407339 action (-0.03)
-1 1409591629.014075 effect (10.152501 0.093621)
-1 1409591646.304696 action (-0.02)
-1 1409591649.887076 effect (23.758556 0.18881)
-1 1409591663.990467 action (-0.01)
-1 1409591668.485662 effect (30.391351 0.107294)
-1 1409591685.803378 action (0.0)
-1 1409591690.463386 effect (24.971902 0.194524)
-1 1409591708.875952 action (0.01)
-1 1409591714.238579 effect (-178.183912 0.012219)
-1 1409591732.231243 action (0.02)
-1 1409591736.969635 effect (-140.819037 0.026814)
-1 1409591757.057491 action (0.03)
-1 1409591763.254116 effect (179.26817 0.018602)
-1 1409591784.405328 action (0.04)
-1 1409591789.581763 effect (-143.022653 0.051927)
-1 1409591812.263433 action (0.05)
-1 1409591819.407065 effect (-157.240116 0.043846)
