-1 1410800544.996886 action (-0.05)
-1 1410800552.124981 effect (15.310138 0.079984)
-1 1410800560.815758 action (-0.04)
-1 1410800567.047403 effect (10.668346 0.112059)
-1 1410800574.992280 action (-0.03)
-1 1410800582.216321 effect (52.241429 0.044136)
-1 1410800592.748641 action (-0.02)
-1 1410800598.756390 effect (-165.567038 0.100641)
-1 1410800613.995176 action (-0.01)
-1 1410800620.005681 effect (94.716594 0.021583)
-1 1410800634.284799 action (0.0)
-1 1410800640.309902 effect (-45.191494 0.000929)
-1 1410800650.753238 action (0.01)
-1 1410800656.162164 effect (-166.277842 0.071219)
-1 1410800666.848308 action (0.02)
-1 1410800672.853689 effect (40.916249 0.094461)
-1 1410800680.701133 action (0.03)
-1 1410800687.930784 effect (-68.256152 0.018136)
-1 1410800696.798322 action (0.04)
-1 1410800704.015680 effect (-29.382394 0.161753)
-1 1410800711.705408 action (0.05)
-1 1410800716.927202 effect (56.345559 0.001902)
-1 1410800731.370385 action (-0.05)
-1 1410800736.749447 effect (66.538258 0.06438)
-1 1410800745.318337 action (-0.04)
-1 1410800750.441087 effect (38.005488 0.061335)
-1 1410800759.970715 action (-0.03)
-1 1410800768.091154 effect (11.13007 0.140785)
-1 1410800783.429891 action (-0.02)
-1 1410800790.546727 effect (-177.374078 0.072341)
-1 1410800804.425327 action (-0.01)
-1 1410800811.658206 effect (174.201769 0.049126)
-1 1410800823.653719 action (0.0)
-1 1410800829.784912 effect (-163.292767 0.007718)
-1 1410800843.948281 action (0.01)
-1 1410800851.167978 effect (-177.148192 0.058701)
-1 1410800858.934925 action (0.02)
-1 1410800864.941772 effect (-107.398593 0.03252)
-1 1410800874.222282 action (0.03)
-1 1410800881.439334 effect (-140.2424 0.012708)
-1 1410800890.545266 action (0.04)
-1 1410800896.554891 effect (-35.108547 0.1764)
-1 1410800905.594592 action (0.05)
-1 1410800910.914601 effect (-178.19991 0.0062)
-1 1410800925.657892 action (-0.05)
-1 1410800931.099283 effect (32.072105 0.060026)
-1 1410800939.720724 action (-0.04)
-1 1410800944.885138 effect (30.305088 0.059058)
-1 1410800954.340756 action (-0.03)
-1 1410800960.355835 effect (55.162519 0.040404)
-1 1410800970.054133 action (-0.02)
-1 1410800976.062573 effect (53.275613 0.050714)
-1 1410800989.424892 action (-0.01)
-1 1410800996.544037 effect (70.313465 0.061332)
-1 1410801008.762186 action (0.0)
-1 1410801016.001782 effect (-14.261125 0.007342)
-1 1410801030.031029 action (0.01)
-1 1410801037.166991 effect (0.920306 0.083347)
-1 1410801046.542452 action (0.02)
-1 1410801053.969495 effect (-163.548113 0.042201)
-1 1410801061.808778 action (0.03)
-1 1410801067.825173 effect (-88.242505 0.015494)
-1 1410801075.767678 action (0.04)
-1 1410801080.988662 effect (-113.649969 0.00656)
-1 1410801089.400183 action (0.05)
-1 1410801094.615380 effect (-112.510642 0.008663)
-1 1410801109.402204 action (-0.05)
-1 1410801114.541007 effect (-165.416457 0.149373)
-1 1410801122.692403 action (-0.04)
-1 1410801129.915369 effect (33.289462 0.053955)
-1 1410801138.406314 action (-0.03)
-1 1410801145.610248 effect (50.043512 0.045394)
-1 1410801155.086816 action (-0.02)
-1 1410801161.113634 effect (64.597826 0.054071)
-1 1410801175.266177 action (-0.01)
-1 1410801182.401110 effect (158.4741 0.041581)
-1 1410801194.939442 action (0.0)
-1 1410801202.180725 effect (41.716401 0.065361)
-1 1410801216.444099 action (0.01)
-1 1410801222.495147 effect (169.128259 0.053433)
-1 1410801232.752101 action (0.02)
-1 1410801238.773589 effect (42.631025 0.132177)
-1 1410801246.228615 action (0.03)
-1 1410801252.246178 effect (-109.064421 0.017965)
-1 1410801259.974557 action (0.04)
-1 1410801266.292177 effect (-119.761378 0.003132)
-1 1410801273.953074 action (0.05)
-1 1410801279.275014 effect (17.848756 0.00979)
-1 1410801293.425676 action (-0.05)
-1 1410801299.694546 effect (43.348937 0.031421)
-1 1410801309.105692 action (-0.04)
-1 1410801315.145296 effect (20.1029 0.088686)
-1 1410801323.164474 action (-0.03)
-1 1410801330.506899 effect (48.341466 0.044366)
-1 1410801340.475662 action (-0.02)
-1 1410801346.498980 effect (67.754305 0.03778)
-1 1410801358.949400 action (-0.01)
-1 1410801364.960991 effect (176.953769 0.046521)
-1 1410801378.221586 action (0.0)
-1 1410801384.236728 effect (-13.090903 0.037161)
-1 1410801398.441832 action (0.01)
-1 1410801405.583411 effect (172.829531 0.043444)
-1 1410801415.433757 action (0.02)
-1 1410801420.764894 effect (-169.325671 0.081287)
-1 1410801430.293922 action (0.03)
-1 1410801437.429085 effect (-35.860155 0.150868)
-1 1410801445.531588 action (0.04)
-1 1410801450.950809 effect (-88.843146 0.008748)
-1 1410801459.140163 action (0.05)
-1 1410801466.362479 effect (-59.262229 0.007075)
