-1 1410767359.234739 action (-0.05)
-1 1410767365.144968 effect (-67.225541 0.003083)
-1 1410767385.157212 action (-0.04)
-1 1410767392.260656 effect (159.729341 0.057083)
-1 1410767413.012026 action (-0.03)
-1 1410767419.845386 effect (-173.814609 0.014028)
-1 1410767442.671136 action (-0.02)
-1 1410767449.171133 effect (-44.937697 0.016995)
-1 1410767470.239128 action (-0.01)
-1 1410767477.184241 effect (16.079348 0.029537)
-1 1410767498.693925 action (0.0)
-1 1410767505.269070 effect (-113.075116 0.004465)
-1 1410767525.401700 action (0.01)
-1 1410767530.614242 effect (-14.917097 0.01088)
-1 1410767551.526923 action (0.02)
-1 1410767557.446546 effect (57.036051 0.002461)
-1 1410767579.846018 action (0.03)
-1 1410767585.748484 effect (-74.588866 0.002586)
-1 1410767606.149242 action (0.04)
-1 1410767612.484269 effect (-121.844363 0.00762)
-1 1410767632.688740 action (0.05)
-1 1410767637.600729 effect (173.348587 0.025783)
-1 1410767669.361703 action (-0.05)
-1 1410767675.532776 effect (146.475814 0.013328)
-1 1410767697.058262 action (-0.04)
-1 1410767702.816104 effect (36.562344 0.00458)
-1 1410767722.129408 action (-0.03)
-1 1410767728.068853 effect (-60.305116 0.009494)
-1 1410767748.742378 action (-0.02)
-1 1410767754.326543 effect (29.077838 0.012858)
-1 1410767775.617563 action (-0.01)
-1 1410767782.688498 effect (63.707339 0.006753)
-1 1410767803.221535 action (0.0)
-1 1410767808.497385 effect (-55.72133 0.006767)
-1 1410767828.962621 action (0.01)
-1 1410767834.222346 effect (-43.479575 0.008851)
-1 1410767854.499432 action (0.02)
-1 1410767859.633501 effect (130.327654 0.03746)
-1 1410767879.727198 action (0.03)
-1 1410767885.741002 effect (113.484756 0.015163)
-1 1410767908.464431 action (0.04)
-1 1410767915.320941 effect (172.209455 0.011217)
-1 1410767937.302534 action (0.05)
-1 1410767944.143154 effect (156.145838 0.023754)
-1 1410767972.863838 action (-0.05)
-1 1410767979.941385 effect (96.112271 0.017545)
-1 1410767998.475334 action (-0.04)
-1 1410768005.295078 effect (73.245064 0.053039)
-1 1410768025.288346 action (-0.03)
-1 1410768030.277175 effect (-113.699279 0.018381)
-1 1410768051.382117 action (-0.02)
-1 1410768057.371994 effect (-48.269705 0.016447)
-1 1410768078.525713 action (-0.01)
-1 1410768083.680817 effect (158.939654 0.01341)
-1 1410768104.397347 action (0.0)
-1 1410768109.491470 effect (77.862985 0.00962)
-1 1410768132.187019 action (0.01)
-1 1410768138.826650 effect (-36.639339 0.012341)
-1 1410768160.000920 action (0.02)
-1 1410768165.059399 effect (-106.291545 0.011048)
-1 1410768186.339131 action (0.03)
-1 1410768191.184357 effect (52.041868 0.009465)
-1 1410768213.063939 action (0.04)
-1 1410768218.515693 effect (76.987846 0.022465)
-1 1410768240.864209 action (0.05)
-1 1410768246.113877 effect (-46.477621 0.028106)
-1 1410768283.797927 action (-0.05)
-1 1410768289.493659 effect (-144.802589 0.036816)
-1 1410768309.463594 action (-0.04)
-1 1410768316.185782 effect (148.15196 0.015542)
-1 1410768337.628435 action (-0.03)
-1 1410768342.860163 effect (-20.413385 0.015529)
-1 1410768364.674634 action (-0.02)
-1 1410768369.957813 effect (-17.783866 0.024232)
-1 1410768392.537794 action (-0.01)
-1 1410768399.515200 effect (25.26924 0.010394)
-1 1410768419.838767 action (0.0)
-1 1410768425.288945 effect (95.012402 0.040504)
-1 1410768446.432327 action (0.01)
-1 1410768453.670179 effect (-124.876936 0.015942)
-1 1410768474.883344 action (0.02)
-1 1410768480.596291 effect (-132.722658 0.017274)
-1 1410768501.743535 action (0.03)
-1 1410768507.246759 effect (-158.89639 0.002001)
-1 1410768529.844277 action (0.04)
-1 1410768535.303891 effect (159.736415 0.025186)
-1 1410768555.293138 action (0.05)
-1 1410768562.163726 effect (105.918029 0.017424)
-1 1410768603.034864 action (-0.05)
-1 1410768608.437338 effect (-96.706832 0.022792)
-1 1410768628.703940 action (-0.04)
-1 1410768634.485211 effect (-6.635516 0.1276)
-1 1410768654.958218 action (-0.03)
-1 1410768660.744163 effect (-37.430634 0.02454)
-1 1410768682.370505 action (-0.02)
-1 1410768688.133605 effect (-82.653839 0.008579)
-1 1410768708.864111 action (-0.01)
-1 1410768713.734356 effect (-149.611251 0.012026)
-1 1410768734.553278 action (0.0)
-1 1410768741.514547 effect (68.348513 0.018941)
-1 1410768764.312066 action (0.01)
-1 1410768770.184392 effect (-93.554473 0.015144)
-1 1410768792.451343 action (0.02)
-1 1410768798.264213 effect (154.66614 0.011654)
-1 1410768819.128519 action (0.03)
-1 1410768824.660842 effect (-166.712224 0.016715)
-1 1410768846.119812 action (0.04)
-1 1410768853.022606 effect (-173.188388 0.009118)
-1 1410768874.035942 action (0.05)
-1 1410768879.314882 effect (142.353022 0.016254)
