-1 1410953688.624989 action (-0.05)
-1 1410953695.764290 effect (75.711797 0.023191)
-1 1410953716.618017 action (-0.04)
-1 1410953724.024507 effect (14.733144 0.13768)
-1 1410953744.808843 action (-0.03)
-1 1410953751.678440 effect (2.897742 0.134272)
-1 1410953772.609733 action (-0.02)
-1 1410953779.882534 effect (7.049926 0.10175)
-1 1410953802.305662 action (-0.01)
-1 1410953809.039418 effect (-6.017776 0.099725)
-1 1410953830.691265 action (0.0)
-1 1410953837.194241 effect (45.746996 0.004581)
-1 1410953857.853887 action (0.01)
-1 1410953864.870017 effect (-167.518007 0.042476)
-1 1410953886.257487 action (0.02)
-1 1410953892.869496 effect (-100.464096 0.014977)
-1 1410953913.710256 action (0.03)
-1 1410953920.834297 effect (-29.269977 0.029608)
-1 1410953942.244208 action (0.04)
-1 1410953949.433758 effect (-63.868123 0.033204)
-1 1410953970.497810 action (0.05)
-1 1410953978.136865 effect (-73.468908 0.036601)
-1 1410954073.634931 action (-0.05)
-1 1410954081.127049 effect (8.277875 0.121064)
-1 1410954102.252192 action (-0.04)
-1 1410954109.062733 effect (-6.059334 0.132513)
-1 1410954130.502081 action (-0.03)
-1 1410954138.017253 effect (-2.016209 0.126425)
-1 1410954159.009027 action (-0.02)
-1 1410954165.983503 effect (3.48387 0.107235)
-1 1410954186.909938 action (-0.01)
-1 1410954194.403569 effect (-1.073012 0.098412)
-1 1410954215.812995 action (0.0)
-1 1410954222.552282 effect (-39.011378 0.013721)
-1 1410954244.259635 action (0.01)
-1 1410954251.257226 effect (5.694099 0.109979)
-1 1410954273.043051 action (0.02)
-1 1410954280.530259 effect (142.93866 0.021166)
-1 1410954301.510316 action (0.03)
-1 1410954308.852578 effect (171.914069 0.010086)
-1 1410954331.427494 action (0.04)
-1 1410954338.296303 effect (-173.782613 0.023311)
-1 1410954359.029787 action (0.05)
-1 1410954365.881590 effect (145.68653 0.009247)
-1 1410954416.527985 action (-0.05)
-1 1410954423.045398 effect (44.156781 0.083072)
-1 1410954445.044206 action (-0.04)
-1 1410954452.528830 effect (-133.678519 0.103663)
-1 1410954473.845723 action (-0.03)
-1 1410954482.309491 effect (-13.77545 0.131781)
-1 1410954503.721816 action (-0.02)
-1 1410954510.529534 effect (-133.894293 0.074285)
-1 1410954532.118895 action (-0.01)
-1 1410954540.772109 effect (-74.076863 0.058129)
-1 1410954562.573021 action (0.0)
-1 1410954569.389490 effect (6.061877 0.139225)
-1 1410954591.368106 action (0.01)
-1 1410954597.886592 effect (-103.369866 0.014038)
-1 1410954619.139974 action (0.02)
-1 1410954626.016798 effect (-149.369447 0.04618)
-1 1410954647.274940 action (0.03)
-1 1410954654.888828 effect (-121.740296 0.042609)
-1 1410954677.706630 action (0.04)
-1 1410954684.639564 effect (-114.232248 0.024603)
-1 1410954706.028033 action (0.05)
-1 1410954713.915362 effect (-168.339154 0.07299)
-1 1410954777.656224 action (-0.05)
-1 1410954784.777182 effect (-129.113842 0.100796)
-1 1410954805.838325 action (-0.04)
-1 1410954813.099908 effect (-120.748687 0.078443)
-1 1410954833.977143 action (-0.03)
-1 1410954840.497029 effect (-127.690436 0.076895)
-1 1410954862.953494 action (-0.02)
-1 1410954869.712582 effect (-7.398525 0.119636)
-1 1410954891.121643 action (-0.01)
-1 1410954899.667054 effect (0.721214 0.113985)
-1 1410954921.260477 action (0.0)
-1 1410954928.896185 effect (4.547022 0.007273)
-1 1410954950.231843 action (0.01)
-1 1410954957.607241 effect (-166.323055 0.015416)
-1 1410954978.987540 action (0.02)
-1 1410954986.382727 effect (-60.62243 0.007981)
-1 1410955009.193967 action (0.03)
-1 1410955016.084603 effect (-144.679178 0.036525)
-1 1410955037.094933 action (0.04)
-1 1410955044.851184 effect (-73.059576 0.037689)
-1 1410955067.416307 action (0.05)
-1 1410955074.339494 effect (-140.562177 0.055979)
-1 1410955119.525456 action (-0.05)
-1 1410955126.854005 effect (4.561468 0.128982)
-1 1410955149.228040 action (-0.04)
-1 1410955156.674463 effect (-131.018977 0.083834)
-1 1410955177.857751 action (-0.03)
-1 1410955184.966633 effect (-0.483283 0.122182)
-1 1410955205.643776 action (-0.02)
-1 1410955213.105133 effect (-10.921526 0.108585)
-1 1410955235.253251 action (-0.01)
-1 1410955242.607207 effect (-15.96945 0.08849)
-1 1410955263.963980 action (0.0)
-1 1410955271.434444 effect (-68.116485 0.019717)
-1 1410955292.539019 action (0.01)
-1 1410955300.966213 effect (58.803664 0.018163)
-1 1410955322.928860 action (0.02)
-1 1410955330.967475 effect (-10.119483 0.105176)
-1 1410955352.288795 action (0.03)
-1 1410955358.878546 effect (-60.2643 0.019415)
-1 1410955380.248071 action (0.04)
-1 1410955386.679789 effect (-112.625886 0.046904)
-1 1410955409.338555 action (0.05)
-1 1410955415.962565 effect (23.489357 0.025815)
-1 1410955484.578261 action (-0.05)
-1 1410955491.263672 effect (-13.202628 0.139011)
-1 1410955512.580768 action (-0.04)
-1 1410955519.649744 effect (-0.494495 0.149138)
-1 1410955540.230988 action (-0.03)
-1 1410955546.745738 effect (-1.47094 0.140023)
-1 1410955568.054421 action (-0.02)
-1 1410955574.561510 effect (-19.425043 0.115442)
-1 1410955596.335625 action (-0.01)
-1 1410955603.786683 effect (-25.508179 0.076291)
-1 1410955625.749605 action (0.0)
-1 1410955632.314357 effect (-159.405885 0.03215)
-1 1410955653.897752 action (0.01)
-1 1410955660.933491 effect (159.730366 0.012547)
-1 1410955681.608557 action (0.02)
-1 1410955688.522272 effect (-7.185297 0.106298)
-1 1410955710.001849 action (0.03)
-1 1410955717.308585 effect (91.164494 0.007881)
-1 1410955738.597507 action (0.04)
-1 1410955744.973163 effect (99.670855 0.02157)
-1 1410955765.914851 action (0.05)
-1 1410955773.017295 effect (172.776537 0.006778)
-1 1410955812.058535 action (-0.05)
-1 1410955819.151007 effect (-25.642106 0.16233)
-1 1410955840.142454 action (-0.04)
-1 1410955847.795233 effect (-46.724729 0.106748)
-1 1410955870.638026 action (-0.03)
-1 1410955877.895616 effect (-97.93014 0.0712)
-1 1410955899.886898 action (-0.02)
-1 1410955907.101960 effect (-27.69166 0.132532)
-1 1410955929.011995 action (-0.01)
-1 1410955936.338279 effect (-22.909888 0.123939)
-1 1410955957.902940 action (0.0)
-1 1410955964.566570 effect (-34.639275 0.007906)
-1 1410955987.330471 action (0.01)
-1 1410955994.165682 effect (-64.041193 0.007297)
-1 1410956015.449378 action (0.02)
-1 1410956023.810957 effect (-129.172994 0.016029)
-1 1410956044.971885 action (0.03)
-1 1410956051.444600 effect (-127.222685 0.038027)
-1 1410956072.657422 action (0.04)
-1 1410956079.522202 effect (-53.11518 0.045388)
-1 1410956101.989393 action (0.05)
-1 1410956108.773984 effect (-122.283716 0.040437)
-1 1410956163.724254 action (-0.05)
-1 1410956172.174745 effect (-14.713448 0.111037)
-1 1410956193.435590 action (-0.04)
-1 1410956200.292993 effect (0.857784 0.10368)
-1 1410956222.275740 action (-0.03)
-1 1410956230.620698 effect (-21.970967 0.127992)
-1 1410956253.293772 action (-0.02)
-1 1410956260.306252 effect (-8.41253 0.113246)
-1 1410956283.104013 action (-0.01)
-1 1410956290.576164 effect (-22.021152 0.100824)
-1 1410956311.446960 action (0.0)
-1 1410956317.774069 effect (-19.006299 0.120475)
-1 1410956339.018154 action (0.01)
-1 1410956347.027282 effect (-152.247965 0.025716)
-1 1410956369.955649 action (0.02)
-1 1410956376.999557 effect (-168.723889 0.011696)
-1 1410956398.897142 action (0.03)
-1 1410956406.169602 effect (-27.567819 0.003857)
-1 1410956427.300605 action (0.04)
-1 1410956435.581460 effect (-89.66419 0.050439)
-1 1410956457.575616 action (0.05)
-1 1410956465.301832 effect (-138.609262 0.056469)
-1 1410956501.247177 action (-0.05)
-1 1410956508.045484 effect (-15.763681 0.14145)
-1 1410956530.259019 action (-0.04)
-1 1410956537.450938 effect (-17.388005 0.133853)
-1 1410956558.253133 action (-0.03)
-1 1410956565.247790 effect (-154.018418 0.092459)
-1 1410956586.338358 action (-0.02)
-1 1410956593.347088 effect (-134.044195 0.076759)
-1 1410956614.151255 action (-0.01)
-1 1410956622.507475 effect (-11.365163 0.156721)
-1 1410956643.398033 action (0.0)
-1 1410956651.591938 effect (-102.554209 0.025747)
-1 1410956672.636832 action (0.01)
-1 1410956679.207935 effect (-55.949989 0.024381)
-1 1410956700.640175 action (0.02)
-1 1410956707.392463 effect (-37.621404 0.040526)
-1 1410956729.068145 action (0.03)
-1 1410956737.511104 effect (21.723916 0.002968)
-1 1410956760.436071 action (0.04)
-1 1410956768.091632 effect (-8.830393 0.004475)
-1 1410956789.929761 action (0.05)
-1 1410956798.317498 effect (-103.827462 0.027074)
-1 1410956891.205155 action (-0.05)
-1 1410956898.651282 effect (-4.059287 0.149988)
-1 1410956919.404230 action (-0.04)
-1 1410956926.015215 effect (-131.163655 0.075164)
-1 1410956947.504828 action (-0.03)
-1 1410956954.237688 effect (-11.03733 0.11797)
-1 1410956975.114081 action (-0.02)
-1 1410956983.432823 effect (-81.035217 0.030041)
-1 1410957005.283182 action (-0.01)
-1 1410957013.627114 effect (-9.948034 0.16099)
-1 1410957034.669800 action (0.0)
-1 1410957042.688955 effect (-96.680605 0.020477)
-1 1410957065.156000 action (0.01)
-1 1410957071.908406 effect (-147.136164 0.024487)
-1 1410957093.357565 action (0.02)
-1 1410957100.649532 effect (14.992273 0.017733)
-1 1410957122.160918 action (0.03)
-1 1410957130.670557 effect (-17.931637 0.014055)
-1 1410957151.661680 action (0.04)
-1 1410957160.093484 effect (3.276041 0.007143)
-1 1410957182.203694 action (0.05)
-1 1410957189.814685 effect (50.174387 0.012115)
