-1 1410274848.860034 action (-0.05)
-1 1410274855.634426 effect (9.742409 0.02367)
-1 1410274876.941059 action (-0.04)
-1 1410274883.856930 effect (129.519714 0.016299)
-1 1410274905.556907 action (-0.03)
-1 1410274912.703306 effect (14.443497 0.016497)
-1 1410274933.747779 action (-0.02)
-1 1410274941.845211 effect (33.702801 0.11902)
-1 1410274963.499773 action (-0.01)
-1 1410274970.362280 effect (1.27401 0.169968)
-1 1410274992.479717 action (0.0)
-1 1410274999.577415 effect (3.996802 0.162898)
-1 1410275021.393555 action (0.01)
-1 1410275028.939188 effect (-19.250693 0.120857)
-1 1410275050.349050 action (0.02)
-1 1410275058.497935 effect (-22.23542 0.141592)
-1 1410275080.208983 action (0.03)
-1 1410275086.909617 effect (-23.486584 0.083135)
-1 1410275108.942862 action (0.04)
-1 1410275117.324654 effect (-6.831997 0.165145)
-1 1410275139.364109 action (0.05)
-1 1410275146.869663 effect (-22.334945 0.039068)
-1 1410275187.110281 action (-0.05)
-1 1410275194.273303 effect (13.283059 0.11226)
-1 1410275215.467507 action (-0.04)
-1 1410275223.314225 effect (78.813889 0.024321)
-1 1410275244.574905 action (-0.03)
-1 1410275252.157655 effect (41.398309 0.023166)
-1 1410275273.499840 action (-0.02)
-1 1410275281.711970 effect (26.938588 0.091219)
-1 1410275303.189496 action (-0.01)
-1 1410275310.088154 effect (37.779688 0.075588)
-1 1410275331.559250 action (0.0)
-1 1410275338.648030 effect (71.112537 0.05009)
-1 1410275360.071021 action (0.01)
-1 1410275367.216701 effect (142.651949 0.023427)
-1 1410275388.652700 action (0.02)
-1 1410275395.464874 effect (-11.899114 0.152088)
-1 1410275416.343474 action (0.03)
-1 1410275424.084761 effect (-32.460048 0.081542)
-1 1410275445.849729 action (0.04)
-1 1410275452.568918 effect (41.742981 0.094629)
-1 1410275474.432809 action (0.05)
-1 1410275481.756131 effect (53.981634 0.085996)
-1 1410275532.677117 action (-0.05)
-1 1410275539.898793 effect (19.792031 0.011879)
-1 1410275561.898849 action (-0.04)
-1 1410275568.677211 effect (2.939773 0.018743)
-1 1410275588.889353 action (-0.03)
-1 1410275595.755562 effect (82.426832 0.058106)
-1 1410275617.584877 action (-0.02)
-1 1410275624.542851 effect (-62.007688 0.002341)
-1 1410275645.542225 action (-0.01)
-1 1410275652.833454 effect (37.082041 0.153174)
-1 1410275673.903342 action (0.0)
-1 1410275682.295170 effect (34.712641 0.104924)
-1 1410275703.381655 action (0.01)
-1 1410275711.925284 effect (-24.47381 0.137962)
-1 1410275733.348594 action (0.02)
-1 1410275741.943952 effect (5.609381 0.16885)
-1 1410275763.706360 action (0.03)
-1 1410275770.951323 effect (-158.17456 0.008374)
-1 1410275786.196768 action (0.04)
-1 1410275791.634382 effect (97.899484 0.052168)
-1 1410275816.015882 action (0.05)
-1 1410275824.719410 effect (81.923884 0.146793)
-1 1410275915.444945 action (-0.05)
-1 1410275922.625782 effect (7.633433 0.025295)
-1 1410275944.044286 action (-0.04)
-1 1410275952.631143 effect (15.971353 0.056799)
-1 1410275973.990771 action (-0.03)
-1 1410275981.044766 effect (29.216398 0.025349)
-1 1410276002.438904 action (-0.02)
-1 1410276009.332523 effect (69.602252 0.042379)
-1 1410276030.500533 action (-0.01)
-1 1410276039.001490 effect (82.8772 0.053276)
-1 1410276059.761094 action (0.0)
-1 1410276067.013463 effect (97.343339 0.064133)
-1 1410276088.023147 action (0.01)
-1 1410276094.757044 effect (35.733675 0.081847)
-1 1410276116.306624 action (0.02)
-1 1410276124.000993 effect (-0.073445 0.162117)
-1 1410276145.610956 action (0.03)
-1 1410276154.451303 effect (-29.053901 0.132654)
-1 1410276175.284547 action (0.04)
-1 1410276182.502776 effect (-24.610478 0.134865)
-1 1410276198.307510 action (0.05)
-1 1410276204.391145 effect (114.002709 0.151562)
-1 1410276256.132967 action (-0.05)
-1 1410276262.982584 effect (-32.086858 0.111586)
-1 1410276285.854923 action (-0.04)
-1 1410276293.023098 effect (1.022153 0.197099)
-1 1410276314.297764 action (-0.03)
-1 1410276321.974408 effect (87.522489 0.018459)
-1 1410276344.290470 action (-0.02)
-1 1410276351.378352 effect (-8.555416 0.198301)
-1 1410276372.172286 action (-0.01)
-1 1410276378.846255 effect (-22.235707 0.163501)
-1 1410276399.504866 action (0.0)
-1 1410276406.519461 effect (45.138549 0.124808)
-1 1410276427.674243 action (0.01)
-1 1410276434.416106 effect (-30.701257 0.127022)
-1 1410276455.983238 action (0.02)
-1 1410276463.759043 effect (60.572512 0.098132)
-1 1410276485.104493 action (0.03)
-1 1410276492.425838 effect (-88.123768 0.033623)
-1 1410276513.407217 action (0.04)
-1 1410276520.077671 effect (5.985695 0.07492)
-1 1410276541.834426 action (0.05)
-1 1410276549.544403 effect (-11.680664 0.089201)
-1 1410276608.981798 action (-0.05)
-1 1410276614.486523 effect (94.237818 0.039844)
-1 1410276633.746223 action (-0.04)
-1 1410276640.974459 effect (36.816081 0.045728)
-1 1410276660.746327 action (-0.03)
-1 1410276667.145971 effect (118.341997 0.024386)
-1 1410276686.884942 action (-0.02)
-1 1410276692.521674 effect (75.81559 0.085376)
-1 1410276713.518119 action (-0.01)
-1 1410276720.294663 effect (-67.82253 0.049332)
-1 1410276740.393445 action (0.0)
-1 1410276747.014273 effect (75.460018 0.094252)
-1 1410276767.260246 action (0.01)
-1 1410276772.736865 effect (72.769427 0.055121)
-1 1410276788.149268 action (0.02)
-1 1410276793.382512 effect (18.509002 0.010418)
-1 1410276815.642675 action (0.03)
-1 1410276822.006564 effect (29.108715 0.173229)
-1 1410276842.156295 action (0.04)
-1 1410276849.094798 effect (129.165038 0.008933)
-1 1410276868.915540 action (0.05)
-1 1410276875.556163 effect (14.200835 0.031078)
-1 1410276916.593723 action (-0.05)
-1 1410276922.715983 effect (118.379691 0.061721)
-1 1410276942.884671 action (-0.04)
-1 1410276948.935913 effect (-3.517973 0.158177)
-1 1410276970.386193 action (-0.03)
-1 1410276976.579603 effect (46.042346 0.010417)
-1 1410276996.943439 action (-0.02)
-1 1410277002.583601 effect (28.56379 0.028181)
-1 1410277021.594098 action (-0.01)
-1 1410277027.451336 effect (6.555419 0.180143)
-1 1410277046.468300 action (0.0)
-1 1410277052.273206 effect (10.754691 0.176423)
-1 1410277072.125600 action (0.01)
-1 1410277078.228123 effect (-22.690785 0.092956)
-1 1410277098.458467 action (0.02)
-1 1410277105.503457 effect (-17.053889 0.095298)
-1 1410277125.344714 action (0.03)
-1 1410277132.158446 effect (-1.365493 0.120582)
-1 1410277151.378166 action (0.04)
-1 1410277158.223280 effect (-56.284646 0.010445)
-1 1410277178.553571 action (0.05)
-1 1410277184.960663 effect (27.489992 0.029912)
-1 1410277218.550884 action (-0.05)
-1 1410277224.658862 effect (-102.364428 0.05796)
-1 1410277243.986185 action (-0.04)
-1 1410277250.529547 effect (150.971131 0.039099)
-1 1410277270.263884 action (-0.03)
-1 1410277277.347334 effect (9.162718 0.060429)
-1 1410277298.190422 action (-0.02)
-1 1410277305.203125 effect (-9.862713 0.031255)
-1 1410277326.344100 action (-0.01)
-1 1410277333.238420 effect (-33.517547 0.13836)
-1 1410277353.463049 action (0.0)
-1 1410277359.511315 effect (47.193091 0.020995)
-1 1410277380.099488 action (0.01)
-1 1410277385.253060 effect (9.695586 0.020386)
-1 1410277406.367865 action (0.02)
-1 1410277413.296373 effect (179.710098 0.01123)
-1 1410277433.335866 action (0.03)
-1 1410277438.989044 effect (-35.852803 0.101648)
-1 1410277458.926353 action (0.04)
-1 1410277463.889113 effect (-43.123528 0.086392)
-1 1410277483.851283 action (0.05)
-1 1410277489.676485 effect (-19.368765 0.129193)
-1 1410277525.712272 action (-0.05)
-1 1410277531.661668 effect (113.459568 0.014804)
-1 1410277551.712594 action (-0.04)
-1 1410277557.918049 effect (63.545075 0.054521)
-1 1410277577.584989 action (-0.03)
-1 1410277584.473923 effect (-11.480437 0.14393)
-1 1410277604.267443 action (-0.02)
-1 1410277609.905365 effect (-4.021569 0.135911)
-1 1410277629.333470 action (-0.01)
-1 1410277634.272105 effect (80.376571 0.040033)
-1 1410277655.803882 action (0.0)
-1 1410277661.298184 effect (93.758897 0.113541)
-1 1410277683.060136 action (0.01)
-1 1410277690.138478 effect (42.316282 0.074454)
-1 1410277710.526798 action (0.02)
-1 1410277716.322784 effect (158.103282 0.038871)
-1 1410277730.875680 action (0.03)
-1 1410277735.870469 effect (57.894595 0.032471)
-1 1410277758.783281 action (0.04)
-1 1410277764.076111 effect (-8.971119 0.072157)
-1 1410277785.267927 action (0.05)
-1 1410277790.929161 effect (89.705796 0.10602)
-1 1410277825.045771 action (-0.05)
-1 1410277830.419767 effect (135.892238 0.02403)
-1 1410277851.626441 action (-0.04)
-1 1410277858.069363 effect (46.293771 0.10128)
-1 1410277877.533696 action (-0.03)
-1 1410277883.413548 effect (51.237847 0.156794)
-1 1410277905.272284 action (-0.02)
-1 1410277912.236488 effect (148.508595 0.028343)
-1 1410277932.436265 action (-0.01)
-1 1410277937.672909 effect (8.718386 0.166762)
-1 1410277957.690859 action (0.0)
-1 1410277964.792238 effect (-3.335435 0.161034)
-1 1410277983.939929 action (0.01)
-1 1410277989.389944 effect (8.313801 0.170706)
-1 1410278009.014034 action (0.02)
-1 1410278014.495316 effect (-24.799158 0.100447)
-1 1410278035.100558 action (0.03)
-1 1410278040.909713 effect (-28.566886 0.067674)
-1 1410278062.484206 action (0.04)
-1 1410278067.539310 effect (-2.759582 0.14999)
-1 1410278086.808324 action (0.05)
-1 1410278093.749440 effect (-13.658473 0.050429)
