-1 1409564722.162387 action (0.0)
-1 1409564725.279226 effect (24.122726 0.183176)
-1 1409564733.859963 action (-0.05)
-1 1409564738.297869 effect (-66.467924 0.019197)
-1 1409564747.409516 action (-0.04)
-1 1409564750.546450 effect (32.921824 0.053167)
-1 1409564762.708046 action (-0.03)
-1 1409564765.362095 effect (51.058359 0.073383)
-1 1409564777.748725 action (-0.02)
-1 1409564780.713262 effect (76.441222 0.043215)
-1 1409564794.127443 action (-0.01)
-1 1409564797.865022 effect (-163.061775 0.005755)
-1 1409564812.325331 action (0.0)
-1 1409564815.568319 effect (56.831196 0.008753)
-1 1409564830.135365 action (0.01)
-1 1409564834.225930 effect (99.455439 0.021964)
-1 1409564849.321828 action (0.02)
-1 1409564853.591678 effect (-132.118658 0.056246)
-1 1409564870.498785 action (0.03)
-1 1409564874.846948 effect (-152.06176 0.059405)
-1 1409564891.037229 action (0.04)
-1 1409564895.556347 effect (-179.373848 0.025897)
-1 1409564912.494823 action (0.05)
-1 1409564917.586715 effect (-138.994326 0.015468)
-1 1409564945.440648 action (0.0)
-1 1409564953.938426 effect (131.979254 0.011669)
-1 1409564966.897214 action (-0.05)
-1 1409564973.994964 effect (1.881597 0.078667)
-1 1409564993.710283 action (-0.04)
-1 1409564999.789884 effect (17.652403 0.05778)
-1 1409565020.184377 action (-0.03)
-1 1409565028.585231 effect (32.752991 0.059354)
-1 1409565049.379213 action (-0.02)
-1 1409565056.761772 effect (26.409122 0.086976)
-1 1409565081.049662 action (-0.01)
-1 1409565089.277671 effect (-116.485107 0.017729)
-1 1409565114.979530 action (0.0)
-1 1409565125.590872 effect (13.658926 0.149336)
-1 1409565149.398587 action (0.01)
-1 1409565159.128020 effect (58.22787 0.079592)
-1 1409565187.468421 action (0.02)
-1 1409565196.995105 effect (-85.134191 0.035369)
-1 1409565224.780421 action (0.03)
-1 1409565235.476403 effect (-33.507644 0.007374)
-1 1409565264.087545 action (0.04)
-1 1409565276.476142 effect (-105.612699 0.034)
-1 1409565304.564076 action (0.05)
-1 1409565316.395655 effect (-101.702349 0.03076)
-1 1409565358.772914 action (0.0)
-1 1409565371.327381 effect (-85.640384 0.017727)
-1 1409565388.512630 action (-0.05)
-1 1409565400.630197 effect (-5.676991 0.076879)
-1 1409565430.194400 action (-0.04)
-1 1409565444.209936 effect (2.998127 0.123416)
-1 1409565475.960279 action (-0.03)
-1 1409565489.899075 effect (75.618861 0.042232)
-1 1409565523.388459 action (-0.02)
-1 1409565538.174050 effect (-142.571908 0.01167)
-1 1409565571.032016 action (-0.01)
-1 1409565587.293277 effect (-103.475352 0.016343)
-1 1409565620.416264 action (0.0)
-1 1409565635.341736 effect (75.856951 0.038722)
-1 1409565668.923642 action (0.01)
-1 1409565686.053336 effect (-145.728848 0.069237)
-1 1409565721.327601 action (0.02)
-1 1409565739.288473 effect (-154.808096 0.037677)
-1 1409565775.726558 action (0.03)
-1 1409565792.481909 effect (165.439893 0.038245)
-1 1409565828.744928 action (0.04)
-1 1409565846.705474 effect (-176.658567 0.061864)
-1 1409565883.872622 action (0.05)
-1 1409565902.601016 effect (-131.065004 0.004548)
-1 1409565971.265867 action (0.0)
-1 1409565991.050590 effect (-160.644337 0.076276)
-1 1409566009.584519 action (-0.05)
-1 1409566029.869065 effect (-128.702072 0.004152)
-1 1409566069.639217 action (-0.04)
-1 1409566090.493182 effect (2.869465 0.070663)
-1 1409566131.050302 action (-0.03)
-1 1409566150.930605 effect (167.630374 0.024737)
-1 1409566192.716064 action (-0.02)
-1 1409566214.220039 effect (44.100704 0.071844)
-1 1409566257.485985 action (-0.01)
-1 1409566280.054023 effect (-175.430163 0.085436)
-1 1409566325.055344 action (0.0)
-1 1409566349.441025 effect (-177.972086 0.065585)
-1 1409566394.985048 action (0.01)
-1 1409566418.450702 effect (167.343965 0.030949)
-1 1409566463.803585 action (0.02)
-1 1409566488.823311 effect (-147.447854 0.0278)
-1 1409566535.489734 action (0.03)
-1 1409566562.560131 effect (-133.756511 0.035992)
-1 1409566611.143490 action (0.04)
-1 1409566637.715500 effect (-95.32023 0.019045)
-1 1409566685.577584 action (0.05)
-1 1409566712.529078 effect (-115.469421 0.019016)
-1 1409566801.868828 action (0.0)
-1 1409566829.095985 effect (-61.03637 0.007155)
-1 1409566847.594395 action (-0.05)
-1 1409566874.842781 effect (-109.280705 0.00645)
-1 1409566927.499783 action (-0.04)
-1 1409566958.340889 effect (-79.510937 0.041576)
-1 1409567010.514227 action (-0.03)
-1 1409567040.156843 effect (-112.540949 0.019481)
-1 1409567094.149769 action (-0.02)
-1 1409567124.861764 effect (22.282561 0.004524)
-1 1409567179.771828 action (-0.01)
-1 1409567212.436658 effect (20.983857 0.00402)
-1 1409567268.158871 action (0.0)
-1 1409567301.485593 effect (-102.334487 0.010556)
-1 1409567361.618032 action (0.01)
-1 1409567394.776748 effect (-160.028716 0.003542)
-1 1409567454.458406 action (0.02)
-1 1409567488.602368 effect (-173.649061 0.003485)
-1 1409567550.294190 action (0.03)
-1 1409567588.218573 effect (51.0347 0.003042)
-1 1409567651.385781 action (0.04)
-1 1409567689.254646 effect (-93.610011 0.001085)
-1 1409567752.659185 action (0.05)
-1 1409567794.040157 effect (77.714505 0.001996)
-1 1409567922.187037 action (0.0)
-1 1409567962.550788 effect (163.97151 0.003577)
-1 1409567982.992243 action (-0.05)
-1 1409568024.175008 effect (-19.62882 0.006234)
-1 1409568092.377607 action (-0.04)
-1 1409568134.148805 effect (-98.69776 0.022228)
-1 1409568205.164280 action (-0.03)
-1 1409568246.508560 effect (78.270667 0.01509)
-1 1409568317.260688 action (-0.02)
-1 1409568361.217825 effect (-66.065875 0.028466)
-1 1409568435.326390 action (-0.01)
-1 1409568480.506803 effect (21.93012 0.003276)
-1 1409568555.523361 action (0.0)
-1 1409568602.626805 effect (88.525437 0.002242)
-1 1409568679.828612 action (0.01)
-1 1409568728.880401 effect (163.084345 0.006271)
-1 1409568808.538146 action (0.02)
-1 1409568859.175111 effect (-19.290424 0.002495)
-1 1409568938.713121 action (0.03)
-1 1409568990.203669 effect (-155.256958 0.003764)
-1 1409569072.981538 action (0.04)
-1 1409569122.179815 effect (108.725047 0.026443)
-1 1409569203.770893 action (0.05)
-1 1409569256.077422 effect (155.249804 0.00724)
-1 1409569413.423427 action (0.0)
-1 1409569469.442512 effect (-47.126845 0.018381)
-1 1409569488.505390 action (-0.05)
-1 1409569543.312116 effect (47.413223 0.01259)
-1 1409569634.161443 action (-0.04)
-1 1409569690.146506 effect (96.187592 0.025257)
-1 1409569782.267190 action (-0.03)
-1 1409569838.871720 effect (98.414062 0.018442)
-1 1409569931.448030 action (-0.02)
-1 1409569986.414219 effect (122.900905 0.008352)
-1 1409570081.897125 action (-0.01)
-1 1409570139.158179 effect (-24.430714 0.002883)
-1 1409570237.250405 action (0.0)
-1 1409570299.802336 effect (87.937435 0.015187)
-1 1409570400.555582 action (0.01)
-1 1409570461.779867 effect (105.038882 0.022431)
-1 1409570563.298476 action (0.02)
-1 1409570631.388945 effect (-88.42944 0.004638)
-1 1409570734.936581 action (0.03)
-1 1409570801.353042 effect (-106.936905 0.030466)
-1 1409570907.171679 action (0.04)
-1 1409570973.612444 effect (-167.916357 0.00961)
