-1 1410765119.472621 action (-0.05)
-1 1410765126.424326 effect (86.034193 0.017404)
-1 1410765148.280673 action (-0.04)
-1 1410765155.284986 effect (-7.375066 0.019859)
-1 1410765175.887213 action (-0.03)
-1 1410765181.465439 effect (-106.268007 0.005948)
-1 1410765202.904734 action (-0.02)
-1 1410765208.331273 effect (-7.578119 0.117676)
-1 1410765229.345250 action (-0.01)
-1 1410765236.321938 effect (26.500489 0.003884)
-1 1410765258.454653 action (0.0)
-1 1410765264.944117 effect (-107.403501 0.006115)
-1 1410765285.646438 action (0.01)
-1 1410765291.316715 effect (176.360804 0.051795)
-1 1410765312.245846 action (0.02)
-1 1410765317.667446 effect (-155.655137 0.000362)
-1 1410765339.466457 action (0.03)
-1 1410765344.691071 effect (18.892336 0.062189)
-1 1410765365.933433 action (0.04)
-1 1410765370.993999 effect (-87.912257 0.023101)
-1 1410765391.270168 action (0.05)
-1 1410765398.225532 effect (98.255951 0.020135)
-1 1410765432.872707 action (-0.05)
-1 1410765438.583840 effect (43.820171 0.014804)
-1 1410765461.017337 action (-0.04)
-1 1410765466.883283 effect (87.446677 0.070546)
-1 1410765487.991187 action (-0.03)
-1 1410765493.316951 effect (-27.536621 0.030718)
-1 1410765513.594828 action (-0.02)
-1 1410765519.467745 effect (-15.497716 0.088479)
-1 1410765540.852532 action (-0.01)
-1 1410765546.064900 effect (-20.027729 0.006356)
-1 1410765568.074488 action (0.0)
-1 1410765575.127800 effect (154.214423 0.000979)
-1 1410765596.328538 action (0.01)
-1 1410765603.113351 effect (-154.610518 0.005854)
-1 1410765624.247037 action (0.02)
-1 1410765629.795974 effect (-161.661652 0.006055)
-1 1410765651.525016 action (0.03)
-1 1410765656.946430 effect (15.698097 0.032091)
-1 1410765677.013134 action (0.04)
-1 1410765683.156023 effect (-174.23643 0.026606)
-1 1410765705.101075 action (0.05)
-1 1410765710.611500 effect (149.42242 0.028976)
-1 1410765745.967343 action (-0.05)
-1 1410765751.385653 effect (146.988477 0.004245)
-1 1410765773.095615 action (-0.04)
-1 1410765779.124951 effect (-69.641033 0.032185)
-1 1410765800.647568 action (-0.03)
-1 1410765805.883995 effect (-59.103683 0.012778)
-1 1410765827.014217 action (-0.02)
-1 1410765832.378904 effect (157.029285 0.017433)
-1 1410765852.659432 action (-0.01)
-1 1410765859.535912 effect (-30.437787 0.07717)
-1 1410765880.848116 action (0.0)
-1 1410765886.313165 effect (121.200797 0.006741)
-1 1410765907.771067 action (0.01)
-1 1410765914.531286 effect (-64.543099 0.021593)
-1 1410765936.410081 action (0.02)
-1 1410765942.434492 effect (-137.155956 0.01616)
-1 1410765962.343380 action (0.03)
-1 1410765968.102257 effect (-79.943755 0.012536)
-1 1410765988.985356 action (0.04)
-1 1410765995.984089 effect (122.539748 0.01358)
-1 1410766016.854536 action (0.05)
-1 1410766022.728313 effect (30.026512 0.011623)
-1 1410766052.560211 action (-0.05)
-1 1410766057.906565 effect (-6.131617 0.085127)
-1 1410766079.243099 action (-0.04)
-1 1410766085.193695 effect (-59.94282 0.027207)
-1 1410766107.333563 action (-0.03)
-1 1410766112.696789 effect (-44.217345 0.018283)
-1 1410766133.588002 action (-0.02)
-1 1410766139.579032 effect (9.553247 0.112759)
-1 1410766159.485951 action (-0.01)
-1 1410766164.568222 effect (-1.291705 0.054595)
-1 1410766185.973446 action (0.0)
-1 1410766191.775843 effect (-60.421664 0.003075)
-1 1410766212.713124 action (0.01)
-1 1410766219.494482 effect (-131.133057 0.005331)
-1 1410766240.355915 action (0.02)
-1 1410766246.601931 effect (30.451794 0.002968)
-1 1410766267.844586 action (0.03)
-1 1410766273.308690 effect (-16.41062 0.008821)
-1 1410766294.029626 action (0.04)
-1 1410766298.904597 effect (158.886364 0.00837)
-1 1410766320.270684 action (0.05)
-1 1410766327.167354 effect (-8.023532 0.007741)
-1 1410766362.991609 action (-0.05)
-1 1410766369.317477 effect (51.944267 0.150546)
-1 1410766390.470131 action (-0.04)
-1 1410766396.439271 effect (-10.480954 0.113733)
-1 1410766417.627549 action (-0.03)
-1 1410766424.555019 effect (10.406386 0.044312)
-1 1410766445.140253 action (-0.02)
-1 1410766452.112389 effect (124.556549 0.013319)
-1 1410766472.661824 action (-0.01)
-1 1410766479.111169 effect (9.575346 0.005419)
-1 1410766500.268566 action (0.0)
-1 1410766506.090270 effect (57.198949 0.011126)
-1 1410766527.940271 action (0.01)
-1 1410766533.904097 effect (-21.381301 0.00862)
-1 1410766555.074639 action (0.02)
-1 1410766560.567193 effect (90.608594 0.011707)
-1 1410766581.090266 action (0.03)
-1 1410766586.172111 effect (165.193996 0.009943)
-1 1410766606.844792 action (0.04)
-1 1410766613.742996 effect (-150.451625 0.010139)
-1 1410766634.355683 action (0.05)
-1 1410766640.323211 effect (159.117537 0.027484)
