-1 1410111000.532243 action (-0.05)
-1 1410111006.894353 effect (7.614499 0.145128)
-1 1410111022.346515 action (-0.04)
-1 1410111028.977045 effect (7.934527 0.141227)
-1 1410111046.717409 action (-0.03)
-1 1410111053.503705 effect (-70.726339 0.271973)
-1 1410111070.980565 action (-0.02)
-1 1410111076.645670 effect (-73.817832 0.298599)
-1 1410111092.280312 action (-0.01)
-1 1410111097.564193 effect (59.360087 0.007486)
-1 1410111109.277365 action (0.0)
-1 1410111116.000784 effect (147.154814 0.003316)
-1 1410111131.531108 action (0.01)
-1 1410111137.438032 effect (-46.491078 0.009785)
-1 1410111152.844628 action (0.02)
-1 1410111159.334805 effect (-10.974685 0.014285)
-1 1410111171.066720 action (0.03)
-1 1410111177.920113 effect (-93.74706 0.036074)
-1 1410111187.878348 action (0.04)
-1 1410111194.626329 effect (142.756434 0.002934)
-1 1410111205.030685 action (0.05)
-1 1410111211.378829 effect (81.601211 0.013545)
-1 1410111228.941376 action (-0.05)
-1 1410111235.398185 effect (14.015052 0.166058)
-1 1410111249.003795 action (-0.04)
-1 1410111255.448381 effect (3.607379 0.16201)
-1 1410111268.107583 action (-0.03)
-1 1410111273.369163 effect (15.333305 0.148904)
-1 1410111289.248020 action (-0.02)
-1 1410111294.400168 effect (-12.625668 0.034451)
-1 1410111308.400131 action (-0.01)
-1 1410111314.750502 effect (77.029236 0.01555)
-1 1410111325.273218 action (0.0)
-1 1410111331.686574 effect (-42.026368 0.004733)
-1 1410111346.009728 action (0.01)
-1 1410111352.063901 effect (131.142105 0.00439)
-1 1410111366.413248 action (0.02)
-1 1410111372.357737 effect (10.637889 0.004196)
-1 1410111382.291054 action (0.03)
-1 1410111387.735562 effect (-79.859426 0.019485)
-1 1410111398.795059 action (0.04)
-1 1410111404.939359 effect (-141.160062 0.002776)
-1 1410111415.653033 action (0.05)
-1 1410111420.795604 effect (-52.722846 0.002108)
-1 1410111438.398600 action (-0.05)
-1 1410111444.556037 effect (-0.635638 0.163173)
-1 1410111457.296456 action (-0.04)
-1 1410111463.848740 effect (4.962383 0.156776)
-1 1410111475.355232 action (-0.03)
-1 1410111481.841086 effect (-44.856064 0.359085)
-1 1410111498.259798 action (-0.02)
-1 1410111504.702648 effect (-40.120639 0.080114)
-1 1410111519.030652 action (-0.01)
-1 1410111525.680338 effect (55.649531 0.012464)
-1 1410111535.645930 action (0.0)
-1 1410111541.882095 effect (82.601136 0.00537)
-1 1410111556.387346 action (0.01)
-1 1410111563.031608 effect (-4.792531 0.000186)
-1 1410111577.819053 action (0.02)
-1 1410111583.955841 effect (-47.224717 0.00594)
-1 1410111594.208711 action (0.03)
-1 1410111600.342003 effect (-89.854654 0.04209)
-1 1410111610.829902 action (0.04)
-1 1410111616.859555 effect (-101.832924 0.014957)
-1 1410111626.960798 action (0.05)
-1 1410111633.388955 effect (-54.033642 0.003438)
-1 1410111654.999323 action (-0.05)
-1 1410111661.554683 effect (-56.755581 0.078619)
-1 1410111674.059881 action (-0.04)
-1 1410111678.911321 effect (8.217193 0.139258)
-1 1410111695.595194 action (-0.03)
-1 1410111701.743514 effect (40.030283 0.172185)
-1 1410111718.214225 action (-0.02)
-1 1410111724.541626 effect (-33.04225 0.03971)
-1 1410111738.984655 action (-0.01)
-1 1410111745.096958 effect (86.171633 0.009488)
-1 1410111755.441522 action (0.0)
-1 1410111760.682927 effect (53.944836 0.010896)
-1 1410111774.919830 action (0.01)
-1 1410111781.337528 effect (-131.696527 0.003823)
-1 1410111791.711032 action (0.02)
-1 1410111797.806451 effect (-85.279606 0.035339)
-1 1410111807.789513 action (0.03)
-1 1410111813.030137 effect (-97.579281 0.022962)
-1 1410111823.869718 action (0.04)
-1 1410111830.288563 effect (-138.999952 0.005783)
-1 1410111840.644807 action (0.05)
-1 1410111846.883502 effect (106.752586 0.009958)
-1 1410111863.759663 action (-0.05)
-1 1410111868.842837 effect (0.591265 0.157334)
-1 1410111882.308675 action (-0.04)
-1 1410111889.078136 effect (3.252085 0.152775)
-1 1410111904.397273 action (-0.03)
-1 1410111909.344843 effect (-60.287872 0.025796)
-1 1410111925.046731 action (-0.02)
-1 1410111931.175623 effect (-74.081771 0.025319)
-1 1410111945.017774 action (-0.01)
-1 1410111951.065385 effect (46.433193 0.010162)
-1 1410111960.032554 action (0.0)
-1 1410111967.280444 effect (71.265841 0.01138)
-1 1410111981.587844 action (0.01)
-1 1410111987.607850 effect (-53.967751 0.006612)
-1 1410111997.490772 action (0.02)
-1 1410112003.453715 effect (-84.079201 0.035773)
-1 1410112013.165465 action (0.03)
-1 1410112019.096869 effect (-119.301986 0.005348)
-1 1410112028.563229 action (0.04)
-1 1410112034.850326 effect (-65.431294 0.014562)
-1 1410112045.034642 action (0.05)
-1 1410112051.282911 effect (160.71931 0.006771)
-1 1410112069.329331 action (-0.05)
-1 1410112073.866661 effect (8.658822 0.132303)
-1 1410112086.260468 action (-0.04)
-1 1410112092.221185 effect (2.80812 0.169047)
-1 1410112107.364089 action (-0.03)
-1 1410112113.397319 effect (9.746158 0.152334)
-1 1410112129.716452 action (-0.02)
-1 1410112135.947342 effect (-43.671712 0.120375)
-1 1410112149.545124 action (-0.01)
-1 1410112155.766635 effect (43.849746 0.010483)
-1 1410112165.778161 action (0.0)
-1 1410112171.627486 effect (-111.52332 0.006036)
