-1 1409736562.785602 action (-0.05)
-1 1409736566.628042 effect (-6.467407 0.113611)
-1 1409736577.030450 action (-0.04)
-1 1409736579.452102 effect (-2.380343 0.108635)
-1 1409736588.989383 action (-0.03)
-1 1409736591.458556 effect (12.96159 0.118815)
-1 1409736603.665535 action (-0.02)
-1 1409736606.396039 effect (84.147154 0.102776)
-1 1409736618.503816 action (-0.01)
-1 1409736621.949531 effect (150.542073 0.018242)
-1 1409736633.642518 action (0.0)
-1 1409736636.421969 effect (-177.492668 0.152614)
-1 1409736650.248897 action (0.01)
-1 1409736653.551608 effect (170.933272 0.022503)
-1 1409736665.740552 action (0.02)
-1 1409736668.395525 effect (-175.100253 0.115209)
-1 1409736678.500588 action (0.03)
-1 1409736681.987455 effect (-150.564737 0.079096)
-1 1409736692.098997 action (0.04)
-1 1409736695.216564 effect (-135.173165 0.039274)
-1 1409736704.550083 action (0.05)
-1 1409736709.511349 effect (-125.794136 0.050833)
-1 1409736727.294008 action (-0.05)
-1 1409736730.462879 effect (3.0999 0.100871)
-1 1409736742.899543 action (-0.04)
-1 1409736747.309884 effect (9.972049 0.115151)
-1 1409736760.569679 action (-0.03)
-1 1409736765.280535 effect (14.681712 0.133035)
-1 1409736779.304953 action (-0.02)
-1 1409736784.238728 effect (18.3657 0.131676)
-1 1409736801.442641 action (-0.01)
-1 1409736805.816381 effect (133.296325 0.025779)
-1 1409736823.883377 action (0.0)
-1 1409736828.016622 effect (-149.883967 0.025603)
-1 1409736845.997268 action (0.01)
-1 1409736850.248515 effect (138.212293 0.03309)
-1 1409736868.520107 action (0.02)
-1 1409736876.685647 effect (138.604269 0.021313)
-1 1409736896.342718 action (0.03)
-1 1409736904.697517 effect (-108.931048 0.023686)
-1 1409736926.046410 action (0.04)
-1 1409736934.305045 effect (-137.667761 0.031683)
-1 1409736951.384554 action (0.05)
-1 1409736959.546428 effect (-126.706269 0.039171)
-1 1409736986.416727 action (-0.05)
-1 1409736993.762386 effect (17.652283 0.066773)
-1 1409737012.297364 action (-0.04)
-1 1409737019.564170 effect (4.597549 0.103809)
-1 1409737041.036118 action (-0.03)
-1 1409737049.123420 effect (12.921942 0.099704)
-1 1409737071.765637 action (-0.02)
-1 1409737079.441735 effect (16.888186 0.098285)
-1 1409737104.228766 action (-0.01)
-1 1409737115.314794 effect (33.069 0.09166)
-1 1409737141.531992 action (0.0)
-1 1409737150.923482 effect (-49.259051 0.015185)
-1 1409737177.162657 action (0.01)
-1 1409737186.578490 effect (-103.399274 0.03917)
-1 1409737211.887426 action (0.02)
-1 1409737223.261997 effect (16.520699 0.02704)
-1 1409737250.514618 action (0.03)
-1 1409737259.134838 effect (-40.527539 0.024138)
-1 1409737287.546472 action (0.04)
-1 1409737299.229617 effect (-100.081572 0.008301)
-1 1409737329.907885 action (0.05)
-1 1409737343.565431 effect (-126.786003 0.029476)
-1 1409737382.698792 action (-0.05)
-1 1409737393.747545 effect (8.648629 0.08105)
-1 1409737421.199492 action (-0.04)
-1 1409737432.934951 effect (18.654422 0.071188)
-1 1409737461.496355 action (-0.03)
-1 1409737474.063146 effect (24.408123 0.098884)
-1 1409737502.686346 action (-0.02)
-1 1409737515.621193 effect (33.799222 0.080965)
-1 1409737547.276569 action (-0.01)
-1 1409737561.169530 effect (25.662893 0.069842)
-1 1409737593.942851 action (0.0)
-1 1409737609.900558 effect (21.362957 0.067848)
-1 1409737642.790903 action (0.01)
-1 1409737658.947683 effect (39.563749 0.016361)
-1 1409737692.981105 action (0.02)
-1 1409737709.019221 effect (-157.302079 0.013142)
-1 1409737743.307248 action (0.03)
-1 1409737759.972954 effect (169.205353 0.012667)
-1 1409737794.981192 action (0.04)
-1 1409737811.786098 effect (-158.240821 0.056059)
-1 1409737848.080918 action (0.05)
-1 1409737864.198370 effect (-141.448132 0.044746)
-1 1409737922.300440 action (-0.05)
-1 1409737940.166564 effect (7.048933 0.061115)
-1 1409737978.305951 action (-0.04)
-1 1409737997.567372 effect (27.328981 0.076098)
-1 1409738037.586674 action (-0.03)
-1 1409738056.608979 effect (44.621055 0.07615)
-1 1409738097.588017 action (-0.02)
-1 1409738120.256532 effect (151.318078 0.021083)
-1 1409738160.850024 action (-0.01)
-1 1409738181.638541 effect (168.397401 0.028505)
-1 1409738222.592727 action (0.0)
-1 1409738245.437062 effect (114.558038 0.019091)
-1 1409738287.041451 action (0.01)
-1 1409738309.918471 effect (-177.004264 0.065392)
-1 1409738354.118183 action (0.02)
-1 1409738378.825800 effect (-179.328703 0.10647)
-1 1409738422.104072 action (0.03)
-1 1409738445.630160 effect (-162.699531 0.068087)
-1 1409738490.038997 action (0.04)
-1 1409738514.856437 effect (138.90942 0.541131)
-1 1409738559.996703 action (0.05)
-1 1409738591.929749 effect (-46.764804 0.393934)
