-1 1409847536.332196 action (-0.05)
-1 1409847543.827170 effect (35.052389 3.278315)
-1 1409847552.520597 action (-0.04)
-1 1409847557.380892 effect (4.300985 0.20537)
-1 1409847567.363225 action (-0.03)
-1 1409847573.563290 effect (41.326901 0.044037)
-1 1409847585.065499 action (-0.02)
-1 1409847591.014236 effect (43.882215 0.081025)
-1 1409847605.323549 action (-0.01)
-1 1409847613.451237 effect (-179.463973 0.01019)
-1 1409847626.020316 action (0.0)
-1 1409847634.142978 effect (-107.827602 0.013212)
-1 1409847648.343893 action (0.01)
-1 1409847654.386495 effect (92.969965 0.030168)
-1 1409847664.739693 action (0.02)
-1 1409847670.751559 effect (-90.889095 0.006859)
-1 1409847678.369676 action (0.03)
-1 1409847685.476171 effect (-92.754535 0.023437)
-1 1409847693.208782 action (0.04)
-1 1409847699.233581 effect (-152.247477 0.012471)
-1 1409847708.818132 action (0.05)
-1 1409847714.234256 effect (-93.922412 0.048267)
-1 1409847729.149932 action (-0.05)
-1 1409847734.414642 effect (-0.013316 0.189616)
-1 1409847743.659891 action (-0.04)
-1 1409847749.611767 effect (3.206981 0.198019)
-1 1409847759.772569 action (-0.03)
-1 1409847765.916992 effect (18.566344 0.265918)
-1 1409847775.295049 action (-0.02)
-1 1409847781.484376 effect (134.016178 0.138539)
-1 1409847796.262923 action (-0.01)
-1 1409847803.388479 effect (134.970495 0.023947)
-1 1409847816.617289 action (0.0)
-1 1409847822.636016 effect (-12.064599 0.020555)
-1 1409847836.917072 action (0.01)
-1 1409847845.108270 effect (-166.010862 0.024474)
-1 1409847855.771268 action (0.02)
-1 1409847862.915471 effect (-109.203945 0.032089)
-1 1409847872.236302 action (0.03)
-1 1409847879.349607 effect (-44.256462 0.16068)
-1 1409847887.677222 action (0.04)
-1 1409847893.879430 effect (171.358623 0.006499)
-1 1409847903.252331 action (0.05)
-1 1409847908.701163 effect (-99.262504 0.044928)
-1 1409847922.837656 action (-0.05)
-1 1409847930.178077 effect (13.101668 0.189766)
-1 1409847939.590896 action (-0.04)
-1 1409847944.539032 effect (3.636196 0.20315)
-1 1409847953.958852 action (-0.03)
-1 1409847958.908181 effect (12.184583 0.208397)
-1 1409847969.431226 action (-0.02)
-1 1409847975.157066 effect (79.952737 0.038211)
-1 1409847989.146812 action (-0.01)
-1 1409847996.285518 effect (60.258894 0.01443)
-1 1409848009.864944 action (0.0)
-1 1409848017.068274 effect (-166.600255 0.013585)
-1 1409848030.886903 action (0.01)
-1 1409848038.101628 effect (116.3219 0.006633)
-1 1409848047.692121 action (0.02)
-1 1409848053.714093 effect (-133.304177 0.031128)
-1 1409848062.744806 action (0.03)
-1 1409848068.778782 effect (-45.045841 0.076173)
-1 1409848077.216530 action (0.04)
-1 1409848083.758288 effect (-50.425813 0.00552)
-1 1409848092.050495 action (0.05)
-1 1409848097.561456 effect (-1.772927 0.01038)
-1 1409848113.278727 action (-0.05)
-1 1409848120.829102 effect (138.57047 0.148795)
-1 1409848130.710825 action (-0.04)
-1 1409848137.869316 effect (4.500173 0.195875)
-1 1409848146.390906 action (-0.03)
-1 1409848152.628509 effect (50.058595 0.050388)
-1 1409848165.258863 action (-0.02)
-1 1409848171.283667 effect (43.93741 0.080853)
-1 1409848183.573502 action (-0.01)
-1 1409848191.703227 effect (-89.200957 0.004962)
-1 1409848203.953252 action (0.0)
-1 1409848209.979187 effect (-147.406709 0.007445)
-1 1409848222.397217 action (0.01)
-1 1409848228.292921 effect (-147.464235 0.012332)
-1 1409848238.023749 action (0.02)
-1 1409848245.181000 effect (-44.543357 0.195755)
-1 1409848253.036800 action (0.03)
-1 1409848258.551422 effect (-96.680825 0.025853)
-1 1409848266.706373 action (0.04)
-1 1409848272.338881 effect (-55.46272 0.007018)
-1 1409848280.565129 action (0.05)
-1 1409848286.180511 effect (136.346004 0.008791)
-1 1409848302.577721 action (-0.05)
-1 1409848308.532480 effect (5.876115 0.20486)
-1 1409848318.118740 action (-0.04)
-1 1409848324.276246 effect (1.888188 0.19949)
-1 1409848333.830976 action (-0.03)
-1 1409848339.267557 effect (164.777007 0.44619)
-1 1409848347.573250 action (-0.02)
-1 1409848354.987674 effect (50.430638 0.043612)
-1 1409848369.770422 action (-0.01)
-1 1409848375.711969 effect (178.948793 0.005745)
-1 1409848390.731985 action (0.0)
-1 1409848398.866246 effect (86.336992 0.007413)
-1 1409848413.118098 action (0.01)
-1 1409848419.052290 effect (-154.981317 0.014158)
-1 1409848431.129138 action (0.02)
-1 1409848439.260051 effect (51.272198 0.096549)
-1 1409848448.769183 action (0.03)
-1 1409848456.903600 effect (-29.951576 0.143762)
-1 1409848465.322378 action (0.04)
-1 1409848471.442651 effect (-144.211951 0.008666)
-1 1409848479.500922 action (0.05)
-1 1409848484.835921 effect (-136.313996 0.013169)
-1 1409848498.640698 action (-0.05)
-1 1409848503.999558 effect (-119.667345 0.094979)
-1 1409848512.954805 action (-0.04)
-1 1409848517.898163 effect (18.891277 0.268765)
-1 1409848527.496282 action (-0.03)
-1 1409848535.001474 effect (124.885019 0.178383)
-1 1409848549.076001 action (-0.02)
-1 1409848557.219214 effect (44.383958 0.04655)
-1 1409848570.870612 action (-0.01)
-1 1409848577.894716 effect (139.277258 0.013499)
-1 1409848589.919565 action (0.0)
-1 1409848596.040919 effect (-128.749698 5.310738)
-1 1409848603.758164 action (0.01)
-1 1409848609.789364 effect (-147.857641 0.020957)
-1 1409848619.617902 action (0.02)
-1 1409848625.781593 effect (57.932108 0.189959)
-1 1409848634.049524 action (0.03)
-1 1409848639.689918 effect (-86.968983 0.026246)
-1 1409848647.834357 action (0.04)
-1 1409848653.449704 effect (-159.354435 0.003404)
-1 1409848661.658980 action (0.05)
-1 1409848668.398074 effect (61.438066 0.008979)
-1 1409848683.649730 action (-0.05)
-1 1409848688.688822 effect (8.296142 0.189139)
-1 1409848699.733389 action (-0.04)
-1 1409848705.165721 effect (2.830638 0.207375)
-1 1409848713.397628 action (-0.03)
-1 1409848719.613120 effect (58.918796 0.046302)
-1 1409848734.570723 action (-0.02)
-1 1409848741.598825 effect (-0.396453 0.18858)
-1 1409848754.141708 action (-0.01)
-1 1409848761.255325 effect (85.519278 0.010172)
-1 1409848774.810343 action (0.0)
-1 1409848780.968134 effect (-27.467212 0.022728)
-1 1409848796.305399 action (0.01)
-1 1409848803.339214 effect (-14.924946 0.05329)
-1 1409848814.064863 action (0.02)
-1 1409848820.383206 effect (-126.481631 0.0174)
-1 1409848828.253908 action (0.03)
-1 1409848835.770995 effect (-112.187032 0.025279)
-1 1409848843.463996 action (0.04)
-1 1409848849.507656 effect (-154.549197 0.001691)
-1 1409848857.202362 action (0.05)
-1 1409848864.545686 effect (139.411168 0.012028)
-1 1409848878.451310 action (-0.05)
-1 1409848885.623767 effect (7.31663 0.179902)
-1 1409848894.894357 action (-0.04)
-1 1409848900.240602 effect (-3.451662 0.192953)
-1 1409848909.659259 action (-0.03)
-1 1409848915.108553 effect (49.348183 0.046854)
-1 1409848923.855035 action (-0.02)
-1 1409848931.077444 effect (54.378776 0.040341)
-1 1409848945.760495 action (-0.01)
-1 1409848951.870803 effect (177.914576 0.013691)
-1 1409848965.468391 action (0.0)
-1 1409848973.622106 effect (-28.357247 0.033668)
-1 1409848985.415351 action (0.01)
-1 1409848991.467580 effect (23.558004 0.069702)
-1 1409849004.588774 action (0.02)
-1 1409849011.645414 effect (14.062697 0.196446)
-1 1409849020.845468 action (0.03)
-1 1409849026.868214 effect (-128.677581 0.020812)
-1 1409849035.729724 action (0.04)
-1 1409849041.261011 effect (-68.171677 0.018297)
