4631 1410878960.946340 action (-0.05)
4892 1410878966.192924 effect (1.853527 0.096947)
5320 1410878974.815487 action (-0.04)
5635 1410878981.148145 effect (18.131002 0.065683)
6107 1410878990.623595 action (-0.03)
6377 1410878996.054393 effect (30.810888 0.076)
6819 1410879004.951939 action (-0.02)
7078 1410879010.153588 effect (28.133316 0.104935)
7780 1410879024.301971 action (-0.01)
8130 1410879031.340645 effect (-179.009467 0.010352)
8526 1410879039.312552 action (0.0)
8836 1410879045.539241 effect (-112.455663 0.00903)
9595 1410879060.814631 action (0.01)
9944 1410879067.853004 effect (11.983463 0.051909)
10430 1410879077.630551 action (0.02)
10739 1410879083.859632 effect (-150.056804 0.068372)
11181 1410879092.744903 action (0.03)
11460 1410879098.353400 effect (-31.965545 0.13293)
11862 1410879106.442031 action (0.04)
12135 1410879111.939045 effect (-110.64767 0.029342)
12542 1410879120.110232 action (0.05)
12816 1410879125.620582 effect (168.573433 0.003488)
14101 1410879151.436004 action (-0.05)
14408 1410879157.631881 effect (10.605929 0.097901)
14900 1410879167.515263 action (-0.04)
15156 1410879172.668958 effect (14.433905 0.078928)
15591 1410879181.415648 action (-0.03)
15920 1410879188.038159 effect (21.223136 0.09441)
16748 1410879204.674259 action (-0.02)
17052 1410879210.791931 effect (-71.725026 0.322021)
17725 1410879224.326585 action (-0.01)
18075 1410879231.369711 effect (132.885463 0.015212)
18496 1410879239.846870 action (0.0)
18791 1410879245.770324 effect (-87.724159 0.085453)
19273 1410879255.468729 action (0.01)
19567 1410879261.381995 effect (-171.685348 0.109212)
19995 1410879270.007170 action (0.02)
20319 1410879276.518134 effect (176.124551 0.102492)
20805 1410879286.283346 action (0.03)
21114 1410879292.495206 effect (-160.032028 0.079612)
21526 1410879300.789266 action (0.04)
21855 1410879307.396605 effect (-142.016377 0.008794)
22279 1410879315.923669 action (0.05)
22608 1410879322.535019 effect (174.097951 0.046824)
23329 1410879337.048467 action (-0.05)
23594 1410879342.376131 effect (2.847383 0.076525)
24025 1410879351.038855 action (-0.04)
24300 1410879356.567986 effect (32.184838 0.070365)
24713 1410879364.874489 action (-0.03)
25021 1410879371.082062 effect (25.22028 0.087521)
25860 1410879387.957163 action (-0.02)
26259 1410879395.977971 effect (51.471144 0.12715)
26979 1410879410.460063 action (-0.01)
27273 1410879416.363519 effect (134.465302 0.019796)
27677 1410879424.496080 action (0.0)
27951 1410879430.002769 effect (157.92256 0.011272)
28701 1410879445.094938 action (0.01)
29104 1410879453.215423 effect (21.695593 0.031674)
29544 1410879462.059316 action (0.02)
29814 1410879467.478477 effect (173.969186 0.12463)
30269 1410879476.636061 action (0.03)
30544 1410879482.157676 effect (-128.61407 0.027891)
31018 1410879491.676171 action (0.04)
31292 1410879497.202202 effect (-32.424055 0.173669)
31689 1410879505.175310 action (0.05)
31959 1410879510.596416 effect (145.635557 0.016797)
16 1410879527.178443 action (-0.05)
272 1410879532.318039 effect (10.827468 0.079919)
1372 1410879554.435985 action (-0.04)
950 1410879545.941890 effect (27.699662 0.080776)
1372 1410879554.435985 action (-0.03)
1676 1410879560.546213 effect (26.305645 0.085275)
2316 1410879573.421872 action (-0.02)
2609 1410879579.336590 effect (54.900223 0.198003)
3274 1410879592.709784 action (-0.01)
3623 1410879599.732679 effect (-112.381947 0.018034)
4005 1410879607.418529 action (0.0)
4280 1410879612.939475 effect (123.213166 0.006186)
4964 1410879626.692406 action (0.01)
5367 1410879634.809832 effect (114.64728 0.016325)
5857 1410879644.661672 action (0.02)
6206 1410879651.692104 effect (-177.41822 0.136886)
6650 1410879660.623953 action (0.03)
6929 1410879666.231215 effect (-141.648302 0.026761)
7329 1410879674.273867 action (0.04)
7598 1410879679.673465 effect (-104.915057 0.040191)
8062 1410879689.015781 action (0.05)
8337 1410879694.535399 effect (-39.339798 0.183717)
9303 1410879713.973775 action (-0.05)
9569 1410879719.316519 effect (6.41438 0.085108)
9981 1410879727.590440 action (-0.04)
10246 1410879732.918999 effect (16.348151 0.073887)
10713 1410879742.331397 action (-0.03)
11022 1410879748.551794 effect (27.066414 0.082753)
11809 1410879764.388893 action (-0.02)
12108 1410879770.400985 effect (-120.0954 0.275014)
12826 1410879784.839275 action (-0.01)
13175 1410879791.857405 effect (168.737681 0.010554)
13588 1410879800.164292 action (0.0)
13887 1410879806.189787 effect (28.676947 0.030216)
14474 1410879818.000869 action (0.01)
14769 1410879823.926102 effect (28.108586 0.137351)
15460 1410879837.826736 action (0.02)
15755 1410879843.752657 effect (90.004748 0.038088)
16235 1410879853.400717 action (0.03)
16593 1410879860.613400 effect (-51.348491 0.077196)
17005 1410879868.885730 action (0.04)
17279 1410879874.403296 effect (-112.333061 0.036471)
17692 1410879882.709245 action (0.05)
18021 1410879889.334748 effect (-127.763462 0.022633)
19562 1410879920.300718 action (-0.05)
19823 1410879925.547979 effect (10.741186 0.088805)
20248 1410879934.109820 action (-0.04)
20503 1410879939.241742 effect (31.314642 0.066312)
20929 1410879947.802328 action (-0.03)
21193 1410879953.118640 effect (28.69333 0.084003)
21642 1410879962.150853 action (-0.02)
22005 1410879969.453076 effect (21.241956 0.102074)
22774 1410879984.924456 action (-0.01)
23177 1410879993.032982 effect (2.1325 0.035686)
23622 1410880001.989743 action (0.0)
23892 1410880007.411596 effect (24.519115 0.02888)
24372 1410880017.068163 action (0.01)
24676 1410880023.182572 effect (-176.771583 0.095173)
25193 1410880033.589597 action (0.02)
25502 1410880039.808593 effect (-160.333742 0.079463)
25990 1410880049.622265 action (0.03)
26300 1410880055.843200 effect (-177.467683 0.125274)
26705 1410880064.003357 action (0.04)
26980 1410880069.523531 effect (-147.926881 0.01636)
27381 1410880077.609785 action (0.05)
27656 1410880083.124674 effect (169.396486 0.017713)
28300 1410880096.069489 action (-0.05)
28603 1410880102.181615 effect (16.895043 0.062228)
29019 1410880110.556419 action (-0.04)
29273 1410880115.671724 effect (20.418354 0.066603)
29746 1410880125.174494 action (-0.03)
30055 1410880131.390136 effect (26.300169 0.086007)
30707 1410880144.499863 action (-0.02)
31106 1410880152.520338 effect (51.301725 0.18362)
31780 1410880166.092193 action (-0.01)
32138 1410880173.298953 effect (139.492323 0.009035)
32524 1410880181.051479 action (0.0)
60 1410880187.160418 effect (109.41423 0.020483)
766 1410880201.364375 action (0.01)
1061 1410880207.291539 effect (127.589113 0.016971)
1498 1410880216.095523 action (0.02)
1802 1410880222.214741 effect (174.52803 0.147046)
2302 1410880232.258221 action (0.03)
2612 1410880238.489662 effect (-49.943128 0.07888)
3013 1410880246.558777 action (0.04)
3287 1410880252.069020 effect (-169.316497 0.017557)
3691 1410880260.180873 action (0.05)
3965 1410880265.686897 effect (-178.270401 0.062708)
5037 1410880287.256837 action (-0.05)
5303 1410880292.587929 effect (9.429901 0.075988)
5715 1410880300.896948 action (-0.04)
6044 1410880307.514399 effect (18.862542 0.074928)
6471 1410880316.087524 action (-0.03)
6741 1410880321.525871 effect (27.00974 0.088878)
7583 1410880338.443746 action (-0.02)
7926 1410880345.337798 effect (-73.010456 0.333869)
8593 1410880358.745427 action (-0.01)
8887 1410880364.667559 effect (-43.22046 0.14449)
9247 1410880371.906095 action (0.0)
9651 1410880380.028975 effect (168.573433 0.003488)
10329 1410880393.674476 action (0.01)
10728 1410880401.695775 effect (178.189881 0.013871)
11160 1410880410.398038 action (0.02)
11464 1410880416.512825 effect (178.515104 0.070772)
11884 1410880424.973729 action (0.03)
12188 1410880431.082361 effect (-155.05922 0.027129)
12594 1410880439.249913 action (0.04)
12863 1410880444.647251 effect (-141.648302 0.017676)
13336 1410880454.160349 action (0.05)
13611 1410880459.690749 effect (-89.99409 0.105699)
14456 1410880476.665679 action (-0.05)
14721 1410880481.994388 effect (7.321569 0.086006)
15146 1410880490.534782 action (-0.04)
15411 1410880495.867635 effect (13.067851 0.089572)
15818 1410880504.037514 action (-0.03)
16127 1410880510.249308 effect (24.800546 0.082586)
16828 1410880524.340725 action (-0.02)
17227 1410880532.349512 effect (18.622268 0.10944)
17902 1410880545.947166 action (-0.01)
18302 1410880553.975583 effect (139.492323 0.009035)
18741 1410880562.793804 action (0.0)
19046 1410880568.927749 effect (5.974693 0.042013)
19736 1410880582.798496 action (0.01)
20029 1410880588.716328 effect (123.52506 0.018917)
20467 1410880597.508327 action (0.02)
20736 1410880602.922433 effect (179.950748 0.144379)
21186 1410880611.973008 action (0.03)
21460 1410880617.475248 effect (-112.455663 0.036615)
21869 1410880625.698658 action (0.04)
22142 1410880631.196413 effect (-142.016377 0.01775)
22549 1410880639.387452 action (0.05)
22823 1410880644.905358 effect (152.625919 0.015471)
23812 1410880664.776162 action (-0.05)
24018 1410880668.936100 effect (6.52966 0.074155)
24488 1410880678.385963 action (-0.04)
24752 1410880683.705808 effect (26.743938 0.069898)
25162 1410880691.954056 action (-0.03)
25472 1410880698.186532 effect (23.455976 0.087058)
26260 1410880714.024584 action (-0.02)
26609 1410880721.047342 effect (19.936534 0.15479)
27424 1410880737.426626 action (-0.01)
27821 1410880745.428599 effect (-55.702314 0.115762)
28225 1410880753.562550 action (0.0)
28599 1410880761.075322 effect (-178.383922 0.010449)
29299 1410880775.163652 action (0.01)
29653 1410880782.282301 effect (144.14487 0.021484)
30132 1410880791.920281 action (0.02)
30442 1410880798.142930 effect (177.571033 0.079049)
30912 1410880807.596262 action (0.03)
31181 1410880813.009200 effect (-106.289477 0.024478)
31582 1410880821.068373 action (0.04)
31911 1410880827.690165 effect (-101.210607 0.035628)
32377 1410880837.059582 action (0.05)
32656 1410880842.677089 effect (-34.898482 0.169086)
1280 1410880870.667739 action (-0.05)
1650 1410880878.102092 effect (11.768478 0.066671)
2068 1410880886.511480 action (-0.04)
2333 1410880891.828745 effect (19.470858 0.075201)
2917 1410880903.564672 action (-0.03)
3271 1410880910.694318 effect (18.983484 0.09786)
4120 1410880927.768658 action (-0.02)
4486 1410880935.121506 effect (-70.411314 0.31375)
5152 1410880948.540484 action (-0.01)
5448 1410880954.478363 effect (-145.919636 0.012383)
5849 1410880984.679036 action (0.00)
6253 1410880970.676066 effect (123.788909 0.006204)
6949 1410880984.679036 action (0.01)
7252 1410880990.782302 effect (117.136758 0.022699)
7745 1410881000.707408 action (0.02)
8054 1410881006.906717 effect (176.614943 0.119514)
8460 1410881015.072219 action (0.03)
8763 1410881021.177830 effect (-150.496906 0.024115)
9178 1410881029.519602 action (0.04)
9448 1410881034.949328 effect (-155.480885 0.019135)
9850 1410881043.024892 action (0.05)
10124 1410881048.534529 effect (-149.55353 0.020193)
10816 1410881062.441842 action (-0.05)
11082 1410881067.795965 effect (5.47949 0.087647)
11506 1410881076.319702 action (-0.04)
11775 1410881081.732313 effect (24.519115 0.068612)
12182 1410881089.930966 action (-0.03)
12460 1410881095.538882 effect (27.50525 0.086186)
13248 1410881111.406195 action (-0.02)
13597 1410881118.423819 effect (-93.134861 0.317292)
14260 1410881131.754855 action (-0.01)
14663 1410881139.876113 effect (-154.77972 0.015464)
15071 1410881148.092312 action (0.0)
15470 1410881156.129723 effect (-103.608971 0.104461)
16164 1410881170.075851 action (0.01)
16463 1410881176.104671 effect (107.677462 0.022837)
17282 1410881192.567191 action (0.02)
17679 1410881200.572592 effect (131.681631 0.037348)
18111 1410881209.284582 action (0.03)
18381 1410881214.708873 effect (-26.046526 0.15439)
18838 1410881223.908855 action (0.04)
19113 1410881229.417381 effect (-24.119402 0.146982)
19524 1410881237.689685 action (0.05)
19788 1410881243.001702 effect (-127.843189 0.0228)
21998 1410881287.434482 action (-0.05)
22252 1410881292.562650 effect (17.729772 0.063865)
22670 1410881300.966752 action (-0.04)
22936 1410881306.308910 effect (27.562663 0.070418)
23435 1410881316.342199 action (-0.03)
23745 1410881322.576029 effect (24.659991 0.084117)
24527 1410881338.309524 action (-0.02)
24830 1410881344.414172 effect (-66.948277 0.300138)
25490 1410881357.688005 action (-0.01)
25888 1410881365.709956 effect (169.231518 0.014113)
26259 1410881373.165844 action (0.0)
26552 1410881379.068477 effect (99.293651 0.021182)
27235 1410881392.803436 action (0.01)
27528 1410881398.697210 effect (132.885463 0.015212)
27972 1410881407.638603 action (0.02)
28277 1410881413.762014 effect (176.905149 0.135617)
28699 1410881422.261854 action (0.03)
28968 1410881427.687738 effect (-135.497627 0.024407)
29383 1410881436.031003 action (0.04)
29652 1410881441.434062 effect (-132.053799 0.010347)
30059 1410881449.633149 action (0.05)
30323 1410881454.941158 effect (169.066726 0.021183)
31750 1410881483.600603 action (-0.05)
32060 1410881489.843600 effect (9.358354 0.093773)
32481 1410881498.308216 action (-0.04)
32741 1410881503.554047 effect (6.37296 0.106013)
383 1410881511.798854 action (-0.03)
658 1410881517.325877 effect (24.94078 0.07956)
1429 1410881532.849117 action (-0.02)
1827 1410881540.866511 effect (-77.328734 0.46766)
2497 1410881554.325307 action (-0.01)
2794 1410881560.324707 effect (147.142021 0.012211)
3242 1410881569.334931 action (0.0)
3595 1410881576.434782 effect (8.993629 0.036427)
4283 1410881590.290048 action (0.01)
4638 1410881597.417700 effect (123.630166 0.01904)
5195 1410881608.622221 action (0.02)
5553 1410881615.828308 effect (35.643888 0.140043)
5999 1410881624.820817 action (0.03)
6274 1410881630.349557 effect (-144.59525 0.034972)
6727 1410881639.464902 action (0.04)
7002 1410881644.976723 effect (-25.584463 0.157577)
7448 1410881653.954534 action (0.05)
7722 1410881659.459250 effect (-94.177123 0.046461)
8879 1410881682.722014 action (-0.05)
9205 1410881689.283322 effect (19.014097 0.053707)
9673 1410881698.703904 action (-0.04)
9938 1410881704.027409 effect (27.562663 0.070418)
10403 1410881713.389441 action (-0.03)
10674 1410881718.831231 effect (26.268212 0.079755)
11470 1410881734.833112 action (-0.02)
11817 1410881741.838151 effect (28.55216 0.144893)
12527 1410881756.108195 action (-0.01)
12876 1410881763.145769 effect (-88.87635 0.344721)
13228 1410881770.212418 action (0.0)
13507 1410881775.829958 effect (-147.926881 0.01636)
14197 1410881789.723853 action (0.01)
14496 1410881795.734615 effect (120.89955 0.027004)
14927 1410881804.401065 action (0.02)
15232 1410881810.522330 effect (-174.351475 0.114153)
15662 1410881819.160474 action (0.03)
15935 1410881824.664973 effect (-139.500003 0.022893)
16342 1410881832.846796 action (0.04)
16616 1410881838.356168 effect (-113.778313 0.034373)
17026 1410881846.615953 action (0.05)
17295 1410881852.020513 effect (-114.386164 0.025062)