-1 1409930175.058882 action (-0.05)
-1 1409930180.609530 effect (-4.399229 0.1487)
-1 1409930189.791109 action (-0.04)
-1 1409930195.122554 effect (-2.823764 0.160126)
-1 1409930204.046209 action (-0.03)
-1 1409930210.691007 effect (99.468719 0.039508)
-1 1409930220.405796 action (-0.02)
-1 1409930227.615304 effect (102.53934 0.057683)
-1 1409930240.075067 action (-0.01)
-1 1409930246.188855 effect (175.926079 0.058855)
-1 1409930258.892757 action (0.0)
-1 1409930265.020502 effect (-161.847163 0.014023)
-1 1409930276.140963 action (0.01)
-1 1409930282.280241 effect (179.180024 0.075368)
-1 1409930291.285933 action (0.02)
-1 1409930296.936547 effect (169.516916 0.10046)
-1 1409930307.110886 action (0.03)
-1 1409930314.534652 effect (-41.086346 0.093049)
-1 1409930322.781794 action (0.04)
-1 1409930328.817057 effect (-81.788843 0.024817)
-1 1409930337.310696 action (0.05)
-1 1409930342.636104 effect (86.146149 0.004842)
-1 1409930356.356208 action (-0.05)
-1 1409930361.801998 effect (-4.679741 0.152735)
-1 1409930371.707275 action (-0.04)
-1 1409930377.973386 effect (2.710536 0.138696)
-1 1409930389.052800 action (-0.03)
-1 1409930395.177594 effect (34.987709 0.04531)
-1 1409930405.770265 action (-0.02)
-1 1409930413.204233 effect (106.939194 0.055486)
-1 1409930422.788232 action (-0.01)
-1 1409930428.915269 effect (64.522146 0.061206)
-1 1409930441.164986 action (0.0)
-1 1409930448.402890 effect (-150.262243 0.02175)
-1 1409930460.684408 action (0.01)
-1 1409930466.525812 effect (179.476571 0.104649)
-1 1409930475.767149 action (0.02)
-1 1409930482.091241 effect (167.019589 0.109434)
-1 1409930490.948456 action (0.03)
-1 1409930497.673039 effect (-95.682068 0.031471)
-1 1409930506.410512 action (0.04)
-1 1409930513.739369 effect (-133.139389 0.008624)
-1 1409930521.918319 action (0.05)
-1 1409930527.430648 effect (53.169038 0.00101)
-1 1409930544.932326 action (-0.05)
-1 1409930551.713180 effect (-7.580623 0.140726)
-1 1409930561.003717 action (-0.04)
-1 1409930566.344838 effect (2.725474 0.138988)
-1 1409930574.726575 action (-0.03)
-1 1409930581.263616 effect (69.324564 0.056786)
-1 1409930593.938621 action (-0.02)
-1 1409930599.981133 effect (-179.968369 0.050954)
-1 1409930612.634344 action (-0.01)
-1 1409930619.549190 effect (175.102705 0.068854)
-1 1409930632.112833 action (0.0)
-1 1409930638.150698 effect (-132.759046 0.024598)
-1 1409930647.677923 action (0.01)
-1 1409930653.279534 effect (176.087461 0.100196)
-1 1409930662.570917 action (0.02)
-1 1409930668.691028 effect (-158.926972 0.046116)
-1 1409930677.942606 action (0.03)
-1 1409930684.074672 effect (-88.820583 0.034051)
-1 1409930692.933331 action (0.04)
-1 1409930700.263850 effect (-132.015317 0.010035)
-1 1409930708.456790 action (0.05)
-1 1409930713.565995 effect (-150.008856 0.015194)
-1 1409930729.570368 action (-0.05)
-1 1409930733.717025 effect (0.415268 0.151628)
-1 1409930742.841588 action (-0.04)
-1 1409930749.020577 effect (-4.413731 0.154466)
-1 1409930757.846057 action (-0.03)
-1 1409930763.378060 effect (68.036692 0.064735)
-1 1409930772.723947 action (-0.02)
-1 1409930778.076865 effect (104.198417 0.055098)
-1 1409930791.107911 action (-0.01)
-1 1409930797.235239 effect (174.721723 0.062128)
-1 1409930810.030185 action (0.0)
-1 1409930816.148485 effect (-158.407716 0.015754)
-1 1409930830.288135 action (0.01)
-1 1409930837.636055 effect (157.072439 0.059239)
-1 1409930849.297382 action (0.02)
-1 1409930856.529247 effect (171.008876 0.130113)
-1 1409930865.393356 action (0.03)
-1 1409930872.221515 effect (-142.311252 0.035664)
-1 1409930880.608571 action (0.04)
-1 1409930886.742557 effect (-120.925866 0.005887)
-1 1409930894.618665 action (0.05)
-1 1409930900.636148 effect (73.007653 0.012823)
-1 1409930917.173881 action (-0.05)
-1 1409930922.517536 effect (-170.212296 0.131399)
-1 1409930932.712226 action (-0.04)
-1 1409930939.955384 effect (1.452141 0.15667)
-1 1409930948.736175 action (-0.03)
-1 1409930953.979661 effect (93.879736 0.048829)
-1 1409930963.984448 action (-0.02)
-1 1409930969.697641 effect (123.574503 0.069853)
-1 1409930979.329885 action (-0.01)
-1 1409930985.366902 effect (53.15766 0.05752)
-1 1409930997.738154 action (0.0)
-1 1409931004.003738 effect (-126.482934 0.016364)
-1 1409931014.354699 action (0.01)
-1 1409931020.489078 effect (173.532744 0.100378)
-1 1409931029.678129 action (0.02)
-1 1409931035.797729 effect (176.237995 0.093241)
-1 1409931044.749344 action (0.03)
-1 1409931052.067037 effect (-97.014115 0.026204)
-1 1409931060.704576 action (0.04)
-1 1409931067.933649 effect (-87.731923 0.014829)
-1 1409931075.945747 action (0.05)
-1 1409931081.983444 effect (-110.694067 0.007635)
-1 1409931099.682443 action (-0.05)
-1 1409931105.844727 effect (8.223001 0.135786)
-1 1409931115.046476 action (-0.04)
-1 1409931121.198400 effect (2.80808 0.141457)
-1 1409931130.935242 action (-0.03)
-1 1409931137.080067 effect (67.398158 0.053846)
-1 1409931150.035827 action (-0.02)
-1 1409931157.380562 effect (168.32554 0.052545)
-1 1409931169.412795 action (-0.01)
-1 1409931176.717398 effect (164.513518 0.04855)
-1 1409931188.998460 action (0.0)
-1 1409931195.146669 effect (142.833308 0.026137)
-1 1409931206.530820 action (0.01)
-1 1409931213.045357 effect (-178.951201 0.096181)
-1 1409931226.274152 action (0.02)
-1 1409931232.395347 effect (63.088235 0.144343)
-1 1409931242.089654 action (0.03)
-1 1409931247.633130 effect (-32.927261 0.149476)
-1 1409931256.007675 action (0.04)
-1 1409931263.260984 effect (-157.558719 0.010642)
-1 1409931271.248475 action (0.05)
-1 1409931276.567990 effect (119.767992 0.000956)
-1 1409931292.044719 action (-0.05)
-1 1409931297.499128 effect (-13.329025 0.155001)
-1 1409931307.699978 action (-0.04)
-1 1409931313.946224 effect (3.332965 0.162999)
-1 1409931325.682664 action (-0.03)
-1 1409931331.227217 effect (35.996894 0.040995)
-1 1409931343.901999 action (-0.02)
-1 1409931351.112481 effect (-179.642736 0.047085)
-1 1409931363.678861 action (-0.01)
-1 1409931369.910313 effect (-176.731477 0.039816)
-1 1409931382.542774 action (0.0)
-1 1409931388.672302 effect (-177.496333 0.024007)
-1 1409931401.977769 action (0.01)
-1 1409931407.790988 effect (169.204927 0.373516)
-1 1409931417.326402 action (0.02)
-1 1409931422.746317 effect (174.48254 0.087046)
-1 1409931431.360810 action (0.03)
-1 1409931437.526312 effect (-84.438515 0.024173)
-1 1409931447.123074 action (0.04)
-1 1409931453.290580 effect (-50.222105 0.176255)
-1 1409931461.874284 action (0.05)
-1 1409931467.905520 effect (-90.971138 0.008404)
-1 1409931485.070063 action (-0.05)
-1 1409931491.537050 effect (-5.570998 0.139028)
-1 1409931502.334280 action (-0.04)
-1 1409931510.005929 effect (111.906792 1.235589)
-1 1409931518.774811 action (-0.03)
-1 1409931524.119436 effect (-93.225048 0.092188)
-1 1409931536.528974 action (-0.02)
-1 1409931541.969093 effect (-178.450436 0.047361)
-1 1409931554.661825 action (-0.01)
-1 1409931561.882375 effect (173.931606 0.451011)
-1 1409931574.659197 action (0.0)
-1 1409931580.801332 effect (166.793618 0.021121)
-1 1409931592.807227 action (0.01)
-1 1409931600.454476 effect (-179.509334 0.082521)
-1 1409931610.455052 action (0.02)
-1 1409931617.166336 effect (176.237382 0.08166)
-1 1409931625.809226 action (0.03)
-1 1409931631.248642 effect (-97.763417 0.024551)
-1 1409931640.983931 action (0.04)
-1 1409931648.327026 effect (-88.674473 0.113931)
-1 1409931656.494012 action (0.05)
-1 1409931661.818379 effect (-70.369705 0.006526)
-1 1409931677.303494 action (-0.05)
-1 1409931681.825226 effect (4.379063 0.149375)
-1 1409931694.155724 action (-0.04)
-1 1409931699.603300 effect (158.831546 0.065881)
-1 1409931708.288008 action (-0.03)
-1 1409931714.509967 effect (78.001158 0.056795)
-1 1409931727.692971 action (-0.02)
-1 1409931733.820480 effect (169.871838 0.050518)
-1 1409931746.636704 action (-0.01)
-1 1409931752.158636 effect (175.365192 0.058309)
-1 1409931766.783848 action (0.0)
-1 1409931774.018494 effect (-177.15209 0.025699)
-1 1409931786.983509 action (0.01)
-1 1409931793.111240 effect (173.811862 0.708098)
-1 1409931803.157346 action (0.02)
-1 1409931809.394247 effect (174.199111 0.089232)
-1 1409931817.233149 action (0.03)
-1 1409931823.256460 effect (-99.08233 0.019144)
-1 1409931831.722113 action (0.04)
-1 1409931837.049589 effect (-79.626036 0.018222)
-1 1409931845.267620 action (0.05)
-1 1409931850.701255 effect (106.271861 0.007217)
-1 1409931865.255757 action (-0.05)
-1 1409931872.695902 effect (37.584125 4.261521)
-1 1409931885.660568 action (-0.04)
-1 1409931891.004044 effect (1.929712 0.19268)
-1 1409931899.468128 action (-0.03)
-1 1409931905.594789 effect (89.392151 0.038371)
-1 1409931914.475019 action (-0.02)
-1 1409931920.602711 effect (99.712571 0.056036)
-1 1409931932.804867 action (-0.01)
-1 1409931940.027985 effect (-177.725648 0.046452)
-1 1409931952.137426 action (0.0)
-1 1409931958.350414 effect (120.380181 0.025782)
-1 1409931969.217106 action (0.01)
-1 1409931975.360917 effect (173.071871 0.101822)
-1 1409931988.495357 action (0.02)
-1 1409931994.514701 effect (154.118911 0.303298)
-1 1409932003.289629 action (0.03)
-1 1409932009.425894 effect (-96.900701 0.028272)
-1 1409932017.772940 action (0.04)
-1 1409932023.904331 effect (-102.796133 0.027237)
-1 1409932032.176460 action (0.05)
-1 1409932037.719901 effect (124.152954 0.006098)
-1 1409932054.965785 action (-0.05)
-1 1409932060.292250 effect (4.721209 0.144779)
-1 1409932069.818265 action (-0.04)
-1 1409932075.073710 effect (10.36033 0.144867)
-1 1409932083.860765 action (-0.03)
-1 1409932091.082860 effect (76.602549 0.045038)
-1 1409932100.300446 action (-0.02)
-1 1409932106.326722 effect (57.209125 0.058138)
-1 1409932118.752358 action (-0.01)
-1 1409932126.003913 effect (175.345153 0.064599)
-1 1409932138.129519 action (0.0)
-1 1409932144.177538 effect (137.821811 0.027584)
-1 1409932154.879728 action (0.01)
-1 1409932161.112205 effect (174.430477 0.096056)
-1 1409932170.513563 action (0.02)
-1 1409932176.839888 effect (174.44563 0.087196)
-1 1409932185.728105 action (0.03)
-1 1409932191.754595 effect (-112.068058 0.023119)
-1 1409932200.143773 action (0.04)
-1 1409932206.985965 effect (-67.755738 0.016753)
-1 1409932215.303754 action (0.05)
-1 1409932220.749180 effect (-86.469147 0.005733)
-1 1409932235.179224 action (-0.05)
-1 1409932242.413229 effect (-21.932233 0.153627)
-1 1409932255.162471 action (-0.04)
-1 1409932260.532699 effect (0.867529 0.170627)
-1 1409932269.460421 action (-0.03)
-1 1409932275.090680 effect (75.375524 0.054456)
-1 1409932284.451222 action (-0.02)
-1 1409932290.579013 effect (93.524242 0.055367)
-1 1409932303.091330 action (-0.01)
-1 1409932309.208500 effect (167.575468 0.062416)
-1 1409932323.112344 action (0.0)
-1 1409932329.852248 effect (89.835961 0.013869)
-1 1409932341.052381 action (0.01)
-1 1409932347.278671 effect (-162.140706 0.082547)
-1 1409932355.625815 action (0.02)
-1 1409932361.779612 effect (-101.329187 0.029852)
-1 1409932371.990590 action (0.03)
-1 1409932377.595777 effect (-34.765863 0.052081)
-1 1409932385.971043 action (0.04)
-1 1409932392.488018 effect (-104.53143 0.01108)
-1 1409932401.275404 action (0.05)
-1 1409932406.718246 effect (80.637347 0.003606)
-1 1409932424.015730 action (-0.05)
-1 1409932431.298556 effect (-12.675224 0.158093)
-1 1409932443.636909 action (-0.04)
-1 1409932448.983493 effect (65.302642 0.072632)
-1 1409932458.004381 action (-0.03)
-1 1409932463.464261 effect (56.44987 0.048934)
-1 1409932472.770628 action (-0.02)
-1 1409932480.117585 effect (99.144 0.058187)
-1 1409932493.017804 action (-0.01)
-1 1409932500.327324 effect (-178.05781 0.051379)
-1 1409932514.287585 action (0.0)
-1 1409932521.516808 effect (80.086611 0.023226)
-1 1409932534.060224 action (0.01)
-1 1409932540.198049 effect (174.44309 0.046675)
-1 1409932549.256325 action (0.02)
-1 1409932554.663386 effect (-126.714397 0.034351)
-1 1409932563.280147 action (0.03)
-1 1409932570.021238 effect (-88.844324 0.016474)
-1 1409932579.602698 action (0.04)
-1 1409932585.023230 effect (-33.117613 0.175728)
-1 1409932593.499505 action (0.05)
-1 1409932598.743609 effect (4.566716 0.004259)
-1 1409932616.750683 action (-0.05)
-1 1409932622.210597 effect (-4.848261 0.153581)
-1 1409932631.933825 action (-0.04)
-1 1409932637.191079 effect (-3.403926 0.154944)
-1 1409932646.011369 action (-0.03)
-1 1409932653.260754 effect (56.999424 0.048025)
-1 1409932665.567196 action (-0.02)
-1 1409932671.008600 effect (52.14593 0.098283)
-1 1409932680.059478 action (-0.01)
-1 1409932687.283294 effect (61.686132 0.064455)
-1 1409932700.941649 action (0.0)
-1 1409932706.971572 effect (36.009162 0.035828)
-1 1409932716.683698 action (0.01)
-1 1409932723.778459 effect (-175.746866 0.101451)
-1 1409932733.459849 action (0.02)
-1 1409932739.581294 effect (174.997974 0.103031)
-1 1409932749.364330 action (0.03)
-1 1409932755.504227 effect (-25.088737 0.143176)
-1 1409932763.669671 action (0.04)
-1 1409932769.304906 effect (-127.599395 0.015639)
-1 1409932777.995620 action (0.05)
-1 1409932783.316026 effect (59.842573 0.007931)
-1 1409932800.027455 action (-0.05)
-1 1409932805.555602 effect (-17.28497 0.157713)
-1 1409932815.227338 action (-0.04)
-1 1409932820.597169 effect (1.935897 0.16178)
-1 1409932830.648898 action (-0.03)
-1 1409932836.800224 effect (63.628845 0.064195)
-1 1409932851.545861 action (-0.02)
-1 1409932857.658238 effect (168.250503 0.061493)
-1 1409932870.290498 action (-0.01)
-1 1409932876.422155 effect (173.567915 0.051254)
-1 1409932888.691952 action (0.0)
-1 1409932895.925126 effect (-166.788741 0.021551)
-1 1409932905.640082 action (0.01)
-1 1409932913.092463 effect (175.332085 0.114181)
-1 1409932921.885934 action (0.02)
-1 1409932929.303785 effect (-152.933843 0.090951)
-1 1409932937.636119 action (0.03)
-1 1409932943.150671 effect (-88.851463 0.031992)
-1 1409932951.668756 action (0.04)
-1 1409932957.104661 effect (-99.839582 0.029851)
-1 1409932965.004618 action (0.05)
-1 1409932970.356771 effect (-84.647849 0.004148)
