-1 1410352666.103093 action (-0.05)
-1 1410352672.631753 effect (-169.864811 0.155275)
-1 1410352682.157582 action (-0.04)
-1 1410352688.637544 effect (28.783293 0.064885)
-1 1410352698.512025 action (-0.03)
-1 1410352704.741834 effect (39.404892 0.039215)
-1 1410352718.823908 action (-0.02)
-1 1410352724.835334 effect (-125.697418 0.000848)
-1 1410352740.650480 action (-0.01)
-1 1410352747.670707 effect (-10.617055 0.015441)
-1 1410352756.501124 action (0.0)
-1 1410352762.716182 effect (-4.108008 0.03721)
-1 1410352776.772556 action (0.01)
-1 1410352784.693080 effect (32.756335 0.005123)
-1 1410352795.739806 action (0.02)
-1 1410352801.975668 effect (-55.10245 0.047267)
-1 1410352810.140290 action (0.03)
-1 1410352816.768307 effect (-78.434686 0.018667)
-1 1410352824.635630 action (0.04)
-1 1410352830.148086 effect (-109.219867 0.001697)
-1 1410352838.211166 action (0.05)
-1 1410352843.732541 effect (-4.639541 0.011419)
-1 1410352857.387819 action (-0.05)
-1 1410352863.620452 effect (-0.390592 0.100714)
-1 1410352871.971730 action (-0.04)
-1 1410352878.124928 effect (24.63845 0.069724)
-1 1410352886.819608 action (-0.03)
-1 1410352893.048996 effect (51.429231 0.049224)
-1 1410352907.682517 action (-0.02)
-1 1410352914.604237 effect (110.314717 0.017168)
-1 1410352928.560658 action (-0.01)
-1 1410352936.603108 effect (90.424392 0.00849)
-1 1410352944.171607 action (0.0)
-1 1410352950.384883 effect (9.791689 0.012536)
-1 1410352965.618458 action (0.01)
-1 1410352970.834226 effect (-18.761888 0.048913)
-1 1410352978.461749 action (0.02)
-1 1410352983.970428 effect (-74.127388 0.031083)
-1 1410352992.182564 action (0.03)
-1 1410352998.793789 effect (-127.432259 0.013288)
-1 1410353006.772634 action (0.04)
-1 1410353012.295889 effect (-134.512684 0.004951)
-1 1410353021.576315 action (0.05)
-1 1410353028.199554 effect (-96.880168 0.039602)
-1 1410353044.739854 action (-0.05)
-1 1410353050.911424 effect (30.101455 0.043836)
-1 1410353060.731416 action (-0.04)
-1 1410353066.962956 effect (26.480341 0.062366)
-1 1410353076.414489 action (-0.03)
-1 1410353081.937227 effect (73.982503 0.040097)
-1 1410353097.018432 action (-0.02)
-1 1410353104.052843 effect (102.77856 0.016578)
-1 1410353117.999082 action (-0.01)
-1 1410353124.926805 effect (127.60985 0.00462)
-1 1410353133.975878 action (0.0)
-1 1410353140.082132 effect (-24.041829 0.03269)
-1 1410353154.455341 action (0.01)
-1 1410353161.495599 effect (3.152268 0.060901)
-1 1410353170.043706 action (0.02)
-1 1410353175.948603 effect (47.061984 0.08387)
-1 1410353183.963461 action (0.03)
-1 1410353190.675777 effect (-40.006712 0.019156)
-1 1410353198.801275 action (0.04)
-1 1410353204.311053 effect (-160.738567 0.003689)
-1 1410353212.136880 action (0.05)
-1 1410353217.646916 effect (16.596659 0.009817)
-1 1410353231.862568 action (-0.05)
-1 1410353237.435371 effect (127.467627 0.064391)
-1 1410353246.158913 action (-0.04)
-1 1410353251.106381 effect (26.00726 0.071403)
-1 1410353259.661632 action (-0.03)
-1 1410353264.801485 effect (26.14126 0.060667)
-1 1410353277.312774 action (-0.02)
-1 1410353284.327555 effect (34.27063 0.06958)
-1 1410353297.786519 action (-0.01)
-1 1410353305.799258 effect (29.754007 0.010839)
-1 1410353313.469215 action (0.0)
-1 1410353319.596014 effect (167.479496 0.008971)
-1 1410353333.903535 action (0.01)
-1 1410353339.731465 effect (40.354877 0.001912)
-1 1410353347.500144 action (0.02)
-1 1410353353.024313 effect (-140.517159 0.020786)
-1 1410353361.041889 action (0.03)
-1 1410353366.551576 effect (-61.844956 0.015346)
-1 1410353374.695325 action (0.04)
-1 1410353380.304346 effect (167.163804 0.003551)
-1 1410353388.465914 action (0.05)
-1 1410353393.774821 effect (154.413904 0.005853)
-1 1410353407.793625 action (-0.05)
-1 1410353414.019132 effect (18.899296 0.06115)
-1 1410353423.152865 action (-0.04)
-1 1410353428.993654 effect (27.4954 0.074061)
-1 1410353436.949484 action (-0.03)
-1 1410353442.447003 effect (74.40385 0.041464)
-1 1410353456.727285 action (-0.02)
-1 1410353462.662256 effect (147.829557 0.021864)
-1 1410353476.161560 action (-0.01)
-1 1410353484.063492 effect (165.156384 0.007791)
-1 1410353491.878822 action (0.0)
-1 1410353499.188614 effect (-165.406141 0.020384)
-1 1410353513.450602 action (0.01)
-1 1410353520.481855 effect (-93.35106 0.009975)
-1 1410353528.367960 action (0.02)
-1 1410353534.579666 effect (-128.15292 0.026938)
-1 1410353543.545966 action (0.03)
-1 1410353549.749444 effect (-42.299727 0.162081)
-1 1410353559.038752 action (0.04)
-1 1410353564.553011 effect (-94.081596 0.040321)
-1 1410353572.705188 action (0.05)
-1 1410353579.237811 effect (-42.481864 0.004456)
-1 1410353595.742234 action (-0.05)
-1 1410353603.062421 effect (12.95479 0.096515)
-1 1410353612.025283 action (-0.04)
-1 1410353616.856774 effect (30.317411 0.0731)
-1 1410353625.067977 action (-0.03)
-1 1410353630.284438 effect (50.115067 0.042302)
-1 1410353644.129278 action (-0.02)
-1 1410353651.047675 effect (112.363963 0.011301)
-1 1410353666.482501 action (-0.01)
-1 1410353674.494577 effect (60.996453 0.007833)
-1 1410353682.336065 action (0.0)
-1 1410353688.556271 effect (-19.768295 0.014096)
-1 1410353702.714497 action (0.01)
-1 1410353709.628338 effect (-149.396325 0.019937)
-1 1410353719.605291 action (0.02)
-1 1410353725.562719 effect (-126.509511 0.02361)
-1 1410353733.600165 action (0.03)
-1 1410353740.251748 effect (-145.597078 0.019018)
-1 1410353748.495883 action (0.04)
-1 1410353753.894559 effect (-161.908146 0.009805)
-1 1410353762.076208 action (0.05)
-1 1410353767.593018 effect (-137.70346 0.00315)
-1 1410353782.569821 action (-0.05)
-1 1410353788.682393 effect (12.96883 0.058005)
-1 1410353798.039262 action (-0.04)
-1 1410353804.353515 effect (22.986279 0.078505)
-1 1410353813.780821 action (-0.03)
-1 1410353818.997111 effect (134.440845 0.053553)
-1 1410353833.601023 action (-0.02)
-1 1410353839.542321 effect (179.353977 0.027519)
-1 1410353853.390330 action (-0.01)
-1 1410353861.322255 effect (127.571666 0.009398)
-1 1410353876.094524 action (0.0)
-1 1410353882.010763 effect (-46.470565 0.010169)
-1 1410353891.699657 action (0.01)
-1 1410353899.123953 effect (35.424754 0.082478)
-1 1410353915.255805 action (0.02)
-1 1410353921.171375 effect (2.47154 0.065405)
-1 1410353928.557042 action (0.03)
-1 1410353934.698198 effect (-97.000289 0.008359)
-1 1410353942.673461 action (0.04)
-1 1410353949.288894 effect (-118.74816 0.006838)
-1 1410353957.143285 action (0.05)
-1 1410353963.655694 effect (-79.728333 0.004849)
-1 1410353979.570262 action (-0.05)
-1 1410353984.708844 effect (18.927484 0.042242)
-1 1410353994.041608 action (-0.04)
-1 1410354001.153789 effect (26.216218 0.070832)
-1 1410354011.273260 action (-0.03)
-1 1410354018.601173 effect (61.338539 0.050601)
-1 1410354032.952276 action (-0.02)
-1 1410354041.090655 effect (116.4757 0.017931)
-1 1410354054.940018 action (-0.01)
-1 1410354062.158465 effect (99.529283 0.016822)
-1 1410354070.993984 action (0.0)
-1 1410354079.115854 effect (-20.43453 0.018706)
-1 1410354092.949171 action (0.01)
-1 1410354098.989464 effect (6.7098 0.055244)
-1 1410354114.453722 action (0.02)
-1 1410354120.475002 effect (-6.740937 0.048406)
-1 1410354128.387192 action (0.03)
-1 1410354135.526819 effect (-132.27687 0.007661)
-1 1410354143.191175 action (0.04)
-1 1410354150.211967 effect (-125.384589 0.004904)
-1 1410354158.503935 action (0.05)
-1 1410354163.810004 effect (-68.08408 0.00045)
-1 1410354180.811609 action (-0.05)
-1 1410354185.969486 effect (30.92586 0.035957)
-1 1410354194.840873 action (-0.04)
-1 1410354201.104746 effect (27.719841 0.068375)
-1 1410354212.060715 action (-0.03)
-1 1410354218.102117 effect (52.462932 0.039328)
-1 1410354232.194060 action (-0.02)
-1 1410354238.099705 effect (119.050351 0.021093)
-1 1410354250.340967 action (-0.01)
-1 1410354256.257895 effect (24.527248 0.011283)
-1 1410354264.766960 action (0.0)
-1 1410354271.902362 effect (4.776459 0.004194)
-1 1410354286.364949 action (0.01)
-1 1410354294.489806 effect (-74.245702 0.013857)
-1 1410354306.685361 action (0.02)
-1 1410354312.768843 effect (49.766108 0.102111)
-1 1410354320.852764 action (0.03)
-1 1410354326.877444 effect (-146.679915 0.016838)
-1 1410354335.324584 action (0.04)
-1 1410354341.546146 effect (172.122502 0.010142)
-1 1410354350.975223 action (0.05)
-1 1410354357.482745 effect (-76.572164 0.046047)
-1 1410354371.657186 action (-0.05)
-1 1410354377.706086 effect (17.723623 0.049574)
-1 1410354387.751974 action (-0.04)
-1 1410354395.195996 effect (22.437519 0.071628)
-1 1410354403.858088 action (-0.03)
-1 1410354409.089219 effect (34.508406 0.058698)
-1 1410354423.496169 action (-0.02)
-1 1410354430.528308 effect (-162.358105 0.006547)
-1 1410354445.268019 action (-0.01)
-1 1410354452.229763 effect (-134.746748 0.008997)
-1 1410354460.906081 action (0.0)
-1 1410354466.213269 effect (25.424966 0.022355)
-1 1410354480.396263 action (0.01)
-1 1410354486.296870 effect (-5.806045 0.055211)
-1 1410354497.346576 action (0.02)
-1 1410354503.258581 effect (36.526702 0.079918)
-1 1410354511.599193 action (0.03)
-1 1410354516.923832 effect (-62.926914 0.016058)
-1 1410354524.890297 action (0.04)
-1 1410354530.498249 effect (-124.663343 0.004838)
-1 1410354539.949290 action (0.05)
-1 1410354545.256880 effect (-39.119659 0.325388)
-1 1410354559.251157 action (-0.05)
-1 1410354565.488534 effect (21.913521 0.037822)
-1 1410354574.002824 action (-0.04)
-1 1410354580.203635 effect (30.752415 0.074996)
-1 1410354591.409894 action (-0.03)
-1 1410354598.620967 effect (71.936939 0.045663)
-1 1410354612.674658 action (-0.02)
-1 1410354619.580219 effect (111.857546 0.018461)
-1 1410354633.520130 action (-0.01)
-1 1410354641.652650 effect (-178.113594 0.016461)
-1 1410354649.225596 action (0.0)
-1 1410354655.943369 effect (2.276275 0.014367)
-1 1410354670.019755 action (0.01)
-1 1410354677.029234 effect (12.851991 0.01069)
-1 1410354690.298553 action (0.02)
-1 1410354697.344948 effect (-132.334058 0.026157)
-1 1410354705.943239 action (0.03)
-1 1410354711.355783 effect (-41.235461 0.15317)
-1 1410354719.642503 action (0.04)
-1 1410354726.357934 effect (-159.446181 0.01279)
-1 1410354734.504223 action (0.05)
-1 1410354739.894893 effect (-118.246757 0.005137)
-1 1410354755.151491 action (-0.05)
-1 1410354761.244988 effect (19.683597 0.066905)
-1 1410354770.443903 action (-0.04)
-1 1410354777.874354 effect (30.854864 0.03808)
-1 1410354786.988631 action (-0.03)
-1 1410354794.403294 effect (48.066736 0.039451)
-1 1410354809.938535 action (-0.02)
-1 1410354815.957850 effect (156.883022 0.01478)
-1 1410354829.767812 action (-0.01)
-1 1410354835.681636 effect (139.201154 0.004267)
-1 1410354848.722176 action (0.0)
-1 1410354854.620605 effect (4.227236 0.016834)
-1 1410354864.637230 action (0.01)
-1 1410354871.858879 effect (42.218193 0.097706)
-1 1410354882.257485 action (0.02)
-1 1410354888.192029 effect (-113.159227 0.028252)
-1 1410354896.360679 action (0.03)
-1 1410354901.875479 effect (-114.684436 0.014613)
-1 1410354910.101217 action (0.04)
-1 1410354915.541143 effect (-81.771417 0.007854)
-1 1410354923.756240 action (0.05)
-1 1410354929.262261 effect (-162.260511 0.006356)
-1 1410354943.127643 action (-0.05)
-1 1410354948.488740 effect (23.763089 0.039216)
-1 1410354957.126983 action (-0.04)
-1 1410354963.566279 effect (28.226588 0.051291)
-1 1410354973.222912 action (-0.03)
-1 1410354978.153813 effect (61.459781 0.044022)
-1 1410354993.464598 action (-0.02)
-1 1410354999.397689 effect (102.520139 0.015636)
-1 1410355012.899503 action (-0.01)
-1 1410355018.815162 effect (75.485412 0.016107)
-1 1410355027.579043 action (0.0)
-1 1410355033.775082 effect (-23.359552 0.028187)
-1 1410355047.829277 action (0.01)
-1 1410355054.875296 effect (66.917463 0.009802)
-1 1410355067.150953 action (0.02)
-1 1410355074.183634 effect (31.09591 0.160624)
-1 1410355083.884110 action (0.03)
-1 1410355089.396740 effect (-30.194922 0.131916)
-1 1410355097.457442 action (0.04)
-1 1410355102.858019 effect (-167.484612 0.00548)
-1 1410355110.987566 action (0.05)
-1 1410355116.523465 effect (136.249094 0.004431)
-1 1410355130.622866 action (-0.05)
-1 1410355135.764034 effect (-164.734709 0.157181)
-1 1410355144.607631 action (-0.04)
-1 1410355150.729704 effect (26.481784 0.070834)
-1 1410355159.242308 action (-0.03)
-1 1410355164.469931 effect (34.867523 0.05276)
-1 1410355176.574196 action (-0.02)
-1 1410355182.521562 effect (-50.98131 0.37893)
-1 1410355196.303525 action (-0.01)
-1 1410355202.230120 effect (152.505742 0.005613)
-1 1410355216.879624 action (0.0)
-1 1410355224.902876 effect (149.632691 0.007649)
-1 1410355239.157722 action (0.01)
-1 1410355246.081722 effect (-35.489854 0.01359)
-1 1410355253.971173 action (0.02)
-1 1410355260.200470 effect (-106.826763 0.024098)
-1 1410355268.534004 action (0.03)
-1 1410355274.051753 effect (-128.28314 0.016995)
-1 1410355281.857653 action (0.04)
-1 1410355287.474131 effect (-175.558408 0.012998)
-1 1410355295.907971 action (0.05)
-1 1410355301.426176 effect (136.525406 0.003673)
-1 1410355316.785629 action (-0.05)
-1 1410355321.990394 effect (-167.852772 0.155578)
-1 1410355331.329158 action (-0.04)
-1 1410355336.711841 effect (33.406 0.046867)
-1 1410355345.292517 action (-0.03)
-1 1410355351.470936 effect (65.546489 0.040391)
-1 1410355367.013462 action (-0.02)
-1 1410355375.017597 effect (104.794392 0.012679)
-1 1410355388.845616 action (-0.01)
-1 1410355395.868383 effect (-104.1882 0.005703)
-1 1410355404.703763 action (0.0)
-1 1410355410.812953 effect (-0.968892 0.013616)
-1 1410355424.571953 action (0.01)
-1 1410355432.581502 effect (-5.6859 0.052841)
-1 1410355443.768502 action (0.02)
-1 1410355450.014615 effect (37.072837 0.084868)
-1 1410355457.999853 action (0.03)
-1 1410355463.407654 effect (-70.047864 0.02071)
-1 1410355472.717714 action (0.04)
-1 1410355478.242508 effect (-30.43663 0.141187)
-1 1410355487.303312 action (0.05)
-1 1410355492.725743 effect (-75.988315 0.043482)
