-1 1410082828.086671 action (-0.05)
-1 1410082833.023295 effect (5.501518 0.067999)
-1 1410082844.578934 action (-0.04)
-1 1410082850.962263 effect (22.077817 0.057781)
-1 1410082862.512582 action (-0.03)
-1 1410082868.554751 effect (97.190343 0.045029)
-1 1410082884.012672 action (-0.02)
-1 1410082890.130811 effect (98.606395 0.045603)
-1 1410082903.812954 action (-0.01)
-1 1410082909.992476 effect (90.16679 0.010082)
-1 1410082919.791046 action (0.0)
-1 1410082925.728219 effect (-30.56003 0.006911)
-1 1410082939.664523 action (0.01)
-1 1410082945.799879 effect (-171.869472 0.004149)
-1 1410082959.522900 action (0.02)
-1 1410082966.138237 effect (154.208282 0.027352)
-1 1410082979.706259 action (0.03)
-1 1410082985.846166 effect (-26.33322 0.194978)
-1 1410082998.525652 action (0.04)
-1 1410083004.865323 effect (-14.719697 0.157053)
-1 1410083017.402876 action (0.05)
-1 1410083023.552782 effect (-20.468624 0.178148)
-1 1410083037.592920 action (-0.05)
-1 1410083043.933782 effect (142.126139 0.049106)
-1 1410083054.757250 action (-0.04)
-1 1410083060.918565 effect (20.553749 0.063267)
-1 1410083071.416214 action (-0.03)
-1 1410083077.371920 effect (66.415141 0.040569)
-1 1410083090.288907 action (-0.02)
-1 1410083096.316531 effect (87.974347 0.048775)
-1 1410083110.267851 action (-0.01)
-1 1410083116.902847 effect (75.462843 0.021789)
-1 1410083126.523133 action (0.0)
-1 1410083132.783401 effect (66.380494 0.018648)
-1 1410083147.730968 action (0.01)
-1 1410083154.159520 effect (69.775987 0.020093)
-1 1410083168.244391 action (0.02)
-1 1410083174.682042 effect (-160.625239 0.073955)
-1 1410083190.656294 action (0.03)
-1 1410083196.801541 effect (-29.999074 0.132838)
-1 1410083209.182837 action (0.04)
-1 1410083215.226278 effect (-22.009202 0.173195)
-1 1410083227.307641 action (0.05)
-1 1410083233.555976 effect (-17.075064 0.16251)
-1 1410083249.310600 action (-0.05)
-1 1410083256.012154 effect (6.301116 0.048)
-1 1410083268.795734 action (-0.04)
-1 1410083275.556571 effect (38.250914 0.021962)
-1 1410083286.952613 action (-0.03)
-1 1410083293.450378 effect (64.562806 0.041351)
-1 1410083308.735824 action (-0.02)
-1 1410083315.252139 effect (107.872421 0.002508)
-1 1410083330.274293 action (-0.01)
-1 1410083336.949949 effect (67.704704 0.007228)
-1 1410083346.228715 action (0.0)
-1 1410083352.394659 effect (51.833777 0.005105)
-1 1410083365.911777 action (0.01)
-1 1410083372.445548 effect (66.137382 0.018407)
-1 1410083388.636141 action (0.02)
-1 1410083394.674354 effect (-24.733532 0.129468)
-1 1410083408.764324 action (0.03)
-1 1410083415.204468 effect (168.117583 0.046088)
-1 1410083427.447402 action (0.04)
-1 1410083433.593708 effect (-22.02423 0.175116)
-1 1410083445.574322 action (0.05)
-1 1410083451.592490 effect (-21.648018 0.178774)
-1 1410083469.799381 action (-0.05)
-1 1410083476.541841 effect (161.717359 0.089865)
-1 1410083488.631061 action (-0.04)
-1 1410083494.693721 effect (22.238108 0.043741)
-1 1410083504.565017 action (-0.03)
-1 1410083510.723264 effect (65.445835 0.041692)
-1 1410083524.303195 action (-0.02)
-1 1410083530.172790 effect (99.985388 0.055606)
-1 1410083543.460904 action (-0.01)
-1 1410083549.485506 effect (-67.922604 0.005823)
-1 1410083558.975668 action (0.0)
-1 1410083565.016789 effect (-67.355385 0.00711)
-1 1410083581.082683 action (0.01)
-1 1410083586.917925 effect (177.881923 0.155166)
-1 1410083601.202633 action (0.02)
-1 1410083607.525401 effect (146.927993 0.026721)
-1 1410083622.894367 action (0.03)
-1 1410083629.223589 effect (-29.478176 0.134222)
-1 1410083641.688988 action (0.04)
-1 1410083647.939100 effect (-20.042536 0.170715)
-1 1410083660.132538 action (0.05)
-1 1410083666.190380 effect (-19.186454 0.182894)
-1 1410083680.854403 action (-0.05)
-1 1410083686.915949 effect (11.298737 0.069152)
-1 1410083696.920779 action (-0.04)
-1 1410083702.867614 effect (24.880596 0.046495)
-1 1410083713.574328 action (-0.03)
-1 1410083719.507607 effect (56.64704 0.037022)
-1 1410083733.405597 action (-0.02)
-1 1410083739.234127 effect (-104.853924 0.010987)
-1 1410083752.483791 action (-0.01)
-1 1410083758.526729 effect (61.144909 0.013217)
-1 1410083768.534285 action (0.0)
-1 1410083774.665008 effect (-125.230667 0.004139)
-1 1410083788.946508 action (0.01)
-1 1410083795.270633 effect (65.686462 0.018473)
-1 1410083809.004676 action (0.02)
-1 1410083815.152109 effect (-167.402093 0.080042)
-1 1410083831.018621 action (0.03)
-1 1410083837.087090 effect (-8.662607 0.135588)
-1 1410083849.494800 action (0.04)
-1 1410083855.635095 effect (-21.398672 0.179189)
-1 1410083867.956451 action (0.05)
-1 1410083873.484465 effect (-7.915003 0.171841)
-1 1410083888.090132 action (-0.05)
-1 1410083894.013999 effect (129.49754 0.072034)
-1 1410083904.532350 action (-0.04)
-1 1410083910.483533 effect (23.098783 0.069819)
-1 1410083921.293753 action (-0.03)
-1 1410083927.338735 effect (73.173566 0.037887)
-1 1410083940.869206 action (-0.02)
-1 1410083946.920008 effect (152.98213 0.01082)
-1 1410083960.427656 action (-0.01)
-1 1410083966.655433 effect (-26.555292 0.007783)
-1 1410083975.809905 action (0.0)
-1 1410083982.254949 effect (46.531052 0.000605)
-1 1410083998.314393 action (0.01)
-1 1410084004.262089 effect (21.166803 0.051999)
-1 1410084018.652210 action (0.02)
-1 1410084025.092049 effect (167.773717 0.067084)
-1 1410084037.934946 action (0.03)
-1 1410084044.282871 effect (-21.037359 0.131012)
-1 1410084056.756822 action (0.04)
-1 1410084062.458757 effect (-19.529306 0.185105)
-1 1410084074.600939 action (0.05)
-1 1410084080.730754 effect (-19.374268 0.167897)
-1 1410084095.348114 action (-0.05)
-1 1410084101.631156 effect (141.147932 0.045354)
-1 1410084111.651214 action (-0.04)
-1 1410084117.593386 effect (18.707322 0.072418)
-1 1410084128.118949 action (-0.03)
-1 1410084133.874258 effect (66.914769 0.046011)
-1 1410084143.742563 action (-0.02)
-1 1410084150.062441 effect (94.703138 0.027133)
-1 1410084163.311161 action (-0.01)
-1 1410084169.446149 effect (58.910285 0.00689)
-1 1410084179.114356 action (0.0)
-1 1410084185.258106 effect (18.933952 0.007711)
-1 1410084199.175399 action (0.01)
-1 1410084204.882534 effect (50.339657 0.025409)
-1 1410084218.384455 action (0.02)
-1 1410084224.832813 effect (-171.120907 0.042999)
-1 1410084240.449461 action (0.03)
-1 1410084245.568628 effect (-21.680807 0.120875)
-1 1410084258.075134 action (0.04)
-1 1410084264.795242 effect (-15.439928 0.151137)
-1 1410084278.153045 action (0.05)
-1 1410084284.684101 effect (-9.511836 0.162653)
-1 1410084300.109052 action (-0.05)
-1 1410084305.188224 effect (77.137588 0.031267)
-1 1410084316.500149 action (-0.04)
-1 1410084323.075309 effect (80.775293 0.017794)
-1 1410084335.746153 action (-0.03)
-1 1410084342.101425 effect (68.470854 0.037531)
-1 1410084356.999236 action (-0.02)
-1 1410084363.569363 effect (96.772294 0.050188)
-1 1410084378.619565 action (-0.01)
-1 1410084385.113696 effect (-64.171331 0.001718)
-1 1410084396.006265 action (0.0)
-1 1410084402.407104 effect (43.411679 0.009648)
-1 1410084417.128860 action (0.01)
-1 1410084423.751313 effect (89.906927 0.013153)
-1 1410084438.538818 action (0.02)
-1 1410084443.844683 effect (169.335307 0.027305)
-1 1410084460.097222 action (0.03)
-1 1410084465.387859 effect (-13.195334 0.135728)
-1 1410084478.562471 action (0.04)
-1 1410084484.647646 effect (-13.902872 0.156508)
-1 1410084497.707836 action (0.05)
-1 1410084503.145028 effect (-11.587165 0.153662)
-1 1410084521.552450 action (-0.05)
-1 1410084527.500953 effect (17.193282 0.076522)
-1 1410084537.968540 action (-0.04)
-1 1410084543.964227 effect (17.733968 0.065943)
-1 1410084553.784639 action (-0.03)
-1 1410084559.829870 effect (39.826353 0.039173)
-1 1410084573.470604 action (-0.02)
-1 1410084579.835281 effect (87.871865 0.052988)
-1 1410084593.432631 action (-0.01)
-1 1410084600.702849 effect (84.283291 0.007325)
-1 1410084610.498643 action (0.0)
-1 1410084616.627309 effect (128.360032 0.014311)
-1 1410084630.775665 action (0.01)
-1 1410084636.839242 effect (66.43225 0.022547)
-1 1410084650.769653 action (0.02)
-1 1410084657.010796 effect (163.051781 0.070817)
-1 1410084672.862188 action (0.03)
-1 1410084677.893408 effect (-19.934312 0.142475)
-1 1410084689.977154 action (0.04)
-1 1410084695.890785 effect (-21.140169 0.183357)
-1 1410084708.622067 action (0.05)
-1 1410084715.007813 effect (-4.439417 0.172783)
-1 1410084729.370206 action (-0.05)
-1 1410084735.709050 effect (18.961063 0.021475)
-1 1410084745.995390 action (-0.04)
-1 1410084752.059192 effect (4.890158 0.082647)
-1 1410084761.895625 action (-0.03)
-1 1410084767.945971 effect (58.920368 0.043557)
-1 1410084780.687586 action (-0.02)
-1 1410084787.005367 effect (96.421192 0.052247)
-1 1410084801.362600 action (-0.01)
-1 1410084807.720639 effect (21.313728 0.005225)
-1 1410084817.559202 action (0.0)
-1 1410084823.818775 effect (-122.255028 0.005213)
-1 1410084837.769392 action (0.01)
-1 1410084843.826733 effect (65.181721 0.015736)
-1 1410084857.403231 action (0.02)
-1 1410084863.471999 effect (-168.80565 0.051868)
-1 1410084877.545351 action (0.03)
-1 1410084883.540619 effect (163.240003 0.073927)
-1 1410084896.109567 action (0.04)
-1 1410084900.944605 effect (-19.787454 0.165918)
-1 1410084913.091382 action (0.05)
-1 1410084919.007966 effect (-16.916261 0.176987)
