-1 1410269000.193574 action (-0.05)
-1 1410269007.154046 effect (-1.644569 0.008849)
-1 1410269028.407818 action (-0.04)
-1 1410269035.282118 effect (35.803828 0.100975)
-1 1410269056.178995 action (-0.03)
-1 1410269063.247998 effect (-14.373568 0.108229)
-1 1410269084.456928 action (-0.02)
-1 1410269091.777085 effect (92.858432 0.052765)
-1 1410269113.356990 action (-0.01)
-1 1410269122.053959 effect (0.879453 0.211971)
-1 1410269143.893955 action (0.0)
-1 1410269151.581664 effect (17.370035 0.174455)
-1 1410269173.213298 action (0.01)
-1 1410269180.995378 effect (-14.993874 0.06772)
-1 1410269202.111216 action (0.02)
-1 1410269209.775611 effect (6.368218 0.055647)
-1 1410269230.611139 action (0.03)
-1 1410269237.363662 effect (-73.371289 0.016334)
-1 1410269257.748377 action (0.04)
-1 1410269265.085873 effect (35.175153 0.018842)
-1 1410269286.087930 action (0.05)
-1 1410269293.245704 effect (128.943153 0.008749)
-1 1410269316.090800 action (-0.05)
-1 1410269323.318371 effect (-35.731017 0.118017)
-1 1410269345.793264 action (-0.04)
-1 1410269352.774274 effect (-11.688229 0.193138)
-1 1410269373.752985 action (-0.03)
-1 1410269381.232521 effect (-15.504766 0.172617)
-1 1410269401.940872 action (-0.02)
-1 1410269408.695221 effect (-18.251267 0.036742)
-1 1410269430.964802 action (-0.01)
-1 1410269438.213472 effect (0.450128 0.014493)
-1 1410269459.160817 action (0.0)
-1 1410269466.265948 effect (-15.531091 0.144595)
-1 1410269486.972628 action (0.01)
-1 1410269495.676502 effect (-18.948562 0.056752)
-1 1410269517.963922 action (0.02)
-1 1410269525.863422 effect (-61.074924 0.051449)
-1 1410269546.495324 action (0.03)
-1 1410269553.463304 effect (-11.605365 0.145489)
-1 1410269574.502520 action (0.04)
-1 1410269582.259795 effect (-81.6722 0.028698)
-1 1410269603.609006 action (0.05)
-1 1410269610.577203 effect (-7.427697 0.110218)
-1 1410269633.639429 action (-0.05)
-1 1410269640.915229 effect (-8.403631 0.090721)
-1 1410269661.835217 action (-0.04)
-1 1410269669.097113 effect (153.78887 0.033595)
-1 1410269691.486881 action (-0.03)
-1 1410269698.400999 effect (1.473327 0.21768)
-1 1410269720.053262 action (-0.02)
-1 1410269726.834473 effect (-36.313905 0.114086)
-1 1410269748.081628 action (-0.01)
-1 1410269755.141690 effect (-15.445934 0.142029)
-1 1410269775.784166 action (0.0)
-1 1410269782.868267 effect (141.19457 0.043832)
-1 1410269803.783629 action (0.01)
-1 1410269810.529853 effect (-11.291751 0.059916)
-1 1410269832.607385 action (0.02)
-1 1410269839.675555 effect (6.305738 0.03421)
-1 1410269861.101899 action (0.03)
-1 1410269869.897500 effect (40.953355 0.045744)
-1 1410269892.465835 action (0.04)
-1 1410269899.786940 effect (-26.731982 0.004919)
-1 1410269921.626316 action (0.05)
-1 1410269928.518407 effect (9.524941 0.092623)
-1 1410269952.175934 action (-0.05)
-1 1410269959.410078 effect (13.827671 0.046439)
-1 1410269979.996610 action (-0.04)
-1 1410269987.300514 effect (155.956044 0.03524)
-1 1410270008.291264 action (-0.03)
-1 1410270015.553836 effect (-2.421087 0.188752)
-1 1410270036.407321 action (-0.02)
-1 1410270044.082795 effect (-63.86951 0.033623)
-1 1410270065.225386 action (-0.01)
-1 1410270074.038979 effect (-4.609042 0.193779)
-1 1410270095.756115 action (0.0)
-1 1410270102.361595 effect (-137.744736 0.026696)
-1 1410270123.575353 action (0.01)
-1 1410270130.985130 effect (-132.23452 0.025961)
-1 1410270151.760934 action (0.02)
-1 1410270158.625189 effect (128.359507 0.02783)
-1 1410270179.382965 action (0.03)
-1 1410270186.587745 effect (8.129329 0.03197)
-1 1410270207.556928 action (0.04)
-1 1410270216.155195 effect (164.891018 0.003349)
-1 1410270236.907982 action (0.05)
-1 1410270244.712006 effect (8.72735 0.118535)
-1 1410270267.620674 action (-0.05)
-1 1410270275.900962 effect (21.779666 0.038416)
-1 1410270296.768681 action (-0.04)
-1 1410270303.768366 effect (127.33385 0.030619)
-1 1410270326.171872 action (-0.03)
-1 1410270333.124777 effect (28.098187 0.03428)
-1 1410270354.222233 action (-0.02)
-1 1410270362.763455 effect (10.538012 0.200748)
-1 1410270383.412705 action (-0.01)
-1 1410270391.034608 effect (-30.060591 0.1102)
-1 1410270413.723258 action (0.0)
-1 1410270420.564808 effect (-96.603805 0.001019)
-1 1410270442.493004 action (0.01)
-1 1410270450.049562 effect (-8.475459 0.028752)
-1 1410270470.903859 action (0.02)
-1 1410270479.068354 effect (-29.745243 0.154731)
-1 1410270499.616278 action (0.03)
-1 1410270506.404494 effect (-61.862205 0.011597)
-1 1410270527.874822 action (0.04)
-1 1410270534.970477 effect (21.977802 0.027603)
-1 1410270556.158968 action (0.05)
-1 1410270562.965520 effect (87.812823 0.026909)
