-1 1410357149.270508 action (-0.05)
-1 1410357156.401369 effect (-73.234714 1.421645)
-1 1410357164.940925 action (-0.04)
-1 1410357170.957450 effect (56.835638 0.032444)
-1 1410357179.377518 action (-0.03)
-1 1410357185.593633 effect (31.222216 0.053744)
-1 1410357197.071107 action (-0.02)
-1 1410357204.220841 effect (34.773869 0.074535)
-1 1410357218.755742 action (-0.01)
-1 1410357224.772329 effect (127.589303 0.022248)
-1 1410357232.669850 action (0.0)
-1 1410357240.788419 effect (-7.381062 0.010557)
-1 1410357252.057497 action (0.01)
-1 1410357260.180456 effect (-151.828516 0.066414)
-1 1410357269.523017 action (0.02)
-1 1410357275.446043 effect (-178.00019 0.028919)
-1 1410357283.562970 action (0.03)
-1 1410357289.068289 effect (-79.817854 0.020871)
-1 1410357297.328992 action (0.04)
-1 1410357302.647953 effect (-51.292018 0.005932)
-1 1410357310.805672 action (0.05)
-1 1410357317.126398 effect (-21.598611 0.004304)
-1 1410357336.905388 action (-0.05)
-1 1410357342.968613 effect (12.846134 0.102447)
-1 1410357351.379755 action (-0.04)
-1 1410357356.498041 effect (17.996222 0.076508)
-1 1410357366.117133 action (-0.03)
-1 1410357374.231409 effect (11.02919 0.153071)
-1 1410357385.769827 action (-0.02)
-1 1410357393.896662 effect (46.795731 0.061086)
-1 1410357406.381809 action (-0.01)
-1 1410357412.393262 effect (-178.064823 0.006718)
-1 1410357421.428662 action (0.0)
-1 1410357428.435979 effect (7.474911 0.020848)
-1 1410357440.422123 action (0.01)
-1 1410357446.325154 effect (-153.805043 0.057848)
-1 1410357455.504353 action (0.02)
-1 1410357461.564346 effect (179.800234 0.041127)
-1 1410357470.515206 action (0.03)
-1 1410357475.823368 effect (-42.203052 0.148608)
-1 1410357484.289212 action (0.04)
-1 1410357489.294745 effect (-23.915169 0.014983)
-1 1410357497.470905 action (0.05)
-1 1410357502.978594 effect (169.834994 0.006127)
-1 1410357520.096571 action (-0.05)
-1 1410357526.323076 effect (15.198425 0.037981)
-1 1410357534.735622 action (-0.04)
-1 1410357539.753395 effect (22.466353 0.069148)
-1 1410357548.142438 action (-0.03)
-1 1410357554.169002 effect (63.323475 0.038356)
-1 1410357564.326621 action (-0.02)
-1 1410357570.348054 effect (50.720523 0.054042)
-1 1410357585.732372 action (-0.01)
-1 1410357591.751304 effect (106.190162 0.024063)
-1 1410357603.612242 action (0.0)
-1 1410357609.617944 effect (10.105906 0.014541)
-1 1410357622.196298 action (0.01)
-1 1410357628.231972 effect (50.173113 0.070202)
-1 1410357637.545560 action (0.02)
-1 1410357644.561141 effect (-177.150907 0.044767)
-1 1410357653.322840 action (0.03)
-1 1410357660.445619 effect (-42.559022 0.162853)
-1 1410357668.788187 action (0.04)
-1 1410357673.896039 effect (-36.454393 0.009099)
-1 1410357681.994993 action (0.05)
-1 1410357687.297218 effect (-165.191683 0.00296)
-1 1410357700.280782 action (-0.05)
-1 1410357705.409982 effect (20.655732 0.057732)
-1 1410357714.205635 action (-0.04)
-1 1410357719.249292 effect (20.43038 0.062244)
-1 1410357728.564711 action (-0.03)
-1 1410357734.686111 effect (49.697921 0.041792)
-1 1410357748.538472 action (-0.02)
-1 1410357755.651451 effect (175.88745 0.044241)
-1 1410357769.438934 action (-0.01)
-1 1410357775.487027 effect (110.015919 0.017121)
-1 1410357788.460680 action (0.0)
-1 1410357794.493528 effect (0.60005 0.021342)
-1 1410357804.429769 action (0.01)
-1 1410357810.346739 effect (37.506479 0.083235)
-1 1410357821.897302 action (0.02)
-1 1410357828.023320 effect (32.612942 0.075892)
-1 1410357836.729610 action (0.03)
-1 1410357843.855543 effect (-46.278031 0.155955)
-1 1410357851.493959 action (0.04)
-1 1410357857.715470 effect (-69.942647 0.010436)
-1 1410357865.862646 action (0.05)
-1 1410357872.187060 effect (61.44685 0.002021)
-1 1410357888.516271 action (-0.05)
-1 1410357894.853235 effect (14.917403 0.062493)
-1 1410357903.017385 action (-0.04)
-1 1410357908.178151 effect (30.751159 0.042074)
-1 1410357916.750429 action (-0.03)
-1 1410357922.764550 effect (60.39956 0.035619)
-1 1410357932.822938 action (-0.02)
-1 1410357938.838450 effect (89.796871 0.046852)
-1 1410357951.152387 action (-0.01)
-1 1410357957.172523 effect (115.130588 0.008129)
-1 1410357965.194768 action (0.0)
-1 1410357971.221912 effect (5.262076 0.013854)
-1 1410357986.459698 action (0.01)
-1 1410357992.472399 effect (-16.906607 0.047417)
-1 1410358001.575102 action (0.02)
-1 1410358006.807016 effect (-172.391682 0.041991)
-1 1410358014.367337 action (0.03)
-1 1410358021.802398 effect (-119.916868 0.026189)
-1 1410358029.927652 action (0.04)
-1 1410358035.147500 effect (-145.723518 0.012532)
-1 1410358043.097129 action (0.05)
-1 1410358048.409807 effect (-42.661125 0.00796)
-1 1410358062.808125 action (-0.05)
-1 1410358067.858503 effect (5.245932 0.119675)
-1 1410358076.275439 action (-0.04)
-1 1410358081.317429 effect (24.944191 0.056146)
-1 1410358089.586696 action (-0.03)
-1 1410358096.806733 effect (39.103614 0.042655)
-1 1410358107.116798 action (-0.02)
-1 1410358113.039418 effect (43.388682 0.09547)
-1 1410358126.636595 action (-0.01)
-1 1410358132.649976 effect (125.761716 0.023333)
-1 1410358140.454946 action (0.0)
-1 1410358146.483418 effect (142.659877 0.007771)
-1 1410358160.031343 action (0.01)
-1 1410358166.053782 effect (-6.103158 0.056)
-1 1410358174.849895 action (0.02)
-1 1410358181.968968 effect (-151.421848 0.028837)
-1 1410358190.074873 action (0.03)
-1 1410358197.283574 effect (-107.214973 0.020867)
-1 1410358206.528427 action (0.04)
-1 1410358211.861049 effect (-83.16916 0.05782)
-1 1410358219.869204 action (0.05)
-1 1410358225.198925 effect (10.17798 0.008312)
-1 1410358240.242939 action (-0.05)
-1 1410358245.410443 effect (18.852207 0.042281)
-1 1410358254.177336 action (-0.04)
-1 1410358260.316566 effect (14.217537 0.109036)
-1 1410358269.162344 action (-0.03)
-1 1410358274.176547 effect (27.456458 0.037822)
-1 1410358285.808990 action (-0.02)
-1 1410358291.835484 effect (34.828129 0.075753)
-1 1410358305.329418 action (-0.01)
-1 1410358311.340790 effect (129.039468 0.031375)
-1 1410358324.699295 action (0.0)
-1 1410358330.712878 effect (-25.586723 0.050546)
-1 1410358343.646348 action (0.01)
-1 1410358349.665113 effect (44.942014 0.082241)
-1 1410358358.889441 action (0.02)
-1 1410358364.893271 effect (-153.926117 0.044581)
-1 1410358373.077535 action (0.03)
-1 1410358380.208750 effect (-83.106631 0.027949)
-1 1410358387.960888 action (0.04)
-1 1410358394.105772 effect (-30.030211 0.012406)
-1 1410358401.815418 action (0.05)
-1 1410358407.125370 effect (-24.405527 0.004496)
-1 1410358421.835273 action (-0.05)
-1 1410358425.757885 effect (11.069952 0.048817)
-1 1410358434.803455 action (-0.04)
-1 1410358440.945834 effect (21.636199 0.07176)
-1 1410358450.348667 action (-0.03)
-1 1410358457.792540 effect (47.762502 0.044859)
-1 1410358468.784658 action (-0.02)
-1 1410358475.954399 effect (48.005664 0.058793)
-1 1410358490.393063 action (-0.01)
-1 1410358496.420322 effect (113.42871 0.010243)
-1 1410358504.835287 action (0.0)
-1 1410358511.938576 effect (65.911979 0.009968)
-1 1410358525.969446 action (0.01)
-1 1410358531.989140 effect (-148.190469 0.034449)
-1 1410358540.862181 action (0.02)
-1 1410358547.869689 effect (-179.430156 0.050498)
-1 1410358556.239790 action (0.03)
-1 1410358562.373554 effect (-89.703494 0.025001)
-1 1410358570.971253 action (0.04)
-1 1410358577.245877 effect (-46.974407 0.020837)
-1 1410358586.344992 action (0.05)
-1 1410358591.758845 effect (-79.62271 0.041071)
-1 1410358606.587109 action (-0.05)
-1 1410358612.701082 effect (23.454629 0.064884)
-1 1410358620.914818 action (-0.04)
-1 1410358627.245740 effect (19.733085 0.05195)
-1 1410358635.949443 action (-0.03)
-1 1410358640.982430 effect (23.634918 0.059229)
-1 1410358656.735745 action (-0.02)
-1 1410358663.939526 effect (178.385007 0.061275)
-1 1410358678.851975 action (-0.01)
-1 1410358685.963745 effect (116.708227 0.012997)
-1 1410358693.616400 action (0.0)
-1 1410358700.746770 effect (131.846727 0.00447)
-1 1410358715.624047 action (0.01)
-1 1410358722.741383 effect (-22.497188 0.053027)
-1 1410358731.812014 action (0.02)
-1 1410358737.829100 effect (-144.167199 0.026981)
-1 1410358746.995604 action (0.03)
-1 1410358754.219432 effect (-141.483077 0.027025)
-1 1410358763.098126 action (0.04)
-1 1410358768.412404 effect (-87.028316 0.055345)
-1 1410358776.299501 action (0.05)
-1 1410358781.731717 effect (-24.98645 0.012059)
-1 1410358796.012839 action (-0.05)
-1 1410358801.241992 effect (18.129943 0.064229)
-1 1410358809.750690 action (-0.04)
-1 1410358816.880546 effect (17.588759 0.070472)
-1 1410358825.471504 action (-0.03)
-1 1410358831.407318 effect (41.584469 0.04068)
-1 1410358842.155439 action (-0.02)
-1 1410358850.290718 effect (19.92473 0.068148)
-1 1410358863.604973 action (-0.01)
-1 1410358869.628087 effect (103.456931 0.01418)
-1 1410358878.257965 action (0.0)
-1 1410358885.278768 effect (-25.138273 0.033359)
-1 1410358897.136025 action (0.01)
-1 1410358904.239813 effect (-154.47739 0.056781)
-1 1410358917.446224 action (0.02)
-1 1410358924.540114 effect (-176.957037 0.080672)
-1 1410358934.122473 action (0.03)
-1 1410358939.146448 effect (-25.311181 0.09004)
-1 1410358947.854060 action (0.04)
-1 1410358953.868166 effect (-79.877382 0.097933)
-1 1410358961.609685 action (0.05)
-1 1410358967.041049 effect (-147.183395 0.011986)
-1 1410358982.025400 action (-0.05)
-1 1410358988.448559 effect (18.676768 0.060072)
-1 1410358997.244295 action (-0.04)
-1 1410359002.187367 effect (23.295919 0.081969)
-1 1410359011.311356 action (-0.03)
-1 1410359017.349883 effect (26.359588 0.061365)
-1 1410359028.575634 action (-0.02)
-1 1410359036.708290 effect (29.239582 0.067509)
-1 1410359050.907318 action (-0.01)
-1 1410359056.924330 effect (102.948754 0.013367)
-1 1410359070.481123 action (0.0)
-1 1410359076.491059 effect (14.935533 0.010873)
-1 1410359090.484692 action (0.01)
-1 1410359097.595807 effect (-169.079402 0.051732)
-1 1410359106.438605 action (0.02)
-1 1410359111.543985 effect (-175.106585 0.036214)
-1 1410359120.187807 action (0.03)
-1 1410359126.216303 effect (-44.803722 0.164569)
-1 1410359133.912619 action (0.04)
-1 1410359139.929213 effect (-48.515164 0.00618)
-1 1410359148.727710 action (0.05)
-1 1410359154.739417 effect (-82.42741 0.053761)
-1 1410359169.425336 action (-0.05)
-1 1410359174.829143 effect (66.139746 0.011009)
-1 1410359183.162966 action (-0.04)
-1 1410359189.402952 effect (53.169322 0.039259)
-1 1410359199.218580 action (-0.03)
-1 1410359205.253150 effect (57.150341 0.038291)
-1 1410359219.192296 action (-0.02)
-1 1410359226.316136 effect (171.417165 0.05205)
-1 1410359239.666750 action (-0.01)
-1 1410359246.784764 effect (-157.804693 0.01062)
-1 1410359259.833290 action (0.0)
-1 1410359266.935713 effect (-21.08789 0.007862)
-1 1410359278.855843 action (0.01)
-1 1410359285.866955 effect (-165.545373 0.037583)
-1 1410359297.768799 action (0.02)
-1 1410359304.885627 effect (43.22777 0.087696)
-1 1410359312.383925 action (0.03)
-1 1410359319.402074 effect (-122.90129 0.018165)
-1 1410359326.784723 action (0.04)
-1 1410359333.007939 effect (-68.869926 0.003787)
-1 1410359340.835797 action (0.05)
-1 1410359346.844732 effect (179.512698 0.006126)
