-1 1410451506.429406 action (-0.05)
-1 1410451512.750578 effect (7.53483 0.198286)
-1 1410451522.412254 action (-0.04)
-1 1410451529.639964 effect (11.463408 0.197804)
-1 1410451541.205849 action (-0.03)
-1 1410451547.224699 effect (61.542054 0.040061)
-1 1410451556.653751 action (-0.02)
-1 1410451563.085904 effect (12.172428 0.057027)
-1 1410451576.481177 action (-0.01)
-1 1410451582.492145 effect (38.058938 0.058605)
-1 1410451596.478142 action (0.0)
-1 1410451603.766382 effect (-7.508195 0.022166)
-1 1410451618.524935 action (0.01)
-1 1410451625.743754 effect (-130.617032 0.004577)
-1 1410451637.093458 action (0.02)
-1 1410451644.313762 effect (-177.936334 0.052623)
-1 1410451653.744931 action (0.03)
-1 1410451659.157056 effect (-33.398832 0.134363)
-1 1410451667.455629 action (0.04)
-1 1410451673.073263 effect (-107.653364 0.009495)
-1 1410451681.155852 action (0.05)
-1 1410451686.582333 effect (59.876075 0.001475)
-1 1410451749.685900 action (-0.05)
-1 1410451755.137942 effect (1.04267 0.185243)
-1 1410451765.484693 action (-0.04)
-1 1410451770.830971 effect (55.778272 0.042012)
-1 1410451781.205788 action (-0.03)
-1 1410451787.314411 effect (77.037081 0.045087)
-1 1410451802.523821 action (-0.02)
-1 1410451808.250129 effect (153.799551 0.01858)
-1 1410451820.927744 action (-0.01)
-1 1410451828.172761 effect (-173.807599 0.013146)
-1 1410451840.858105 action (0.0)
-1 1410451848.162557 effect (-97.076927 0.002685)
-1 1410451862.637810 action (0.01)
-1 1410451868.163158 effect (-2.108298 0.049506)
-1 1410451882.498874 action (0.02)
-1 1410451888.626105 effect (-173.612717 0.056618)
-1 1410451896.867746 action (0.03)
-1 1410451902.989035 effect (-118.049108 0.005143)
-1 1410451911.665058 action (0.04)
-1 1410451916.993884 effect (-111.636358 0.008736)
-1 1410451925.335293 action (0.05)
-1 1410451931.046501 effect (86.396402 0.008612)
-1 1410451945.758724 action (-0.05)
-1 1410451951.891072 effect (4.319268 0.178487)
-1 1410451963.648392 action (-0.04)
-1 1410451968.969351 effect (4.617692 0.197914)
-1 1410451978.596520 action (-0.03)
-1 1410451985.114658 effect (12.174046 0.195736)
-1 1410451997.042086 action (-0.02)
-1 1410452002.574302 effect (84.745688 0.048836)
-1 1410452017.454209 action (-0.01)
-1 1410452023.580810 effect (49.260097 0.070074)
-1 1410452037.326864 action (0.0)
-1 1410452043.505750 effect (52.947079 0.025125)
-1 1410452056.010365 action (0.01)
-1 1410452062.142106 effect (161.989135 0.0116)
-1 1410452073.027133 action (0.02)
-1 1410452080.356533 effect (-155.236094 0.016907)
-1 1410452088.655452 action (0.03)
-1 1410452095.873411 effect (-101.549292 0.017299)
-1 1410452105.770920 action (0.04)
-1 1410452111.913953 effect (-90.995075 0.038295)
-1 1410452120.108151 action (0.05)
-1 1410452127.438489 effect (-177.56766 0.002459)
-1 1410452142.395532 action (-0.05)
-1 1410452147.732824 effect (1.635142 0.181447)
-1 1410452158.558022 action (-0.04)
-1 1410452163.992593 effect (68.857152 0.126636)
-1 1410452173.913596 action (-0.03)
-1 1410452181.238137 effect (77.038066 0.042493)
-1 1410452192.105082 action (-0.02)
-1 1410452197.560677 effect (-54.286006 0.429598)
-1 1410452212.599886 action (-0.01)
-1 1410452219.924108 effect (144.896512 0.007525)
-1 1410452233.675122 action (0.0)
-1 1410452239.689251 effect (-28.087418 0.033001)
-1 1410452254.177389 action (0.01)
-1 1410452260.407594 effect (-10.118574 0.045666)
-1 1410452268.841187 action (0.02)
-1 1410452276.063256 effect (-85.787412 0.014372)
-1 1410452285.905526 action (0.03)
-1 1410452292.007007 effect (-39.502927 0.09341)
-1 1410452300.314355 action (0.04)
-1 1410452307.620218 effect (-161.315248 0.008982)
-1 1410452316.053913 action (0.05)
-1 1410452322.062214 effect (85.105941 0.005428)
-1 1410452338.318788 action (-0.05)
-1 1410452343.766595 effect (1.441126 0.188735)
-1 1410452354.544133 action (-0.04)
-1 1410452361.172201 effect (8.171911 0.199873)
-1 1410452370.610250 action (-0.03)
-1 1410452377.763576 effect (57.456781 0.036364)
-1 1410452390.440783 action (-0.02)
-1 1410452396.565060 effect (169.111771 0.01922)
-1 1410452411.634530 action (-0.01)
-1 1410452417.755540 effect (-85.436903 0.012437)
-1 1410452430.242018 action (0.0)
-1 1410452436.358107 effect (-104.748307 0.006957)
-1 1410452448.733260 action (0.01)
-1 1410452454.357234 effect (-163.796875 0.010784)
-1 1410452465.311898 action (0.02)
-1 1410452471.417930 effect (-174.865053 0.050733)
-1 1410452480.029860 action (0.03)
-1 1410452486.212901 effect (-75.712074 0.015292)
-1 1410452494.342216 action (0.04)
-1 1410452499.764793 effect (-129.845098 0.003475)
-1 1410452507.906998 action (0.05)
-1 1410452514.042643 effect (41.697347 0.004744)
-1 1410452531.566336 action (-0.05)
-1 1410452538.918892 effect (3.438582 0.170577)
-1 1410452549.646944 action (-0.04)
-1 1410452556.194127 effect (5.933835 0.198006)
-1 1410452565.006011 action (-0.03)
-1 1410452571.116153 effect (81.045212 0.040895)
-1 1410452587.635019 action (-0.02)
-1 1410452593.878555 effect (156.195103 0.028502)
-1 1410452606.415472 action (-0.01)
-1 1410452612.551456 effect (138.723685 0.008698)
-1 1410452626.510050 action (0.0)
-1 1410452632.621137 effect (51.645689 0.027533)
-1 1410452645.426229 action (0.01)
-1 1410452651.547094 effect (-174.111208 0.002711)
-1 1410452659.913791 action (0.02)
-1 1410452666.046970 effect (-97.263751 0.020561)
-1 1410452674.682617 action (0.03)
-1 1410452680.796591 effect (-89.585355 0.016166)
-1 1410452689.411481 action (0.04)
-1 1410452696.329587 effect (153.120616 0.003446)
-1 1410452705.146468 action (0.05)
-1 1410452710.672649 effect (95.566762 0.010467)
-1 1410452729.263065 action (-0.05)
-1 1410452734.708277 effect (-0.584089 0.195088)
-1 1410452744.710242 action (-0.04)
-1 1410452750.841499 effect (7.797264 0.193001)
-1 1410452764.598581 action (-0.03)
-1 1410452770.719022 effect (5.470904 0.056626)
-1 1410452784.185146 action (-0.02)
-1 1410452791.009629 effect (156.278238 0.021914)
-1 1410452803.571533 action (-0.01)
-1 1410452809.704188 effect (117.803839 0.005377)
-1 1410452822.218873 action (0.0)
-1 1410452829.525999 effect (71.799802 0.004814)
-1 1410452843.937093 action (0.01)
-1 1410452849.377195 effect (-11.946264 0.038882)
-1 1410452858.143523 action (0.02)
-1 1410452863.852060 effect (-89.983218 0.014004)
-1 1410452873.429670 action (0.03)
-1 1410452878.850851 effect (-76.447307 0.04358)
-1 1410452886.892153 action (0.04)
-1 1410452893.010468 effect (-160.478637 0.003187)
-1 1410452901.388091 action (0.05)
-1 1410452906.791516 effect (-69.003617 0.018895)
-1 1410452922.622040 action (-0.05)
-1 1410452928.159701 effect (2.314029 0.194814)
-1 1410452936.814207 action (-0.04)
-1 1410452943.365809 effect (43.763253 0.045969)
-1 1410452952.131494 action (-0.03)
-1 1410452957.647608 effect (52.598483 0.048211)
-1 1410452970.303075 action (-0.02)
-1 1410452976.409315 effect (66.243293 0.04898)
-1 1410452989.086817 action (-0.01)
-1 1410452995.324141 effect (118.852178 0.006145)
-1 1410453007.726886 action (0.0)
-1 1410453014.367576 effect (-18.743429 0.430359)
-1 1410453027.084958 action (0.01)
-1 1410453033.285232 effect (-32.102026 0.004135)
-1 1410453041.820679 action (0.02)
-1 1410453049.230709 effect (-105.257951 0.025243)
-1 1410453057.648814 action (0.03)
-1 1410453063.066810 effect (-86.795636 0.012629)
-1 1410453071.400736 action (0.04)
-1 1410453078.201065 effect (-114.882673 0.00611)
-1 1410453088.083253 action (0.05)
-1 1410453093.600968 effect (-83.915411 0.037648)
-1 1410453111.783005 action (-0.05)
-1 1410453117.232830 effect (2.014798 0.183107)
-1 1410453125.748910 action (-0.04)
-1 1410453131.079701 effect (56.714926 0.050989)
-1 1410453139.979911 action (-0.03)
-1 1410453146.680439 effect (55.049542 0.049902)
-1 1410453161.417460 action (-0.02)
-1 1410453168.854789 effect (155.503532 0.018475)
-1 1410453183.641694 action (-0.01)
-1 1410453189.789135 effect (-148.51564 0.005275)
-1 1410453203.879768 action (0.0)
-1 1410453210.100733 effect (-14.632985 0.030226)
-1 1410453222.931632 action (0.01)
-1 1410453228.561129 effect (-132.270606 0.009257)
-1 1410453236.781245 action (0.02)
-1 1410453242.917648 effect (-90.53243 0.019117)
-1 1410453251.702583 action (0.03)
-1 1410453257.315040 effect (-87.838716 0.006358)
-1 1410453266.156706 action (0.04)
-1 1410453271.686608 effect (-55.414733 0.006357)
-1 1410453279.867684 action (0.05)
-1 1410453285.294467 effect (85.267347 0.004996)
-1 1410453303.262583 action (-0.05)
-1 1410453308.639438 effect (-1.204147 0.191467)
-1 1410453320.122738 action (-0.04)
-1 1410453326.263338 effect (4.186925 0.18908)
-1 1410453335.581341 action (-0.03)
-1 1410453341.709773 effect (55.724142 0.035004)
-1 1410453352.804039 action (-0.02)
-1 1410453358.917787 effect (48.695344 0.054755)
-1 1410453371.721001 action (-0.01)
-1 1410453377.840813 effect (51.794661 0.059029)
-1 1410453390.956694 action (0.0)
-1 1410453398.394656 effect (103.983387 0.013119)
-1 1410453412.959537 action (0.01)
-1 1410453419.099030 effect (-105.272127 0.009981)
-1 1410453427.636897 action (0.02)
-1 1410453433.047505 effect (-105.76595 0.023424)
-1 1410453441.782170 action (0.03)
-1 1410453448.500560 effect (-112.735131 0.016488)
-1 1410453456.811122 action (0.04)
-1 1410453462.939634 effect (-107.985556 0.007312)
-1 1410453471.179371 action (0.05)
-1 1410453477.318903 effect (-162.204213 0.002748)
-1 1410453493.231777 action (-0.05)
-1 1410453498.664465 effect (8.924029 0.196957)
-1 1410453508.413259 action (-0.04)
-1 1410453515.729205 effect (70.718057 0.05117)
-1 1410453527.520368 action (-0.03)
-1 1410453534.912060 effect (75.282435 0.038049)
-1 1410453547.769875 action (-0.02)
-1 1410453553.886509 effect (175.73042 0.022936)
-1 1410453568.446517 action (-0.01)
-1 1410453574.568043 effect (130.864651 0.013905)
-1 1410453587.202610 action (0.0)
-1 1410453593.321466 effect (102.930685 0.006588)
-1 1410453608.079249 action (0.01)
-1 1410453613.911798 effect (12.394291 0.051248)
-1 1410453622.387258 action (0.02)
-1 1410453628.508029 effect (-88.45276 0.018811)
-1 1410453638.096616 action (0.03)
-1 1410453644.263690 effect (-37.631897 0.104629)
-1 1410453652.535943 action (0.04)
-1 1410453657.871515 effect (81.854746 0.005978)
-1 1410453667.355137 action (0.05)
-1 1410453672.677208 effect (-88.919713 0.030124)
