-1 1410449304.792935 action (-0.05)
-1 1410449311.135716 effect (10.787373 0.111485)
-1 1410449319.427704 action (-0.04)
-1 1410449324.473918 effect (17.409209 0.121758)
-1 1410449333.108122 action (-0.03)
-1 1410449340.517668 effect (17.731692 0.058339)
-1 1410449349.499679 action (-0.02)
-1 1410449355.633707 effect (48.358415 0.034417)
-1 1410449368.146573 action (-0.01)
-1 1410449375.260329 effect (85.023656 0.017564)
-1 1410449387.394283 action (0.0)
-1 1410449393.400913 effect (77.752726 0.00401)
-1 1410449407.647938 action (0.01)
-1 1410449413.772293 effect (63.734322 0.024338)
-1 1410449428.060514 action (0.02)
-1 1410449434.088034 effect (167.874075 0.047077)
-1 1410449443.759851 action (0.03)
-1 1410449450.983013 effect (-49.744835 0.225835)
-1 1410449460.857644 action (0.04)
-1 1410449466.867395 effect (-53.618843 0.077053)
-1 1410449477.080203 action (0.05)
-1 1410449483.195198 effect (-24.41268 0.188749)
-1 1410449497.710134 action (-0.05)
-1 1410449504.836385 effect (9.481958 0.06353)
-1 1410449514.511157 action (-0.04)
-1 1410449520.537408 effect (14.872693 0.116901)
-1 1410449529.700807 action (-0.03)
-1 1410449536.226836 effect (40.584733 0.041303)
-1 1410449547.706739 action (-0.02)
-1 1410449553.352174 effect (54.461983 0.068177)
-1 1410449568.656959 action (-0.01)
-1 1410449574.897472 effect (46.606438 0.001123)
-1 1410449587.064748 action (0.0)
-1 1410449593.103460 effect (-143.304144 0.008407)
-1 1410449605.644770 action (0.01)
-1 1410449611.671821 effect (56.595151 0.010326)
-1 1410449622.499261 action (0.02)
-1 1410449628.528163 effect (119.804335 0.010528)
-1 1410449637.441407 action (0.03)
-1 1410449644.685548 effect (-76.523971 0.135026)
-1 1410449653.561669 action (0.04)
-1 1410449658.701988 effect (-75.041517 0.052256)
-1 1410449669.491270 action (0.05)
-1 1410449676.806334 effect (-54.721089 0.187671)
-1 1410449691.318777 action (-0.05)
-1 1410449696.656414 effect (10.975707 0.06264)
-1 1410449706.291464 action (-0.04)
-1 1410449712.629007 effect (27.819412 0.03656)
-1 1410449721.045970 action (-0.03)
-1 1410449726.355363 effect (44.98361 0.039056)
-1 1410449735.172422 action (-0.02)
-1 1410449742.407754 effect (54.471075 0.045133)
-1 1410449756.692529 action (-0.01)
-1 1410449764.817629 effect (101.764283 0.013167)
-1 1410449772.645868 action (0.0)
-1 1410449779.748451 effect (117.780268 0.004898)
-1 1410449793.334163 action (0.01)
-1 1410449799.447163 effect (32.61451 0.08062)
-1 1410449811.509201 action (0.02)
-1 1410449817.534951 effect (-35.811404 0.192899)
-1 1410449828.771186 action (0.03)
-1 1410449834.800638 effect (-29.035477 0.186303)
-1 1410449844.950933 action (0.04)
-1 1410449852.072824 effect (-26.787562 0.188867)
-1 1410449861.840211 action (0.05)
-1 1410449867.139158 effect (-48.783662 0.066978)
-1 1410449888.365814 action (-0.05)
-1 1410449894.695453 effect (-93.226429 0.017561)
-1 1410449903.978029 action (-0.04)
-1 1410449910.308719 effect (28.295301 0.036785)
-1 1410449918.655046 action (-0.03)
-1 1410449925.878916 effect (48.492388 0.039524)
-1 1410449935.175623 action (-0.02)
-1 1410449941.201397 effect (68.908131 0.045272)
-1 1410449953.632340 action (-0.01)
-1 1410449960.736243 effect (84.041342 0.010256)
-1 1410449972.870909 action (0.0)
-1 1410449978.910010 effect (-172.28014 0.001921)
-1 1410449991.424935 action (0.01)
-1 1410449997.461712 effect (100.749427 0.007078)
-1 1410450010.702527 action (0.02)
-1 1410450016.844717 effect (-33.862067 0.196456)
-1 1410450027.918796 action (0.03)
-1 1410450035.052585 effect (-27.431112 0.194306)
-1 1410450044.341393 action (0.04)
-1 1410450051.575194 effect (-25.114688 0.193444)
-1 1410450061.870178 action (0.05)
-1 1410450067.896872 effect (-28.244468 0.182968)
-1 1410450089.093457 action (-0.05)
-1 1410450096.437751 effect (-151.965527 0.09198)
-1 1410450105.649633 action (-0.04)
-1 1410450111.666987 effect (40.787352 0.035161)
-1 1410450120.075867 action (-0.03)
-1 1410450126.207554 effect (74.06783 0.036552)
-1 1410450134.585271 action (-0.02)
-1 1410450140.592186 effect (59.695052 0.039283)
-1 1410450152.800578 action (-0.01)
-1 1410450159.929266 effect (109.127119 0.006946)
-1 1410450167.707843 action (0.0)
-1 1410450173.737386 effect (139.096549 0.003827)
-1 1410450185.851098 action (0.01)
-1 1410450192.995612 effect (99.458315 0.009066)
-1 1410450203.262824 action (0.02)
-1 1410450210.486302 effect (44.783415 0.140435)
-1 1410450221.433756 action (0.03)
-1 1410450228.659600 effect (-31.595953 0.195488)
-1 1410450238.096110 action (0.04)
-1 1410450243.509537 effect (-66.213748 0.094139)
-1 1410450254.199001 action (0.05)
-1 1410450261.310622 effect (-13.994358 0.162838)
-1 1410450276.222027 action (-0.05)
-1 1410450282.379443 effect (30.465829 0.023663)
-1 1410450290.624825 action (-0.04)
-1 1410450296.931250 effect (23.000946 0.054394)
-1 1410450305.392071 action (-0.03)
-1 1410450312.505476 effect (61.448683 0.046742)
-1 1410450325.143328 action (-0.02)
-1 1410450332.372062 effect (71.866621 0.046625)
-1 1410450347.887290 action (-0.01)
-1 1410450354.997020 effect (90.627833 0.00935)
-1 1410450370.325796 action (0.0)
-1 1410450376.353332 effect (35.790164 0.00058)
-1 1410450388.906716 action (0.01)
-1 1410450394.925438 effect (61.55603 0.015582)
-1 1410450406.989914 action (0.02)
-1 1410450414.406024 effect (-35.842905 0.200402)
-1 1410450423.965736 action (0.03)
-1 1410450431.175719 effect (-32.469861 0.188742)
-1 1410450440.511083 action (0.04)
-1 1410450446.019025 effect (-81.551851 0.067422)
-1 1410450457.206061 action (0.05)
-1 1410450463.222075 effect (-23.069185 0.183444)
-1 1410450479.293391 action (-0.05)
-1 1410450484.643680 effect (9.290349 0.053754)
-1 1410450493.288473 action (-0.04)
-1 1410450500.436792 effect (17.969531 0.067763)
-1 1410450508.669261 action (-0.03)
-1 1410450515.929318 effect (37.032254 0.0402)
-1 1410450524.987072 action (-0.02)
-1 1410450531.000353 effect (54.551945 0.044783)
-1 1410450546.319743 action (-0.01)
-1 1410450553.536348 effect (-46.356103 0.005308)
-1 1410450561.339848 action (0.0)
-1 1410450567.470130 effect (122.984395 0.0108)
-1 1410450581.460107 action (0.01)
-1 1410450587.598378 effect (107.716719 0.009491)
-1 1410450598.466076 action (0.02)
-1 1410450604.586922 effect (-29.209408 0.199698)
-1 1410450614.517793 action (0.03)
-1 1410450620.536344 effect (-32.180284 0.18152)
-1 1410450629.631568 action (0.04)
-1 1410450635.651468 effect (-38.976228 0.220558)
-1 1410450646.781234 action (0.05)
-1 1410450653.915839 effect (-25.46342 0.180251)
-1 1410450670.349464 action (-0.05)
-1 1410450675.485157 effect (8.147058 0.060697)
-1 1410450684.376675 action (-0.04)
-1 1410450690.519567 effect (14.72372 0.113205)
-1 1410450698.436884 action (-0.03)
-1 1410450705.578545 effect (89.850728 0.02974)
-1 1410450717.182384 action (-0.02)
-1 1410450723.295909 effect (68.268394 0.06584)
-1 1410450736.031229 action (-0.01)
-1 1410450742.159408 effect (-111.524505 0.0083)
-1 1410450750.334271 action (0.0)
-1 1410450757.457017 effect (83.530118 0.009604)
-1 1410450770.146464 action (0.01)
-1 1410450777.389155 effect (116.376245 0.014553)
-1 1410450789.897593 action (0.02)
-1 1410450797.141361 effect (38.62168 0.15734)
-1 1410450807.854523 action (0.03)
-1 1410450815.024609 effect (-26.171934 0.193401)
-1 1410450824.104079 action (0.04)
-1 1410450831.341654 effect (-90.098194 0.101968)
-1 1410450841.592831 action (0.05)
-1 1410450847.895985 effect (-19.149649 0.180746)
-1 1410450861.716109 action (-0.05)
-1 1410450867.966395 effect (36.131411 0.049512)
-1 1410450877.283911 action (-0.04)
-1 1410450882.522726 effect (13.143576 0.116353)
-1 1410450890.693885 action (-0.03)
-1 1410450896.708556 effect (71.64924 0.035227)
-1 1410450910.983816 action (-0.02)
-1 1410450918.105905 effect (72.822571 0.054427)
-1 1410450933.563453 action (-0.01)
-1 1410450940.678640 effect (87.450737 0.016945)
-1 1410450948.925518 action (0.0)
-1 1410450954.959357 effect (-63.512715 0.013361)
-1 1410450967.774957 action (0.01)
-1 1410450974.986773 effect (135.941879 0.00842)
-1 1410450987.237068 action (0.02)
-1 1410450994.358504 effect (27.393418 0.164328)
-1 1410451004.104963 action (0.03)
-1 1410451010.117967 effect (-27.047167 0.189899)
-1 1410451018.878742 action (0.04)
-1 1410451025.993705 effect (-42.762524 0.220073)
-1 1410451036.459943 action (0.05)
-1 1410451042.570315 effect (-25.093235 0.180524)
-1 1410451055.133453 action (-0.05)
-1 1410451061.560591 effect (75.086682 0.024915)
-1 1410451069.486900 action (-0.04)
-1 1410451076.626511 effect (46.563415 0.035037)
-1 1410451085.501717 action (-0.03)
-1 1410451090.634732 effect (48.250879 0.04459)
-1 1410451105.048071 action (-0.02)
-1 1410451111.069506 effect (130.160038 0.015403)
-1 1410451126.567068 action (-0.01)
-1 1410451132.586008 effect (100.936785 0.042879)
-1 1410451140.480885 action (0.0)
-1 1410451147.685143 effect (21.426692 0.012049)
-1 1410451159.854718 action (0.01)
-1 1410451165.980590 effect (-100.360044 0.006831)
-1 1410451181.287137 action (0.02)
-1 1410451188.605545 effect (-33.17506 0.191576)
-1 1410451197.778029 action (0.03)
-1 1410451203.799722 effect (-46.687035 0.207777)
-1 1410451212.815658 action (0.04)
-1 1410451220.021267 effect (-60.861237 0.223688)
-1 1410451229.678372 action (0.05)
-1 1410451235.709497 effect (-42.516159 0.059256)
