-1 1409587358.323194 action (-0.05)
-1 1409587361.842343 effect (1.934816 0.117806)
-1 1409587372.553000 action (-0.04)
-1 1409587375.309764 effect (7.431954 0.174754)
-1 1409587383.737548 action (-0.03)
-1 1409587386.817510 effect (78.400127 0.045869)
-1 1409587397.559533 action (-0.02)
-1 1409587401.405040 effect (45.792527 0.084109)
-1 1409587413.214850 action (-0.01)
-1 1409587416.731337 effect (79.863111 0.052791)
-1 1409587432.360332 action (0.0)
-1 1409587436.776701 effect (60.34218 0.113157)
-1 1409587453.032884 action (0.01)
-1 1409587456.609880 effect (25.759574 0.197501)
-1 1409587472.039679 action (0.02)
-1 1409587475.689927 effect (-172.862735 0.01466)
-1 1409587492.638259 action (0.03)
-1 1409587497.443944 effect (-156.621892 0.069724)
-1 1409587515.827564 action (0.04)
-1 1409587521.842994 effect (-168.398984 0.076846)
-1 1409587541.887938 action (0.05)
-1 1409587547.586345 effect (-142.618917 0.030512)
-1 1409587696.601196 action (-0.05)
-1 1409587704.641083 effect (25.903306 0.200297)
-1 1409587723.101654 action (-0.04)
-1 1409587730.342805 effect (21.347427 0.097909)
-1 1409587750.732973 action (-0.03)
-1 1409587759.161759 effect (16.105589 0.09872)
-1 1409587781.516491 action (-0.02)
-1 1409587790.378087 effect (38.111835 0.073909)
-1 1409587813.065211 action (-0.01)
-1 1409587821.626178 effect (45.392736 0.079176)
-1 1409587846.026732 action (0.0)
-1 1409587855.043555 effect (24.83209 0.182681)
-1 1409587877.927043 action (0.01)
-1 1409587888.602418 effect (72.625198 0.005101)
-1 1409587914.162578 action (0.02)
-1 1409587924.854550 effect (-163.640093 0.028395)
-1 1409587957.279588 action (0.03)
-1 1409587968.764132 effect (-167.004751 0.069628)
-1 1409587997.277207 action (0.04)
-1 1409588008.864702 effect (-159.223508 0.054301)
-1 1409588038.478834 action (0.05)
-1 1409588050.494437 effect (-172.035319 0.056994)
