-1 1412095955.724770 toolpose 7 -90
-1 1412095955.724784 prediction 1 (0.115401)
-1 1412095964.439286 action (-0.05)
-1 1412095969.259729 effect (4.230851 0.153452)
-1 1412095971.990256 toolpose 7 -90
-1 1412095971.990269 prediction 1 (0.115401)
-1 1412095981.923446 action (-0.05)
-1 1412095986.952539 effect (8.878377 0.16161)
-1 1412095989.602689 toolpose 7 -90
-1 1412095989.602702 prediction 1 (0.115401)
-1 1412095998.989861 action (-0.05)
-1 1412096006.010807 effect (-0.037403 0.161038)
-1 1412096009.242725 toolpose 7 -90
-1 1412096009.242745 prediction 1 (0.115401)
-1 1412096020.367976 action (-0.05)
-1 1412096025.406071 effect (9.42492 0.167398)
-1 1412096028.150988 toolpose 7 -90
-1 1412096028.151007 prediction 1 (0.115401)
-1 1412096037.010176 action (-0.05)
-1 1412096042.038820 effect (3.963062 0.157391)
-1 1412096067.932079 toolpose 7 0
-1 1412096045.975576 prediction 2 (0.211603)
-1 1412096055.849693 action (-0.01)
-1 1412096063.282517 effect (20.976651 0.163313)
-1 1412096067.932079 toolpose 7 0
-1 1412096067.932094 prediction 2 (0.211603)
-1 1412096082.954422 action (-0.01)
-1 1412096090.984922 effect (-32.397274 0.157075)
-1 1412096067.932079 toolpose 7 0
-1 1412096093.612459 prediction 2 (0.211603)
-1 1412096105.994593 action (-0.01)
-1 1412096112.128443 effect (-30.417143 0.164208)
-1 1412096067.932079 toolpose 7 0
-1 1412096116.106974 prediction 2 (0.211603)
-1 1412096124.783299 action (-0.01)
-1 1412096130.814630 effect (-47.04295 0.061137)
-1 1412096134.395954 toolpose 7 0
-1 1412096134.395971 prediction 2 (0.211603)
-1 1412096149.937627 action (-0.01)
-1 1412096156.961598 effect (-82.86431 0.047265)
-1 1412096214.100641 toolpose 7 90
-1 1412096160.559724 prediction 2 (0.211603)
-1 1412096175.405398 action (-0.01)
-1 1412096183.519940 effect (-71.756401 0.459419)
-1 1412096214.100641 toolpose 7 90
-1 1412096186.408771 prediction 2 (0.211603)
-1 1412096202.191446 action (-0.01)
-1 1412096210.345745 effect (-35.992772 0.163217)
-1 1412096214.100641 toolpose 7 90
-1 1412096214.100656 prediction 2 (0.211603)
-1 1412096229.263889 action (-0.01)
-1 1412096236.478620 effect (-37.841517 0.201228)
-1 1412096239.067204 toolpose 7 90
-1 1412096239.067225 prediction 2 (0.211603)
-1 1412096253.896918 action (-0.01)
-1 1412096262.020015 effect (-33.612079 0.161596)
-1 1412096214.100641 toolpose 7 90
-1 1412096264.582215 prediction 2 (0.211603)
-1 1412096281.211144 action (-0.01)
-1 1412096287.212548 effect (-75.551972 0.405953)