-1 1410874137.237599 action (-0.05)
-1 1410874144.511451 effect (-3.264118 0.159558)
-1 1410874155.007419 action (-0.04)
-1 1410874160.934587 effect (1.19584 0.14337)
-1 1410874172.403606 action (-0.03)
-1 1410874177.938225 effect (73.083781 0.107684)
-1 1410874192.135621 action (-0.02)
-1 1410874198.054954 effect (-179.867675 0.043513)
-1 1410874210.130833 action (-0.01)
-1 1410874218.262653 effect (179.62672 0.893453)
-1 1410874232.016532 action (0.0)
-1 1410874238.945447 effect (61.35045 0.014658)
-1 1410874254.173347 action (0.01)
-1 1410874261.200185 effect (157.524701 0.005825)
-1 1410874271.114568 action (0.02)
-1 1410874276.944775 effect (-103.167766 0.024742)
-1 1410874285.016717 action (0.03)
-1 1410874290.513907 effect (-78.136134 0.034982)
-1 1410874298.391734 action (0.04)
-1 1410874303.884548 effect (140.314721 0.006335)
-1 1410874311.922875 action (0.05)
-1 1410874318.532218 effect (-3.914321 0.00898)
-1 1410874335.150381 action (-0.05)
-1 1410874339.899711 effect (-2.224831 0.144237)
-1 1410874348.509501 action (-0.04)
-1 1410874354.633215 effect (1.182008 0.138623)
-1 1410874364.404500 action (-0.03)
-1 1410874370.611075 effect (-1.364318 0.143637)
-1 1410874383.012768 action (-0.02)
-1 1410874391.027259 effect (-114.700906 0.597552)
-1 1410874404.694460 action (-0.01)
-1 1410874410.707641 effect (-11.673962 0.007094)
-1 1410874424.464002 action (0.0)
-1 1410874431.402830 effect (-72.973035 0.058037)
-1 1410874446.610381 action (0.01)
-1 1410874454.627246 effect (88.72274 0.009209)
-1 1410874461.989640 action (0.02)
-1 1410874469.314823 effect (-95.619528 0.036048)
-1 1410874477.079483 action (0.03)
-1 1410874482.589695 effect (-85.092459 0.022718)
-1 1410874491.995037 action (0.04)
-1 1410874498.206357 effect (-94.012052 0.043523)
-1 1410874506.578893 action (0.05)
-1 1410874511.914993 effect (-5.885251 0.003622)
-1 1410874526.972769 action (-0.05)
-1 1410874531.909172 effect (-1.200974 0.145149)
-1 1410874540.689003 action (-0.04)
-1 1410874546.758994 effect (8.980768 0.147937)
-1 1410874556.509579 action (-0.03)
-1 1410874562.628140 effect (1.800298 0.135848)
-1 1410874576.932698 action (-0.02)
-1 1410874582.816433 effect (-177.767092 0.071408)
-1 1410874597.622764 action (-0.01)
-1 1410874604.607522 effect (18.337861 0.006968)
-1 1410874618.485618 action (0.0)
-1 1410874626.390498 effect (74.132556 0.020841)
-1 1410874640.126380 action (0.01)
-1 1410874647.059153 effect (53.289303 0.015385)
-1 1410874657.901949 action (0.02)
-1 1410874666.039020 effect (178.998851 0.096955)
-1 1410874674.166461 action (0.03)
-1 1410874680.386378 effect (-75.676986 0.014392)
-1 1410874689.615134 action (0.04)
-1 1410874695.235060 effect (-88.125716 0.072741)
-1 1410874703.333269 action (0.05)
-1 1410874709.960896 effect (68.488648 0.010436)
-1 1410874726.949401 action (-0.05)
-1 1410874733.184889 effect (-0.897556 0.132569)
-1 1410874743.796312 action (-0.04)
-1 1410874749.810415 effect (5.205408 0.144738)
-1 1410874759.468707 action (-0.03)
-1 1410874765.395616 effect (88.069425 0.068331)
-1 1410874776.006231 action (-0.02)
-1 1410874781.917587 effect (93.44566 0.071548)
-1 1410874794.217136 action (-0.01)
-1 1410874801.129622 effect (5.656306 0.033903)
-1 1410874814.577461 action (0.0)
-1 1410874822.614407 effect (-85.673938 0.044261)
-1 1410874836.488394 action (0.01)
-1 1410874843.426112 effect (72.265267 0.01199)
-1 1410874852.382609 action (0.02)
-1 1410874859.519356 effect (-45.893548 0.114847)
-1 1410874867.673886 action (0.03)
-1 1410874873.801459 effect (-76.22676 0.014637)
-1 1410874881.790247 action (0.04)
-1 1410874887.207613 effect (59.510494 0.000717)
-1 1410874895.395667 action (0.05)
-1 1410874900.601350 effect (83.7964 0.007951)
-1 1410874916.006798 action (-0.05)
-1 1410874922.148684 effect (-0.595458 0.16497)
-1 1410874932.771212 action (-0.04)
-1 1410874938.614047 effect (2.423833 0.141424)
-1 1410874947.638392 action (-0.03)
-1 1410874953.873834 effect (4.312228 0.142004)
-1 1410874964.774352 action (-0.02)
-1 1410874972.896556 effect (7.941636 0.129996)
-1 1410874987.355205 action (-0.01)
-1 1410874993.276651 effect (72.797035 0.010826)
-1 1410875006.952859 action (0.0)
-1 1410875012.974456 effect (71.658045 0.022699)
-1 1410875027.802495 action (0.01)
-1 1410875034.955272 effect (63.399323 0.015339)
-1 1410875043.915164 action (0.02)
-1 1410875051.331611 effect (-45.597735 0.120856)
-1 1410875059.609238 action (0.03)
-1 1410875065.750995 effect (-95.109174 0.030648)
-1 1410875073.933636 action (0.04)
-1 1410875079.459450 effect (-106.612372 0.009741)
-1 1410875088.814826 action (0.05)
-1 1410875094.236240 effect (-85.892066 0.053584)
-1 1410875111.144205 action (-0.05)
-1 1410875117.280976 effect (5.69058 0.150189)
-1 1410875126.379398 action (-0.04)
-1 1410875133.614094 effect (-3.357082 0.134731)
-1 1410875141.987521 action (-0.03)
-1 1410875149.235346 effect (0.120812 0.141053)
-1 1410875161.011750 action (-0.02)
-1 1410875168.434266 effect (67.46317 0.133919)
-1 1410875182.890748 action (-0.01)
-1 1410875190.011681 effect (81.943096 0.026693)
-1 1410875203.540167 action (0.0)
-1 1410875210.466436 effect (8.88319 0.010097)
-1 1410875225.250919 action (0.01)
-1 1410875232.193324 effect (103.622802 0.003279)
-1 1410875240.115983 action (0.02)
-1 1410875245.659590 effect (-94.476253 0.036318)
-1 1410875254.155667 action (0.03)
-1 1410875260.370366 effect (-76.546535 0.037638)
-1 1410875268.606697 action (0.04)
-1 1410875274.822359 effect (52.268772 0.001453)
-1 1410875283.070390 action (0.05)
-1 1410875288.381771 effect (-79.11052 0.00246)
-1 1410875302.567927 action (-0.05)
-1 1410875309.191875 effect (-3.359228 0.204052)
-1 1410875318.184639 action (-0.04)
-1 1410875324.318360 effect (-2.84375 0.156219)
-1 1410875335.101103 action (-0.03)
-1 1410875341.021481 effect (0.102838 0.147098)
-1 1410875352.430437 action (-0.02)
-1 1410875358.368411 effect (89.567039 0.056827)
-1 1410875372.204295 action (-0.01)
-1 1410875379.243970 effect (48.348645 0.010699)
-1 1410875394.910844 action (0.0)
-1 1410875402.938311 effect (-26.631271 0.011255)
-1 1410875415.354368 action (0.01)
-1 1410875421.368535 effect (2.212155 0.211131)
-1 1410875429.808339 action (0.02)
-1 1410875436.020320 effect (-32.225852 0.163437)
-1 1410875444.213871 action (0.03)
-1 1410875450.428579 effect (-98.588919 0.018505)
-1 1410875458.498453 action (0.04)
-1 1410875465.132012 effect (-12.018947 0.006937)
-1 1410875473.556590 action (0.05)
-1 1410875479.061486 effect (-86.094917 0.007161)
-1 1410875494.358631 action (-0.05)
-1 1410875502.477945 effect (124.923407 0.350475)
-1 1410875512.912969 action (-0.04)
-1 1410875519.162509 effect (5.450854 0.139371)
-1 1410875527.946562 action (-0.03)
-1 1410875535.351545 effect (-0.373018 0.159457)
-1 1410875545.974847 action (-0.02)
-1 1410875553.011902 effect (102.774313 0.072716)
-1 1410875565.423062 action (-0.01)
-1 1410875573.438480 effect (60.814019 0.007946)
-1 1410875586.581275 action (0.0)
-1 1410875592.492547 effect (87.720124 0.020306)
-1 1410875606.905222 action (0.01)
-1 1410875612.819116 effect (170.796634 0.00336)
-1 1410875622.164284 action (0.02)
-1 1410875628.291350 effect (-45.680884 0.113412)
-1 1410875636.244447 action (0.03)
-1 1410875642.478580 effect (-97.401224 0.023472)
-1 1410875651.790683 action (0.04)
-1 1410875657.097079 effect (-86.755726 0.062689)
-1 1410875665.100268 action (0.05)
-1 1410875670.410444 effect (86.413994 0.008373)
-1 1410875684.855366 action (-0.05)
-1 1410875690.792503 effect (10.321012 0.214148)
-1 1410875701.513690 action (-0.04)
-1 1410875707.440258 effect (1.097913 0.148083)
-1 1410875720.009809 action (-0.03)
-1 1410875728.125652 effect (-56.031459 0.45519)
-1 1410875737.245937 action (-0.02)
-1 1410875743.761170 effect (85.836765 0.058289)
-1 1410875758.344844 action (-0.01)
-1 1410875764.269778 effect (90.710691 0.028751)
-1 1410875779.086086 action (0.0)
-1 1410875786.316503 effect (89.506782 0.018315)
-1 1410875801.323383 action (0.01)
-1 1410875806.537047 effect (142.729207 0.005975)
-1 1410875816.679704 action (0.02)
-1 1410875824.700590 effect (16.336301 0.172899)
-1 1410875834.152310 action (0.03)
-1 1410875840.377270 effect (-35.743494 0.140431)
-1 1410875849.297459 action (0.04)
-1 1410875854.828519 effect (-85.587714 0.057342)
-1 1410875863.041726 action (0.05)
-1 1410875869.661764 effect (-147.489094 0.00315)
-1 1410875886.833911 action (-0.05)
-1 1410875892.786039 effect (-8.621714 0.149067)
-1 1410875902.328667 action (-0.04)
-1 1410875910.378689 effect (6.725432 0.142026)
-1 1410875920.088807 action (-0.03)
-1 1410875928.111949 effect (5.929673 0.146643)
-1 1410875937.619062 action (-0.02)
-1 1410875943.743517 effect (72.706645 0.125753)
-1 1410875958.120107 action (-0.01)
-1 1410875964.051350 effect (88.036352 0.012082)
-1 1410875976.255764 action (0.0)
-1 1410875984.177311 effect (-65.899096 0.31437)
-1 1410875997.697427 action (0.01)
-1 1410876004.736338 effect (91.989854 0.008273)
-1 1410876013.274489 action (0.02)
-1 1410876019.501065 effect (-25.022873 0.160188)
-1 1410876027.524912 action (0.03)
-1 1410876033.738686 effect (-89.434332 0.031427)
-1 1410876041.809922 action (0.04)
-1 1410876047.225323 effect (-20.216563 0.000343)
-1 1410876056.488429 action (0.05)
-1 1410876061.911129 effect (-83.798822 0.037308)
-1 1410876080.517194 action (-0.05)
-1 1410876086.684624 effect (-9.66111 0.141074)
-1 1410876096.824489 action (-0.04)
-1 1410876103.072159 effect (5.221261 0.145062)
-1 1410876112.154709 action (-0.03)
-1 1410876119.387037 effect (5.431661 0.142975)
-1 1410876131.198082 action (-0.02)
-1 1410876137.721700 effect (68.841343 0.137132)
-1 1410876152.123489 action (-0.01)
-1 1410876159.155749 effect (66.33981 0.017305)
-1 1410876172.465552 action (0.0)
-1 1410876178.394537 effect (-163.680094 0.01837)
-1 1410876190.484805 action (0.01)
-1 1410876197.685138 effect (6.34032 0.140957)
-1 1410876206.683989 action (0.02)
-1 1410876212.797527 effect (-46.938103 0.112569)
-1 1410876222.015080 action (0.03)
-1 1410876227.627536 effect (-21.321822 0.168076)
-1 1410876235.809740 action (0.04)
-1 1410876241.236620 effect (-147.461737 0.011077)
-1 1410876249.281659 action (0.05)
-1 1410876254.799263 effect (-143.940963 0.009453)
-1 1410876271.514003 action (-0.05)
-1 1410876277.650691 effect (5.986885 0.155985)
-1 1410876286.190750 action (-0.04)
-1 1410876293.645156 effect (4.81991 0.142826)
-1 1410876303.144441 action (-0.03)
-1 1410876309.366322 effect (-1.111713 0.139369)
-1 1410876318.925959 action (-0.02)
-1 1410876327.038492 effect (102.641857 0.05514)
-1 1410876339.597373 action (-0.01)
-1 1410876346.655241 effect (52.14686 0.033018)
-1 1410876361.478210 action (0.0)
-1 1410876368.518945 effect (97.429987 0.023733)
-1 1410876382.158023 action (0.01)
-1 1410876389.174324 effect (84.259859 0.014328)
-1 1410876397.475927 action (0.02)
-1 1410876402.985162 effect (-90.18794 0.040512)
-1 1410876412.433731 action (0.03)
-1 1410876418.546894 effect (-35.163429 0.131625)
-1 1410876426.610152 action (0.04)
-1 1410876432.132127 effect (116.117783 0.006326)
-1 1410876441.401925 action (0.05)
-1 1410876448.135202 effect (-83.838812 0.035675)
-1 1410876463.244209 action (-0.05)
-1 1410876469.260693 effect (-1.288971 0.138504)
-1 1410876477.842575 action (-0.04)
-1 1410876483.086155 effect (3.144577 0.145645)
-1 1410876491.528550 action (-0.03)
-1 1410876498.954376 effect (-0.096324 0.138167)
-1 1410876512.893460 action (-0.02)
-1 1410876519.911539 effect (-175.51989 0.07087)
-1 1410876533.558951 action (-0.01)
-1 1410876539.473682 effect (106.539079 0.011774)
-1 1410876553.080018 action (0.0)
-1 1410876560.097326 effect (35.743246 0.011226)
-1 1410876573.818742 action (0.01)
-1 1410876580.852054 effect (88.121031 0.009762)
-1 1410876590.028553 action (0.02)
-1 1410876597.441851 effect (-113.020079 0.025902)
-1 1410876606.836851 action (0.03)
-1 1410876613.061914 effect (-29.82565 0.128621)
-1 1410876621.373073 action (0.04)
-1 1410876626.718593 effect (-51.383411 0.007369)
-1 1410876634.880508 action (0.05)
-1 1410876640.302345 effect (-112.67922 0.008623)
-1 1410876658.772440 action (-0.05)
-1 1410876665.061532 effect (6.346737 0.154037)
-1 1410876674.075913 action (-0.04)
-1 1410876680.348537 effect (4.525088 0.13763)
-1 1410876689.689030 action (-0.03)
-1 1410876696.838526 effect (10.012969 0.148985)
-1 1410876708.751898 action (-0.02)
-1 1410876714.365929 effect (68.207743 0.187227)
-1 1410876725.922431 action (-0.01)
-1 1410876731.879429 effect (67.600862 0.086009)
-1 1410876745.786092 action (0.0)
-1 1410876751.715989 effect (68.685382 0.022743)
-1 1410876765.184688 action (0.01)
-1 1410876773.109310 effect (65.369273 0.019543)
-1 1410876785.252136 action (0.02)
-1 1410876793.259437 effect (17.167005 0.14922)
-1 1410876800.970266 action (0.03)
-1 1410876807.079790 effect (-88.506412 0.01773)
-1 1410876816.322599 action (0.04)
-1 1410876822.491500 effect (-25.49949 0.167351)
-1 1410876830.557929 action (0.05)
-1 1410876835.982289 effect (-117.650692 0.006695)
-1 1410876851.112335 action (-0.05)
-1 1410876858.559304 effect (-137.326897 0.40789)
-1 1410876867.842356 action (-0.04)
-1 1410876874.983651 effect (2.534526 0.142098)
-1 1410876884.088245 action (-0.03)
-1 1410876890.310564 effect (65.607218 0.097656)
-1 1410876902.382909 action (-0.02)
-1 1410876909.796973 effect (66.734705 0.178035)
-1 1410876919.647921 action (-0.01)
-1 1410876925.801060 effect (75.563321 0.080997)
-1 1410876939.333330 action (0.0)
-1 1410876947.349252 effect (116.591246 0.031219)
-1 1410876961.015721 action (0.01)
-1 1410876967.031834 effect (85.774422 0.007498)
-1 1410876975.439207 action (0.02)
-1 1410876980.875704 effect (-23.553446 0.243003)
-1 1410876988.848140 action (0.03)
-1 1410876994.156744 effect (-95.189964 0.023448)
-1 1410877002.216820 action (0.04)
-1 1410877007.613642 effect (-139.775467 0.002838)
-1 1410877015.767528 action (0.05)
-1 1410877021.202315 effect (88.138336 0.004318)
