-1 1412093134.547868 toolpose 5 -90
-1 1412093134.547888 prediction 1 (0.115401)
-1 1412093145.569649 action (-0.05)
-1 1412093152.712126 effect (-1.219173 0.185589)
-1 1412093134.547868 toolpose 5 -90
-1 1412093155.470878 prediction 1 (0.115401)
-1 1412093167.449887 action (-0.05)
-1 1412093172.267697 effect (-3.07141 0.200568)
-1 1412093134.547868 toolpose 5 -90
-1 1412093175.200229 prediction 1 (0.115401)
-1 1412093186.860421 action (-0.05)
-1 1412093194.301875 effect (-5.5433 0.191374)
-1 1412093199.043784 toolpose 5 -90
-1 1412093199.043800 prediction 1 (0.115401)
-1 1412093209.815428 action (-0.05)
-1 1412093213.661877 effect (-4.266794 0.187418)
-1 1412093216.546064 toolpose 5 -90
-1 1412093216.546081 prediction 1 (0.115401)
-1 1412093227.540881 action (-0.05)
-1 1412093232.360545 effect (-4.895374 0.189137)
-1 1412093236.341337 toolpose 5 0
-1 1412093236.341354 prediction 1 (0.115401)
-1 1412093245.029927 action (-0.05)
-1 1412093250.074508 effect (23.321794 0.076317)
-1 1412093236.341337 toolpose 5 0
-1 1412093253.385241 prediction 1 (0.115401)
-1 1412093262.033172 action (-0.05)
-1 1412093267.181727 effect (14.531897 0.12814)
-1 1412093269.915219 toolpose 5 0
-1 1412093269.915234 prediction 1 (0.115401)
-1 1412093278.825575 action (-0.05)
-1 1412093284.965180 effect (24.566541 0.069235)
-1 1412093288.203165 toolpose 5 0
-1 1412093288.203182 prediction 1 (0.115401)
-1 1412093297.375983 action (-0.05)
-1 1412093303.619427 effect (-117.061574 0.116021)
-1 1412093236.341337 toolpose 5 0
-1 1412093306.744311 prediction 1 (0.115401)
-1 1412093317.127756 action (-0.05)
-1 1412093323.386797 effect (14.56157 0.079175)
-1 1412093345.225095 toolpose 5 90
-1 1412093326.914170 prediction 3 (0.165113)
-1 1412093337.621123 action (0.05)
-1 1412093342.658096 effect (-41.874883 0.05933)
-1 1412093345.225095 toolpose 5 90
-1 1412093345.225111 prediction 3 (0.165113)
-1 1412093353.394697 action (0.05)
-1 1412093358.530584 effect (-51.376493 0.062225)
-1 1412093363.228676 toolpose 5 90
-1 1412093363.228691 prediction 3 (0.165113)
-1 1412093374.110978 action (0.05)
-1 1412093380.139443 effect (-28.659762 0.187368)
-1 1412093345.225095 toolpose 5 90
-1 1412093382.680104 prediction 3 (0.165113)
-1 1412093393.058808 action (0.05)
-1 1412093399.373050 effect (-88.84769 0.117823)
-1 1412093401.918839 toolpose 5 90
-1 1412093401.918854 prediction 3 (0.165113)
-1 1412093412.139626 action (0.05)
-1 1412093419.160640 effect (-29.035703 0.182403)
-1 1412093507.627628 toolpose 6 -90
-1 1412093507.627648 prediction 1 (0.115401)
-1 1412093517.635142 action (-0.05)
-1 1412093522.755349 effect (4.226843 0.147587)
-1 1412093525.306315 toolpose 6 -90
-1 1412093525.306324 prediction 1 (0.115401)
-1 1412093537.206918 action (-0.05)
-1 1412093542.258380 effect (5.506801 0.15537)
-1 1412093544.994634 toolpose 6 -90
-1 1412093544.994742 prediction 1 (0.115401)
-1 1412093555.848008 action (-0.05)
-1 1412093563.084301 effect (3.065046 0.149206)
-1 1412093544.994634 toolpose 6 -90
-1 1412093565.827696 prediction 1 (0.115401)
-1 1412093575.806938 action (-0.05)
-1 1412093582.113585 effect (1.02954 0.146808)
-1 1412093544.994634 toolpose 6 -90
-1 1412093584.779068 prediction 1 (0.115401)
-1 1412093595.894779 action (-0.05)
-1 1412093600.942378 effect (1.566177 0.151598)
-1 1412093650.458620 toolpose 6 0
-1 1412093606.757158 prediction 1 (0.115401)
-1 1412093619.197467 action (-0.05)
-1 1412093625.842701 effect (1.540909 0.107828)
-1 1412093650.458620 toolpose 6 0
-1 1412093630.495593 prediction 1 (0.115401)
-1 1412093641.198246 action (-0.05)
-1 1412093647.835049 effect (8.393195 0.16493)
-1 1412093650.458620 toolpose 6 0
-1 1412093650.458634 prediction 1 (0.115401)
-1 1412093660.823190 action (-0.05)
-1 1412093666.185242 effect (7.00861 0.083606)
-1 1412093650.458620 toolpose 6 0
-1 1412093669.235395 prediction 1 (0.115401)
-1 1412093678.576872 action (-0.05)
-1 1412093684.992857 effect (44.838897 0.038952)
-1 1412093650.458620 toolpose 6 0
-1 1412093688.628582 prediction 1 (0.115401)
-1 1412093700.134647 action (-0.05)
-1 1412093705.376568 effect (21.229219 0.064773)
-1 1412093728.511510 toolpose 6 90
-1 1412093709.711952 prediction 1 (0.115401)
-1 1412093718.974909 action (-0.05)
-1 1412093724.312200 effect (47.321439 0.044029)
-1 1412093728.511510 toolpose 6 90
-1 1412093728.511528 prediction 1 (0.115401)
-1 1412093738.169509 action (-0.05)
-1 1412093743.500555 effect (9.514371 0.083164)
-1 1412093728.511510 toolpose 6 90
-1 1412093746.129906 prediction 1 (0.115401)
-1 1412093755.013538 action (-0.05)
-1 1412093762.358151 effect (18.641478 0.031702)
-1 1412093728.511510 toolpose 6 90
-1 1412093765.081161 prediction 1 (0.115401)
-1 1412093774.095411 action (-0.05)
-1 1412093779.447920 effect (14.660408 0.069677)
-1 1412093728.511510 toolpose 6 90
-1 1412093784.136436 prediction 1 (0.115401)
-1 1412093796.349866 action (-0.05)
-1 1412093801.879992 effect (104.504479 0.031675)