-1 1411757500.289155 action (-0.05)
-1 1411757507.829039 effect (-53.307519 0.132552)
-1 1411757528.877194 action (-0.04)
-1 1411757536.500205 effect (-31.359674 0.174453)
-1 1411757557.325333 action (-0.03)
-1 1411757564.147431 effect (-94.409415 0.053666)
-1 1411757585.516376 action (-0.02)
-1 1411757593.513108 effect (-61.715071 0.118893)
-1 1411757615.262031 action (-0.01)
-1 1411757623.215333 effect (-31.790613 0.123266)
-1 1411757644.091289 action (0.0)
-1 1411757650.686914 effect (-51.914376 0.149032)
-1 1411757672.605272 action (0.01)
-1 1411757679.280961 effect (-1.912405 0.105637)
-1 1411757700.560318 action (0.02)
-1 1411757707.915606 effect (-174.173582 0.118744)
-1 1411757728.305712 action (0.03)
-1 1411757734.490972 effect (-84.206958 0.007378)
-1 1411757756.715849 action (0.04)
-1 1411757764.279188 effect (125.441135 0.006801)
-1 1411757784.718076 action (0.05)
-1 1411757793.039997 effect (-2.391681 0.095401)
