-1 1411041970.314412 action (-0.05)
-1 1411041977.429031 effect (101.539368 0.186632)
-1 1411041986.383070 action (-0.04)
-1 1411041993.601309 effect (6.6974 0.155437)
-1 1411042003.895258 action (-0.03)
-1 1411042009.912458 effect (5.435199 0.163382)
-1 1411042026.530525 action (-0.02)
-1 1411042032.560530 effect (-1.970974 0.160381)
-1 1411042048.898969 action (-0.01)
-1 1411042056.013398 effect (-28.467166 0.187101)
-1 1411042065.446459 action (0.0)
-1 1411042071.674118 effect (-33.446469 0.013024)
-1 1411042085.632459 action (0.01)
-1 1411042093.746433 effect (-71.114261 0.11648)
-1 1411042105.997054 action (0.02)
-1 1411042113.109029 effect (-155.441272 0.077692)
-1 1411042121.530249 action (0.03)
-1 1411042127.758971 effect (-104.79871 0.012833)
-1 1411042135.978619 action (0.04)
-1 1411042141.199664 effect (-174.59204 0.006685)
-1 1411042150.091374 action (0.05)
-1 1411042155.505760 effect (-38.648535 0.201054)
-1 1411042172.350323 action (-0.05)
-1 1411042180.455545 effect (-2.194582 0.151928)
-1 1411042189.611620 action (-0.04)
-1 1411042196.747083 effect (2.412896 0.154461)
-1 1411042206.569788 action (-0.03)
-1 1411042214.688955 effect (8.430919 0.169752)
-1 1411042229.324530 action (-0.02)
-1 1411042235.457001 effect (-4.503197 0.154551)
-1 1411042249.226271 action (-0.01)
-1 1411042257.324315 effect (-37.365179 0.198892)
-1 1411042265.756763 action (0.0)
-1 1411042273.871928 effect (1.394964 0.020556)
-1 1411042287.021998 action (0.01)
-1 1411042294.154754 effect (50.615526 0.020237)
-1 1411042303.078202 action (0.02)
-1 1411042310.308179 effect (-156.064349 0.058527)
-1 1411042318.994516 action (0.03)
-1 1411042326.111785 effect (-78.821578 0.02008)
-1 1411042334.041887 action (0.04)
-1 1411042340.063154 effect (-158.204148 0.013315)
-1 1411042348.827563 action (0.05)
-1 1411042353.955405 effect (-90.329452 0.053766)
-1 1411042372.688377 action (-0.05)
-1 1411042378.832828 effect (-0.14403 0.145289)
-1 1411042390.338544 action (-0.04)
-1 1411042396.355477 effect (2.291182 0.150986)
-1 1411042406.871852 action (-0.03)
-1 1411042413.993426 effect (8.842592 0.160254)
-1 1411042424.247519 action (-0.02)
-1 1411042431.477417 effect (6.037004 0.160493)
-1 1411042447.873715 action (-0.01)
-1 1411042455.099810 effect (-57.966101 0.374139)
-1 1411042462.721121 action (0.0)
-1 1411042468.754758 effect (-41.387126 0.026966)
-1 1411042480.548797 action (0.01)
-1 1411042486.577882 effect (47.840885 0.014778)
-1 1411042496.673428 action (0.02)
-1 1411042502.680537 effect (-177.757509 0.038991)
-1 1411042511.170899 action (0.03)
-1 1411042517.090103 effect (-121.31706 0.013115)
-1 1411042525.044145 action (0.04)
-1 1411042530.077945 effect (-26.330921 0.008696)
-1 1411042537.906984 action (0.05)
-1 1411042543.919115 effect (-71.482366 0.010895)
-1 1411042562.351858 action (-0.05)
-1 1411042567.485762 effect (-1.35871 0.16063)
-1 1411042578.421258 action (-0.04)
-1 1411042584.476790 effect (5.544418 0.171522)
-1 1411042595.136559 action (-0.03)
-1 1411042601.150047 effect (9.961824 0.156181)
-1 1411042614.510605 action (-0.02)
-1 1411042620.535603 effect (6.265911 0.169428)
-1 1411042636.227714 action (-0.01)
-1 1411042643.353955 effect (6.85829 0.170536)
-1 1411042650.892345 action (0.0)
-1 1411042656.813767 effect (177.655096 0.006192)
-1 1411042671.009672 action (0.01)
-1 1411042677.034470 effect (-56.775973 0.396391)
-1 1411042686.935964 action (0.02)
-1 1411042692.946097 effect (179.233602 0.064751)
-1 1411042700.697012 action (0.03)
-1 1411042706.715385 effect (-104.535939 0.022745)
-1 1411042714.765643 action (0.04)
-1 1411042720.819860 effect (-11.655283 0.004689)
-1 1411042729.590507 action (0.05)
-1 1411042736.707178 effect (-81.829344 0.047802)
-1 1411042752.810774 action (-0.05)
-1 1411042760.942070 effect (3.789675 0.146874)
-1 1411042770.041524 action (-0.04)
-1 1411042775.312696 effect (5.262976 0.164414)
-1 1411042786.329203 action (-0.03)
-1 1411042794.461099 effect (5.579126 0.154801)
-1 1411042809.949768 action (-0.02)
-1 1411042817.189150 effect (3.913067 0.169413)
-1 1411042832.965624 action (-0.01)
-1 1411042841.093579 effect (-33.749373 0.178366)
-1 1411042848.843626 action (0.0)
-1 1411042854.856669 effect (19.681303 0.011788)
-1 1411042866.947230 action (0.01)
-1 1411042872.989801 effect (87.000766 0.014303)
-1 1411042883.140670 action (0.02)
-1 1411042891.268148 effect (150.913753 0.036149)
-1 1411042900.234841 action (0.03)
-1 1411042908.352335 effect (-40.064912 0.157829)
-1 1411042916.481806 action (0.04)
-1 1411042922.711178 effect (-77.085456 0.004)
-1 1411042931.485863 action (0.05)
-1 1411042937.507311 effect (-87.227477 0.104743)
-1 1411042952.786066 action (-0.05)
-1 1411042959.907950 effect (-63.912866 0.421106)
-1 1411042970.257471 action (-0.04)
-1 1411042977.373172 effect (3.940793 0.160139)
-1 1411042987.729467 action (-0.03)
-1 1411042993.746291 effect (10.834359 0.165468)
-1 1411043008.832855 action (-0.02)
-1 1411043015.980787 effect (4.250409 0.165062)
-1 1411043028.761363 action (-0.01)
-1 1411043035.091377 effect (-65.433723 0.021788)
-1 1411043044.014957 action (0.0)
-1 1411043050.018146 effect (-36.849796 0.017074)
-1 1411043064.044282 action (0.01)
-1 1411043072.223652 effect (-66.834661 0.10402)
-1 1411043081.077122 action (0.02)
-1 1411043087.089840 effect (-158.595652 0.083456)
-1 1411043095.981318 action (0.03)
-1 1411043102.101183 effect (-21.936916 0.200213)
-1 1411043110.005555 action (0.04)
-1 1411043117.148573 effect (-86.037147 0.01887)
-1 1411043124.706301 action (0.05)
-1 1411043130.704089 effect (-89.20763 0.013192)
-1 1411043151.206364 action (-0.05)
-1 1411043157.367323 effect (7.767994 0.141021)
-1 1411043167.428713 action (-0.04)
-1 1411043173.454287 effect (8.234833 0.164757)
-1 1411043183.471627 action (-0.03)
-1 1411043190.594371 effect (14.269846 0.156808)
-1 1411043205.776096 action (-0.02)
-1 1411043211.998831 effect (13.760342 0.169026)
-1 1411043224.337795 action (-0.01)
-1 1411043230.360992 effect (-24.159799 0.047444)
-1 1411043238.418651 action (0.0)
-1 1411043244.429479 effect (-55.449751 0.008432)
-1 1411043252.538164 action (0.01)
-1 1411043259.700896 effect (67.842983 0.005436)
-1 1411043270.214653 action (0.02)
-1 1411043276.218459 effect (-167.77114 0.054685)
-1 1411043284.010243 action (0.03)
-1 1411043289.449587 effect (-132.191996 0.018759)
-1 1411043297.106723 action (0.04)
-1 1411043304.220484 effect (-74.648183 0.002729)
-1 1411043311.730792 action (0.05)
-1 1411043317.751203 effect (-6.155223 0.007825)
-1 1411043333.810417 action (-0.05)
-1 1411043338.955370 effect (-1.200533 0.16403)
-1 1411043348.953662 action (-0.04)
-1 1411043354.992150 effect (4.762156 0.151488)
-1 1411043365.052037 action (-0.03)
-1 1411043373.157171 effect (8.693458 0.157779)
-1 1411043387.393618 action (-0.02)
-1 1411043394.495249 effect (7.964402 0.167824)
-1 1411043408.962021 action (-0.01)
-1 1411043414.879831 effect (7.78198 0.176935)
-1 1411043423.316056 action (0.0)
-1 1411043429.329018 effect (-12.865227 0.023862)
-1 1411043442.955917 action (0.01)
-1 1411043448.965710 effect (-66.668532 0.110203)
-1 1411043460.280497 action (0.02)
-1 1411043466.315008 effect (-143.518243 0.053326)
-1 1411043473.913525 action (0.03)
-1 1411043480.124960 effect (-79.756989 0.008799)
-1 1411043487.824325 action (0.04)
-1 1411043493.852023 effect (-63.879755 0.001416)
-1 1411043503.361855 action (0.05)
-1 1411043509.384433 effect (-75.265725 0.04092)
-1 1411043525.784643 action (-0.05)
-1 1411043531.004348 effect (-1.388892 0.150163)
-1 1411043540.830800 action (-0.04)
-1 1411043546.056139 effect (4.70947 0.161126)
-1 1411043556.507925 action (-0.03)
-1 1411043563.633340 effect (10.287423 0.156579)
-1 1411043578.865095 action (-0.02)
-1 1411043584.878804 effect (-58.813195 0.368773)
-1 1411043595.138977 action (-0.01)
-1 1411043603.258930 effect (-28.689714 0.172838)
-1 1411043616.685745 action (0.0)
-1 1411043624.804086 effect (-81.141894 0.126197)
-1 1411043637.028461 action (0.01)
-1 1411043643.117714 effect (116.436955 0.005603)
-1 1411043652.666125 action (0.02)
-1 1411043659.785579 effect (175.110957 0.038387)
-1 1411043670.031826 action (0.03)
-1 1411043675.951982 effect (-163.666512 0.079883)
-1 1411043683.739724 action (0.04)
-1 1411043689.751077 effect (-95.697658 0.005037)
-1 1411043698.620905 action (0.05)
-1 1411043704.634753 effect (-83.152433 0.052982)
-1 1411043720.884664 action (-0.05)
-1 1411043726.922637 effect (-0.6185 0.148765)
-1 1411043736.231051 action (-0.04)
-1 1411043742.249367 effect (3.699037 0.159663)
-1 1411043752.128428 action (-0.03)
-1 1411043758.154367 effect (17.439528 0.13619)
-1 1411043772.768807 action (-0.02)
-1 1411043778.798662 effect (-0.371382 0.155257)
-1 1411043791.790676 action (-0.01)
-1 1411043799.913085 effect (-27.902456 0.185447)
-1 1411043807.421794 action (0.0)
-1 1411043813.455783 effect (-49.207581 0.006049)
-1 1411043821.484762 action (0.01)
-1 1411043827.507422 effect (34.146584 0.012277)
-1 1411043838.681675 action (0.02)
-1 1411043845.193094 effect (-158.90978 0.086309)
-1 1411043852.870068 action (0.03)
-1 1411043860.097829 effect (-148.190154 0.015264)
-1 1411043868.170323 action (0.04)
-1 1411043874.288816 effect (67.705046 0.002036)
-1 1411043882.214167 action (0.05)
-1 1411043888.541298 effect (168.248645 0.002902)
-1 1411043903.573309 action (-0.05)
-1 1411043909.812492 effect (7.993789 0.160191)
-1 1411043918.390318 action (-0.04)
-1 1411043923.394805 effect (3.56074 0.149832)
-1 1411043932.307704 action (-0.03)
-1 1411043937.429735 effect (6.172835 0.159088)
-1 1411043952.400289 action (-0.02)
-1 1411043960.513509 effect (31.03087 0.178639)
-1 1411043975.669930 action (-0.01)
-1 1411043983.789486 effect (-29.529642 0.186934)
-1 1411043991.600938 action (0.0)
-1 1411043998.746817 effect (34.798803 0.004369)
-1 1411044015.378757 action (0.01)
-1 1411044022.598743 effect (-35.575382 0.178252)
-1 1411044031.411245 action (0.02)
-1 1411044037.544063 effect (-178.963792 0.049241)
-1 1411044048.128740 action (0.03)
-1 1411044053.445124 effect (-165.182917 0.046822)
-1 1411044061.448481 action (0.04)
-1 1411044068.564294 effect (-165.840284 0.01302)
-1 1411044076.392559 action (0.05)
-1 1411044083.611483 effect (-178.463278 0.009655)
-1 1411045438.697304 action (-0.05)
-1 1411045444.029343 effect (2.426343 0.142522)
-1 1411045453.621712 action (-0.04)
-1 1411045460.092681 effect (3.838327 0.15053)
-1 1411045470.463301 action (-0.03)
-1 1411045476.813053 effect (8.599622 0.15348)
-1 1411045491.729750 action (-0.02)
-1 1411045497.874870 effect (25.275363 0.169207)
-1 1411045507.282506 action (-0.01)
-1 1411045512.815009 effect (23.32408 0.015406)
-1 1411045522.224529 action (0.0)
-1 1411045529.457780 effect (-174.789019 0.03491)
-1 1411045537.639418 action (0.01)
-1 1411045543.855097 effect (-5.42948 0.000713)
-1 1411045553.408730 action (0.02)
-1 1411045559.019677 effect (-166.572844 0.046719)
-1 1411045567.232456 action (0.03)
-1 1411045573.251735 effect (-87.324103 0.024765)
-1 1411045582.527509 action (0.04)
-1 1411045588.658967 effect (-40.281843 0.142254)
-1 1411045598.371099 action (0.05)
-1 1411045603.801245 effect (-36.143731 0.218664)
-1 1411045617.697802 action (-0.05)
-1 1411045623.838473 effect (108.436201 0.094223)
-1 1411045634.296902 action (-0.04)
-1 1411045640.685828 effect (7.532236 0.14767)
-1 1411045654.297505 action (-0.03)
-1 1411045659.928089 effect (16.121367 0.172398)
-1 1411045674.238958 action (-0.02)
-1 1411045680.247424 effect (30.330094 0.157968)
-1 1411045690.050438 action (-0.01)
-1 1411045697.387787 effect (-29.758918 0.037984)
-1 1411045706.932501 action (0.0)
-1 1411045713.115493 effect (15.754342 0.013063)
-1 1411045721.129369 action (0.01)
-1 1411045728.446413 effect (-105.833133 0.016465)
-1 1411045736.981990 action (0.02)
-1 1411045743.030900 effect (-121.874129 0.024716)
-1 1411045754.207839 action (0.03)
-1 1411045760.210396 effect (163.08111 0.067587)
-1 1411045768.404866 action (0.04)
-1 1411045774.634269 effect (-128.81722 0.013599)
-1 1411045782.763718 action (0.05)
-1 1411045789.173234 effect (84.715573 0.010039)
-1 1411045809.709532 action (-0.05)
-1 1411045815.160415 effect (4.758556 0.140634)
-1 1411045826.690001 action (-0.04)
-1 1411045833.028636 effect (4.066606 0.152416)
-1 1411045843.496651 action (-0.03)
-1 1411045849.623748 effect (17.707569 0.148358)
-1 1411045864.505260 action (-0.02)
-1 1411045870.513846 effect (42.784221 0.200024)
-1 1411045879.153515 action (-0.01)
-1 1411045885.276144 effect (-70.617035 0.010314)
-1 1411045893.447420 action (0.0)
-1 1411045900.675320 effect (87.955644 0.000586)
-1 1411045916.423608 action (0.01)
-1 1411045923.665217 effect (-29.215193 0.166319)
-1 1411045936.494546 action (0.02)
-1 1411045943.825734 effect (159.251432 0.041384)
-1 1411045952.036699 action (0.03)
-1 1411045958.163756 effect (-123.513998 0.031368)
-1 1411045966.275778 action (0.04)
-1 1411045971.700355 effect (-124.830501 0.021061)
-1 1411045979.749534 action (0.05)
-1 1411045985.086318 effect (-122.603889 0.004208)
-1 1411045998.603638 action (-0.05)
-1 1411046005.863934 effect (36.625255 3.649625)
-1 1411046016.399793 action (-0.04)
-1 1411046021.743300 effect (4.519272 0.153744)
-1 1411046034.154522 action (-0.03)
-1 1411046040.621952 effect (39.070237 0.143841)
-1 1411046055.580465 action (-0.02)
-1 1411046062.900378 effect (41.213314 0.192163)
-1 1411046071.556672 action (-0.01)
-1 1411046077.663411 effect (-77.466252 0.020707)
-1 1411046087.011539 action (0.0)
-1 1411046093.178024 effect (-11.699877 0.026547)
-1 1411046101.278198 action (0.01)
-1 1411046107.294903 effect (73.438527 0.008839)
-1 1411046115.833803 action (0.02)
-1 1411046123.034728 effect (-153.678141 0.033506)
-1 1411046130.930711 action (0.03)
-1 1411046137.053816 effect (-119.718887 0.017563)
-1 1411046145.170875 action (0.04)
-1 1411046151.378398 effect (-108.285991 0.017068)
-1 1411046159.626313 action (0.05)
-1 1411046164.943109 effect (-88.663895 0.002245)
-1 1411046181.904249 action (-0.05)
-1 1411046187.229267 effect (0.967025 0.159825)
-1 1411046198.026031 action (-0.04)
-1 1411046203.379129 effect (4.997513 0.146465)
-1 1411046215.657193 action (-0.03)
-1 1411046221.786136 effect (9.902111 0.151875)
-1 1411046236.869365 action (-0.02)
-1 1411046244.116017 effect (16.9599 0.208985)
-1 1411046255.240762 action (-0.01)
-1 1411046260.952162 effect (60.637673 0.047083)
-1 1411046270.482226 action (0.0)
-1 1411046276.493110 effect (22.619437 0.005008)
-1 1411046284.426961 action (0.01)
-1 1411046291.691411 effect (-38.936732 0.00437)
-1 1411046300.269284 action (0.02)
-1 1411046307.505690 effect (-140.573982 0.022537)
-1 1411046315.647741 action (0.03)
-1 1411046321.757973 effect (-116.195305 0.016608)
-1 1411046331.310441 action (0.04)
-1 1411046337.355842 effect (-94.502885 0.04715)
-1 1411046345.342697 action (0.05)
-1 1411046350.765213 effect (32.922429 0.003766)
-1 1411046368.413676 action (-0.05)
-1 1411046373.747396 effect (3.858659 0.159167)
-1 1411046384.003492 action (-0.04)
-1 1411046390.116979 effect (10.224212 0.144872)
-1 1411046404.014935 action (-0.03)
-1 1411046410.129707 effect (-5.95806 0.15368)
-1 1411046425.671232 action (-0.02)
-1 1411046432.197654 effect (-67.310483 0.339283)
-1 1411046442.000775 action (-0.01)
-1 1411046448.128812 effect (-25.910038 0.022795)
-1 1411046457.994281 action (0.0)
-1 1411046464.102858 effect (-78.273798 0.011565)
-1 1411046472.168135 action (0.01)
-1 1411046478.286490 effect (-169.428912 0.006011)
-1 1411046487.502974 action (0.02)
-1 1411046493.628330 effect (-165.848484 0.043936)
-1 1411046501.836364 action (0.03)
-1 1411046507.344156 effect (-121.03499 0.010544)
-1 1411046515.567082 action (0.04)
-1 1411046521.078806 effect (-160.289857 0.008221)
-1 1411046529.295815 action (0.05)
-1 1411046534.613889 effect (141.702987 0.003638)
-1 1411046556.384267 action (-0.05)
-1 1411046562.508549 effect (-14.836975 0.144105)
-1 1411046572.769364 action (-0.04)
-1 1411046577.908396 effect (9.595771 0.149307)
-1 1411046589.943467 action (-0.03)
-1 1411046595.964191 effect (9.912292 0.1606)
-1 1411046612.731109 action (-0.02)
-1 1411046618.865702 effect (-50.994601 0.368599)
-1 1411046629.946845 action (-0.01)
-1 1411046635.991766 effect (-27.769527 0.181212)
-1 1411046644.373815 action (0.0)
-1 1411046650.505465 effect (26.508565 0.004056)
-1 1411046658.832477 action (0.01)
-1 1411046664.938759 effect (-82.973088 0.009276)
-1 1411046673.310527 action (0.02)
-1 1411046680.642100 effect (-124.958921 0.023817)
-1 1411046693.102300 action (0.03)
-1 1411046700.012626 effect (-167.35906 0.063874)
-1 1411046709.193054 action (0.04)
-1 1411046714.726654 effect (-18.840548 0.151062)
-1 1411046722.863357 action (0.05)
-1 1411046728.289433 effect (83.297995 0.003373)
-1 1411046745.636387 action (-0.05)
-1 1411046751.744822 effect (0.729938 0.147413)
-1 1411046764.048469 action (-0.04)
-1 1411046769.282262 effect (7.188472 0.147875)
-1 1411046780.877850 action (-0.03)
-1 1411046787.107534 effect (9.957765 0.151908)
-1 1411046803.938167 action (-0.02)
-1 1411046809.971603 effect (10.085568 0.164177)
-1 1411046821.283434 action (-0.01)
-1 1411046827.292784 effect (-62.440388 0.268187)
-1 1411046835.099255 action (0.0)
-1 1411046842.326884 effect (-77.377098 0.010599)
-1 1411046850.975045 action (0.01)
-1 1411046857.085516 effect (78.492782 0.021595)
-1 1411046866.339204 action (0.02)
-1 1411046873.883614 effect (-82.725836 0.402332)
-1 1411046882.588934 action (0.03)
-1 1411046889.928836 effect (-89.999472 0.008381)
-1 1411046897.893469 action (0.04)
-1 1411046903.178498 effect (-119.365442 0.006614)
-1 1411046912.687993 action (0.05)
-1 1411046919.008292 effect (-36.381946 0.184858)
-1 1411046933.939175 action (-0.05)
-1 1411046939.968776 effect (0.623442 0.145735)
-1 1411046950.951523 action (-0.04)
-1 1411046957.400921 effect (7.425834 0.16305)
-1 1411046971.598630 action (-0.03)
-1 1411046977.622864 effect (7.448625 0.152643)
-1 1411046990.245665 action (-0.02)
-1 1411046997.045910 effect (-51.714644 0.370741)
-1 1411047008.131820 action (-0.01)
-1 1411047014.250552 effect (-24.164985 0.179866)
-1 1411047022.509769 action (0.0)
-1 1411047029.834444 effect (37.3721 0.01111)
-1 1411047038.206105 action (0.01)
-1 1411047045.433274 effect (77.295435 0.002183)
-1 1411047054.721418 action (0.02)
-1 1411047062.054733 effect (159.004058 0.042438)
-1 1411047071.410198 action (0.03)
-1 1411047078.730580 effect (-70.416486 0.061121)
-1 1411047087.086418 action (0.04)
-1 1411047093.095038 effect (52.559964 0.000406)
-1 1411047101.509190 action (0.05)
-1 1411047106.852172 effect (-132.229724 0.004654)
-1 1411047122.670112 action (-0.05)
-1 1411047129.030543 effect (4.879123 0.154401)
-1 1411047140.538405 action (-0.04)
-1 1411047145.767975 effect (7.627735 0.151397)
-1 1411047160.123109 action (-0.03)
-1 1411047167.343422 effect (11.114835 0.147292)
-1 1411047182.988961 action (-0.02)
-1 1411047189.101617 effect (0.976712 0.156654)
-1 1411047198.661868 action (-0.01)
-1 1411047205.876022 effect (-29.098028 0.040984)
-1 1411047214.032817 action (0.0)
-1 1411047220.171384 effect (65.522774 0.001353)
-1 1411047228.257706 action (0.01)
-1 1411047234.369549 effect (169.946784 0.00312)
-1 1411047244.029734 action (0.02)
-1 1411047251.249027 effect (155.3115 0.034329)
-1 1411047259.952426 action (0.03)
-1 1411047265.473615 effect (-112.470757 0.014259)
-1 1411047273.503517 action (0.04)
-1 1411047279.603188 effect (162.765551 0.005777)
-1 1411047287.673923 action (0.05)
-1 1411047292.995276 effect (-88.472667 0.009279)
