-1 1410767232.552837 action (-0.05)
-1 1410767238.058007 effect (139.399914 0.092267)
-1 1410767246.641475 action (-0.04)
-1 1410767252.879378 effect (22.652132 0.063534)
-1 1410767261.147437 action (-0.03)
-1 1410767267.260036 effect (64.808232 0.047519)
-1 1410767275.974636 action (-0.02)
-1 1410767282.091237 effect (43.90794 0.086018)
-1 1410767296.205396 action (-0.01)
-1 1410767303.224462 effect (-141.124114 0.010398)
-1 1410767316.876561 action (0.0)
-1 1410767323.825788 effect (117.319758 0.010859)
-1 1410767336.411004 action (0.01)
-1 1410767343.432631 effect (3.274026 0.008819)
-1 1410767355.437454 action (0.02)
-1 1410767361.356066 effect (97.903306 0.016119)
-1 1410767370.088833 action (0.03)
-1 1410767376.309848 effect (-65.961134 0.198003)
-1 1410767385.266445 action (0.04)
-1 1410767392.691829 effect (-23.752515 0.189142)
-1 1410767401.961059 action (0.05)
-1 1410767407.474012 effect (-86.280824 0.049814)
-1 1410767423.500487 action (-0.05)
-1 1410767428.334088 effect (10.934617 0.064358)
-1 1410767436.919241 action (-0.04)
-1 1410767443.142245 effect (25.474104 0.056406)
-1 1410767451.588867 action (-0.03)
-1 1410767457.704013 effect (29.705706 0.041179)
-1 1410767466.564458 action (-0.02)
-1 1410767471.962653 effect (69.756286 0.052235)
-1 1410767486.224427 action (-0.01)
-1 1410767493.135091 effect (85.043176 0.018694)
-1 1410767501.152747 action (0.0)
-1 1410767507.372834 effect (127.174669 0.005828)
-1 1410767521.659156 action (0.01)
-1 1410767528.609308 effect (105.748659 0.010494)
-1 1410767542.282277 action (0.02)
-1 1410767548.219914 effect (164.616415 0.048182)
-1 1410767557.953822 action (0.03)
-1 1410767563.872624 effect (-50.846754 0.226286)
-1 1410767573.583674 action (0.04)
-1 1410767579.485697 effect (-21.992592 0.182245)
-1 1410767589.625045 action (0.05)
-1 1410767596.834960 effect (-58.879497 0.163243)
-1 1410767611.033240 action (-0.05)
-1 1410767617.134370 effect (5.887154 0.120733)
-1 1410767626.669587 action (-0.04)
-1 1410767632.809329 effect (13.367408 0.104406)
-1 1410767640.814249 action (-0.03)
-1 1410767648.228205 effect (61.378387 0.044524)
-1 1410767662.004213 action (-0.02)
-1 1410767668.936601 effect (167.475586 0.024969)
-1 1410767680.354390 action (-0.01)
-1 1410767686.287056 effect (39.696969 0.051033)
-1 1410767694.426057 action (0.0)
-1 1410767701.831063 effect (-64.870618 0.01606)
-1 1410767714.241074 action (0.01)
-1 1410767720.142987 effect (54.77742 0.023554)
-1 1410767729.604251 action (0.02)
-1 1410767735.900570 effect (-28.55716 0.206066)
-1 1410767745.435411 action (0.03)
-1 1410767751.352696 effect (-25.71551 0.186268)
-1 1410767760.294745 action (0.04)
-1 1410767766.420397 effect (-24.61727 0.183359)
-1 1410767776.466880 action (0.05)
-1 1410767783.791111 effect (-50.405927 0.059708)
-1 1410767797.374700 action (-0.05)
-1 1410767802.705928 effect (31.938278 0.056802)
-1 1410767811.033036 action (-0.04)
-1 1410767816.372596 effect (10.953594 0.117214)
-1 1410767824.643773 action (-0.03)
-1 1410767832.038343 effect (64.229413 0.043805)
-1 1410767843.206157 action (-0.02)
-1 1410767849.224050 effect (58.225667 0.062116)
-1 1410767863.364456 action (-0.01)
-1 1410767871.397361 effect (155.388346 0.010682)
-1 1410767878.985039 action (0.0)
-1 1410767885.096116 effect (87.480288 0.008965)
-1 1410767897.509918 action (0.01)
-1 1410767904.532617 effect (60.675884 0.006743)
-1 1410767915.930294 action (0.02)
-1 1410767922.938950 effect (14.421573 0.238749)
-1 1410767933.082143 action (0.03)
-1 1410767940.290034 effect (21.1258 0.267317)
-1 1410767950.531214 action (0.04)
-1 1410767958.458323 effect (-18.016605 0.181475)
-1 1410767968.807648 action (0.05)
-1 1410767975.029882 effect (-47.093768 0.065506)
-1 1410767988.964401 action (-0.05)
-1 1410767994.282183 effect (5.807673 0.055257)
-1 1410768002.767418 action (-0.04)
-1 1410768008.882323 effect (17.15156 0.105408)
-1 1410768018.170920 action (-0.03)
-1 1410768025.488969 effect (40.14919 0.049156)
-1 1410768033.551389 action (-0.02)
-1 1410768039.782203 effect (53.092879 0.039034)
-1 1410768053.894456 action (-0.01)
-1 1410768060.977701 effect (62.337675 0.008662)
-1 1410768068.508571 action (0.0)
-1 1410768074.724807 effect (113.888515 0.006832)
-1 1410768089.266136 action (0.01)
-1 1410768096.307211 effect (127.952532 0.033677)
-1 1410768111.505136 action (0.02)
-1 1410768119.523492 effect (-26.497137 0.233831)
-1 1410768128.058692 action (0.03)
-1 1410768134.190153 effect (-44.339055 0.218035)
-1 1410768142.936225 action (0.04)
-1 1410768149.035649 effect (-22.465105 0.181308)
-1 1410768158.074065 action (0.05)
-1 1410768165.499190 effect (-23.869188 0.186928)
-1 1410768180.397710 action (-0.05)
-1 1410768185.742984 effect (4.872176 0.064821)
-1 1410768195.152611 action (-0.04)
-1 1410768200.409223 effect (30.527858 0.056116)
-1 1410768210.316370 action (-0.03)
-1 1410768216.538461 effect (18.692046 0.059019)
-1 1410768227.582062 action (-0.02)
-1 1410768234.517516 effect (70.258559 0.0568)
-1 1410768248.871684 action (-0.01)
-1 1410768256.887830 effect (77.336606 0.051207)
-1 1410768265.935501 action (0.0)
-1 1410768273.364738 effect (148.273086 0.006547)
-1 1410768287.689305 action (0.01)
-1 1410768294.703544 effect (-178.68892 0.006158)
-1 1410768304.455293 action (0.02)
-1 1410768311.581510 effect (-171.598777 0.013772)
-1 1410768321.017106 action (0.03)
-1 1410768327.295808 effect (-26.654663 0.192717)
-1 1410768337.531284 action (0.04)
-1 1410768344.580668 effect (-22.10654 0.185176)
-1 1410768354.573308 action (0.05)
-1 1410768360.688232 effect (-49.666858 0.063118)
-1 1410768377.319744 action (-0.05)
-1 1410768382.149446 effect (-166.614545 0.125389)
-1 1410768390.769190 action (-0.04)
-1 1410768396.917467 effect (35.730768 0.044822)
-1 1410768406.255646 action (-0.03)
-1 1410768411.773430 effect (55.782734 0.040923)
-1 1410768424.243062 action (-0.02)
-1 1410768430.166472 effect (72.636701 0.045003)
-1 1410768444.464510 action (-0.01)
-1 1410768452.465055 effect (163.328935 0.003374)
-1 1410768461.333159 action (0.0)
-1 1410768468.659363 effect (5.676891 0.022822)
-1 1410768482.743549 action (0.01)
-1 1410768489.656475 effect (75.46362 0.01933)
-1 1410768499.630839 action (0.02)
-1 1410768506.643561 effect (79.05578 0.005696)
-1 1410768515.498007 action (0.03)
-1 1410768520.722528 effect (-27.820104 0.199777)
-1 1410768533.475950 action (0.04)
-1 1410768540.401741 effect (-31.50779 0.193131)
-1 1410768551.659006 action (0.05)
-1 1410768556.490180 effect (-48.412701 0.194302)
-1 1410768572.059997 action (-0.05)
-1 1410768577.005009 effect (10.63324 0.063793)
-1 1410768585.473796 action (-0.04)
-1 1410768592.903264 effect (13.653953 0.07287)
-1 1410768602.410594 action (-0.03)
-1 1410768608.645757 effect (55.859084 0.042735)
-1 1410768623.020793 action (-0.02)
-1 1410768628.931834 effect (79.628596 0.051879)
-1 1410768642.540558 action (-0.01)
-1 1410768650.465094 effect (116.716367 0.006455)
-1 1410768664.404039 action (0.0)
-1 1410768671.324544 effect (53.998265 0.837029)
-1 1410768685.374839 action (0.01)
-1 1410768691.402440 effect (49.176469 0.020689)
-1 1410768700.964883 action (0.02)
-1 1410768707.084823 effect (42.986566 0.13691)
-1 1410768716.385978 action (0.03)
-1 1410768722.513552 effect (-62.275663 0.196055)
-1 1410768731.549049 action (0.04)
-1 1410768737.753652 effect (-22.87685 0.193754)
-1 1410768747.432264 action (0.05)
-1 1410768753.553688 effect (-18.109621 0.183527)
-1 1410768768.136319 action (-0.05)
-1 1410768774.369662 effect (38.486069 0.037971)
-1 1410768783.368333 action (-0.04)
-1 1410768789.473287 effect (13.53499 0.11939)
-1 1410768798.340457 action (-0.03)
-1 1410768805.740547 effect (92.722559 0.039849)
-1 1410768817.209358 action (-0.02)
-1 1410768825.238972 effect (67.986356 0.052953)
-1 1410768837.404472 action (-0.01)
-1 1410768844.633827 effect (46.47304 0.082032)
-1 1410768853.452637 action (0.0)
-1 1410768860.866205 effect (90.517967 0.004652)
-1 1410768873.303204 action (0.01)
-1 1410768879.234036 effect (79.393164 0.019571)
-1 1410768890.923149 action (0.02)
-1 1410768897.952323 effect (37.733867 0.137219)
-1 1410768907.983038 action (0.03)
-1 1410768915.095723 effect (-30.246255 0.193749)
-1 1410768923.803401 action (0.04)
-1 1410768929.842160 effect (-25.09153 0.186177)
-1 1410768940.146701 action (0.05)
-1 1410768947.173500 effect (-25.56841 0.185806)
-1 1410768962.935029 action (-0.05)
-1 1410768968.471179 effect (30.323693 0.028691)
-1 1410768976.810962 action (-0.04)
-1 1410768982.150861 effect (35.327438 0.041115)
-1 1410768991.492957 action (-0.03)
-1 1410768996.827547 effect (57.542624 0.045508)
-1 1410769012.079856 action (-0.02)
-1 1410769018.014147 effect (145.671339 0.020193)
-1 1410769031.939144 action (-0.01)
-1 1410769039.961960 effect (117.027115 0.029081)
-1 1410769047.649108 action (0.0)
-1 1410769053.885517 effect (-131.56226 0.004438)
-1 1410769068.084545 action (0.01)
-1 1410769074.111700 effect (102.749977 0.023618)
-1 1410769088.194894 action (0.02)
-1 1410769094.198655 effect (137.471443 0.027947)
-1 1410769102.801227 action (0.03)
-1 1410769108.924507 effect (-28.379072 0.19627)
-1 1410769119.288700 action (0.04)
-1 1410769126.307275 effect (-22.785191 0.191022)
-1 1410769136.209570 action (0.05)
-1 1410769142.337417 effect (-38.57771 0.063664)
-1 1410769156.394885 action (-0.05)
-1 1410769161.411491 effect (24.430978 0.071632)
-1 1410774735.248203 action (-0.04)
-1 1410774737.584030 effect (2.353512 0.551353)
-1 1410774917.376964 action (-0.05)
-1 1410774922.106669 effect (8.998076 0.071258)
-1 1410774930.057409 action (-0.04)
-1 1410774937.549238 effect (27.835312 0.050264)
-1 1410774947.144504 action (-0.03)
-1 1410774953.274375 effect (45.085087 0.046416)
-1 1410774962.494404 action (-0.02)
-1 1410774968.519564 effect (78.883373 0.038312)
-1 1410774982.904774 action (-0.01)
-1 1410774989.931505 effect (152.079948 0.001152)
-1 1410774997.288126 action (0.0)
-1 1410775002.910951 effect (54.458049 0.001748)
-1 1410775017.103358 action (0.01)
-1 1410775023.033624 effect (178.942708 0.01334)
-1 1410775032.796314 action (0.02)
-1 1410775038.717129 effect (-29.101985 0.188855)
-1 1410775047.270143 action (0.03)
-1 1410775053.373870 effect (-24.600243 0.185806)
-1 1410775062.831777 action (0.04)
-1 1410775069.078494 effect (-25.069359 0.183219)
-1 1410775078.982774 action (0.05)
-1 1410775084.308466 effect (-46.085188 0.064848)
-1 1410775099.560391 action (-0.05)
-1 1410775105.498271 effect (-37.780089 0.219841)
-1 1410775113.255550 action (-0.04)
-1 1410775118.681321 effect (59.352089 0.041561)
-1 1410775126.751499 action (-0.03)
-1 1410775133.568311 effect (66.063459 0.051654)
-1 1410775147.982665 action (-0.02)
-1 1410775154.997647 effect (163.300575 0.031772)
-1 1410775169.692332 action (-0.01)
-1 1410775176.613436 effect (81.650465 0.005079)
-1 1410775185.335957 action (0.0)
-1 1410775191.536856 effect (-7.274146 0.036595)
-1 1410775205.718320 action (0.01)
-1 1410775213.773068 effect (73.383166 0.01699)
-1 1410775229.460222 action (0.02)
-1 1410775237.482199 effect (-25.961278 0.207438)
-1 1410775246.998102 action (0.03)
-1 1410775254.032390 effect (-29.859527 0.197533)
-1 1410775264.187698 action (0.04)
-1 1410775271.598023 effect (-61.46631 0.184989)
-1 1410775281.735551 action (0.05)
-1 1410775287.949785 effect (-47.863395 0.069309)
-1 1410775302.376080 action (-0.05)
-1 1410775309.721773 effect (4.027761 0.073719)
-1 1410775317.963692 action (-0.04)
-1 1410775323.303032 effect (11.94391 0.10892)
-1 1410775331.400320 action (-0.03)
-1 1410775338.725887 effect (62.005267 0.049878)
-1 1410775354.189793 action (-0.02)
-1 1410775361.102441 effect (159.071168 0.037487)
-1 1410775374.895489 action (-0.01)
-1 1410775382.818203 effect (-117.928511 0.008965)
-1 1410775391.929176 action (0.0)
-1 1410775398.147933 effect (74.854959 0.016055)
-1 1410775412.198891 action (0.01)
-1 1410775419.235621 effect (123.424507 0.010685)
-1 1410775429.075608 action (0.02)
-1 1410775436.179122 effect (169.762513 0.024211)
-1 1410775445.568507 action (0.03)
-1 1410775452.999194 effect (-31.270924 0.193982)
-1 1410775461.782104 action (0.04)
-1 1410775467.895795 effect (-24.826064 0.188297)
-1 1410775477.266067 action (0.05)
-1 1410775484.589964 effect (-24.596827 0.185402)
-1 1410775498.485926 action (-0.05)
-1 1410775506.612985 effect (45.556949 0.037154)
-1 1410775515.037297 action (-0.04)
-1 1410775522.461345 effect (29.179116 0.042099)
-1 1410775532.169530 action (-0.03)
-1 1410775539.569261 effect (53.080989 0.044782)
-1 1410775553.707889 action (-0.02)
-1 1410775559.628239 effect (169.704744 0.029747)
-1 1410775574.407244 action (-0.01)
-1 1410775581.439129 effect (78.005632 0.025751)
-1 1410775596.585852 action (0.0)
-1 1410775602.587114 effect (148.912014 0.008154)
-1 1410775616.436837 action (0.01)
-1 1410775622.358681 effect (-81.413884 0.412393)
-1 1410775631.615221 action (0.02)
-1 1410775637.000144 effect (96.989122 0.422932)
-1 1410775647.425910 action (0.03)
-1 1410775653.547441 effect (-24.478099 0.190698)
-1 1410775662.579358 action (0.04)
-1 1410775668.695528 effect (-24.556649 0.178505)
-1 1410775677.933227 action (0.05)
-1 1410775684.164911 effect (-20.093717 0.176601)
-1 1410775698.729381 action (-0.05)
-1 1410775704.950073 effect (27.073793 0.055284)
-1 1410775713.262812 action (-0.04)
-1 1410775719.802695 effect (33.148156 0.063511)
-1 1410775729.101476 action (-0.03)
-1 1410775735.227027 effect (46.100279 0.046524)
-1 1410775745.796354 action (-0.02)
-1 1410775752.030250 effect (46.752946 0.064584)
-1 1410775767.676206 action (-0.01)
-1 1410775774.697799 effect (85.050337 0.001716)
-1 1410775782.372026 action (0.0)
-1 1410775788.582623 effect (-8.670627 0.00796)
-1 1410775802.615765 action (0.01)
-1 1410775809.530327 effect (127.391508 0.012013)
-1 1410775819.065130 action (0.02)
-1 1410775826.083626 effect (-163.76705 0.024485)
-1 1410775835.521022 action (0.03)
-1 1410775842.952868 effect (-27.553279 0.20006)
-1 1410775852.029516 action (0.04)
-1 1410775859.459554 effect (-22.956715 0.176191)
-1 1410775868.997181 action (0.05)
-1 1410775876.217112 effect (-15.590118 0.178532)
-1 1410775890.115179 action (-0.05)
-1 1410775896.243588 effect (21.07018 0.102785)
-1 1410775906.020322 action (-0.04)
-1 1410775911.282173 effect (11.409457 0.112711)
-1 1410775919.693491 action (-0.03)
-1 1410775925.819577 effect (80.935641 0.043628)
-1 1410775939.955319 action (-0.02)
-1 1410775945.874431 effect (165.676994 0.044855)
-1 1410775959.787304 action (-0.01)
-1 1410775965.718344 effect (137.637061 0.011613)
-1 1410775973.036971 action (0.0)
-1 1410775979.156906 effect (-99.72256 0.003444)
-1 1410775993.411364 action (0.01)
-1 1410776000.361536 effect (81.043986 0.00611)
-1 1410776009.708917 action (0.02)
-1 1410776016.920156 effect (132.205953 0.003761)
-1 1410776026.832024 action (0.03)
-1 1410776033.871386 effect (-27.238492 0.195606)
-1 1410776043.078046 action (0.04)
-1 1410776050.495200 effect (-24.066339 0.187764)
-1 1410776059.410444 action (0.05)
-1 1410776065.629546 effect (-26.611203 0.184354)
-1 1410776081.320295 action (-0.05)
-1 1410776088.652578 effect (11.092456 0.079989)
-1 1410776098.365837 action (-0.04)
-1 1410776104.650686 effect (19.264131 0.093225)
-1 1410776118.804579 action (-0.03)
-1 1410776124.717650 effect (131.47368 0.056952)
-1 1410776139.650380 action (-0.02)
-1 1410776147.673396 effect (136.692993 0.031705)
-1 1410776163.089774 action (-0.01)
-1 1410776170.006527 effect (-72.005103 0.012731)
-1 1410776179.162394 action (0.0)
-1 1410776186.586021 effect (86.953769 0.010538)
-1 1410776195.900225 action (0.01)
-1 1410776202.019523 effect (-136.704619 0.03336)
-1 1410776211.825507 action (0.02)
-1 1410776218.044711 effect (47.940817 0.098178)
-1 1410776227.278251 action (0.03)
-1 1410776234.718583 effect (-28.87678 0.195032)
-1 1410776243.540672 action (0.04)
-1 1410776249.482602 effect (-24.426415 0.188051)
-1 1410776259.212587 action (0.05)
-1 1410776265.320577 effect (-37.130823 0.059831)
-1 1410776280.834819 action (-0.05)
-1 1410776286.075426 effect (9.275751 0.08019)
-1 1410776295.495321 action (-0.04)
-1 1410776301.943885 effect (11.92369 0.107775)
-1 1410776310.307839 action (-0.03)
-1 1410776317.630343 effect (6.822974 0.158297)
-1 1410776333.070859 action (-0.02)
-1 1410776339.082588 effect (152.41835 0.032674)
-1 1410776352.963701 action (-0.01)
-1 1410776360.970496 effect (103.23214 0.063695)
-1 1410776368.376834 action (0.0)
-1 1410776374.478451 effect (56.043048 0.009232)
-1 1410776388.639779 action (0.01)
-1 1410776395.672618 effect (59.876036 0.007108)
-1 1410776404.758092 action (0.02)
-1 1410776412.058028 effect (43.584677 0.140852)
-1 1410776421.529228 action (0.03)
-1 1410776427.649067 effect (-48.303962 0.208883)
-1 1410776436.749176 action (0.04)
-1 1410776442.876442 effect (-25.572092 0.181102)
-1 1410776451.859292 action (0.05)
-1 1410776457.992160 effect (-23.619886 0.173468)
-1 1410776474.222111 action (-0.05)
-1 1410776482.349912 effect (-164.652361 0.101837)
-1 1410776490.814996 action (-0.04)
-1 1410776495.945570 effect (28.287611 0.06693)
-1 1410776504.031205 action (-0.03)
-1 1410776509.279510 effect (13.228709 0.142169)
-1 1410776524.928273 action (-0.02)
-1 1410776531.963691 effect (141.724251 0.039327)
-1 1410776545.994332 action (-0.01)
-1 1410776552.913741 effect (173.438604 0.009635)
-1 1410776561.518140 action (0.0)
-1 1410776567.741131 effect (11.839502 0.031065)
-1 1410776582.107594 action (0.01)
-1 1410776590.134919 effect (101.964802 0.008773)
-1 1410776599.429342 action (0.02)
-1 1410776605.529887 effect (85.237484 0.010097)
-1 1410776614.332520 action (0.03)
-1 1410776620.442878 effect (-21.055369 0.185992)
-1 1410776629.281545 action (0.04)
-1 1410776635.300317 effect (-16.826612 0.180731)
-1 1410776644.702565 action (0.05)
-1 1410776650.818520 effect (-27.297888 0.183505)
-1 1410776666.096233 action (-0.05)
-1 1410776672.323449 effect (8.536997 0.074009)
-1 1410776680.567252 action (-0.04)
-1 1410776685.495638 effect (17.774634 0.098671)
-1 1410776695.238042 action (-0.03)
-1 1410776701.469045 effect (41.681538 0.056484)
-1 1410776715.601461 action (-0.02)
-1 1410776722.619840 effect (167.597304 0.031266)
-1 1410776737.813498 action (-0.01)
-1 1410776743.740294 effect (127.806912 0.009441)
-1 1410776751.344227 action (0.0)
-1 1410776758.557746 effect (-103.78602 0.005719)
-1 1410776772.737868 action (0.01)
-1 1410776779.790207 effect (151.387006 0.007072)
-1 1410776790.736288 action (0.02)
-1 1410776796.789381 effect (57.104674 0.079848)
-1 1410776808.404234 action (0.03)
-1 1410776815.322957 effect (-16.437554 0.215603)
-1 1410776823.860816 action (0.04)
-1 1410776830.079439 effect (-15.700777 0.175402)
-1 1410776839.763506 action (0.05)
-1 1410776846.771051 effect (-22.4391 0.171339)
