-1 1410085894.962592 action (-0.05)
-1 1410085901.581951 effect (52.305668 0.038596)
-1 1410085914.100785 action (-0.04)
-1 1410085919.858175 effect (7.486355 0.076411)
-1 1410085932.559498 action (-0.03)
-1 1410085939.506956 effect (101.103406 0.042153)
-1 1410085954.762127 action (-0.02)
-1 1410085961.373449 effect (-58.079 0.007056)
-1 1410085977.242760 action (-0.01)
-1 1410085983.843606 effect (-0.124351 0.004294)
-1 1410085995.104882 action (0.0)
-1 1410086001.677041 effect (-50.543485 0.010629)
-1 1410086016.951244 action (0.01)
-1 1410086023.901406 effect (141.331308 0.003711)
-1 1410086038.284784 action (0.02)
-1 1410086045.219628 effect (-157.30873 0.020745)
-1 1410086061.371476 action (0.03)
-1 1410086067.909132 effect (-77.351955 0.023208)
-1 1410086078.541596 action (0.04)
-1 1410086084.896946 effect (-82.837951 0.031417)
-1 1410086095.423068 action (0.05)
-1 1410086101.039672 effect (78.218965 0.002473)
-1 1410086116.954107 action (-0.05)
-1 1410086123.411140 effect (68.447551 0.016587)
-1 1410086134.549589 action (-0.04)
-1 1410086141.098096 effect (19.565688 0.043982)
-1 1410086153.112100 action (-0.03)
-1 1410086159.659666 effect (88.313612 0.027233)
-1 1410086174.184437 action (-0.02)
-1 1410086181.026840 effect (133.47558 0.004817)
-1 1410086195.538310 action (-0.01)
-1 1410086201.798984 effect (84.164474 0.007251)
-1 1410086212.319963 action (0.0)
-1 1410086218.854785 effect (37.887306 0.009326)
-1 1410086233.811114 action (0.01)
-1 1410086240.167154 effect (-50.845115 0.006049)
-1 1410086254.846519 action (0.02)
-1 1410086261.099393 effect (-173.488535 0.043134)
-1 1410086276.653376 action (0.03)
-1 1410086283.096646 effect (-56.616958 0.0972)
-1 1410086293.678314 action (0.04)
-1 1410086299.718737 effect (-100.45273 0.017403)
-1 1410086310.319615 action (0.05)
-1 1410086316.590048 effect (52.735218 0.00819)
-1 1410086335.321413 action (-0.05)
-1 1410086341.562378 effect (47.847383 0.036863)
-1 1410086353.973070 action (-0.04)
-1 1410086360.348598 effect (21.14523 0.070606)
-1 1410086372.132215 action (-0.03)
-1 1410086378.482616 effect (46.374098 0.03257)
-1 1410086392.089723 action (-0.02)
-1 1410086398.649687 effect (108.153159 0.052672)
-1 1410086413.699042 action (-0.01)
-1 1410086420.138482 effect (88.583995 0.020492)
-1 1410086430.393438 action (0.0)
-1 1410086436.531093 effect (83.789482 0.004848)
-1 1410086451.579032 action (0.01)
-1 1410086457.129092 effect (-155.850045 0.003142)
-1 1410086474.156969 action (0.02)
-1 1410086480.429228 effect (-68.473246 0.168247)
-1 1410086490.889258 action (0.03)
-1 1410086497.422383 effect (-89.529013 0.02015)
-1 1410086508.262171 action (0.04)
-1 1410086514.598376 effect (-99.78318 0.01349)
-1 1410086525.171824 action (0.05)
-1 1410086531.430635 effect (-88.624029 0.017566)
-1 1410086547.874038 action (-0.05)
-1 1410086554.436768 effect (4.618848 0.042197)
-1 1410086565.848405 action (-0.04)
-1 1410086572.314018 effect (22.108629 0.066973)
-1 1410086585.772708 action (-0.03)
-1 1410086592.574790 effect (73.986711 0.05951)
-1 1410086606.943371 action (-0.02)
-1 1410086613.902187 effect (101.809165 0.028374)
-1 1410086628.917724 action (-0.01)
-1 1410086635.260881 effect (29.818709 0.009079)
-1 1410086645.195606 action (0.0)
-1 1410086652.228393 effect (86.555726 0.005904)
-1 1410086666.549653 action (0.01)
-1 1410086673.009959 effect (-10.287725 0.003536)
-1 1410086687.717107 action (0.02)
-1 1410086693.766285 effect (172.029274 0.014227)
-1 1410086705.685362 action (0.03)
-1 1410086712.437311 effect (-101.726124 0.029939)
-1 1410086723.046255 action (0.04)
-1 1410086728.601456 effect (-105.099519 0.024075)
-1 1410086739.492701 action (0.05)
-1 1410086745.967620 effect (-88.93871 0.01976)
-1 1410086762.995952 action (-0.05)
-1 1410086768.042135 effect (2.258183 0.066687)
-1 1410086779.655949 action (-0.04)
-1 1410086786.208401 effect (28.648679 0.037516)
-1 1410086799.328146 action (-0.03)
-1 1410086805.901069 effect (5.747036 0.042624)
-1 1410086820.756115 action (-0.02)
-1 1410086827.390697 effect (115.849486 0.010749)
-1 1410086841.814435 action (-0.01)
-1 1410086847.955792 effect (-80.255453 0.007851)
-1 1410086857.991564 action (0.0)
-1 1410086864.926039 effect (-154.007485 0.003403)
-1 1410086879.559660 action (0.01)
-1 1410086885.764769 effect (56.110354 0.015951)
-1 1410086899.988993 action (0.02)
-1 1410086906.140796 effect (143.328374 0.030048)
-1 1410086918.627110 action (0.03)
-1 1410086923.775535 effect (-104.640029 0.026501)
-1 1410086933.993006 action (0.04)
-1 1410086940.121007 effect (-86.449522 0.016235)
-1 1410086950.932328 action (0.05)
-1 1410086957.204295 effect (-43.142387 0.004438)
-1 1410086974.436759 action (-0.05)
-1 1410086979.592046 effect (8.037089 0.068741)
-1 1410086990.912505 action (-0.04)
-1 1410086997.404135 effect (20.886677 0.06942)
-1 1410087009.151076 action (-0.03)
-1 1410087015.631553 effect (63.935301 0.040806)
-1 1410087029.726548 action (-0.02)
-1 1410087035.883449 effect (94.766503 0.045057)
-1 1410087050.374039 action (-0.01)
-1 1410087056.539243 effect (26.735359 0.004343)
-1 1410087067.036428 action (0.0)
-1 1410087073.611434 effect (57.295468 0.014162)
-1 1410087088.541983 action (0.01)
-1 1410087094.887623 effect (108.024055 0.007295)
-1 1410087109.579048 action (0.02)
-1 1410087115.733338 effect (-175.321776 0.050625)
-1 1410087127.393391 action (0.03)
-1 1410087133.564837 effect (-109.878319 0.023765)
-1 1410087143.882917 action (0.04)
-1 1410087150.008990 effect (-104.643513 0.007999)
-1 1410087160.045131 action (0.05)
-1 1410087166.300178 effect (-120.681704 0.006379)
-1 1410087184.152511 action (-0.05)
-1 1410087189.103314 effect (4.191434 0.111707)
-1 1410087200.566370 action (-0.04)
-1 1410087206.612051 effect (14.296279 0.058085)
-1 1410087218.474799 action (-0.03)
-1 1410087224.933315 effect (101.845935 0.027712)
-1 1410087238.957117 action (-0.02)
-1 1410087245.397880 effect (100.758814 0.051307)
-1 1410087260.149631 action (-0.01)
-1 1410087266.501755 effect (93.115573 0.011492)
-1 1410087276.546624 action (0.0)
-1 1410087282.694914 effect (107.151878 0.003147)
-1 1410087296.797999 action (0.01)
-1 1410087303.052793 effect (-89.6977 0.006923)
-1 1410087317.731836 action (0.02)
-1 1410087324.036995 effect (-158.362294 0.038609)
-1 1410087337.855475 action (0.03)
-1 1410087344.190126 effect (123.071799 0.004476)
-1 1410087354.359212 action (0.04)
-1 1410087360.788982 effect (-82.282773 0.025181)
-1 1410087371.127255 action (0.05)
-1 1410087376.294916 effect (-104.650043 0.009742)
-1 1410087394.286227 action (-0.05)
-1 1410087400.661205 effect (-0.855626 0.079591)
-1 1410087411.946337 action (-0.04)
-1 1410087418.363698 effect (35.078521 0.03879)
-1 1410087431.910111 action (-0.03)
-1 1410087438.180894 effect (43.147443 0.058016)
-1 1410087451.815126 action (-0.02)
-1 1410087457.088369 effect (96.920491 0.049693)
-1 1410087471.599317 action (-0.01)
-1 1410087478.016861 effect (128.346879 0.001288)
-1 1410087487.952380 action (0.0)
-1 1410087494.229477 effect (27.657888 0.004885)
-1 1410087509.972767 action (0.01)
-1 1410087516.222179 effect (0.900968 0.04581)
-1 1410087531.484878 action (0.02)
-1 1410087537.621785 effect (178.384425 0.025624)
-1 1410087548.724770 action (0.03)
-1 1410087554.772123 effect (-91.407537 0.032146)
-1 1410087565.458696 action (0.04)
-1 1410087572.217420 effect (-78.175039 0.016523)
-1 1410087583.104731 action (0.05)
-1 1410087589.465325 effect (48.298934 0.005617)
-1 1410087604.523494 action (-0.05)
-1 1410087611.284552 effect (64.643608 0.022526)
-1 1410087623.580155 action (-0.04)
-1 1410087629.722851 effect (23.593999 0.059382)
-1 1410087641.773280 action (-0.03)
-1 1410087648.712495 effect (36.738305 0.045493)
-1 1410087663.542911 action (-0.02)
-1 1410087670.486526 effect (-157.237451 0.046294)
-1 1410087684.982673 action (-0.01)
-1 1410087691.345994 effect (108.967641 0.008414)
-1 1410087702.387783 action (0.0)
-1 1410087708.631002 effect (71.790335 0.011622)
-1 1410087722.818552 action (0.01)
-1 1410087729.159049 effect (-55.786494 0.001224)
-1 1410087746.362476 action (0.02)
-1 1410087752.781486 effect (-30.038776 0.131709)
-1 1410087763.306618 action (0.03)
-1 1410087769.635532 effect (-119.607424 0.025941)
-1 1410087780.230000 action (0.04)
-1 1410087786.716572 effect (-104.707895 0.020644)
-1 1410087797.790192 action (0.05)
-1 1410087804.138500 effect (148.54833 0.003056)
-1 1410087820.986844 action (-0.05)
-1 1410087827.599392 effect (7.155606 0.067097)
-1 1410087838.933860 action (-0.04)
-1 1410087845.502621 effect (16.06881 0.065816)
-1 1410087857.330126 action (-0.03)
-1 1410087863.881708 effect (44.049439 0.041637)
-1 1410087878.227646 action (-0.02)
-1 1410087884.790313 effect (93.347887 0.050672)
-1 1410087899.976040 action (-0.01)
-1 1410087906.633195 effect (73.660037 0.013435)
-1 1410087916.663812 action (0.0)
-1 1410087923.355902 effect (-33.624317 0.007953)
-1 1410087937.831566 action (0.01)
-1 1410087943.165618 effect (156.78688 0.006176)
-1 1410087957.678036 action (0.02)
-1 1410087963.850105 effect (-171.863484 0.046749)
-1 1410087974.555933 action (0.03)
-1 1410087980.594428 effect (-95.74885 0.033092)
-1 1410087991.684005 action (0.04)
-1 1410087998.161787 effect (-96.273018 0.026328)
-1 1410088008.623238 action (0.05)
-1 1410088015.140687 effect (-88.614467 0.016766)
-1 1410088033.267608 action (-0.05)
-1 1410088039.839179 effect (2.79069 0.109382)
-1 1410088051.774605 action (-0.04)
-1 1410088058.041377 effect (24.817085 0.063063)
-1 1410088070.939198 action (-0.03)
-1 1410088076.507982 effect (20.149233 0.026316)
-1 1410088090.916650 action (-0.02)
-1 1410088096.277145 effect (154.414235 0.022189)
-1 1410088111.172542 action (-0.01)
-1 1410088117.617445 effect (-58.740898 0.007326)
-1 1410088128.154186 action (0.0)
-1 1410088134.281230 effect (-129.66211 0.00442)
-1 1410088149.013949 action (0.01)
-1 1410088155.269620 effect (83.389691 0.002396)
-1 1410088170.261460 action (0.02)
-1 1410088175.774939 effect (-131.683502 0.014639)
-1 1410088190.455714 action (0.03)
-1 1410088196.694306 effect (-31.59229 0.038972)
-1 1410088206.974380 action (0.04)
-1 1410088213.393878 effect (-89.58267 0.035368)
-1 1410088224.215000 action (0.05)
-1 1410088229.457608 effect (24.797672 0.004565)
-1 1410088248.557998 action (-0.05)
-1 1410088253.736704 effect (0.959164 0.10727)
-1 1410088265.243604 action (-0.04)
-1 1410088271.832738 effect (27.08103 0.061098)
-1 1410088284.387243 action (-0.03)
-1 1410088290.917764 effect (106.771685 0.043806)
-1 1410088305.138501 action (-0.02)
-1 1410088311.233892 effect (93.646566 0.052761)
-1 1410088325.903249 action (-0.01)
-1 1410088332.550910 effect (83.801461 0.022073)
-1 1410088342.839210 action (0.0)
-1 1410088349.172626 effect (88.282594 0.01125)
-1 1410088363.869364 action (0.01)
-1 1410088370.533914 effect (91.402769 0.014912)
-1 1410088385.337506 action (0.02)
-1 1410088391.912352 effect (-136.962443 0.017965)
-1 1410088406.784316 action (0.03)
-1 1410088413.049491 effect (177.039792 0.05057)
-1 1410088423.602156 action (0.04)
-1 1410088429.346948 effect (-78.895817 0.018707)
-1 1410088440.215435 action (0.05)
-1 1410088445.390521 effect (-76.34384 0.015033)
-1 1410088463.167680 action (-0.05)
-1 1410088468.149026 effect (2.630006 0.130882)
-1 1410088479.387828 action (-0.04)
-1 1410088485.568093 effect (14.442501 0.077386)
-1 1410088499.186422 action (-0.03)
-1 1410088504.265798 effect (44.293164 0.062802)
-1 1410088517.555312 action (-0.02)
-1 1410088523.914550 effect (108.30141 0.034265)
-1 1410088539.085244 action (-0.01)
-1 1410088545.438031 effect (46.118671 0.01079)
-1 1410088555.589124 action (0.0)
-1 1410088560.947737 effect (-83.666511 0.002398)
-1 1410088575.717126 action (0.01)
-1 1410088581.758146 effect (89.397928 0.018301)
-1 1410088597.049251 action (0.02)
-1 1410088603.075269 effect (-34.303795 0.00895)
-1 1410088614.221225 action (0.03)
-1 1410088620.490145 effect (-89.14695 0.032733)
-1 1410088631.026813 action (0.04)
-1 1410088637.393185 effect (-89.449867 0.032989)
-1 1410088647.318307 action (0.05)
-1 1410088653.675261 effect (128.589717 0.004389)
-1 1410088669.199958 action (-0.05)
-1 1410088675.923682 effect (5.146844 0.045969)
-1 1410088688.558711 action (-0.04)
-1 1410088694.908098 effect (8.291776 0.1113)
-1 1410088707.581876 action (-0.03)
-1 1410088714.230936 effect (98.765682 0.042759)
-1 1410088728.371779 action (-0.02)
-1 1410088735.026303 effect (105.792946 0.022805)
-1 1410088749.804971 action (-0.01)
-1 1410088756.282592 effect (106.786285 0.01278)
-1 1410088766.973537 action (0.0)
-1 1410088773.111351 effect (-87.9284 0.008729)
-1 1410088787.355684 action (0.01)
-1 1410088793.831763 effect (98.372378 0.015791)
-1 1410088808.785937 action (0.02)
-1 1410088813.938291 effect (152.286299 0.027004)
-1 1410088825.890606 action (0.03)
-1 1410088831.221064 effect (-98.624372 0.024326)
-1 1410088841.972104 action (0.04)
-1 1410088848.491491 effect (-126.260299 0.021626)
-1 1410088858.824714 action (0.05)
-1 1410088865.467855 effect (-177.050287 0.011182)
-1 1410088882.045288 action (-0.05)
-1 1410088888.510004 effect (12.006206 0.055806)
-1 1410088901.393883 action (-0.04)
-1 1410088908.282889 effect (52.12965 0.030904)
-1 1410088919.418826 action (-0.03)
-1 1410088925.702412 effect (83.74523 0.035318)
-1 1410088939.569117 action (-0.02)
-1 1410088945.802176 effect (93.608868 0.046477)
-1 1410088960.249167 action (-0.01)
-1 1410088966.623117 effect (39.344231 0.000966)
-1 1410088976.848330 action (0.0)
-1 1410088983.300073 effect (30.143269 0.008034)
-1 1410088997.441764 action (0.01)
-1 1410089003.984564 effect (111.47645 0.00895)
-1 1410089019.102674 action (0.02)
-1 1410089025.450454 effect (142.404741 0.030724)
-1 1410089041.701037 action (0.03)
-1 1410089048.149241 effect (-22.284181 0.140081)
-1 1410089058.694065 action (0.04)
-1 1410089065.166575 effect (-108.337287 0.007934)
-1 1410089075.839902 action (0.05)
-1 1410089080.905630 effect (-86.07337 0.005189)
