-1 1409926757.885837 action (-0.05)
-1 1409926763.930626 effect (-3.165872 0.160076)
-1 1409926772.714227 action (-0.04)
-1 1409926777.772102 effect (1.789586 0.161969)
-1 1409926788.642996 action (-0.03)
-1 1409926794.661703 effect (1.796475 0.162991)
-1 1409926806.391642 action (-0.02)
-1 1409926813.626871 effect (9.706151 0.1606)
-1 1409926831.432060 action (-0.01)
-1 1409926839.575382 effect (-25.032789 0.164263)
-1 1409926854.152211 action (0.0)
-1 1409926860.089334 effect (-38.70239 0.204596)
-1 1409926874.765486 action (0.01)
-1 1409926880.892203 effect (-68.207999 0.323767)
-1 1409926892.181815 action (0.02)
-1 1409926899.425406 effect (23.983636 0.173723)
-1 1409926907.494369 action (0.03)
-1 1409926913.540724 effect (-105.105998 0.018893)
-1 1409926921.414553 action (0.04)
-1 1409926928.757945 effect (-113.528342 0.011453)
-1 1409926937.143674 action (0.05)
-1 1409926944.373880 effect (-91.152612 0.00227)
-1 1409926961.094947 action (-0.05)
-1 1409926968.318040 effect (-1.078376 0.153925)
-1 1409926978.507734 action (-0.04)
-1 1409926985.867587 effect (-0.483187 0.161963)
-1 1409926995.855876 action (-0.03)
-1 1409927002.140923 effect (2.377437 0.164244)
-1 1409927014.413182 action (-0.02)
-1 1409927022.541780 effect (6.57235 0.16792)
-1 1409927037.655998 action (-0.01)
-1 1409927043.677590 effect (-54.14695 0.261781)
-1 1409927057.054633 action (0.0)
-1 1409927063.070303 effect (-31.441312 0.18193)
-1 1409927077.594495 action (0.01)
-1 1409927084.737865 effect (-21.744443 0.173992)
-1 1409927095.385732 action (0.02)
-1 1409927101.434942 effect (18.487863 0.166569)
-1 1409927110.175186 action (0.03)
-1 1409927117.315612 effect (-115.542187 0.031079)
-1 1409927125.288734 action (0.04)
-1 1409927131.620320 effect (-81.109991 0.020736)
-1 1409927139.359174 action (0.05)
-1 1409927145.289943 effect (127.411648 0.002334)
-1 1409927158.883411 action (-0.05)
-1 1409927164.044162 effect (10.580503 0.176757)
-1 1409927172.894029 action (-0.04)
-1 1409927179.015435 effect (0.121631 0.161599)
-1 1409927190.333161 action (-0.03)
-1 1409927196.262998 effect (3.436847 0.164178)
-1 1409927207.077554 action (-0.02)
-1 1409927214.201682 effect (10.065862 0.162719)
-1 1409927225.160271 action (-0.01)
-1 1409927231.177309 effect (6.559004 0.165328)
-1 1409927244.631676 action (0.0)
-1 1409927252.776805 effect (-25.932357 0.190935)
-1 1409927263.865010 action (0.01)
-1 1409927269.894179 effect (16.079326 0.197251)
-1 1409927280.937746 action (0.02)
-1 1409927286.981882 effect (155.557554 0.006631)
-1 1409927297.235555 action (0.03)
-1 1409927305.364114 effect (101.373585 0.017083)
-1 1409927314.875551 action (0.04)
-1 1409927322.025790 effect (-31.852017 0.191241)
-1 1409927329.996999 action (0.05)
-1 1409927336.001042 effect (-163.834457 0.005675)
-1 1409927351.035951 action (-0.05)
-1 1409927357.077293 effect (9.81378 0.15742)
-1 1409927366.018797 action (-0.04)
-1 1409927371.059868 effect (0.07212 0.162404)
-1 1409927381.763637 action (-0.03)
-1 1409927388.927430 effect (4.061554 0.160994)
-1 1409927400.835900 action (-0.02)
-1 1409927406.870979 effect (9.328221 0.163172)
-1 1409927422.063703 action (-0.01)
-1 1409927428.087432 effect (-73.689528 0.463862)
-1 1409927442.050543 action (0.0)
-1 1409927449.094406 effect (-45.320081 0.228702)
-1 1409927464.279224 action (0.01)
-1 1409927472.405285 effect (-61.494452 0.311606)
-1 1409927483.078693 action (0.02)
-1 1409927490.196208 effect (20.83278 0.175007)
-1 1409927498.533359 action (0.03)
-1 1409927504.540530 effect (-106.152111 0.024045)
-1 1409927512.399882 action (0.04)
-1 1409927517.601880 effect (-89.012632 0.03427)
-1 1409927526.395684 action (0.05)
-1 1409927533.434862 effect (-86.788974 0.071094)
-1 1409927547.581491 action (-0.05)
-1 1409927553.738154 effect (8.274234 0.155852)
-1 1409927563.709977 action (-0.04)
-1 1409927570.751025 effect (-1.912708 0.164042)
-1 1409927581.456061 action (-0.03)
-1 1409927587.688304 effect (3.335241 0.158218)
-1 1409927599.538812 action (-0.02)
-1 1409927606.772031 effect (3.644556 0.162656)
-1 1409927622.938560 action (-0.01)
-1 1409927630.072689 effect (-66.110216 0.412154)
-1 1409927643.602209 action (0.0)
-1 1409927649.630514 effect (-29.651463 0.185578)
-1 1409927662.732518 action (0.01)
-1 1409927670.871329 effect (-22.813297 0.16022)
-1 1409927681.492734 action (0.02)
-1 1409927688.620529 effect (-170.321629 0.025)
-1 1409927700.341668 action (0.03)
-1 1409927706.358928 effect (-61.289476 0.073824)
-1 1409927713.881148 action (0.04)
-1 1409927721.006861 effect (-90.506293 0.012284)
-1 1409927730.123775 action (0.05)
-1 1409927735.273190 effect (-90.562038 0.048624)
-1 1409927750.957625 action (-0.05)
-1 1409927756.989278 effect (1.742294 0.166754)
-1 1409927766.958595 action (-0.04)
-1 1409927772.093453 effect (-0.7162 0.166013)
-1 1409927783.294882 action (-0.03)
-1 1409927790.425899 effect (6.950686 0.159246)
-1 1409927802.551231 action (-0.02)
-1 1409927809.672791 effect (11.480446 0.162653)
-1 1409927826.236502 action (-0.01)
-1 1409927832.161530 effect (-72.699915 0.430054)
-1 1409927845.715963 action (0.0)
-1 1409927852.041058 effect (-34.022227 0.171539)
-1 1409927865.989500 action (0.01)
-1 1409927874.114755 effect (-22.441623 0.180368)
-1 1409927884.921109 action (0.02)
-1 1409927892.247006 effect (-61.758354 0.021246)
-1 1409927901.290371 action (0.03)
-1 1409927907.341129 effect (-26.565573 0.175667)
-1 1409927915.702427 action (0.04)
-1 1409927921.743238 effect (-93.325718 0.017756)
-1 1409927929.692390 action (0.05)
-1 1409927936.843518 effect (-119.848015 0.013631)
-1 1409927952.258422 action (-0.05)
-1 1409927957.188943 effect (-2.083867 0.160626)
-1 1409927967.641247 action (-0.04)
-1 1409927973.778160 effect (-1.82567 0.161631)
-1 1409927983.415851 action (-0.03)
-1 1409927989.344841 effect (3.520129 0.161092)
-1 1409928001.172152 action (-0.02)
-1 1409928007.194141 effect (5.472088 0.166088)
-1 1409928020.930537 action (-0.01)
-1 1409928028.186255 effect (20.27008 0.176978)
-1 1409928037.421377 action (0.0)
-1 1409928043.460185 effect (-72.590149 0.033108)
-1 1409928056.764777 action (0.01)
-1 1409928064.892119 effect (-64.737367 0.105746)
-1 1409928076.551139 action (0.02)
-1 1409928081.788618 effect (-151.013564 0.051629)
-1 1409928090.690675 action (0.03)
-1 1409928096.713200 effect (-30.504357 0.230666)
-1 1409928104.425033 action (0.04)
-1 1409928110.663907 effect (-87.543494 0.015786)
-1 1409928119.157590 action (0.05)
-1 1409928124.390479 effect (-86.694699 0.056535)
-1 1409928139.982594 action (-0.05)
-1 1409928146.130797 effect (2.431811 0.163143)
-1 1409928155.761074 action (-0.04)
-1 1409928163.900368 effect (-0.808539 0.164081)
-1 1409928172.714648 action (-0.03)
-1 1409928178.745282 effect (4.915348 0.15869)
-1 1409928190.740570 action (-0.02)
-1 1409928196.772678 effect (4.07066 0.162174)
-1 1409928211.256629 action (-0.01)
-1 1409928218.396072 effect (-63.113723 0.329597)
-1 1409928232.027820 action (0.0)
-1 1409928239.248414 effect (-33.050309 0.187588)
-1 1409928252.026055 action (0.01)
-1 1409928258.060053 effect (-30.786703 0.167796)
-1 1409928269.276527 action (0.02)
-1 1409928276.434378 effect (116.376572 0.007013)
-1 1409928284.926020 action (0.03)
-1 1409928290.925630 effect (-119.675678 0.026414)
-1 1409928299.051340 action (0.04)
-1 1409928305.069011 effect (-83.625646 0.023052)
-1 1409928313.334811 action (0.05)
-1 1409928319.373993 effect (-86.34742 0.007869)
-1 1409928333.644302 action (-0.05)
-1 1409928338.687908 effect (-4.58008 0.155083)
-1 1409928347.920593 action (-0.04)
-1 1409928353.961576 effect (0.744487 0.162487)
-1 1409928363.173124 action (-0.03)
-1 1409928371.324485 effect (2.332181 0.168239)
-1 1409928382.055814 action (-0.02)
-1 1409928388.180263 effect (5.110396 0.160797)
-1 1409928403.582602 action (-0.01)
-1 1409928411.738359 effect (-74.366196 0.457976)
-1 1409928424.870370 action (0.0)
-1 1409928433.003244 effect (-29.177023 0.182681)
-1 1409928446.645968 action (0.01)
-1 1409928454.777957 effect (-30.928898 0.182016)
-1 1409928467.021752 action (0.02)
-1 1409928474.133956 effect (-27.817804 0.161901)
-1 1409928482.784924 action (0.03)
-1 1409928489.996892 effect (-102.002049 0.0368)
-1 1409928499.379113 action (0.04)
-1 1409928506.490900 effect (-11.455157 0.258989)
-1 1409928514.088538 action (0.05)
-1 1409928520.105328 effect (-88.492621 0.00656)
-1 1409928537.537999 action (-0.05)
-1 1409928542.668397 effect (6.487389 0.149534)
-1 1409928553.071407 action (-0.04)
-1 1409928558.317204 effect (-0.921289 0.164729)
-1 1409928568.992588 action (-0.03)
-1 1409928576.135868 effect (4.118733 0.164863)
-1 1409928587.510122 action (-0.02)
-1 1409928594.542503 effect (0.674255 0.160125)
-1 1409928611.155368 action (-0.01)
-1 1409928617.169873 effect (-65.957224 0.328413)
-1 1409928632.629948 action (0.0)
-1 1409928640.759559 effect (-32.990203 0.169274)
-1 1409928654.477430 action (0.01)
-1 1409928662.592933 effect (-27.475239 0.178389)
-1 1409928673.600167 action (0.02)
-1 1409928680.751243 effect (-87.606948 0.011723)
-1 1409928690.210961 action (0.03)
-1 1409928696.233776 effect (-27.86222 0.165771)
-1 1409928704.025656 action (0.04)
-1 1409928710.132207 effect (-86.121442 0.009587)
-1 1409928718.194215 action (0.05)
-1 1409928724.230142 effect (-119.088353 0.006534)
-1 1409928738.897291 action (-0.05)
-1 1409928742.839207 effect (-3.138573 0.161651)
-1 1409928751.966306 action (-0.04)
-1 1409928758.219317 effect (1.560431 0.162095)
-1 1409928771.043842 action (-0.03)
-1 1409928778.175150 effect (2.867201 0.164784)
-1 1409928792.881700 action (-0.02)
-1 1409928801.016688 effect (0.567016 0.164535)
-1 1409928812.687204 action (-0.01)
-1 1409928820.808451 effect (10.581483 0.165158)
-1 1409928833.686085 action (0.0)
-1 1409928840.912488 effect (-33.562586 0.178351)
-1 1409928854.188991 action (0.01)
-1 1409928860.221595 effect (-31.106274 0.158935)
-1 1409928870.798725 action (0.02)
-1 1409928877.115399 effect (-82.87422 0.027286)
-1 1409928886.264016 action (0.03)
-1 1409928891.577797 effect (-144.983084 0.034376)
-1 1409928899.091691 action (0.04)
-1 1409928906.227383 effect (-89.41344 0.017819)
-1 1409928914.317947 action (0.05)
-1 1409928920.331810 effect (-58.547034 0.007548)
-1 1409928935.655775 action (-0.05)
-1 1409928940.732062 effect (1.72878 0.155605)
-1 1409928950.679721 action (-0.04)
-1 1409928956.721571 effect (-1.285769 0.16265)
-1 1409928967.075859 action (-0.03)
-1 1409928974.233782 effect (3.236443 0.164424)
-1 1409928986.570383 action (-0.02)
-1 1409928993.600832 effect (6.611289 0.165633)
-1 1409929007.709086 action (-0.01)
-1 1409929014.932863 effect (-72.744296 0.452983)
-1 1409929028.875992 action (0.0)
-1 1409929036.935451 effect (-25.150494 0.191829)
-1 1409929049.091719 action (0.01)
-1 1409929056.244824 effect (9.898615 0.160426)
-1 1409929065.738823 action (0.02)
-1 1409929072.869097 effect (162.781619 0.016717)
-1 1409929081.708210 action (0.03)
-1 1409929086.935841 effect (-38.417709 0.204238)
-1 1409929096.103015 action (0.04)
-1 1409929102.133131 effect (-35.637305 0.19955)
-1 1409929109.918263 action (0.05)
-1 1409929117.018162 effect (150.942183 0.00365)
-1 1409929131.067506 action (-0.05)
-1 1409929136.230921 effect (-3.413773 0.164586)
-1 1409929145.400884 action (-0.04)
-1 1409929152.557592 effect (12.735047 0.176731)
-1 1409929163.914848 action (-0.03)
-1 1409929169.159086 effect (2.910604 0.165623)
-1 1409929180.274242 action (-0.02)
-1 1409929188.420103 effect (11.288346 0.157227)
-1 1409929205.932195 action (-0.01)
-1 1409929214.068372 effect (-32.509425 0.178957)
-1 1409929227.380207 action (0.0)
-1 1409929235.510291 effect (-30.59796 0.167601)
-1 1409929250.990128 action (0.01)
-1 1409929258.097782 effect (-3.94309 0.148493)
-1 1409929268.658603 action (0.02)
-1 1409929273.897506 effect (22.525958 0.173895)
-1 1409929283.034251 action (0.03)
-1 1409929290.262629 effect (-22.004219 0.175251)
-1 1409929300.186196 action (0.04)
-1 1409929305.312851 effect (-30.451557 0.2395)
-1 1409929314.030756 action (0.05)
-1 1409929320.063746 effect (-97.976681 0.052658)
-1 1409929339.747874 action (-0.05)
-1 1409929345.898870 effect (2.158811 0.169312)
-1 1409929356.785280 action (-0.04)
-1 1409929364.929717 effect (-0.782365 0.161766)
-1 1409929373.574483 action (-0.03)
-1 1409929378.827126 effect (3.11222 0.164328)
-1 1409929392.015523 action (-0.02)
-1 1409929399.151269 effect (1.576535 0.163246)
-1 1409929415.641982 action (-0.01)
-1 1409929421.689463 effect (-67.184184 0.433247)
-1 1409929436.239653 action (0.0)
-1 1409929443.462495 effect (-38.760348 0.201028)
-1 1409929454.647050 action (0.01)
-1 1409929461.778409 effect (13.919298 0.173579)
-1 1409929474.993310 action (0.02)
-1 1409929483.127243 effect (-49.409717 0.138241)
-1 1409929493.844699 action (0.03)
-1 1409929501.072388 effect (-174.067953 0.051048)
-1 1409929509.796807 action (0.04)
-1 1409929515.815329 effect (-92.84066 0.067087)
-1 1409929523.929363 action (0.05)
-1 1409929529.247969 effect (-71.091028 0.011788)
-1 1409929542.549398 action (-0.05)
-1 1409929546.475379 effect (3.685778 0.156898)
-1 1409929556.209652 action (-0.04)
-1 1409929561.285549 effect (-1.140551 0.164445)
-1 1409929571.353094 action (-0.03)
-1 1409929577.374089 effect (3.461852 0.169289)
-1 1409929587.594311 action (-0.02)
-1 1409929594.626366 effect (5.782545 0.163916)
-1 1409929610.108949 action (-0.01)
-1 1409929618.254601 effect (-43.446266 0.353955)
-1 1409929632.040611 action (0.0)
-1 1409929638.075079 effect (-42.261612 0.223985)
-1 1409929650.986164 action (0.01)
-1 1409929657.292194 effect (-29.147071 0.165316)
-1 1409929669.908766 action (0.02)
-1 1409929675.919124 effect (-64.001818 0.013809)
-1 1409929684.013003 action (0.03)
-1 1409929690.136357 effect (-99.593184 0.036043)
-1 1409929698.280089 action (0.04)
-1 1409929704.790011 effect (-80.892372 0.022684)
-1 1409929712.971166 action (0.05)
-1 1409929718.994511 effect (89.973504 0.009299)
