-1 1410855786.319551 action (-0.05)
-1 1410855793.259094 effect (-2.778157 0.154329)
-1 1410855803.403614 action (-0.04)
-1 1410855808.831878 effect (-2.670456 0.160959)
-1 1410855820.433766 action (-0.03)
-1 1410855826.058673 effect (9.163052 0.15649)
-1 1410855837.234722 action (-0.02)
-1 1410855843.852532 effect (12.147048 0.163751)
-1 1410855855.724385 action (-0.01)
-1 1410855861.848764 effect (14.606451 0.16209)
-1 1410855877.541497 action (0.0)
-1 1410855885.075905 effect (-49.146345 0.300353)
-1 1410855899.116686 action (0.01)
-1 1410855905.262634 effect (95.794833 0.023686)
-1 1410855915.508267 action (0.02)
-1 1410855921.023365 effect (-64.896499 0.048147)
-1 1410855930.128449 action (0.03)
-1 1410855935.758184 effect (-55.379752 0.076974)
-1 1410855944.525508 action (0.04)
-1 1410855949.924319 effect (-119.025185 0.012094)
-1 1410855958.314856 action (0.05)
-1 1410855963.737161 effect (33.62027 0.007836)
-1 1410855980.870030 action (-0.05)
-1 1410855987.090654 effect (-5.702927 0.158118)
-1 1410855997.531257 action (-0.04)
-1 1410856004.080888 effect (9.338756 0.168068)
-1 1410856015.580511 action (-0.03)
-1 1410856021.796727 effect (20.987865 0.148633)
-1 1410856031.783683 action (-0.02)
-1 1410856037.819667 effect (18.486297 0.174614)
-1 1410856049.786823 action (-0.01)
-1 1410856056.007551 effect (14.727115 0.161178)
-1 1410856072.681308 action (0.0)
-1 1410856078.903992 effect (-68.229923 0.135757)
-1 1410856092.268872 action (0.01)
-1 1410856097.891533 effect (101.315713 0.016543)
-1 1410856106.710445 action (0.02)
-1 1410856112.238282 effect (-50.459371 0.09374)
-1 1410856121.316515 action (0.03)
-1 1410856126.915584 effect (-42.346236 0.065073)
-1 1410856135.233086 action (0.04)
-1 1410856140.873800 effect (-93.062506 0.025751)
-1 1410856149.314117 action (0.05)
-1 1410856154.820368 effect (-126.921911 0.003213)
-1 1410856171.790617 action (-0.05)
-1 1410856178.132264 effect (-7.517312 0.151482)
-1 1410856190.212780 action (-0.04)
-1 1410856195.646102 effect (7.39313 0.174503)
-1 1410856207.463125 action (-0.03)
-1 1410856214.289920 effect (6.955303 0.154993)
-1 1410856223.071732 action (-0.02)
-1 1410856229.287977 effect (88.487067 0.070988)
-1 1410856241.781103 action (-0.01)
-1 1410856248.006632 effect (14.415657 0.162711)
-1 1410856264.030648 action (0.0)
-1 1410856270.257697 effect (-67.578946 0.153901)
-1 1410856281.421589 action (0.01)
-1 1410856287.651521 effect (20.034805 0.169922)
-1 1410856300.860924 action (0.02)
-1 1410856307.086292 effect (51.715605 0.008079)
-1 1410856315.900486 action (0.03)
-1 1410856321.517464 effect (-55.880038 0.090158)
-1 1410856330.597969 action (0.04)
-1 1410856337.552310 effect (-47.636401 0.066478)
-1 1410856346.667737 action (0.05)
-1 1410856352.341776 effect (-111.525145 0.007336)
-1 1410856370.384169 action (-0.05)
-1 1410856376.625455 effect (5.44099 0.131782)
-1 1410856386.939002 action (-0.04)
-1 1410856392.390838 effect (10.290532 0.170736)
-1 1410856404.297331 action (-0.03)
-1 1410856410.150341 effect (14.237323 0.169445)
-1 1410856420.215575 action (-0.02)
-1 1410856426.370005 effect (59.566426 0.107537)
-1 1410856437.268409 action (-0.01)
-1 1410856443.016607 effect (14.275267 0.162274)
-1 1410856458.554013 action (0.0)
-1 1410856465.988016 effect (-62.520641 0.108842)
-1 1410856479.568536 action (0.01)
-1 1410856485.182905 effect (-126.833066 0.036323)
-1 1410856495.909711 action (0.02)
-1 1410856501.536602 effect (-39.40815 0.134811)
-1 1410856510.436458 action (0.03)
-1 1410856515.954550 effect (-63.065992 0.077531)
-1 1410856524.134863 action (0.04)
-1 1410856529.750207 effect (-76.832338 0.014373)
-1 1410856538.411085 action (0.05)
-1 1410856544.050024 effect (-165.028574 0.008569)
-1 1410856560.769884 action (-0.05)
-1 1410856567.515352 effect (0.257377 0.14823)
-1 1410856577.782093 action (-0.04)
-1 1410856583.222076 effect (10.559878 0.170712)
-1 1410856594.938088 action (-0.03)
-1 1410856600.397879 effect (11.9161 0.156632)
-1 1410856609.953632 action (-0.02)
-1 1410856615.479758 effect (13.806377 0.15842)
-1 1410856625.400442 action (-0.01)
-1 1410856631.608676 effect (10.858722 0.167672)
-1 1410856644.508271 action (0.0)
-1 1410856650.141627 effect (-53.912768 0.422282)
-1 1410856664.106312 action (0.01)
-1 1410856670.337209 effect (-76.058002 0.042829)
-1 1410856679.270713 action (0.02)
-1 1410856684.802560 effect (-71.401422 0.071865)
-1 1410856693.488429 action (0.03)
-1 1410856700.212761 effect (-54.16474 0.091637)
-1 1410856708.547099 action (0.04)
-1 1410856714.161962 effect (-89.959634 0.010932)
-1 1410856722.731746 action (0.05)
-1 1410856729.362242 effect (34.627191 0.01126)
-1 1410856745.153816 action (-0.05)
-1 1410856750.708386 effect (6.966002 0.169728)
-1 1410856763.428480 action (-0.04)
-1 1410856768.952810 effect (4.514546 0.152655)
-1 1410856779.192391 action (-0.03)
-1 1410856785.522275 effect (6.808377 0.153851)
-1 1410856794.993296 action (-0.02)
-1 1410856801.113578 effect (9.072391 0.161255)
-1 1410856811.359141 action (-0.01)
-1 1410856817.472612 effect (13.474269 0.159338)
-1 1410856831.683136 action (0.0)
-1 1410856837.907476 effect (-44.276339 0.010276)
-1 1410856853.327378 action (0.01)
-1 1410856859.558001 effect (-5.002269 0.010687)
-1 1410856874.668904 action (0.02)
-1 1410856880.493039 effect (55.285743 0.011698)
-1 1410856890.675974 action (0.03)
-1 1410856897.289431 effect (-34.179439 0.188297)
-1 1410856906.077236 action (0.04)
-1 1410856911.986518 effect (-40.261321 0.077864)
-1 1410856920.175520 action (0.05)
-1 1410856925.587005 effect (-158.240352 0.00371)
-1 1410856943.549436 action (-0.05)
-1 1410856949.263327 effect (7.721501 0.161611)
-1 1410856960.796017 action (-0.04)
-1 1410856967.440828 effect (9.354967 0.17087)
-1 1410856980.166891 action (-0.03)
-1 1410856986.923123 effect (11.926909 0.17074)
-1 1410856998.522401 action (-0.02)
-1 1410857004.137209 effect (14.993601 0.159953)
-1 1410857016.017940 action (-0.01)
-1 1410857022.131574 effect (12.405369 0.165849)
-1 1410857034.957021 action (0.0)
-1 1410857040.695187 effect (-2.990442 0.020416)
-1 1410857054.163729 action (0.01)
-1 1410857060.186280 effect (38.699774 0.01101)
-1 1410857073.834210 action (0.02)
-1 1410857079.757954 effect (-54.091642 0.081211)
-1 1410857089.488448 action (0.03)
-1 1410857095.090792 effect (-71.493146 0.036153)
-1 1410857103.272356 action (0.04)
-1 1410857108.786776 effect (-87.771121 0.019911)
-1 1410857117.271702 action (0.05)
-1 1410857122.895607 effect (-13.64582 0.003346)
-1 1410857139.159317 action (-0.05)
-1 1410857145.899430 effect (11.184822 0.252967)
-1 1410857155.687549 action (-0.04)
-1 1410857161.900775 effect (10.015868 0.155338)
-1 1410857173.762398 action (-0.03)
-1 1410857179.297413 effect (9.007203 0.156088)
-1 1410857189.546617 action (-0.02)
-1 1410857195.761285 effect (10.706915 0.157735)
-1 1410857207.900820 action (-0.01)
-1 1410857215.329017 effect (12.262127 0.167091)
-1 1410857231.017000 action (0.0)
-1 1410857237.140853 effect (-41.364964 0.153203)
-1 1410857250.847878 action (0.01)
-1 1410857256.389907 effect (-178.155704 0.023647)
-1 1410857271.934301 action (0.02)
-1 1410857277.744757 effect (120.494725 0.048029)
-1 1410857286.751717 action (0.03)
-1 1410857292.878792 effect (-58.808581 0.13418)
-1 1410857301.130090 action (0.04)
-1 1410857308.090565 effect (-87.823535 0.012764)
-1 1410857316.883873 action (0.05)
-1 1410857322.407976 effect (-117.948302 0.005462)
-1 1410857336.736295 action (-0.05)
-1 1410857342.978013 effect (2.242309 0.16111)
-1 1410857354.971871 action (-0.04)
-1 1410857360.512992 effect (5.778709 0.173979)
-1 1410857372.084989 action (-0.03)
-1 1410857377.625690 effect (8.943198 0.150918)
-1 1410857389.006518 action (-0.02)
-1 1410857395.137813 effect (19.071904 0.176773)
-1 1410857407.536845 action (-0.01)
-1 1410857413.869649 effect (19.743005 0.157437)
-1 1410857428.406443 action (0.0)
-1 1410857435.749937 effect (-72.22532 0.11541)
-1 1410857451.971349 action (0.01)
-1 1410857457.800525 effect (-70.869156 0.124187)
-1 1410857466.925106 action (0.02)
-1 1410857473.166175 effect (-78.775759 0.05145)
-1 1410857481.754471 action (0.03)
-1 1410857487.285315 effect (-53.961743 0.075283)
-1 1410857496.918442 action (0.04)
-1 1410857502.647827 effect (-27.376677 0.114582)
-1 1410857510.955213 action (0.05)
-1 1410857516.476026 effect (-78.365757 0.005522)
-1 1410857532.272966 action (-0.05)
-1 1410857538.599693 effect (-0.122684 0.149912)
-1 1410857550.213696 action (-0.04)
-1 1410857556.454368 effect (0.421992 0.16311)
-1 1410857567.513428 action (-0.03)
-1 1410857573.130201 effect (2.436097 0.164431)
-1 1410857584.753676 action (-0.02)
-1 1410857592.176294 effect (9.097798 0.1521)
-1 1410857603.740879 action (-0.01)
-1 1410857609.861504 effect (14.569643 0.163117)
-1 1410857622.814560 action (0.0)
-1 1410857628.956613 effect (22.635622 0.18105)
-1 1410857644.516243 action (0.01)
-1 1410857650.237064 effect (-33.617335 0.137503)
-1 1410857663.149141 action (0.02)
-1 1410857669.370023 effect (-36.111667 0.104975)
-1 1410857679.401698 action (0.03)
-1 1410857685.113375 effect (-39.688913 0.127508)
-1 1410857693.643898 action (0.04)
-1 1410857699.373757 effect (-107.734964 0.020519)
-1 1410857707.818667 action (0.05)
-1 1410857713.221374 effect (-66.750496 0.016443)
