-1 1410861580.127457 action (-0.05)
-1 1410861585.856889 effect (0.36229 0.16402)
-1 1410861596.566533 action (-0.04)
-1 1410861602.214061 effect (1.72317 0.161541)
-1 1410861616.590481 action (-0.03)
-1 1410861622.331240 effect (10.859077 0.148217)
-1 1410861636.205868 action (-0.02)
-1 1410861641.928850 effect (-71.86114 0.020699)
-1 1410861655.459542 action (-0.01)
-1 1410861661.280808 effect (72.704134 0.009461)
-1 1410861670.340518 action (0.0)
-1 1410861676.168914 effect (113.179626 0.006303)
-1 1410861690.129339 action (0.01)
-1 1410861696.236709 effect (57.660462 0.008511)
-1 1410861709.705478 action (0.02)
-1 1410861715.626378 effect (86.231275 0.02329)
-1 1410861724.619354 action (0.03)
-1 1410861730.657707 effect (-80.365194 0.041134)
-1 1410861739.527987 action (0.04)
-1 1410861745.457639 effect (-118.842805 0.013071)
-1 1410861754.443415 action (0.05)
-1 1410861760.373292 effect (-138.467815 0.012806)
-1 1410861776.545489 action (-0.05)
-1 1410861782.814879 effect (0.18621 0.15526)
-1 1410861794.565497 action (-0.04)
-1 1410861800.425149 effect (1.050917 0.166578)
-1 1410861812.712270 action (-0.03)
-1 1410861818.568001 effect (11.619152 0.142995)
-1 1410861834.792367 action (-0.02)
-1 1410861841.009691 effect (-40.559747 0.153463)
-1 1410861854.176157 action (-0.01)
-1 1410861861.285680 effect (112.313124 0.005287)
-1 1410861870.350713 action (0.0)
-1 1410861876.270525 effect (-46.066168 0.005293)
-1 1410861889.957284 action (0.01)
-1 1410861895.777614 effect (-17.061723 0.007394)
-1 1410861904.961654 action (0.02)
-1 1410861910.786387 effect (-87.907816 0.015055)
-1 1410861919.754653 action (0.03)
-1 1410861925.482443 effect (-86.464084 0.026219)
-1 1410861934.253117 action (0.04)
-1 1410861939.884726 effect (-91.544839 0.016232)
-1 1410861948.986514 action (0.05)
-1 1410861954.727272 effect (24.014359 0.000388)
-1 1410861974.258686 action (-0.05)
-1 1410861979.990674 effect (11.620079 0.152202)
-1 1410861991.503384 action (-0.04)
-1 1410861997.378150 effect (1.290708 0.165372)
-1 1410862012.713053 action (-0.03)
-1 1410862018.649327 effect (2.972003 0.165039)
-1 1410862034.736516 action (-0.02)
-1 1410862041.102293 effect (-62.132009 0.242415)
-1 1410862057.159923 action (-0.01)
-1 1410862063.474255 effect (-54.452354 0.431232)
-1 1410862072.607742 action (0.0)
-1 1410862078.647906 effect (55.138462 0.002594)
-1 1410862092.084406 action (0.01)
-1 1410862097.915456 effect (80.77542 0.00932)
-1 1410862112.942304 action (0.02)
-1 1410862118.966379 effect (41.932009 0.01406)
-1 1410862128.043367 action (0.03)
-1 1410862133.960582 effect (4.215316 0.001658)
-1 1410862143.338373 action (0.04)
-1 1410862149.264037 effect (-117.332995 0.011244)
-1 1410862158.332810 action (0.05)
-1 1410862163.938050 effect (-83.586464 0.005857)
-1 1410862180.712856 action (-0.05)
-1 1410862186.467734 effect (2.164928 0.157063)
-1 1410862197.319452 action (-0.04)
-1 1410862203.043725 effect (2.389417 0.164019)
-1 1410862218.212350 action (-0.03)
-1 1410862223.978340 effect (14.348433 0.169024)
-1 1410862239.908139 action (-0.02)
-1 1410862245.823634 effect (17.434526 0.161743)
-1 1410862259.229067 action (-0.01)
-1 1410862265.163594 effect (38.793196 0.008906)
-1 1410862274.605989 action (0.0)
-1 1410862280.519474 effect (-4.383262 0.003725)
-1 1410862293.553407 action (0.01)
-1 1410862299.674094 effect (64.195889 0.008182)
-1 1410862313.073075 action (0.02)
-1 1410862318.805227 effect (77.58698 0.017859)
-1 1410862327.698323 action (0.03)
-1 1410862333.519626 effect (-81.409925 0.026497)
-1 1410862342.970314 action (0.04)
-1 1410862348.585346 effect (-52.293406 0.005691)
-1 1410862357.926401 action (0.05)
-1 1410862363.662419 effect (-33.704012 0.007147)
-1 1410862379.663216 action (-0.05)
-1 1410862385.716000 effect (0.141765 0.144178)
-1 1410862396.053114 action (-0.04)
-1 1410862401.912810 effect (3.343311 0.157253)
-1 1410862417.949626 action (-0.03)
-1 1410862423.972623 effect (1.222074 0.165625)
-1 1410862439.952209 action (-0.02)
-1 1410862445.775244 effect (21.442871 0.158877)
-1 1410862459.086470 action (-0.01)
-1 1410862464.900735 effect (-78.212549 0.001705)
-1 1410862473.907872 action (0.0)
-1 1410862479.942452 effect (73.230851 0.009325)
-1 1410862493.662719 action (0.01)
-1 1410862499.491821 effect (-70.983919 0.003739)
-1 1410862511.927983 action (0.02)
-1 1410862517.934999 effect (-133.157163 0.017811)
-1 1410862527.543135 action (0.03)
-1 1410862533.478480 effect (-88.989231 0.030089)
-1 1410862542.887350 action (0.04)
-1 1410862548.727325 effect (-84.951485 0.016446)
-1 1410862558.805408 action (0.05)
-1 1410862564.531347 effect (112.916003 0.005318)
-1 1410862579.926060 action (-0.05)
-1 1410862585.562657 effect (-2.420498 0.160259)
-1 1410862597.261606 action (-0.04)
-1 1410862603.010209 effect (0.906033 0.159334)
-1 1410862618.427052 action (-0.03)
-1 1410862624.343178 effect (1.845947 0.16564)
-1 1410862640.192909 action (-0.02)
-1 1410862646.421410 effect (10.633208 0.157012)
-1 1410862660.818453 action (-0.01)
-1 1410862666.851687 effect (-64.173138 0.007978)
-1 1410862676.490255 action (0.0)
-1 1410862682.401087 effect (-68.993489 0.002095)
-1 1410862695.931457 action (0.01)
-1 1410862701.831386 effect (58.117722 0.007439)
-1 1410862710.689694 action (0.02)
-1 1410862716.402792 effect (-94.75108 0.03366)
-1 1410862729.477959 action (0.03)
-1 1410862735.308706 effect (-75.660777 0.013492)
-1 1410862744.637733 action (0.04)
-1 1410862750.550243 effect (-114.588871 0.018802)
-1 1410862759.549459 action (0.05)
-1 1410862765.267376 effect (-110.620956 0.007047)
-1 1410862782.265147 action (-0.05)
-1 1410862787.989996 effect (-0.946469 0.158388)
-1 1410862798.944862 action (-0.04)
-1 1410862806.473922 effect (1.526718 0.156531)
-1 1410862818.535694 action (-0.03)
-1 1410862824.272394 effect (3.483636 0.154924)
-1 1410862840.547891 action (-0.02)
-1 1410862846.466423 effect (19.374838 0.156828)
-1 1410862860.287336 action (-0.01)
-1 1410862866.195997 effect (-18.8103 0.031245)
-1 1410862876.637657 action (0.0)
-1 1410862882.656049 effect (-7.23178 0.022903)
-1 1410862896.300106 action (0.01)
-1 1410862902.204778 effect (-146.701646 0.004024)
-1 1410862916.235692 action (0.02)
-1 1410862922.057779 effect (89.335248 0.022151)
-1 1410862932.284135 action (0.03)
-1 1410862938.208072 effect (-95.831703 0.026698)
-1 1410862947.537361 action (0.04)
-1 1410862953.277836 effect (-62.149454 0.008523)
-1 1410862962.415857 action (0.05)
-1 1410862968.228698 effect (-85.331573 0.00794)
-1 1410862986.453076 action (-0.05)
-1 1410862992.669813 effect (11.053816 0.150048)
-1 1410863004.531974 action (-0.04)
-1 1410863010.483167 effect (0.586874 0.167025)
-1 1410863024.131020 action (-0.03)
-1 1410863029.950250 effect (4.759535 0.16296)
-1 1410863046.099135 action (-0.02)
-1 1410863051.913734 effect (-47.626638 0.12393)
-1 1410863066.136286 action (-0.01)
-1 1410863072.084566 effect (-0.775283 0.023884)
-1 1410863081.512161 action (0.0)
-1 1410863087.424515 effect (-112.434315 0.007905)
-1 1410863100.986495 action (0.01)
-1 1410863107.021921 effect (103.439153 0.019402)
-1 1410863120.714132 action (0.02)
-1 1410863126.524192 effect (96.021657 0.038252)
-1 1410863136.397594 action (0.03)
-1 1410863142.206787 effect (-54.486596 0.013517)
-1 1410863151.397341 action (0.04)
-1 1410863157.416687 effect (176.459445 0.003212)
-1 1410863166.278907 action (0.05)
-1 1410863171.993347 effect (151.721327 0.001548)
-1 1410863189.279526 action (-0.05)
-1 1410863193.941810 effect (11.566263 0.167293)
-1 1410863205.001123 action (-0.04)
-1 1410863210.727910 effect (3.542157 0.157134)
-1 1410863223.306296 action (-0.03)
-1 1410863229.048158 effect (3.424006 0.161072)
-1 1410863245.896357 action (-0.02)
-1 1410863252.118307 effect (10.437971 0.159225)
-1 1410863266.204720 action (-0.01)
-1 1410863272.135594 effect (-41.796536 0.018138)
-1 1410863281.217099 action (0.0)
-1 1410863287.448873 effect (62.190277 0.001385)
-1 1410863300.685275 action (0.01)
-1 1410863306.504761 effect (115.814954 0.006473)
-1 1410863320.344100 action (0.02)
-1 1410863326.272200 effect (-35.489213 0.008925)
-1 1410863335.988410 action (0.03)
-1 1410863341.897546 effect (-82.358219 0.02519)
-1 1410863351.017398 action (0.04)
-1 1410863356.954596 effect (-88.495549 0.012999)
-1 1410863366.918977 action (0.05)
-1 1410863372.744881 effect (-83.672476 0.004036)
-1 1410863395.432616 action (-0.05)
-1 1410863401.170019 effect (4.688939 0.158145)
-1 1410863412.516780 action (-0.04)
-1 1410863418.526144 effect (0.896351 0.161682)
-1 1410863430.502303 action (-0.03)
-1 1410863436.129968 effect (13.586888 0.118157)
-1 1410863452.122634 action (-0.02)
-1 1410863458.058312 effect (25.554933 0.160656)
-1 1410863471.736451 action (-0.01)
-1 1410863477.549951 effect (-20.040608 0.009545)
-1 1410863486.609489 action (0.0)
-1 1410863493.637092 effect (75.103736 0.011443)
-1 1410863506.683135 action (0.01)
-1 1410863512.512435 effect (68.068672 0.009675)
-1 1410863526.018237 action (0.02)
-1 1410863531.843728 effect (105.029896 0.013221)
-1 1410863540.990941 action (0.03)
-1 1410863546.894699 effect (-73.283565 0.020261)
-1 1410863555.824207 action (0.04)
-1 1410863561.644905 effect (-109.981967 0.009789)
-1 1410863570.609856 action (0.05)
-1 1410863576.230123 effect (-85.976524 0.004686)
-1 1410863593.336420 action (-0.05)
-1 1410863599.164475 effect (-1.231575 0.168044)
-1 1410863610.781571 action (-0.04)
-1 1410863616.615153 effect (1.407769 0.167326)
-1 1410863628.793262 action (-0.03)
-1 1410863634.516154 effect (8.289294 0.144856)
-1 1410863650.719677 action (-0.02)
-1 1410863656.746393 effect (4.421061 0.158768)
-1 1410863670.223798 action (-0.01)
-1 1410863676.544502 effect (-84.2868 0.007937)
-1 1410863685.664738 action (0.0)
-1 1410863691.690621 effect (58.566883 0.002748)
-1 1410863704.826967 action (0.01)
-1 1410863710.544081 effect (37.032795 0.005952)
-1 1410863723.978931 action (0.02)
-1 1410863729.699099 effect (85.721907 0.000379)
-1 1410863739.411423 action (0.03)
-1 1410863746.545239 effect (-84.601629 0.039644)
-1 1410863756.439648 action (0.04)
-1 1410863762.294663 effect (-111.956977 0.009263)
-1 1410863771.695599 action (0.05)
-1 1410863777.512699 effect (92.768281 0.004313)
-1 1410863794.322340 action (-0.05)
-1 1410863800.757078 effect (-1.246952 0.159966)
-1 1410863812.528609 action (-0.04)
-1 1410863818.768802 effect (3.361919 0.160994)
-1 1410863833.626745 action (-0.03)
-1 1410863839.394120 effect (10.627952 0.171973)
-1 1410863855.460165 action (-0.02)
-1 1410863861.480962 effect (-31.1749 0.139156)
-1 1410863874.935971 action (-0.01)
-1 1410863880.661957 effect (-54.422013 0.017466)
-1 1410863889.742890 action (0.0)
-1 1410863895.771431 effect (-44.640193 0.005284)
-1 1410863909.427295 action (0.01)
-1 1410863915.376338 effect (-88.15108 0.009606)
-1 1410863928.639266 action (0.02)
-1 1410863934.851779 effect (5.78243 0.007105)
-1 1410863946.930695 action (0.03)
-1 1410863952.735090 effect (-116.047933 0.014251)
-1 1410863961.957312 action (0.04)
-1 1410863967.785637 effect (-55.701498 0.012477)
-1 1410863976.742928 action (0.05)
-1 1410863983.861176 effect (159.890368 0.006802)
-1 1410863999.933284 action (-0.05)
-1 1410864006.360083 effect (14.783929 0.170525)
-1 1410864016.837108 action (-0.04)
-1 1410864022.472754 effect (3.441356 0.160157)
-1 1410864033.566704 action (-0.03)
-1 1410864039.477425 effect (3.956457 0.164151)
-1 1410864055.652518 action (-0.02)
-1 1410864062.189234 effect (-72.025656 0.4468)
-1 1410864076.828549 action (-0.01)
-1 1410864083.069592 effect (22.992044 0.032895)
-1 1410864091.999111 action (0.0)
-1 1410864097.909308 effect (-123.177778 0.005984)
-1 1410864111.073715 action (0.01)
-1 1410864116.988750 effect (32.800123 0.004969)
-1 1410864130.238576 action (0.02)
-1 1410864136.049859 effect (78.45047 0.000585)
-1 1410864145.898765 action (0.03)
-1 1410864151.697834 effect (-97.247402 0.029455)
-1 1410864160.692200 action (0.04)
-1 1410864166.521591 effect (-69.640307 0.009946)
-1 1410864175.869007 action (0.05)
-1 1410864181.574890 effect (-78.500415 0.001855)
-1 1410864197.896381 action (-0.05)
-1 1410864203.715232 effect (13.141903 0.177754)
-1 1410864215.774284 action (-0.04)
-1 1410864221.584391 effect (1.463133 0.157097)
-1 1410864233.935133 action (-0.03)
-1 1410864239.865681 effect (3.231045 0.162927)
-1 1410864252.936668 action (-0.02)
-1 1410864258.869376 effect (-77.590796 0.003841)
-1 1410864272.193166 action (-0.01)
-1 1410864277.908455 effect (-85.937514 0.015396)
-1 1410864287.788347 action (0.0)
-1 1410864293.603730 effect (85.31811 0.004891)
-1 1410864307.237685 action (0.01)
-1 1410864313.175422 effect (-93.126791 0.024967)
-1 1410864328.195542 action (0.02)
-1 1410864334.105071 effect (25.797532 0.009165)
-1 1410864343.483540 action (0.03)
-1 1410864349.401363 effect (-65.942511 0.037817)
-1 1410864359.727134 action (0.04)
-1 1410864365.455660 effect (-124.669289 0.015039)
-1 1410864374.674361 action (0.05)
-1 1410864380.398064 effect (-124.231442 0.00529)
-1 1410864398.461840 action (-0.05)
-1 1410864404.102778 effect (-2.105411 0.161825)
-1 1410864417.127300 action (-0.04)
-1 1410864423.144886 effect (1.18547 0.160155)
-1 1410864438.504477 action (-0.03)
-1 1410864444.358387 effect (1.4266 0.156207)
-1 1410864460.361267 action (-0.02)
-1 1410864466.078057 effect (-38.339044 0.145299)
-1 1410864480.177985 action (-0.01)
-1 1410864485.904266 effect (-31.269548 0.019978)
-1 1410864494.872443 action (0.0)
-1 1410864502.099341 effect (32.617288 0.008513)
-1 1410864516.043799 action (0.01)
-1 1410864522.059125 effect (64.046245 0.017437)
-1 1410864531.153949 action (0.02)
-1 1410864537.162958 effect (-94.988233 0.032978)
-1 1410864548.507485 action (0.03)
-1 1410864554.327430 effect (-99.09641 0.01855)
-1 1410864563.485031 action (0.04)
-1 1410864569.309044 effect (-90.025835 0.013446)
-1 1410864578.324435 action (0.05)
-1 1410864584.140146 effect (43.160733 0.009531)
