-1 1410883953.685247 action (-0.05)
-1 1410883959.811420 effect (5.376351 0.037937)
-1 1410883970.126944 action (-0.04)
-1 1410883977.143366 effect (-6.278207 0.068485)
-1 1410883986.734042 action (-0.03)
-1 1410883993.957787 effect (78.107629 0.019976)
-1 1410884008.340705 action (-0.02)
-1 1410884016.362517 effect (-35.520156 0.004776)
-1 1410884024.083594 action (-0.01)
-1 1410884031.498421 effect (-61.651765 0.910081)
-1 1410884039.447240 action (0.0)
-1 1410884045.676897 effect (-80.167525 0.009334)
-1 1410884053.503590 action (0.01)
-1 1410884060.861661 effect (8.657697 0.005814)
-1 1410884073.229432 action (0.02)
-1 1410884079.252312 effect (62.708945 0.038441)
-1 1410884088.394160 action (0.03)
-1 1410884095.713048 effect (179.56799 0.04341)
-1 1410884104.524308 action (0.04)
-1 1410884110.554893 effect (-21.373711 0.232122)
-1 1410884119.729639 action (0.05)
-1 1410884125.658786 effect (-28.141603 0.183331)
-1 1410884140.401427 action (-0.05)
-1 1410884147.059279 effect (66.374164 0.027351)
-1 1410884155.207399 action (-0.04)
-1 1410884161.233782 effect (45.08566 0.0291)
-1 1410884174.483183 action (-0.03)
-1 1410884181.903654 effect (8.520511 0.034619)
-1 1410884196.830342 action (-0.02)
-1 1410884203.972268 effect (58.258595 0.020148)
-1 1410884211.304130 action (-0.01)
-1 1410884218.438631 effect (-172.336527 0.004464)
-1 1410884226.215407 action (0.0)
-1 1410884232.220936 effect (-140.617679 0.007616)
-1 1410884240.379523 action (0.01)
-1 1410884246.517371 effect (78.482825 0.003409)
-1 1410884262.133475 action (0.02)
-1 1410884268.148237 effect (-171.273536 0.215962)
-1 1410884281.953657 action (0.03)
-1 1410884287.962478 effect (67.458854 0.026013)
-1 1410884296.610241 action (0.04)
-1 1410884302.642298 effect (-29.160802 0.195265)
-1 1410884311.769348 action (0.05)
-1 1410884316.773475 effect (-25.314874 0.181712)
-1 1410884332.230906 action (-0.05)
-1 1410884337.477510 effect (42.184135 0.012431)
-1 1410884347.508777 action (-0.04)
-1 1410884353.558493 effect (40.68302 0.016736)
-1 1410884362.148806 action (-0.03)
-1 1410884368.352397 effect (56.92412 0.036218)
-1 1410884382.613289 action (-0.02)
-1 1410884388.739758 effect (88.895644 0.014216)
-1 1410884396.537638 action (-0.01)
-1 1410884402.449815 effect (-141.950124 0.008361)
-1 1410884410.262221 action (0.0)
-1 1410884416.375630 effect (54.26094 0.007154)
-1 1410884424.753297 action (0.01)
-1 1410884431.973460 effect (51.609652 0.009923)
-1 1410884445.984276 action (0.02)
-1 1410884454.117881 effect (-38.214442 0.120185)
-1 1410884466.378551 action (0.03)
-1 1410884473.515315 effect (158.745611 0.032487)
-1 1410884482.672850 action (0.04)
-1 1410884488.584606 effect (-40.303562 0.216409)
-1 1410884496.919952 action (0.05)
-1 1410884501.963606 effect (-27.717391 0.181762)
-1 1410884517.381959 action (-0.05)
-1 1410884524.632652 effect (5.751796 0.028419)
-1 1410884534.159344 action (-0.04)
-1 1410884540.498038 effect (51.690896 0.031332)
-1 1410884548.605170 action (-0.03)
-1 1410884556.017619 effect (74.572486 0.025185)
-1 1410884566.596767 action (-0.02)
-1 1410884572.602659 effect (98.830017 0.04047)
-1 1410884580.324533 action (-0.01)
-1 1410884586.532462 effect (100.833426 0.012053)
-1 1410884594.533804 action (0.0)
-1 1410884600.697457 effect (-144.586213 0.021111)
-1 1410884608.985026 action (0.01)
-1 1410884615.212194 effect (-84.972752 0.01453)
-1 1410884631.223050 action (0.02)
-1 1410884639.352407 effect (-25.997336 0.184069)
-1 1410884648.375573 action (0.03)
-1 1410884656.513918 effect (-42.615833 0.209266)
-1 1410884665.544415 action (0.04)
-1 1410884672.668698 effect (-31.033752 0.195951)
-1 1410884681.908509 action (0.05)
-1 1410884687.132597 effect (-28.686972 0.186295)
-1 1410884704.374171 action (-0.05)
-1 1410884709.401695 effect (3.669571 0.113836)
-1 1410884717.665735 action (-0.04)
-1 1410884725.118794 effect (45.717297 0.023491)
-1 1410884734.178317 action (-0.03)
-1 1410884740.296710 effect (94.611813 0.034641)
-1 1410884756.088052 action (-0.02)
-1 1410884764.212921 effect (122.904114 0.010631)
-1 1410884772.902932 action (-0.01)
-1 1410884780.337609 effect (-38.868143 0.044657)
-1 1410884789.580938 action (0.0)
-1 1410884795.725823 effect (14.47466 0.010429)
-1 1410884808.050787 action (0.01)
-1 1410884814.140202 effect (-29.29187 0.197368)
-1 1410884827.915145 action (0.02)
-1 1410884833.855127 effect (-35.455205 0.159765)
-1 1410884846.919689 action (0.03)
-1 1410884854.040726 effect (-171.101372 0.049829)
-1 1410884862.392949 action (0.04)
-1 1410884867.729931 effect (-38.905398 0.210372)
-1 1410884876.040873 action (0.05)
-1 1410884881.370113 effect (-30.631218 0.183947)
-1 1410884898.547115 action (-0.05)
-1 1410884906.026263 effect (116.35392 0.028974)
-1 1410884914.759013 action (-0.04)
-1 1410884920.892874 effect (12.026223 0.041503)
-1 1410884930.037904 action (-0.03)
-1 1410884936.152434 effect (108.527933 0.027393)
-1 1410884950.656323 action (-0.02)
-1 1410884956.663228 effect (76.626755 0.022154)
-1 1410884964.127685 action (-0.01)
-1 1410884970.043338 effect (22.410174 0.003695)
-1 1410884977.788928 action (0.0)
-1 1410884984.016820 effect (-61.668828 0.009354)
-1 1410884991.670215 action (0.01)
-1 1410884998.288502 effect (-153.173695 0.007962)
-1 1410885012.358402 action (0.02)
-1 1410885018.382221 effect (-28.998434 0.174429)
-1 1410885027.912323 action (0.03)
-1 1410885033.933442 effect (-40.577946 0.202319)
-1 1410885044.616334 action (0.04)
-1 1410885049.854979 effect (-30.667495 0.188092)
-1 1410885058.609785 action (0.05)
-1 1410885064.642715 effect (-27.614331 0.182771)
-1 1410885078.692807 action (-0.05)
-1 1410885084.730493 effect (-3.971703 0.014623)
-1 1410885092.930389 action (-0.04)
-1 1410885098.991028 effect (55.590493 0.031546)
-1 1410885108.632193 action (-0.03)
-1 1410885113.858997 effect (85.939904 0.026649)
-1 1410885126.410322 action (-0.02)
-1 1410885133.572357 effect (101.634485 0.022638)
-1 1410885142.651742 action (-0.01)
-1 1410885150.077366 effect (-89.564883 0.008276)
-1 1410885158.174680 action (0.0)
-1 1410885164.378961 effect (-80.208825 0.004628)
-1 1410885172.555512 action (0.01)
-1 1410885178.782636 effect (-115.428218 0.008699)
-1 1410885191.510444 action (0.02)
-1 1410885196.744101 effect (96.200606 0.021741)
-1 1410885207.038710 action (0.03)
-1 1410885214.074477 effect (-36.770143 0.198619)
-1 1410885223.376739 action (0.04)
-1 1410885230.483876 effect (-30.642111 0.183293)
-1 1410885239.689479 action (0.05)
-1 1410885245.725134 effect (-20.943853 0.1719)
-1 1410885261.233011 action (-0.05)
-1 1410885267.565035 effect (25.399333 0.028909)
-1 1410885277.126511 action (-0.04)
-1 1410885283.349917 effect (49.466301 0.02549)
-1 1410885292.710929 action (-0.03)
-1 1410885298.932296 effect (109.183479 0.02037)
-1 1410885314.560713 action (-0.02)
-1 1410885320.476038 effect (60.404077 0.013632)
-1 1410885327.764289 action (-0.01)
-1 1410885333.804302 effect (126.824794 0.005254)
-1 1410885341.929247 action (0.0)
-1 1410885347.942479 effect (31.595341 0.008863)
-1 1410885355.553822 action (0.01)
-1 1410885361.180973 effect (12.699517 0.014844)
-1 1410885373.539874 action (0.02)
-1 1410885379.455775 effect (62.32447 0.035603)
-1 1410885391.611780 action (0.03)
-1 1410885397.635461 effect (-176.565624 0.069458)
-1 1410885406.379795 action (0.04)
-1 1410885412.395985 effect (-37.498501 0.201255)
-1 1410885420.863969 action (0.05)
-1 1410885426.776150 effect (-28.665711 0.239209)
-1 1410885440.767345 action (-0.05)
-1 1410885446.002091 effect (14.599323 0.108813)
-1 1410885454.264575 action (-0.04)
-1 1410885459.752042 effect (49.418044 0.025004)
-1 1410885469.431005 action (-0.03)
-1 1410885474.756937 effect (73.755771 0.02055)
-1 1410885489.362331 action (-0.02)
-1 1410885496.582876 effect (-79.217646 0.005733)
-1 1410885505.119946 action (-0.01)
-1 1410885511.062480 effect (-57.555573 0.006055)
-1 1410885519.175736 action (0.0)
-1 1410885525.300320 effect (58.433202 0.016954)
-1 1410885534.758017 action (0.01)
-1 1410885541.955769 effect (6.674046 0.028924)
-1 1410885554.762951 action (0.02)
-1 1410885560.072192 effect (64.577507 0.045774)
-1 1410885568.242093 action (0.03)
-1 1410885576.359318 effect (-98.249426 0.029689)
-1 1410885584.919555 action (0.04)
-1 1410885591.034886 effect (-98.642724 0.100805)
-1 1410885599.953387 action (0.05)
-1 1410885606.159717 effect (-33.044661 0.187509)
-1 1410885619.807263 action (-0.05)
-1 1410885627.233301 effect (6.64641 0.023483)
-1 1410885637.659164 action (-0.04)
-1 1410885643.732630 effect (3.464152 0.129894)
-1 1410885653.341441 action (-0.03)
-1 1410885659.463382 effect (78.657884 0.021808)
-1 1410885673.695806 action (-0.02)
-1 1410885680.717907 effect (58.37296 0.01118)
-1 1410885688.369650 action (-0.01)
-1 1410885694.482271 effect (48.599492 0.010536)
-1 1410885702.597322 action (0.0)
-1 1410885708.714921 effect (-134.48054 0.016124)
-1 1410885716.933308 action (0.01)
-1 1410885724.146692 effect (51.914667 0.004459)
-1 1410885738.848652 action (0.02)
-1 1410885746.152161 effect (45.547244 0.105074)
-1 1410885754.997633 action (0.03)
-1 1410885763.129278 effect (-42.333411 0.209063)
-1 1410885773.246094 action (0.04)
-1 1410885779.151852 effect (-25.345466 0.19183)
-1 1410885788.338327 action (0.05)
-1 1410885794.457359 effect (-45.7728 0.19829)
