-1 1411753754.931035 action (-0.05)
-1 1411753762.118488 effect (9.669661 0.034446)
-1 1411753782.674780 action (-0.04)
-1 1411753789.736684 effect (-83.756226 0.113963)
-1 1411753810.175512 action (-0.03)
-1 1411753818.527798 effect (-0.810303 0.079087)
-1 1411753839.873714 action (-0.02)
-1 1411753847.372157 effect (8.192225 0.126779)
-1 1411753868.095026 action (-0.01)
-1 1411753876.144172 effect (0.409069 0.165606)
-1 1411753897.824539 action (0.0)
-1 1411753904.787919 effect (5.425437 0.196834)
-1 1411753926.638273 action (0.01)
-1 1411753934.183211 effect (-60.732565 0.096578)
-1 1411753956.565185 action (0.02)
-1 1411753963.518595 effect (-146.382728 0.036028)
-1 1411753983.878255 action (0.03)
-1 1411753990.949820 effect (-91.263886 0.052557)
-1 1411754011.756293 action (0.04)
-1 1411754018.543479 effect (-91.143867 0.051472)
-1 1411754040.289350 action (0.05)
-1 1411754046.643142 effect (-118.244597 0.0602)
-1 1411754106.724918 action (-0.05)
-1 1411754113.685091 effect (9.918004 0.079244)
-1 1411754134.688934 action (-0.04)
-1 1411754142.988169 effect (35.988625 0.097067)
-1 1411754164.466466 action (-0.03)
-1 1411754172.215343 effect (17.28326 0.163934)
-1 1411754195.111621 action (-0.02)
-1 1411754203.058664 effect (-21.867991 0.076012)
-1 1411754225.440003 action (-0.01)
-1 1411754232.249715 effect (-102.664865 0.017536)
-1 1411754253.234066 action (0.0)
-1 1411754259.789373 effect (-90.247611 0.087055)
-1 1411754281.636984 action (0.01)
-1 1411754289.764280 effect (-0.920628 0.054741)
-1 1411754310.327773 action (0.02)
-1 1411754316.936628 effect (19.701382 0.188456)
-1 1411754338.055001 action (0.03)
-1 1411754345.650127 effect (-102.159518 0.042281)
-1 1411754366.387123 action (0.04)
-1 1411754373.581350 effect (-174.801665 0.015674)
-1 1411754397.153131 action (0.05)
-1 1411754405.776831 effect (96.026672 0.017603)
-1 1411754566.350274 action (-0.05)
-1 1411754573.016589 effect (-111.840696 0.002972)
-1 1411754595.625207 action (-0.04)
-1 1411754602.969490 effect (-73.159368 0.111034)
-1 1411754623.868721 action (-0.03)
-1 1411754630.655349 effect (137.58148 0.065321)
-1 1411754652.585499 action (-0.02)
-1 1411754660.051375 effect (-102.669099 0.074745)
-1 1411754680.816497 action (-0.01)
-1 1411754689.060590 effect (1.337711 0.170653)
-1 1411754709.575772 action (0.0)
-1 1411754716.879219 effect (16.756347 0.137693)
-1 1411754738.854891 action (0.01)
-1 1411754746.408902 effect (-19.287907 0.145206)
-1 1411754768.729830 action (0.02)
-1 1411754777.044472 effect (6.785798 0.138357)
-1 1411754798.489422 action (0.03)
-1 1411754805.843225 effect (-113.72712 0.033717)
-1 1411754826.421020 action (0.04)
-1 1411754833.409824 effect (-31.923535 0.051632)
-1 1411754855.595272 action (0.05)
-1 1411754863.910723 effect (-110.944569 0.053667)
-1 1411754897.026315 action (-0.05)
-1 1411754904.166438 effect (-92.061315 0.09288)
-1 1411754924.649488 action (-0.04)
-1 1411754931.366463 effect (-84.342857 0.079676)
-1 1411754951.832833 action (-0.03)
-1 1411754960.286685 effect (-19.957472 0.200909)
-1 1411754981.167274 action (-0.02)
-1 1411754987.906810 effect (-71.955719 0.069582)
-1 1411755008.723061 action (-0.01)
-1 1411755015.934820 effect (-10.83279 0.154094)
-1 1411755037.772629 action (0.0)
-1 1411755044.243936 effect (-4.510667 0.147575)
-1 1411755065.456751 action (0.01)
-1 1411755072.791932 effect (-2.873565 0.147173)
-1 1411755093.372435 action (0.02)
-1 1411755101.582549 effect (-1.95098 0.135877)
-1 1411755122.847896 action (0.03)
-1 1411755129.972187 effect (0.854705 0.129321)
-1 1411755151.053182 action (0.04)
-1 1411755158.425198 effect (-124.826886 0.048532)
-1 1411755179.312324 action (0.05)
-1 1411755187.120009 effect (173.395705 0.009078)
-1 1411755225.391315 action (-0.05)
-1 1411755233.857366 effect (-24.0632 0.182584)
-1 1411755254.504226 action (-0.04)
-1 1411755261.761160 effect (-19.30799 0.15598)
-1 1411755282.499055 action (-0.03)
-1 1411755289.546785 effect (-3.889343 0.149453)
-1 1411755310.009132 action (-0.02)
-1 1411755318.391673 effect (-2.239449 0.160785)
-1 1411755338.550254 action (-0.01)
-1 1411755346.655730 effect (-19.838853 0.103134)
-1 1411755367.672239 action (0.0)
-1 1411755374.250779 effect (-19.750498 0.094186)
-1 1411755395.043004 action (0.01)
-1 1411755403.220538 effect (-5.218643 0.055921)
-1 1411755424.217959 action (0.02)
-1 1411755431.455389 effect (-3.622887 0.095635)
-1 1411755453.120180 action (0.03)
-1 1411755459.940722 effect (-109.356803 0.036303)
-1 1411755481.082766 action (0.04)
-1 1411755487.991467 effect (136.846625 0.016073)
-1 1411755509.347871 action (0.05)
-1 1411755516.758073 effect (161.539886 0.026947)
-1 1411755592.049913 action (-0.05)
-1 1411755599.671189 effect (-86.18382 0.103119)
-1 1411755620.261341 action (-0.04)
-1 1411755628.659015 effect (-95.591706 0.084866)
-1 1411755649.402356 action (-0.03)
-1 1411755656.523765 effect (-92.177269 0.097069)
-1 1411755677.766957 action (-0.02)
-1 1411755685.621236 effect (-12.2019 0.142733)
-1 1411755708.217242 action (-0.01)
-1 1411755715.977841 effect (10.002442 0.182136)
-1 1411755736.662328 action (0.0)
-1 1411755744.040469 effect (3.01829 0.201786)
-1 1411755765.914612 action (0.01)
-1 1411755772.841402 effect (-22.313365 0.100289)
-1 1411755794.345903 action (0.02)
-1 1411755800.851767 effect (-83.065904 0.037845)
-1 1411755823.559223 action (0.03)
-1 1411755831.203532 effect (14.573512 0.197957)
-1 1411755852.398362 action (0.04)
-1 1411755858.989627 effect (-42.588794 0.272016)
-1 1411755879.453512 action (0.05)
-1 1411755886.257545 effect (169.485006 0.011611)
-1 1411755921.036345 action (-0.05)
-1 1411755929.779170 effect (-48.849513 0.130801)
-1 1411755951.901754 action (-0.04)
-1 1411755960.486700 effect (-82.672647 0.065123)
-1 1411755981.640499 action (-0.03)
-1 1411755989.067918 effect (-97.56564 0.088156)
-1 1411756009.792437 action (-0.02)
-1 1411756017.225320 effect (-96.578108 0.075511)
-1 1411756037.858547 action (-0.01)
-1 1411756044.118974 effect (-93.197049 0.083145)
-1 1411756064.980982 action (0.0)
-1 1411756072.138816 effect (-91.75972 0.091411)
-1 1411756093.454074 action (0.01)
-1 1411756100.478801 effect (-86.229305 0.056076)
-1 1411756121.158908 action (0.02)
-1 1411756129.219627 effect (-77.922422 0.030723)
-1 1411756151.038029 action (0.03)
-1 1411756157.522863 effect (-104.239791 0.025516)
-1 1411756178.910537 action (0.04)
-1 1411756186.060559 effect (-116.317871 0.024403)
-1 1411756206.935400 action (0.05)
-1 1411756214.992991 effect (-97.761574 0.032433)
-1 1411756248.660857 action (-0.05)
-1 1411756256.402507 effect (-41.190039 0.166232)
-1 1411756276.983545 action (-0.04)
-1 1411756284.175072 effect (-99.793525 0.090153)
-1 1411756305.314109 action (-0.03)
-1 1411756312.213782 effect (-99.219158 0.067324)
-1 1411756332.976484 action (-0.02)
-1 1411756340.998785 effect (-94.679529 0.088091)
-1 1411756361.940085 action (-0.01)
-1 1411756368.995993 effect (-91.997758 0.069451)
-1 1411756390.298557 action (0.0)
-1 1411756396.568824 effect (-87.883124 0.08698)
-1 1411756417.178359 action (0.01)
-1 1411756424.245245 effect (-101.671873 0.072364)
-1 1411756444.583249 action (0.02)
-1 1411756452.215351 effect (-101.26707 0.068008)
-1 1411756473.122377 action (0.03)
-1 1411756479.952664 effect (-100.807651 0.040953)
-1 1411756501.604090 action (0.04)
-1 1411756507.776624 effect (-105.727035 0.039406)
-1 1411756528.981855 action (0.05)
-1 1411756535.374868 effect (-119.886553 0.035189)
-1 1411756587.182137 action (-0.05)
-1 1411756594.664968 effect (-88.948813 0.07872)
-1 1411756615.279481 action (-0.04)
-1 1411756623.791476 effect (-76.852711 0.083847)
-1 1411756644.949765 action (-0.03)
-1 1411756653.247995 effect (-39.81235 0.148032)
-1 1411756675.454676 action (-0.02)
-1 1411756683.709513 effect (-73.73438 0.064105)
-1 1411756705.209199 action (-0.01)
-1 1411756713.313963 effect (-79.40273 0.047252)
-1 1411756735.584318 action (0.0)
-1 1411756742.242866 effect (-64.52015 0.038445)
-1 1411756764.085316 action (0.01)
-1 1411756770.440984 effect (-77.68376 0.060412)
-1 1411756791.356722 action (0.02)
-1 1411756798.411392 effect (-97.411072 0.036325)
-1 1411756819.526330 action (0.03)
-1 1411756826.035201 effect (-75.976721 0.067838)
-1 1411756847.050860 action (0.04)
-1 1411756853.571976 effect (-88.449999 0.050647)
-1 1411756873.768177 action (0.05)
-1 1411756881.229067 effect (-108.181358 0.025652)
-1 1411756915.746038 action (-0.05)
-1 1411756922.730831 effect (25.741977 0.055673)
-1 1411756944.190045 action (-0.04)
-1 1411756950.862736 effect (-21.666878 0.14507)
-1 1411756971.907457 action (-0.03)
-1 1411756978.607143 effect (-9.970629 0.142419)
-1 1411757000.520525 action (-0.02)
-1 1411757007.659012 effect (-69.132343 0.056737)
-1 1411757028.552717 action (-0.01)
-1 1411757034.964935 effect (-96.710204 0.085739)
-1 1411757056.757444 action (0.0)
-1 1411757064.909642 effect (-94.065214 0.085797)
-1 1411757087.519526 action (0.01)
-1 1411757094.322273 effect (-81.871876 0.071298)
-1 1411757114.700730 action (0.02)
-1 1411757122.865441 effect (-94.783627 0.063285)
-1 1411757143.471500 action (0.03)
-1 1411757151.077584 effect (-105.340689 0.055762)
-1 1411757171.930683 action (0.04)
-1 1411757178.229965 effect (-100.338353 0.039651)
-1 1411757198.367155 action (0.05)
-1 1411757205.299753 effect (-103.116078 0.033519)
