-1 1412098734.770958 toolpose 8 -90
-1 1412098734.770972 prediction 1 (0.115401)
-1 1412098743.592762 action (-0.05)
-1 1412098749.819696 effect (-3.680128 0.153028)
-1 1412098754.638903 toolpose 8 -90
-1 1412098754.638919 prediction 1 (0.115401)
-1 1412098763.720049 action (-0.05)
-1 1412098769.872721 effect (-2.663783 0.148064)
-1 1412098754.638903 toolpose 8 -90
-1 1412098772.624639 prediction 1 (0.115401)
-1 1412098780.685518 action (-0.05)
-1 1412098786.194839 effect (41.506308 5.479519)
-1 1412098754.638903 toolpose 8 -90
-1 1412098789.044130 prediction 1 (0.115401)
-1 1412098800.121410 action (-0.05)
-1 1412098807.041150 effect (-15.422768 0.152127)
-1 1412098754.638903 toolpose 8 -90
-1 1412098811.804618 prediction 1 (0.115401)
-1 1412098822.199254 action (-0.05)
-1 1412098829.477247 effect (-14.864144 0.152935)
-1 1412098754.638903 toolpose 8 0
-1 1412098833.578111 prediction 1 (0.115401)
-1 1412098843.114423 action (-0.05)
-1 1412098849.144529 effect (21.607055 0.063535)
-1 1412098754.638903 toolpose 8 0
-1 1412098851.786639 prediction 2 (0.211603)
-1 1412098861.855806 action (-0.01)
-1 1412098869.291119 effect (-133.426784 0.056551)
-1 1412098872.143154 toolpose 8 0
-1 1412098872.143180 prediction 1 (0.115401)
-1 1412098881.816726 action (-0.05)
-1 1412098886.943880 effect (14.19761 0.242832)
-1 1412098889.642118 toolpose 8 0
-1 1412098889.642133 prediction 1 (0.115401)
-1 1412098900.009218 action (-0.05)
-1 1412098906.233843 effect (22.664159 0.044038)
-1 1412098925.414342 toolpose 8 0
-1 1412098908.967514 prediction 1 (0.115401)
-1 1412098917.572637 action (-0.05)
-1 1412098921.705235 effect (-151.454874 0.128708)
-1 1412098925.414342 toolpose 8 90
-1 1412098925.414352 prediction 3 (0.165113)
-1 1412098934.945940 action (0.05)
-1 1412098940.088950 effect (-27.915134 0.18106)
-1 1412098925.414342 toolpose 8 90
-1 1412098943.271512 prediction 3 (0.165113)
-1 1412098953.715243 action (0.05)
-1 1412098959.846172 effect (-49.752375 0.180612)
-1 1412098964.204194 toolpose 8 90
-1 1412098964.204209 prediction 3 (0.165113)
-1 1412098972.390673 action (0.05)
-1 1412098977.712384 effect (-90.669366 0.048396)
-1 1412098925.414342 toolpose 8 90
-1 1412098981.003336 prediction 3 (0.165113)
-1 1412098991.307011 action (0.05)
-1 1412098996.425289 effect (-69.885236 0.122679)
-1 1412098999.158844 toolpose 8 90
-1 1412098999.158857 prediction 3 (0.165113)
-1 1412099009.610302 action (0.05)
-1 1412099014.833606 effect (-24.416081 0.174922)
-1 1412099703.950073 toolpose 9 -90
-1 1412099622.211089 prediction 1 (0.115401)
-1 1412099632.760905 action (-0.05)
-1 1412099637.893867 effect (3.150986 0.158407)
-1 1412099703.950073 toolpose 9 -90
-1 1412099641.561823 prediction 1 (0.115401)
-1 1412099652.321319 action (-0.05)
-1 1412099657.457870 effect (-125.079593 0.070811)
-1 1412099703.950073 toolpose 9 -90
-1 1412099660.107351 prediction 1 (0.115401)
-1 1412099670.859557 action (-0.05)
-1 1412099677.203779 effect (-5.671965 0.172051)
-1 1412099703.950073 toolpose 9 -90
-1 1412099681.354657 prediction 1 (0.115401)
-1 1412099693.967563 action (-0.05)
-1 1412099701.202249 effect (-4.409417 0.163522)
-1 1412099703.950073 toolpose 9 -90
-1 1412099703.950086 prediction 1 (0.115401)
-1 1412099712.543436 action (-0.05)
-1 1412099719.691618 effect (1.541918 0.167066)
-1 1412099725.575551 toolpose 9 0
-1 1412099725.575570 prediction 1 (0.115401)
-1 1412099738.795261 action (-0.05)
-1 1412099744.130363 effect (4.861594 0.164236)
-1 1412099747.052949 toolpose 9 0
-1 1412099747.052965 prediction 2 (0.211603)
-1 1412099755.265192 action (-0.01)
-1 1412099761.393618 effect (172.17009 0.006291)
-1 1412099764.546242 toolpose 9 0
-1 1412099764.546288 prediction 2 (0.211603)
-1 1412099780.724409 action (-0.01)
-1 1412099786.760787 effect (-39.689076 0.199398)
-1 1412099764.546242 toolpose 9 0
-1 1412099789.401948 prediction 2 (0.211603)
-1 1412099797.684038 action (-0.01)
-1 1412099803.847712 effect (-75.053462 0.030357)
-1 1412099809.064284 toolpose 9 0
-1 1412099809.064302 prediction 2 (0.211603)
-1 1412099818.199737 action (-0.01)
-1 1412099823.529629 effect (19.016077 0.154923)
-1 1412099874.797025 toolpose 9 90
-1 1412099828.557589 prediction 2 (0.211603)
-1 1412099843.274698 action (-0.01)
-1 1412099849.402767 effect (-42.99729 0.221299)
-1 1412099874.797025 toolpose 9 90
-1 1412099852.239074 prediction 2 (0.211603)
-1 1412099865.627507 action (-0.01)
-1 1412099871.738124 effect (-68.494633 0.068995)
-1 1412099874.797025 toolpose 9 90
-1 1412099874.797040 prediction 2 (0.211603)
-1 1412099890.416860 action (-0.01)
-1 1412099896.744100 effect (-118.412828 0.049839)
-1 1412099874.797025 toolpose 9 90
-1 1412099899.904392 prediction 2 (0.211603)
-1 1412099915.370615 action (-0.01)
-1 1412099922.691116 effect (-27.958482 0.186733)
-1 1412099874.797025 toolpose 9 90
-1 1412099925.839471 prediction 2 (0.211603)
-1 1412099940.468517 action (-0.01)
-1 1412099947.808358 effect (-30.049941 0.186674)
