-1 1409762310.308345 action (-0.05)
-1 1409762314.656605 effect (16.233954 0.101091)
-1 1409762329.809151 action (-0.04)
-1 1409762333.135675 effect (5.240709 0.122975)
-1 1409762348.325943 action (-0.03)
-1 1409762352.568188 effect (34.991545 0.096188)
-1 1409762368.252131 action (-0.02)
-1 1409762371.688850 effect (-65.031723 0.400053)
-1 1409762383.669431 action (-0.01)
-1 1409762387.504535 effect (-146.254519 0.077487)
-1 1409762400.678377 action (0.0)
-1 1409762404.269460 effect (8.717838 0.142917)
-1 1409762418.495677 action (0.01)
-1 1409762422.488569 effect (-66.271807 0.368806)
-1 1409762438.129628 action (0.02)
-1 1409762441.701058 effect (170.111695 0.143614)
-1 1409762458.505575 action (0.03)
-1 1409762462.707467 effect (173.059227 0.089488)
-1 1409762477.734966 action (0.04)
-1 1409762481.496176 effect (169.258527 0.081229)
-1 1409762495.042120 action (0.05)
-1 1409762498.774611 effect (-98.247199 0.025374)
-1 1409762519.682832 action (-0.05)
-1 1409762522.903445 effect (59.751486 0.078169)
-1 1409762539.316383 action (-0.04)
-1 1409762543.583667 effect (28.541089 0.091459)
-1 1409762559.899097 action (-0.03)
-1 1409762563.338707 effect (33.933095 0.095433)
-1 1409762583.022961 action (-0.02)
-1 1409762587.135919 effect (-71.717956 0.006528)
-1 1409762604.713275 action (-0.01)
-1 1409762608.575635 effect (-68.674722 0.02368)
-1 1409762627.723948 action (0.0)
-1 1409762631.943896 effect (71.052098 0.016433)
-1 1409762650.959859 action (0.01)
-1 1409762655.386158 effect (93.377977 0.031601)
-1 1409762675.308197 action (0.02)
-1 1409762680.461661 effect (98.795863 0.027709)
-1 1409762703.141494 action (0.03)
-1 1409762707.925607 effect (-69.831719 0.013516)
-1 1409762728.782259 action (0.04)
-1 1409762735.125831 effect (-169.457003 0.069211)
-1 1409762756.935898 action (0.05)
-1 1409762763.124600 effect (172.776792 0.076043)
-1 1409762795.166701 action (-0.05)
-1 1409762801.699365 effect (65.269888 0.070564)
-1 1409762825.300982 action (-0.04)
-1 1409762833.182440 effect (17.744403 0.092726)
-1 1409762857.683141 action (-0.03)
-1 1409762864.659524 effect (8.183868 0.107966)
-1 1409762888.728807 action (-0.02)
-1 1409762897.983379 effect (28.942073 0.094564)
-1 1409762924.726145 action (-0.01)
-1 1409762932.519713 effect (71.700865 0.004843)
-1 1409762960.772857 action (0.0)
-1 1409762969.326585 effect (139.120244 0.009744)
-1 1409762997.697699 action (0.01)
-1 1409763007.390580 effect (86.771567 1.569583)
-1 1409763034.205255 action (0.02)
-1 1409763042.908824 effect (-61.561612 0.122139)
-1 1409763071.119676 action (0.03)
-1 1409763081.806371 effect (-89.561542 0.042973)
-1 1409763111.211997 action (0.04)
-1 1409763121.862579 effect (-108.302777 0.031209)
-1 1409763152.604293 action (0.05)
-1 1409763164.873266 effect (179.22289 0.065824)
-1 1409763211.699246 action (-0.05)
-1 1409763222.553731 effect (9.139511 0.117092)
-1 1409763254.733336 action (-0.04)
-1 1409763266.541186 effect (20.890066 0.119664)
