-1 1410801584.057640 action (-0.05)
-1 1410801589.402104 effect (9.764103 0.069617)
-1 1410801600.834373 action (-0.04)
-1 1410801606.163514 effect (-14.838095 0.047048)
-1 1410801614.457646 action (-0.03)
-1 1410801620.685914 effect (57.776009 0.036656)
-1 1410801634.582978 action (-0.02)
-1 1410801641.940681 effect (58.46649 0.009813)
-1 1410801656.036236 action (-0.01)
-1 1410801662.150489 effect (67.503552 0.014837)
-1 1410801671.611078 action (0.0)
-1 1410801677.833825 effect (117.43252 0.004917)
-1 1410801686.231560 action (0.01)
-1 1410801693.672916 effect (79.026159 0.00377)
-1 1410801706.537272 action (0.02)
-1 1410801712.666735 effect (76.510482 0.007976)
-1 1410801723.498223 action (0.03)
-1 1410801729.627381 effect (-177.235707 0.058045)
-1 1410801738.666818 action (0.04)
-1 1410801744.092381 effect (-76.109894 0.016132)
-1 1410801752.771368 action (0.05)
-1 1410801758.400995 effect (-98.789701 0.014917)
-1 1410801773.879833 action (-0.05)
-1 1410801779.358697 effect (116.870486 0.013444)
-1 1410801788.288471 action (-0.04)
-1 1410801793.649352 effect (6.260435 0.059801)
-1 1410801803.930223 action (-0.03)
-1 1410801810.665797 effect (48.294533 0.020974)
-1 1410801823.520106 action (-0.02)
-1 1410801829.642520 effect (107.256789 0.010384)
-1 1410801837.998788 action (-0.01)
-1 1410801844.128932 effect (33.191161 0.007732)
-1 1410801852.502749 action (0.0)
-1 1410801858.638607 effect (-155.94028 0.005927)
-1 1410801867.059815 action (0.01)
-1 1410801873.182747 effect (57.592028 0.012889)
-1 1410801885.801646 action (0.02)
-1 1410801892.019538 effect (86.589928 0.006026)
-1 1410801903.507787 action (0.03)
-1 1410801909.620570 effect (-177.932068 0.052777)
-1 1410801918.496778 action (0.04)
-1 1410801924.004938 effect (-81.14529 0.024429)
-1 1410801932.852058 action (0.05)
-1 1410801938.259384 effect (-93.968016 0.011413)
-1 1410801953.654512 action (-0.05)
-1 1410801960.175671 effect (7.462364 0.031309)
-1 1410801972.762155 action (-0.04)
-1 1410801978.640647 effect (-7.757154 0.041694)
-1 1410801990.129133 action (-0.03)
-1 1410801995.439387 effect (126.138588 0.045138)
-1 1410802009.428912 action (-0.02)
-1 1410802015.604047 effect (99.988464 0.015599)
-1 1410802025.610054 action (-0.01)
-1 1410802032.928524 effect (7.284451 0.007138)
-1 1410802042.609614 action (0.0)
-1 1410802048.738272 effect (-40.545467 0.045233)
-1 1410802057.022857 action (0.01)
-1 1410802063.144714 effect (85.672342 0.007126)
-1 1410802078.814813 action (0.02)
-1 1410802084.928555 effect (74.209024 0.197499)
-1 1410802095.177113 action (0.03)
-1 1410802102.502297 effect (-169.950683 0.054924)
-1 1410802112.121981 action (0.04)
-1 1410802117.535889 effect (-147.6511 0.0113)
-1 1410802126.965437 action (0.05)
-1 1410802133.493845 effect (-34.681336 0.14868)
-1 1410802147.208463 action (-0.05)
-1 1410802153.356458 effect (33.441086 0.032956)
-1 1410802164.868736 action (-0.04)
-1 1410802170.312466 effect (17.824423 0.037497)
-1 1410802179.086507 action (-0.03)
-1 1410802184.400239 effect (28.710012 0.038305)
-1 1410802198.410102 action (-0.02)
-1 1410802205.213885 effect (80.945202 0.020171)
-1 1410802214.267425 action (-0.01)
-1 1410802220.403709 effect (-55.483492 0.008132)
-1 1410802229.073830 action (0.0)
-1 1410802235.189991 effect (-90.235084 0.04448)
-1 1410802248.061484 action (0.01)
-1 1410802254.184345 effect (115.881493 0.012795)
-1 1410802266.869515 action (0.02)
-1 1410802273.005132 effect (60.750535 0.006991)
-1 1410802281.742674 action (0.03)
-1 1410802287.176066 effect (-98.025491 0.021681)
-1 1410802296.037792 action (0.04)
-1 1410802301.557216 effect (-80.799703 0.020944)
-1 1410802310.136989 action (0.05)
-1 1410802315.550086 effect (-118.565186 0.012249)
-1 1410802330.980847 action (-0.05)
-1 1410802336.392686 effect (42.308653 0.026977)
-1 1410802345.994472 action (-0.04)
-1 1410802352.116367 effect (10.018964 0.029607)
-1 1410802360.793014 action (-0.03)
-1 1410802368.105733 effect (61.824272 0.037719)
-1 1410802380.785811 action (-0.02)
-1 1410802386.495174 effect (101.544164 0.012747)
-1 1410802396.279388 action (-0.01)
-1 1410802402.382888 effect (-48.781598 0.011164)
-1 1410802410.916772 action (0.0)
-1 1410802417.052447 effect (-89.896543 0.013027)
-1 1410802434.158231 action (0.01)
-1 1410802440.264670 effect (178.277813 0.376203)
-1 1410802453.818090 action (0.02)
-1 1410802459.944443 effect (-69.411785 0.015853)
-1 1410802471.353123 action (0.03)
-1 1410802476.803687 effect (171.672685 0.043601)
-1 1410802485.211315 action (0.04)
-1 1410802491.343172 effect (-74.46173 0.014167)
-1 1410802499.771677 action (0.05)
-1 1410802505.220827 effect (-89.170447 0.015203)
-1 1410802522.288668 action (-0.05)
-1 1410802527.733082 effect (-13.36054 0.030021)
-1 1410802540.562336 action (-0.04)
-1 1410802547.121160 effect (-12.09352 0.039708)
-1 1410802555.729872 action (-0.03)
-1 1410802563.057871 effect (79.635266 0.024616)
-1 1410802576.855261 action (-0.02)
-1 1410802582.964273 effect (81.449053 0.007243)
-1 1410802591.551269 action (-0.01)
-1 1410802598.481521 effect (128.732333 0.004618)
-1 1410802608.066229 action (0.0)
-1 1410802614.207946 effect (111.044463 0.005502)
-1 1410802627.042907 action (0.01)
-1 1410802633.147761 effect (-57.046117 0.364082)
-1 1410802645.898530 action (0.02)
-1 1410802653.232710 effect (63.715243 0.017235)
-1 1410802664.443488 action (0.03)
-1 1410802669.959540 effect (-171.013755 0.047498)
-1 1410802679.510773 action (0.04)
-1 1410802685.024584 effect (-101.182945 0.014112)
-1 1410802693.458263 action (0.05)
-1 1410802698.984655 effect (-78.911425 0.018071)
-1 1410802713.062684 action (-0.05)
-1 1410802720.436087 effect (129.01743 0.064132)
-1 1410802731.828029 action (-0.04)
-1 1410802739.239480 effect (-10.481907 0.041881)
-1 1410802749.383456 action (-0.03)
-1 1410802755.013198 effect (32.224132 0.034867)
-1 1410802767.590768 action (-0.02)
-1 1410802775.037422 effect (60.09032 0.005997)
-1 1410802788.210840 action (-0.01)
-1 1410802794.351855 effect (-40.502917 0.009811)
-1 1410802803.718354 action (0.0)
-1 1410802809.835794 effect (99.130708 0.004791)
-1 1410802818.216680 action (0.01)
-1 1410802825.521238 effect (100.168865 0.016704)
-1 1410802838.478993 action (0.02)
-1 1410802844.586279 effect (105.576108 0.005676)
-1 1410802854.684564 action (0.03)
-1 1410802860.214272 effect (157.395066 0.038582)
-1 1410802869.241903 action (0.04)
-1 1410802875.396604 effect (-90.493563 0.014502)
-1 1410802883.767971 action (0.05)
-1 1410802889.486893 effect (-109.032794 0.017622)
-1 1410802905.424908 action (-0.05)
-1 1410802911.669593 effect (2.896005 0.043732)
-1 1410802922.345275 action (-0.04)
-1 1410802928.885670 effect (51.179377 0.026349)
-1 1410802938.806810 action (-0.03)
-1 1410802944.914672 effect (48.471371 0.035393)
-1 1410802958.042138 action (-0.02)
-1 1410802965.372321 effect (-78.250478 0.017747)
-1 1410802975.156230 action (-0.01)
-1 1410802982.478144 effect (-12.788401 0.006835)
-1 1410802991.233360 action (0.0)
-1 1410802996.733713 effect (30.275541 0.004714)
-1 1410803009.617408 action (0.01)
-1 1410803015.828740 effect (-176.489379 0.374092)
-1 1410803031.822371 action (0.02)
-1 1410803037.961096 effect (-29.603247 0.171852)
-1 1410803052.034668 action (0.03)
-1 1410803058.180802 effect (-175.847421 0.050654)
-1 1410803067.881336 action (0.04)
-1 1410803074.025430 effect (-141.513652 0.017372)
-1 1410803082.719787 action (0.05)
-1 1410803089.546385 effect (-107.393815 0.010734)
-1 1410803105.455627 action (-0.05)
-1 1410803109.679998 effect (41.028992 0.031796)
-1 1410803121.164115 action (-0.04)
-1 1410803127.277444 effect (27.50764 0.039833)
-1 1410803136.717832 action (-0.03)
-1 1410803142.837284 effect (76.300461 0.015737)
-1 1410803155.683916 action (-0.02)
-1 1410803161.110099 effect (-46.120142 0.000399)
-1 1410803169.636773 action (-0.01)
-1 1410803175.761605 effect (-118.709642 0.005654)
-1 1410803184.311810 action (0.0)
-1 1410803190.443759 effect (102.178064 0.011108)
-1 1410803198.985942 action (0.01)
-1 1410803205.178876 effect (15.227188 0.004688)
-1 1410803217.817711 action (0.02)
-1 1410803225.160142 effect (139.313807 0.003204)
-1 1410803238.177609 action (0.03)
-1 1410803243.713634 effect (-162.23681 0.044698)
-1 1410803252.458885 action (0.04)
-1 1410803257.784995 effect (-88.161839 0.018906)
-1 1410803266.555357 action (0.05)
-1 1410803273.158082 effect (-116.90411 0.004442)
-1 1410803292.717983 action (-0.05)
-1 1410803298.060197 effect (-135.790956 0.047269)
-1 1410803309.770892 action (-0.04)
-1 1410803315.102128 effect (15.66305 0.037044)
-1 1410803324.993344 action (-0.03)
-1 1410803331.695673 effect (65.719693 0.016418)
-1 1410803344.687300 action (-0.02)
-1 1410803350.905301 effect (71.141018 0.022936)
-1 1410803360.894915 action (-0.01)
-1 1410803368.417187 effect (-32.019851 0.003647)
-1 1410803376.936458 action (0.0)
-1 1410803382.544103 effect (-78.915432 0.003388)
-1 1410803390.786845 action (0.01)
-1 1410803396.915008 effect (149.45052 0.003169)
-1 1410803409.436882 action (0.02)
-1 1410803416.741416 effect (90.229431 0.006344)
-1 1410803431.262104 action (0.03)
-1 1410803437.386619 effect (175.000689 0.056793)
-1 1410803445.840432 action (0.04)
-1 1410803451.354348 effect (-101.038338 0.022868)
-1 1410803459.856949 action (0.05)
-1 1410803465.269434 effect (-2.341898 0.002859)
