-1 1409673420.329697 action (-0.05)
-1 1409673423.307279 effect (6.81407 0.110291)
-1 1409673433.357175 action (-0.04)
-1 1409673437.366399 effect (29.315743 0.059281)
-1 1409673448.233423 action (-0.03)
-1 1409673451.486681 effect (15.929213 0.167543)
-1 1409673460.881617 action (-0.02)
-1 1409673463.217315 effect (12.374804 0.166394)
-1 1409673476.661897 action (-0.01)
-1 1409673479.513845 effect (-156.155494 0.036004)
-1 1409673492.932595 action (0.0)
-1 1409673496.251732 effect (60.863379 0.012492)
-1 1409673506.775238 action (0.01)
-1 1409673509.578855 effect (-155.854506 0.083008)
-1 1409673522.119417 action (0.02)
-1 1409673525.329819 effect (161.743323 0.076537)
-1 1409673536.317415 action (0.03)
-1 1409673539.737882 effect (-149.972793 0.052795)
-1 1409673550.157748 action (0.04)
-1 1409673554.003242 effect (-98.638114 0.030602)
-1 1409673564.454380 action (0.05)
-1 1409673567.546881 effect (-74.98289 0.012391)
-1 1409673585.691814 action (-0.05)
-1 1409673588.602686 effect (6.031775 0.077966)
-1 1409673600.650178 action (-0.04)
-1 1409673604.657207 effect (5.805535 0.152565)
-1 1409673617.584982 action (-0.03)
-1 1409673621.072946 effect (9.484158 0.165184)
-1 1409673633.796472 action (-0.02)
-1 1409673637.223659 effect (31.408289 0.129891)
-1 1409673651.032493 action (-0.01)
-1 1409673655.775341 effect (33.590375 0.079527)
-1 1409673673.344365 action (0.0)
-1 1409673679.625971 effect (-122.330707 0.026033)
-1 1409673697.580107 action (0.01)
-1 1409673702.965009 effect (-176.463798 0.088369)
-1 1409673720.276649 action (0.02)
-1 1409673725.504795 effect (-155.375064 0.039453)
-1 1409673746.044363 action (0.03)
-1 1409673751.677352 effect (-145.606512 0.013383)
-1 1409673771.672275 action (0.04)
-1 1409673777.492999 effect (153.025303 0.026978)
-1 1409673797.521635 action (0.05)
-1 1409673804.007992 effect (140.266879 0.03991)
-1 1409673830.137764 action (-0.05)
-1 1409673836.969701 effect (9.170223 0.091207)
-1 1409673857.567630 action (-0.04)
-1 1409673865.011064 effect (-44.783976 0.025548)
-1 1409673888.489975 action (-0.03)
-1 1409673896.143428 effect (17.241903 0.144852)
-1 1409673918.065433 action (-0.02)
-1 1409673926.889223 effect (9.425131 0.155575)
-1 1409673946.913696 action (-0.01)
-1 1409673957.433034 effect (-110.91356 0.017971)
-1 1409673982.808722 action (0.0)
-1 1409673992.087804 effect (88.193885 0.014753)
-1 1409674019.763551 action (0.01)
-1 1409674028.906234 effect (-114.116524 0.023062)
-1 1409674056.431089 action (0.02)
-1 1409674066.615405 effect (-98.82626 0.019623)
-1 1409674093.962452 action (0.03)
-1 1409674104.892304 effect (-137.593732 0.045093)
-1 1409674127.300633 action (0.04)
-1 1409674140.189586 effect (-102.671606 0.03275)
-1 1409674168.116767 action (0.05)
-1 1409674179.133102 effect (-95.261834 0.022336)
