-1 1410773645.124666 action (-0.05)
-1 1410773651.982610 effect (-143.905936 0.013427)
-1 1410773672.211546 action (-0.04)
-1 1410773678.840356 effect (-1.256597 0.032338)
-1 1410773698.620605 action (-0.03)
-1 1410773705.495109 effect (32.887295 0.18865)
-1 1410773726.647367 action (-0.02)
-1 1410773732.970857 effect (-3.708701 0.133871)
-1 1410773754.406483 action (-0.01)
-1 1410773759.809561 effect (-173.440157 0.016808)
-1 1410773781.170864 action (0.0)
-1 1410773786.574766 effect (33.355744 0.006109)
-1 1410773807.784087 action (0.01)
-1 1410773812.792139 effect (148.83344 0.064033)
-1 1410773833.618538 action (0.02)
-1 1410773839.283083 effect (-30.166819 0.001162)
-1 1410773860.108562 action (0.03)
-1 1410773866.064639 effect (-178.739212 0.035063)
-1 1410773887.877992 action (0.04)
-1 1410773894.907877 effect (149.854768 0.013854)
-1 1410773915.477470 action (0.05)
-1 1410773921.201236 effect (-178.868234 0.016339)
-1 1410773964.493913 action (-0.05)
-1 1410773970.565610 effect (-34.277499 0.004893)
-1 1410773992.248247 action (-0.04)
-1 1410773997.835067 effect (38.036176 0.18228)
-1 1410774017.588976 action (-0.03)
-1 1410774023.213529 effect (-14.095384 0.140658)
-1 1410774045.238527 action (-0.02)
-1 1410774050.516468 effect (-28.31785 0.013455)
-1 1410774070.831127 action (-0.01)
-1 1410774076.986640 effect (-13.26297 0.006634)
-1 1410774097.246434 action (0.0)
-1 1410774104.033892 effect (130.899061 0.032057)
-1 1410774123.995970 action (0.01)
-1 1410774129.611042 effect (-113.104299 0.034841)
-1 1410774149.784008 action (0.02)
-1 1410774156.692237 effect (-169.896346 0.008883)
-1 1410774177.833665 action (0.03)
-1 1410774184.872922 effect (149.910934 0.005514)
-1 1410774205.008050 action (0.04)
-1 1410774211.243361 effect (-63.654153 0.020655)
-1 1410774232.834876 action (0.05)
-1 1410774238.631731 effect (-118.06496 0.013788)
-1 1410774318.064914 action (-0.05)
-1 1410774324.078871 effect (15.824953 0.013182)
-1 1410774344.153309 action (-0.04)
-1 1410774351.039436 effect (56.575097 0.189503)
-1 1410774371.184864 action (-0.03)
-1 1410774376.739445 effect (47.453478 0.20192)
-1 1410774396.939825 action (-0.02)
-1 1410774403.903381 effect (-12.80938 0.149781)
-1 1410774423.607907 action (-0.01)
-1 1410774428.644946 effect (3.076876 0.138821)
-1 1410774450.437590 action (0.0)
-1 1410774455.452194 effect (131.011706 0.0163)
-1 1410774476.378508 action (0.01)
-1 1410774481.666434 effect (179.777622 0.022724)
-1 1410774503.209133 action (0.02)
-1 1410774508.139924 effect (42.482878 0.042586)
-1 1410774529.380938 action (0.03)
-1 1410774536.401946 effect (32.623217 0.034142)
-1 1410774558.960701 action (0.04)
-1 1410774564.760570 effect (152.557264 0.035559)
-1 1410774584.619780 action (0.05)
-1 1410774591.542136 effect (-147.03746 0.021849)
-1 1410774942.790636 action (-0.05)
-1 1410774948.771375 effect (-161.049399 0.009791)
-1 1410774969.145759 action (-0.04)
-1 1410774974.824428 effect (44.013605 0.211666)
-1 1410774995.139928 action (-0.03)
-1 1410775002.039698 effect (-174.35233 0.049526)
-1 1410775022.635416 action (-0.02)
-1 1410775028.095913 effect (-58.701856 0.009191)
-1 1410775048.912511 action (-0.01)
-1 1410775055.618101 effect (101.69141 0.006082)
-1 1410775077.497125 action (0.0)
-1 1410775082.929332 effect (-117.471483 0.037333)
-1 1410775105.187003 action (0.01)
-1 1410775110.295345 effect (-98.310769 0.04928)
-1 1410775130.005198 action (0.02)
-1 1410775135.405244 effect (178.207408 0.042348)
-1 1410775156.519740 action (0.03)
-1 1410775161.433392 effect (-168.134485 0.017404)
-1 1410775182.276066 action (0.04)
-1 1410775188.367421 effect (177.635506 0.020714)
-1 1410775210.005437 action (0.05)
-1 1410775215.498603 effect (144.268288 0.009538)
-1 1410775251.189233 action (-0.05)
-1 1410775256.936112 effect (56.666917 0.128427)
-1 1410775278.886300 action (-0.04)
-1 1410775285.707697 effect (-14.841076 0.149205)
-1 1410775306.964059 action (-0.03)
-1 1410775312.173391 effect (105.776716 0.013254)
-1 1410775333.492097 action (-0.02)
-1 1410775340.486670 effect (8.135109 0.030744)
-1 1410775361.209422 action (-0.01)
-1 1410775367.239942 effect (145.00711 0.024148)
-1 1410775388.517664 action (0.0)
-1 1410775393.386739 effect (-68.822647 0.007365)
-1 1410775414.683525 action (0.01)
-1 1410775419.818771 effect (-51.394426 0.006787)
-1 1410775440.410879 action (0.02)
-1 1410775445.714400 effect (99.130631 0.002101)
-1 1410775466.686305 action (0.03)
-1 1410775471.886943 effect (158.203589 0.013037)
-1 1410775491.922461 action (0.04)
-1 1410775497.580599 effect (-138.775484 0.003593)
-1 1410775519.123272 action (0.05)
-1 1410775524.095891 effect (159.473063 0.010453)
-1 1410775643.446078 action (-0.05)
-1 1410775649.467860 effect (-28.847687 0.118163)
-1 1410775670.555444 action (-0.04)
-1 1410775677.494948 effect (33.707051 0.050493)
-1 1410775698.726651 action (-0.03)
-1 1410775704.296014 effect (46.537121 0.199432)
-1 1410775725.317300 action (-0.02)
-1 1410775730.907978 effect (-3.763598 0.124911)
-1 1410775750.615875 action (-0.01)
-1 1410775756.879083 effect (47.459664 0.180603)
-1 1410775777.377014 action (0.0)
-1 1410775782.397329 effect (-140.747223 0.023376)
-1 1410775801.922371 action (0.01)
-1 1410775807.690003 effect (-169.436811 0.013685)
-1 1410775827.916637 action (0.02)
-1 1410775833.590741 effect (144.11717 0.012675)
-1 1410775855.799102 action (0.03)
-1 1410775861.500505 effect (-14.067463 0.029778)
-1 1410775882.400332 action (0.04)
-1 1410775887.997000 effect (169.202652 0.00764)
-1 1410775909.505670 action (0.05)
-1 1410775914.963473 effect (19.923317 0.044528)
-1 1410775948.215719 action (-0.05)
-1 1410775953.871775 effect (22.239317 0.169653)
-1 1410775974.412947 action (-0.04)
-1 1410775980.600990 effect (-7.081684 0.020322)
-1 1410776000.452016 action (-0.03)
-1 1410776007.557877 effect (47.77378 0.183318)
-1 1410776028.092949 action (-0.02)
-1 1410776034.970827 effect (-2.313014 0.113576)
-1 1410776055.330743 action (-0.01)
-1 1410776060.929826 effect (-7.660317 0.007013)
-1 1410776081.027190 action (0.0)
-1 1410776086.596038 effect (-173.827307 0.047098)
-1 1410776106.958168 action (0.01)
-1 1410776112.424005 effect (91.602493 0.013671)
-1 1410776132.332884 action (0.02)
-1 1410776139.268239 effect (-8.480123 0.052968)
-1 1410776160.297782 action (0.03)
-1 1410776166.407829 effect (136.129599 0.012703)
-1 1410776187.608813 action (0.04)
-1 1410776193.042860 effect (-22.911101 0.085566)
-1 1410776214.540769 action (0.05)
-1 1410776221.623677 effect (23.386834 0.04724)
-1 1410776255.160803 action (-0.05)
-1 1410776260.869546 effect (73.950323 0.018938)
-1 1410776280.729785 action (-0.04)
-1 1410776287.338686 effect (42.525002 0.205186)
-1 1410776307.521766 action (-0.03)
-1 1410776312.781704 effect (73.338839 0.01463)
-1 1410776334.461032 action (-0.02)
-1 1410776341.356519 effect (38.470634 0.208062)
-1 1410776361.093363 action (-0.01)
-1 1410776366.974400 effect (-9.263877 0.126721)
-1 1410776386.754556 action (0.0)
-1 1410776392.682488 effect (-167.7894 0.032866)
-1 1410776414.277486 action (0.01)
-1 1410776419.734300 effect (-1.876661 0.009719)
-1 1410776439.854544 action (0.02)
-1 1410776446.010315 effect (-165.779984 0.03597)
-1 1410776466.133445 action (0.03)
-1 1410776472.235315 effect (28.347734 0.033148)
-1 1410776493.276588 action (0.04)
-1 1410776499.193578 effect (19.336166 0.056036)
-1 1410776519.204231 action (0.05)
-1 1410776524.817128 effect (3.851372 0.059774)
-1 1410776560.734441 action (-0.05)
-1 1410776566.382464 effect (-15.843958 0.114707)
-1 1410776587.492010 action (-0.04)
-1 1410776593.550837 effect (-100.441808 0.017485)
-1 1410776615.399109 action (-0.03)
-1 1410776621.450861 effect (48.395307 0.225237)
-1 1410776642.406789 action (-0.02)
-1 1410776649.175567 effect (21.586987 0.018602)
-1 1410776669.674652 action (-0.01)
-1 1410776675.674604 effect (-47.984765 0.021584)
-1 1410776695.662307 action (0.0)
-1 1410776702.059965 effect (-145.283017 0.035082)
-1 1410776722.717416 action (0.01)
-1 1410776727.983616 effect (-55.848407 0.022603)
-1 1410776747.892600 action (0.02)
-1 1410776753.830955 effect (16.362814 0.040432)
-1 1410776775.168650 action (0.03)
-1 1410776780.229061 effect (88.129488 0.032513)
-1 1410776800.047980 action (0.04)
-1 1410776806.517292 effect (2.299821 0.037478)
-1 1410776826.764315 action (0.05)
-1 1410776831.895776 effect (-176.520992 0.021253)
-1 1410776863.874859 action (-0.05)
-1 1410776870.098748 effect (119.022953 0.02149)
-1 1410776890.607508 action (-0.04)
-1 1410776896.017494 effect (40.323139 0.163146)
-1 1410776917.017375 action (-0.03)
-1 1410776922.321196 effect (-4.235986 0.101804)
-1 1410776942.197123 action (-0.02)
-1 1410776947.944398 effect (-7.22404 0.061399)
-1 1410776967.699027 action (-0.01)
-1 1410776973.005647 effect (-2.255585 0.118989)
-1 1410776992.572975 action (0.0)
-1 1410776998.263982 effect (-15.390914 0.052773)
-1 1410777018.085734 action (0.01)
-1 1410777025.126191 effect (51.714338 0.000553)
-1 1410777046.520194 action (0.02)
-1 1410777052.702439 effect (-60.921203 0.021874)
-1 1410777074.618536 action (0.03)
-1 1410777079.984909 effect (31.434542 0.010882)
-1 1410777099.749440 action (0.04)
-1 1410777105.197069 effect (-122.2146 0.02579)
-1 1410777127.074157 action (0.05)
-1 1410777133.982908 effect (5.261596 0.0506)
