-1 1409933103.331914 action (-0.05)
-1 1409933110.434313 effect (-125.608307 0.393397)
-1 1409933120.103535 action (-0.04)
-1 1409933125.545673 effect (29.346272 0.068267)
-1 1409933135.850171 action (-0.03)
-1 1409933141.982259 effect (30.550239 0.076344)
-1 1409933156.822891 action (-0.02)
-1 1409933164.260189 effect (28.062894 0.168308)
-1 1409933179.212714 action (-0.01)
-1 1409933186.562481 effect (-53.837599 0.105902)
-1 1409933195.659781 action (0.0)
-1 1409933201.196515 effect (-160.413917 0.021898)
-1 1409933213.862180 action (0.01)
-1 1409933219.975975 effect (174.283864 0.020924)
-1 1409933231.225051 action (0.02)
-1 1409933236.941117 effect (173.418263 0.11392)
-1 1409933247.967337 action (0.03)
-1 1409933254.097793 effect (166.710911 0.088299)
-1 1409933262.978440 action (0.04)
-1 1409933270.311598 effect (-114.375655 0.04177)
-1 1409933279.157763 action (0.05)
-1 1409933284.888990 effect (-121.841885 0.019208)
-1 1409933300.398184 action (-0.05)
-1 1409933305.924393 effect (14.875954 0.117952)
-1 1409933316.490073 action (-0.04)
-1 1409933321.973376 effect (7.824914 0.081028)
-1 1409933332.291577 action (-0.03)
-1 1409933337.921316 effect (35.655956 0.077805)
-1 1409933348.245319 action (-0.02)
-1 1409933354.396173 effect (21.954632 0.100762)
-1 1409933367.451911 action (-0.01)
-1 1409933373.594155 effect (175.017354 0.045797)
-1 1409933382.431578 action (0.0)
-1 1409933388.388288 effect (79.272985 0.019803)
-1 1409933401.304280 action (0.01)
-1 1409933407.434310 effect (149.750745 0.044711)
-1 1409933416.860308 action (0.02)
-1 1409933422.390610 effect (173.292659 0.085225)
-1 1409933432.631955 action (0.03)
-1 1409933439.060564 effect (177.718326 0.081627)
-1 1409933448.232837 action (0.04)
-1 1409933454.055222 effect (-131.095566 0.038166)
-1 1409933462.606566 action (0.05)
-1 1409933468.039385 effect (-112.28379 0.023706)
-1 1409933482.678129 action (-0.05)
-1 1409933490.125448 effect (26.351021 0.056579)
-1 1409933500.589815 action (-0.04)
-1 1409933505.934446 effect (22.981757 0.07539)
-1 1409933517.127793 action (-0.03)
-1 1409933523.775167 effect (33.166185 0.078476)
-1 1409933534.740500 action (-0.02)
-1 1409933542.087867 effect (27.7844 0.092461)
-1 1409933556.420972 action (-0.01)
-1 1409933562.940358 effect (-43.267132 0.137538)
-1 1409933571.335116 action (0.0)
-1 1409933577.369047 effect (17.513568 0.004687)
-1 1409933590.367242 action (0.01)
-1 1409933596.654632 effect (166.016865 0.054363)
-1 1409933606.209981 action (0.02)
-1 1409933612.432020 effect (170.312182 0.097949)
-1 1409933621.855183 action (0.03)
-1 1409933627.487510 effect (-135.270612 0.044806)
-1 1409933637.267678 action (0.04)
-1 1409933643.504405 effect (-22.384341 0.165847)
-1 1409933652.051851 action (0.05)
-1 1409933658.564203 effect (-156.1795 0.03048)
-1 1409933672.538794 action (-0.05)
-1 1409933677.979134 effect (17.002127 0.051679)
-1 1409933687.007532 action (-0.04)
-1 1409933693.967370 effect (8.074802 0.089025)
-1 1409933705.520258 action (-0.03)
-1 1409933710.953241 effect (28.171458 0.071954)
-1 1409933721.882438 action (-0.02)
-1 1409933729.208511 effect (24.601847 0.093564)
-1 1409933745.516526 action (-0.01)
-1 1409933752.831905 effect (-97.614514 0.308803)
-1 1409933761.374955 action (0.0)
-1 1409933768.102810 effect (103.843844 0.012398)
-1 1409933780.539253 action (0.01)
-1 1409933786.664501 effect (-163.265459 0.109787)
-1 1409933795.453960 action (0.02)
-1 1409933800.980270 effect (177.255733 0.09073)
-1 1409933810.248942 action (0.03)
-1 1409933815.864970 effect (-128.472431 0.028074)
-1 1409933824.458217 action (0.04)
-1 1409933831.187953 effect (-132.729036 0.036416)
-1 1409933839.593932 action (0.05)
-1 1409933845.223239 effect (-152.599847 0.039027)
-1 1409933859.034176 action (-0.05)
-1 1409933865.678952 effect (7.801975 0.04859)
-1 1409933875.534420 action (-0.04)
-1 1409933882.098612 effect (11.497974 0.088577)
-1 1409933892.624423 action (-0.03)
-1 1409933899.052017 effect (18.944317 0.083698)
-1 1409933913.894370 action (-0.02)
-1 1409933919.313783 effect (36.331559 0.176313)
-1 1409933934.977866 action (-0.01)
-1 1409933942.209923 effect (-44.025205 0.351056)
-1 1409933950.528089 action (0.0)
-1 1409933956.148171 effect (-142.48349 0.016366)
-1 1409933968.772353 action (0.01)
-1 1409933974.991912 effect (-120.455353 0.012957)
-1 1409933986.931783 action (0.02)
-1 1409933992.662627 effect (-178.512349 0.09347)
-1 1409934001.347619 action (0.03)
-1 1409934006.889857 effect (-122.570961 0.045263)
-1 1409934015.478883 action (0.04)
-1 1409934021.008427 effect (-118.217064 0.036241)
-1 1409934031.210738 action (0.05)
-1 1409934036.563090 effect (-91.323747 0.119633)
-1 1409934050.310293 action (-0.05)
-1 1409934057.759833 effect (20.357002 0.059416)
-1 1409934067.830623 action (-0.04)
-1 1409934073.170280 effect (24.902821 0.06637)
-1 1409934083.358963 action (-0.03)
-1 1409934089.497146 effect (33.34043 0.076766)
-1 1409934105.353015 action (-0.02)
-1 1409934111.088021 effect (16.184523 0.131034)
-1 1409934128.053115 action (-0.01)
-1 1409934135.275403 effect (-76.869472 0.235109)
-1 1409934149.145875 action (0.0)
-1 1409934155.323691 effect (111.574467 0.018417)
-1 1409934167.108351 action (0.01)
-1 1409934173.238488 effect (-179.200744 0.090074)
-1 1409934182.291831 action (0.02)
-1 1409934189.010526 effect (-124.587546 0.035482)
-1 1409934198.435749 action (0.03)
-1 1409934205.968857 effect (-128.675533 0.026417)
-1 1409934214.878966 action (0.04)
-1 1409934220.405473 effect (-107.01529 0.033703)
-1 1409934230.058336 action (0.05)
-1 1409934235.464632 effect (-89.949423 0.084182)
-1 1409934251.821869 action (-0.05)
-1 1409934256.100065 effect (13.276232 0.049365)
-1 1409934265.203917 action (-0.04)
-1 1409934271.471241 effect (9.908076 0.111818)
-1 1409934283.671247 action (-0.03)
-1 1409934289.802213 effect (20.257802 0.088024)
-1 1409934305.679754 action (-0.02)
-1 1409934313.037108 effect (-62.088611 0.173838)
-1 1409934328.096032 action (-0.01)
-1 1409934334.235716 effect (-51.091514 0.133634)
-1 1409934344.169365 action (0.0)
-1 1409934351.004531 effect (46.178528 0.07812)
-1 1409934363.489786 action (0.01)
-1 1409934369.613964 effect (-174.862118 0.017628)
-1 1409934379.371718 action (0.02)
-1 1409934385.381149 effect (171.619905 0.102409)
-1 1409934394.635700 action (0.03)
-1 1409934400.167470 effect (-112.361685 0.026336)
-1 1409934409.131507 action (0.04)
-1 1409934415.764367 effect (-112.479371 0.018191)
-1 1409934425.272983 action (0.05)
-1 1409934430.597955 effect (-88.2226 0.082882)
-1 1409934444.470972 action (-0.05)
-1 1409934450.580456 effect (1.439034 0.08389)
-1 1409934461.925019 action (-0.04)
-1 1409934467.472699 effect (30.526503 0.062419)
-1 1409934477.843327 action (-0.03)
-1 1409934483.617570 effect (32.737403 0.074181)
-1 1409934499.534872 action (-0.02)
-1 1409934506.467449 effect (-42.853042 0.350658)
-1 1409934520.852590 action (-0.01)
-1 1409934527.679069 effect (-141.638445 0.015943)
-1 1409934536.636212 action (0.0)
-1 1409934542.195928 effect (-132.154404 0.009769)
-1 1409934555.611785 action (0.01)
-1 1409934561.856109 effect (172.825845 0.109331)
-1 1409934570.603040 action (0.02)
-1 1409934576.110530 effect (-121.493165 0.037897)
-1 1409934585.363896 action (0.03)
-1 1409934591.491934 effect (-105.79425 0.033386)
-1 1409934599.886460 action (0.04)
-1 1409934605.425327 effect (-164.234367 0.030466)
-1 1409934615.432641 action (0.05)
-1 1409934620.943498 effect (-46.078688 0.158604)
-1 1409934636.826095 action (-0.05)
-1 1409934642.359899 effect (23.468431 0.053869)
-1 1409934652.555623 action (-0.04)
-1 1409934658.390801 effect (14.830309 0.109488)
-1 1409934667.948566 action (-0.03)
-1 1409934673.495929 effect (28.867095 0.078696)
-1 1409934685.343926 action (-0.02)
-1 1409934691.013725 effect (21.580321 0.095137)
-1 1409934703.802173 action (-0.01)
-1 1409934709.932941 effect (-168.79184 0.046021)
-1 1409934718.199127 action (0.0)
-1 1409934724.327209 effect (131.052781 0.004679)
-1 1409934736.825382 action (0.01)
-1 1409934743.149693 effect (168.567274 0.046026)
-1 1409934753.989175 action (0.02)
-1 1409934760.108187 effect (171.718499 0.100475)
-1 1409934769.384092 action (0.03)
-1 1409934774.922030 effect (-123.155728 0.038782)
-1 1409934784.123056 action (0.04)
-1 1409934789.428645 effect (-119.023196 0.029351)
-1 1409934798.084014 action (0.05)
-1 1409934803.704842 effect (158.473827 0.016079)
-1 1409934820.475198 action (-0.05)
-1 1409934827.951794 effect (-175.179154 0.473164)
-1 1409934838.460968 action (-0.04)
-1 1409934844.079525 effect (30.305685 0.058044)
-1 1409934854.384751 action (-0.03)
-1 1409934859.828636 effect (21.890832 0.076386)
-1 1409934875.443504 action (-0.02)
-1 1409934881.681332 effect (-44.139229 0.359675)
-1 1409934897.472754 action (-0.01)
-1 1409934903.603551 effect (23.632423 0.113723)
-1 1409934911.938595 action (0.0)
-1 1409934919.280101 effect (-143.810199 0.007931)
-1 1409934932.402519 action (0.01)
-1 1409934938.552758 effect (-170.01814 0.02486)
-1 1409934949.102762 action (0.02)
-1 1409934955.239718 effect (-164.378816 0.077982)
-1 1409934963.839340 action (0.03)
-1 1409934969.264297 effect (-121.23632 0.039362)
-1 1409934978.348709 action (0.04)
-1 1409934983.983578 effect (-133.697576 0.032518)
-1 1409934992.450928 action (0.05)
-1 1409934997.872192 effect (-179.881014 0.053102)
-1 1409935014.248917 action (-0.05)
-1 1409935019.730802 effect (0.251387 0.100865)
-1 1409935029.888822 action (-0.04)
-1 1409935035.240885 effect (30.447709 0.054569)
-1 1409935046.998866 action (-0.03)
-1 1409935053.954467 effect (20.111515 0.084877)
-1 1409935069.860642 action (-0.02)
-1 1409935077.179839 effect (5.067173 0.12161)
-1 1409935093.038462 action (-0.01)
-1 1409935099.165015 effect (-67.895128 0.202077)
-1 1409935107.917436 action (0.0)
-1 1409935114.050962 effect (98.189892 0.017767)
-1 1409935125.949901 action (0.01)
-1 1409935131.581018 effect (-162.425608 0.093664)
-1 1409935144.111491 action (0.02)
-1 1409935149.634917 effect (178.072112 0.098259)
-1 1409935158.228773 action (0.03)
-1 1409935164.966888 effect (-111.890297 0.046394)
-1 1409935173.419524 action (0.04)
-1 1409935178.828122 effect (-145.91833 0.031471)
-1 1409935187.811049 action (0.05)
-1 1409935193.247932 effect (153.884213 0.011369)
-1 1409935207.093531 action (-0.05)
-1 1409935212.459515 effect (19.851196 0.059918)
-1 1409935224.646604 action (-0.04)
-1 1409935230.296832 effect (21.538879 0.074292)
-1 1409935241.766274 action (-0.03)
-1 1409935247.904142 effect (18.644081 0.081276)
-1 1409935263.693735 action (-0.02)
-1 1409935269.923523 effect (62.24532 0.135087)
-1 1409935285.806581 action (-0.01)
-1 1409935291.941504 effect (-81.341567 0.30812)
-1 1409935300.746930 action (0.0)
-1 1409935308.186275 effect (-156.982501 0.011731)
-1 1409935320.887431 action (0.01)
-1 1409935328.424908 effect (148.740124 0.03565)
-1 1409935338.628834 action (0.02)
-1 1409935344.879727 effect (171.557405 0.120871)
-1 1409935354.161068 action (0.03)
-1 1409935359.573746 effect (179.818454 0.0187)
-1 1409935368.600917 action (0.04)
-1 1409935374.212895 effect (-117.74653 0.036987)
-1 1409935383.050855 action (0.05)
-1 1409935388.404229 effect (-148.273504 0.003087)
-1 1409935405.304673 action (-0.05)
-1 1409935411.958394 effect (-0.101228 0.084604)
-1 1409935422.625215 action (-0.04)
-1 1409935428.783364 effect (17.119003 0.108523)
-1 1409935439.263344 action (-0.03)
-1 1409935446.607284 effect (25.479184 0.077403)
-1 1409935463.488919 action (-0.02)
-1 1409935469.720799 effect (-67.542239 0.286548)
-1 1409935486.594133 action (-0.01)
-1 1409935492.725328 effect (-79.301354 0.183185)
-1 1409935501.151582 action (0.0)
-1 1409935507.284254 effect (128.054887 0.01368)
-1 1409935520.273501 action (0.01)
-1 1409935527.606510 effect (127.134336 0.030669)
-1 1409935536.970653 action (0.02)
-1 1409935544.499788 effect (175.914897 0.070561)
-1 1409935553.411326 action (0.03)
-1 1409935559.559125 effect (-143.238154 0.029792)
-1 1409935568.095941 action (0.04)
-1 1409935573.716238 effect (-132.679635 0.015045)
-1 1409935582.614316 action (0.05)
