-1 1410769204.438531 action (-0.05)
-1 1410769211.112536 effect (10.175906 0.104193)
-1 1410769232.522640 action (-0.04)
-1 1410769238.931975 effect (114.297075 0.009723)
-1 1410769260.192164 action (-0.03)
-1 1410769265.349129 effect (-13.645413 0.012325)
-1 1410769287.475865 action (-0.02)
-1 1410769294.523143 effect (136.844227 0.009372)
-1 1410769316.590067 action (-0.01)
-1 1410769321.797110 effect (-99.051709 0.005881)
-1 1410769344.105407 action (0.0)
-1 1410769349.965957 effect (96.471652 0.015308)
-1 1410769370.482583 action (0.01)
-1 1410769376.005653 effect (74.643721 0.034482)
-1 1410769397.853268 action (0.02)
-1 1410769402.928949 effect (144.848335 0.014829)
-1 1410769423.278463 action (0.03)
-1 1410769429.801059 effect (-87.505714 0.006558)
-1 1410769451.825861 action (0.04)
-1 1410769458.078284 effect (22.182188 0.015203)
-1 1410769479.989227 action (0.05)
-1 1410769485.880741 effect (-29.329347 0.018477)
-1 1410769558.715075 action (-0.05)
-1 1410769564.650226 effect (179.51052 0.028456)
-1 1410769585.194414 action (-0.04)
-1 1410769591.016650 effect (58.996837 0.018375)
-1 1410769611.490565 action (-0.03)
-1 1410769617.204786 effect (-120.66484 0.018816)
-1 1410769638.162380 action (-0.02)
-1 1410769644.541829 effect (116.307073 0.040316)
-1 1410769665.825332 action (-0.01)
-1 1410769672.784573 effect (101.413729 0.029521)
-1 1410769694.206091 action (0.0)
-1 1410769700.360372 effect (54.694203 0.004005)
-1 1410769723.127296 action (0.01)
-1 1410769729.126775 effect (-96.357309 0.005919)
-1 1410769750.544464 action (0.02)
-1 1410769755.815053 effect (162.119895 0.009865)
-1 1410769778.759543 action (0.03)
-1 1410769784.522839 effect (11.777399 0.003297)
-1 1410769805.753363 action (0.04)
-1 1410769812.830328 effect (-19.047159 0.013968)
-1 1410769833.941907 action (0.05)
-1 1410769840.826752 effect (-167.183844 0.013068)
-1 1410769887.729805 action (-0.05)
-1 1410769894.693347 effect (124.734975 0.047602)
-1 1410769916.110347 action (-0.04)
-1 1410769921.920672 effect (21.904453 0.038353)
-1 1410769942.298933 action (-0.03)
-1 1410769949.359393 effect (33.260915 0.019448)
-1 1410769969.843531 action (-0.02)
-1 1410769977.119304 effect (-174.240427 0.029535)
-1 1410769998.230179 action (-0.01)
-1 1410770003.957065 effect (109.703836 0.007046)
-1 1410770025.795659 action (0.0)
-1 1410770032.827686 effect (-129.608951 0.027222)
-1 1410770054.267202 action (0.01)
-1 1410770061.381291 effect (-18.622345 0.037917)
-1 1410770083.134214 action (0.02)
-1 1410770088.604460 effect (66.214151 0.02165)
-1 1410770108.769829 action (0.03)
-1 1410770114.160192 effect (41.686044 0.018905)
-1 1410770136.824696 action (0.04)
-1 1410770143.773135 effect (5.806881 0.0261)
-1 1410770163.325052 action (0.05)
-1 1410770170.235365 effect (-133.023824 0.003735)
-1 1410770213.895870 action (-0.05)
-1 1410770220.801491 effect (-138.401874 0.062722)
-1 1410770243.428538 action (-0.04)
-1 1410770250.441495 effect (179.446418 0.006161)
-1 1410770272.327946 action (-0.03)
-1 1410770277.802084 effect (-179.367205 0.024528)
-1 1410770298.894865 action (-0.02)
-1 1410770304.829033 effect (47.38086 0.006961)
-1 1410770325.997931 action (-0.01)
-1 1410770333.114388 effect (154.075126 0.00895)
-1 1410770354.832460 action (0.0)
-1 1410770360.013098 effect (74.678798 0.016083)
-1 1410770381.262688 action (0.01)
-1 1410770386.204502 effect (47.281972 0.017208)
-1 1410770407.709150 action (0.02)
-1 1410770412.892229 effect (-96.633842 0.002425)
-1 1410770435.071133 action (0.03)
-1 1410770442.028013 effect (166.207203 0.002586)
-1 1410770462.336740 action (0.04)
-1 1410770467.498815 effect (-69.385833 0.026965)
-1 1410770489.071219 action (0.05)
-1 1410770495.931827 effect (45.843881 0.016647)
-1 1410770530.441827 action (-0.05)
-1 1410770536.268853 effect (43.476215 0.042663)
-1 1410770556.571365 action (-0.04)
-1 1410770563.568647 effect (-11.057039 0.145184)
-1 1410770584.662202 action (-0.03)
-1 1410770590.973121 effect (51.918663 0.005209)
-1 1410770612.091469 action (-0.02)
-1 1410770618.588863 effect (-21.28111 0.054731)
-1 1410770639.340481 action (-0.01)
-1 1410770645.762692 effect (-51.503545 0.031999)
-1 1410770666.547794 action (0.0)
-1 1410770672.256199 effect (178.508439 0.016268)
-1 1410770693.801362 action (0.01)
-1 1410770699.457886 effect (179.821122 0.048536)
-1 1410770720.684623 action (0.02)
-1 1410770726.835490 effect (61.844301 0.00389)
-1 1410770749.096484 action (0.03)
-1 1410770755.653970 effect (8.778234 0.018224)
-1 1410770775.571917 action (0.04)
-1 1410770782.325919 effect (156.832489 0.030926)
-1 1410770803.179740 action (0.05)
-1 1410770808.678622 effect (23.930217 0.044743)
