-1 1412091098.920251 toolpose 3 -90
-1 1412091098.920270 prediction 2 (0.211603)
-1 1412091114.505333 action (-0.01)
-1 1412091120.424851 effect (-79.186594 0.063856)
-1 1412091125.348924 toolpose 3 0
-1 1412091125.348940 prediction 2 (0.211603)
-1 1412091140.274349 action (-0.01)
-1 1412091148.275773 effect (-39.32443 0.229049)
-1 1412091125.348924 toolpose 3 90
-1 1412091151.800768 prediction 2 (0.211603)
-1 1412091166.948627 action (-0.01)
-1 1412091175.072950 effect (-40.482445 0.215601)
-1 1412091178.706153 toolpose 4 -90
-1 1412091178.706180 prediction 2 (0.211603)
-1 1412091192.961458 action (-0.01)
-1 1412091199.095186 effect (178.562653 0.051738)
-1 1412091125.348924 toolpose 4 0
-1 1412091202.802992 prediction 1 (0.115401)
-1 1412091212.844948 action (-0.05)
-1 1412091219.365192 effect (29.877482 0.038154)
-1 1412091223.201481 toolpose 4 90
-1 1412091223.201502 prediction 1 (0.115401)
-1 1412091232.444952 action (-0.05)
-1 1412091238.773593 effect (24.359901 0.027684)
-1 1412091242.573937 toolpose 5 -90
-1 1412091242.573954 prediction 1 (0.115401)
-1 1412091254.328635 action (-0.05)
-1 1412091259.960907 effect (2.536208 0.179469)
-1 1412091264.009187 toolpose 5 0
-1 1412091264.009203 prediction 1 (0.115401)
-1 1412091274.769304 action (-0.05)
-1 1412091280.413509 effect (-115.300215 0.11479)
-1 1412091125.348924 toolpose 5 90
-1 1412091285.165042 prediction 3 (0.165113)
-1 1412091297.187806 action (0.05)
-1 1412091302.912515 effect (-29.995032 0.175081)
-1 1412091125.348924 toolpose 6 -90
-1 1412091307.454207 prediction 1 (0.115401)
-1 1412091321.184927 action (-0.05)
-1 1412091327.213811 effect (9.625718 0.144902)
-1 1412091125.348924 toolpose 6 0
-1 1412091332.028108 prediction 1 (0.115401)
-1 1412091344.696110 action (-0.05)
-1 1412091350.629262 effect (7.925876 0.121005)
-1 1412091355.406017 toolpose 6 90
-1 1412091355.406033 prediction 1 (0.115401)
-1 1412091366.531017 action (-0.05)
-1 1412091372.669795 effect (10.951996 0.047739)
-1 1412091125.348924 toolpose 7 -90
-1 1412091377.624512 prediction 1 (0.115401)
-1 1412091390.192557 action (-0.05)
-1 1412091396.739293 effect (0.356452 0.148412)
-1 1412091125.348924 toolpose 7 0
-1 1412091401.469553 prediction 2 (0.211603)
-1 1412091418.376888 action (-0.01)
-1 1412091424.601531 effect (-85.581274 0.050753)
-1 1412091125.348924 toolpose 7 90
-1 1412091429.885054 prediction 2 (0.211603)
-1 1412091448.313925 action (-0.01)
-1 1412091454.944592 effect (-54.985519 0.402424)
-1 1412091125.348924 toolpose 8 -90
-1 1412091460.375584 prediction 1 (0.115401)
-1 1412091474.107701 action (-0.05)
-1 1412091480.740592 effect (12.2441 0.136966)
-1 1412091125.348924 toolpose 8 0
-1 1412091486.183863 prediction 1 (0.115401)
-1 1412091500.504596 action (-0.05)
-1 1412091507.336485 effect (36.757071 0.05805)
-1 1412091125.348924 toolpose 8 90
-1 1412091513.120257 prediction 3 (0.165113)
-1 1412091527.580645 action (0.05)
-1 1412091534.546848 effect (-0.708859 0.112811)
-1 1412091125.348924 toolpose 9 -90
-1 1412091541.158082 prediction 1 (0.115401)
-1 1412091556.205067 action (-0.05)
-1 1412091563.556496 effect (7.85971 0.115619)
-1 1412091570.208823 toolpose 9 0
-1 1412091570.208843 prediction 2 (0.211603)
-1 1412091590.829398 action (-0.01)
-1 1412091597.646150 effect (-16.988779 0.104382)
-1 1412091125.348924 toolpose 9 90
-1 1412091604.176070 prediction 2 (0.211603)
-1 1412091625.856552 action (-0.01)
-1 1412091633.155868 effect (-38.418789 0.124293)
