-1 1411751335.790503 action (-0.05)
-1 1411751343.882703 effect (-82.915469 0.120904)
-1 1411751365.005849 action (-0.04)
-1 1411751372.455771 effect (-116.021768 0.12286)
-1 1411751394.708205 action (-0.03)
-1 1411751402.452056 effect (-22.051852 0.009307)
-1 1411751423.482885 action (-0.02)
-1 1411751431.178277 effect (-75.894508 0.09028)
-1 1411751451.408437 action (-0.01)
-1 1411751458.353551 effect (-61.375861 0.070917)
-1 1411751479.190798 action (0.0)
-1 1411751485.985049 effect (-69.181579 0.065839)
-1 1411751506.405488 action (0.01)
-1 1411751513.622639 effect (-116.693299 0.091776)
-1 1411751534.039564 action (0.02)
-1 1411751540.861556 effect (-129.783461 0.089483)
-1 1411751561.381403 action (0.03)
-1 1411751568.618842 effect (-89.44888 0.021286)
-1 1411751590.762325 action (0.04)
-1 1411751598.607429 effect (-51.460825 0.026245)
-1 1411751619.471945 action (0.05)
-1 1411751626.634641 effect (-53.530929 0.042689)
-1 1411751718.474882 action (-0.05)
-1 1411751725.871413 effect (-93.614962 0.117953)
-1 1411751746.075485 action (-0.04)
-1 1411751753.310315 effect (-75.146394 0.09909)
-1 1411751773.727892 action (-0.03)
-1 1411751780.529646 effect (-90.049023 0.08302)
-1 1411751801.651160 action (-0.02)
-1 1411751809.723981 effect (41.078261 0.096075)
-1 1411751830.684649 action (-0.01)
-1 1411751839.112054 effect (-61.818381 0.06457)
-1 1411751861.088201 action (0.0)
-1 1411751868.252515 effect (-87.161253 0.069047)
-1 1411751889.490004 action (0.01)
-1 1411751896.127342 effect (-91.795413 0.061969)
-1 1411751919.027237 action (0.02)
-1 1411751926.615922 effect (-5.839599 0.011328)
-1 1411751947.291335 action (0.03)
-1 1411751954.936246 effect (-17.020441 0.128536)
-1 1411751976.188998 action (0.04)
-1 1411751982.989499 effect (-70.185948 0.040735)
-1 1411752003.622855 action (0.05)
-1 1411752010.999239 effect (-58.473573 0.03204)
-1 1411752061.202977 action (-0.05)
-1 1411752069.799402 effect (-55.345421 0.111921)
-1 1411752090.811249 action (-0.04)
-1 1411752098.409428 effect (-91.804095 0.109516)
-1 1411752119.300460 action (-0.03)
-1 1411752126.154308 effect (-99.06205 0.091982)
-1 1411752147.106069 action (-0.02)
-1 1411752153.797858 effect (-37.943217 0.131149)
-1 1411752174.294653 action (-0.01)
-1 1411752181.974598 effect (-101.308912 0.062192)
-1 1411752204.226334 action (0.0)
-1 1411752210.675228 effect (-33.81011 0.057393)
-1 1411752231.365765 action (0.01)
-1 1411752238.695508 effect (-105.655609 0.053629)
-1 1411752258.941308 action (0.02)
-1 1411752265.588075 effect (-72.892848 0.0618)
-1 1411752288.705830 action (0.03)
-1 1411752296.753822 effect (96.302441 0.020144)
-1 1411752317.266525 action (0.04)
-1 1411752324.863354 effect (-57.772681 0.03051)
-1 1411752345.430823 action (0.05)
-1 1411752352.729345 effect (-151.058088 0.044436)
-1 1411752387.610126 action (-0.05)
-1 1411752395.257498 effect (-95.099829 0.088449)
-1 1411752415.653018 action (-0.04)
-1 1411752422.590663 effect (-82.454346 0.113645)
-1 1411752443.842990 action (-0.03)
-1 1411752450.892780 effect (-80.088187 0.08333)
-1 1411752472.786937 action (-0.02)
-1 1411752479.673037 effect (-62.197424 0.109601)
-1 1411752500.694013 action (-0.01)
-1 1411752509.027904 effect (-119.307459 0.052066)
-1 1411752529.977501 action (0.0)
-1 1411752536.203938 effect (-53.91137 0.079101)
-1 1411752556.470383 action (0.01)
-1 1411752563.034217 effect (-48.80185 0.057658)
-1 1411752583.609421 action (0.02)
-1 1411752591.001887 effect (-34.915787 0.095604)
-1 1411752611.662750 action (0.03)
-1 1411752618.876471 effect (-34.166399 0.105458)
-1 1411752639.542820 action (0.04)
-1 1411752646.760442 effect (-30.892354 0.045391)
-1 1411752668.683551 action (0.05)
-1 1411752675.457154 effect (-8.453345 0.011276)
-1 1411753069.833261 action (-0.05)
-1 1411753076.681785 effect (-30.39748 0.010693)
-1 1411753097.483877 action (-0.04)
-1 1411753104.203317 effect (5.483724 0.034695)
-1 1411753125.115710 action (-0.03)
-1 1411753132.038142 effect (47.422953 0.039467)
-1 1411753152.720194 action (-0.02)
-1 1411753159.460636 effect (64.77855 0.051362)
-1 1411753181.419324 action (-0.01)
-1 1411753188.307778 effect (-26.005117 0.134808)
-1 1411753208.483834 action (0.0)
-1 1411753215.320012 effect (-92.428855 0.059889)
-1 1411753235.230534 action (0.01)
-1 1411753242.293179 effect (-76.435629 0.051045)
-1 1411753262.809256 action (0.02)
-1 1411753269.484631 effect (-142.756197 0.039242)
-1 1411753289.855595 action (0.03)
-1 1411753296.631678 effect (-108.897224 0.038349)
-1 1411753317.941207 action (0.04)
-1 1411753325.257442 effect (-95.196959 0.022228)
-1 1411753345.706914 action (0.05)
-1 1411753352.682633 effect (-107.378219 0.021542)
