-1 1410278242.310646 action (-0.05)
-1 1410278247.339227 effect (3.772586 0.168963)
-1 1410278257.482818 action (-0.04)
-1 1410278263.617079 effect (1.470378 0.159998)
-1 1410278272.251556 action (-0.03)
-1 1410278280.375856 effect (4.667886 0.159153)
-1 1410278290.307468 action (-0.02)
-1 1410278296.419167 effect (67.967435 0.077653)
-1 1410278311.005669 action (-0.01)
-1 1410278317.034615 effect (168.855919 0.053679)
-1 1410278329.253690 action (0.0)
-1 1410278335.279210 effect (94.225337 0.020759)
-1 1410278348.124182 action (0.01)
-1 1410278354.141249 effect (-55.265652 0.379484)
-1 1410278363.403902 action (0.02)
-1 1410278370.511387 effect (-26.81366 0.162505)
-1 1410278379.002643 action (0.03)
-1 1410278385.020207 effect (-90.101586 0.114014)
-1 1410278393.796335 action (0.04)
-1 1410278399.923920 effect (-77.522949 0.048411)
-1 1410278407.598207 action (0.05)
-1 1410278413.708888 effect (33.7912 0.003082)
-1 1410278429.449924 action (-0.05)
-1 1410278437.563382 effect (3.449673 0.161121)
-1 1410278446.909146 action (-0.04)
-1 1410278452.136946 effect (1.257409 0.160405)
-1 1410278461.946725 action (-0.03)
-1 1410278467.952523 effect (5.2199 0.161301)
-1 1410278478.042405 action (-0.02)
-1 1410278485.266890 effect (111.146354 0.073293)
-1 1410278495.318039 action (-0.01)
-1 1410278502.434730 effect (46.945237 0.152053)
-1 1410278517.956713 action (0.0)
-1 1410278523.972644 effect (31.820595 0.019587)
-1 1410278536.124636 action (0.01)
-1 1410278544.245209 effect (176.418907 0.090176)
-1 1410278553.042393 action (0.02)
-1 1410278561.160328 effect (-25.740823 0.162851)
-1 1410278569.938051 action (0.03)
-1 1410278576.942418 effect (-35.112853 0.179768)
-1 1410278584.805109 action (0.04)
-1 1410278590.108381 effect (65.291796 0.003126)
-1 1410278598.248871 action (0.05)
-1 1410278603.758459 effect (21.880831 0.005654)
-1 1410278619.076292 action (-0.05)
-1 1410278626.323587 effect (-4.287412 0.161451)
-1 1410278635.799907 action (-0.04)
-1 1410278640.723616 effect (2.257358 0.165867)
-1 1410278651.291112 action (-0.03)
-1 1410278658.390052 effect (-131.966429 0.114646)
-1 1410278668.477851 action (-0.02)
-1 1410278676.580421 effect (9.741901 0.164012)
-1 1410278690.585620 action (-0.01)
-1 1410278696.495309 effect (164.892304 0.051406)
-1 1410278710.186262 action (0.0)
-1 1410278716.098181 effect (-87.569929 0.070373)
-1 1410278725.618212 action (0.01)
-1 1410278732.835424 effect (-156.779791 0.057805)
-1 1410278740.320636 action (0.02)
-1 1410278747.442488 effect (-86.872174 0.021195)
-1 1410278755.946234 action (0.03)
-1 1410278761.841372 effect (-27.674314 0.197853)
-1 1410278769.771212 action (0.04)
-1 1410278775.995758 effect (-173.768294 0.005419)
-1 1410278785.022250 action (0.05)
-1 1410278792.341181 effect (-98.592329 0.033717)
-1 1410278808.159315 action (-0.05)
-1 1410278813.236684 effect (-3.725589 0.154983)
-1 1410278822.255091 action (-0.04)
-1 1410278827.382932 effect (2.838766 0.154634)
-1 1410278835.908115 action (-0.03)
-1 1410278842.023612 effect (-112.427502 0.090422)
-1 1410278853.296361 action (-0.02)
-1 1410278859.213727 effect (22.90664 0.166619)
-1 1410278872.938398 action (-0.01)
-1 1410278880.044448 effect (165.879943 0.050442)
-1 1410278894.110928 action (0.0)
-1 1410278902.224280 effect (-119.557714 0.013451)
-1 1410278912.305494 action (0.01)
-1 1410278918.323975 effect (25.712459 0.184667)
-1 1410278929.163969 action (0.02)
-1 1410278935.376589 effect (178.005928 0.085909)
-1 1410278944.155861 action (0.03)
-1 1410278951.278901 effect (-29.525597 0.173021)
-1 1410278958.946739 action (0.04)
-1 1410278964.268195 effect (-114.414678 0.000509)
-1 1410278973.641054 action (0.05)
-1 1410278979.835903 effect (-97.030802 0.029268)
-1 1410278995.716738 action (-0.05)
-1 1410279002.845998 effect (-2.339466 0.158159)
-1 1410279011.634450 action (-0.04)
-1 1410279016.572790 effect (3.313867 0.158601)
-1 1410279025.609849 action (-0.03)
-1 1410279031.635869 effect (76.009751 0.068407)
-1 1410279047.245938 action (-0.02)
-1 1410279054.462671 effect (-23.297147 0.03551)
-1 1410279065.981269 action (-0.01)
-1 1410279072.012292 effect (45.730315 0.151835)
-1 1410279086.478807 action (0.0)
-1 1410279091.688854 effect (77.320735 0.013735)
-1 1410279103.227495 action (0.01)
-1 1410279108.434902 effect (-155.49437 0.106323)
-1 1410279116.261887 action (0.02)
-1 1410279123.290944 effect (-92.421473 0.031301)
-1 1410279131.043602 action (0.03)
-1 1410279137.069444 effect (-73.337349 0.024118)
-1 1410279145.907492 action (0.04)
-1 1410279153.032936 effect (-93.592017 0.052675)
-1 1410279160.931032 action (0.05)
-1 1410279167.040484 effect (-85.381612 0.001942)
-1 1410279181.778784 action (-0.05)
-1 1410279187.810660 effect (-4.790309 0.164072)
-1 1410279196.839109 action (-0.04)
-1 1410279202.768041 effect (4.230531 0.158843)
-1 1410279217.509474 action (-0.03)
-1 1410279224.629138 effect (179.298859 0.058406)
-1 1410279234.007884 action (-0.02)
-1 1410279240.031174 effect (66.476654 0.066134)
-1 1410279249.713532 action (-0.01)
-1 1410279257.834667 effect (47.533463 0.148303)
-1 1410279273.835027 action (0.0)
-1 1410279281.950093 effect (6.00452 0.022882)
-1 1410279295.953078 action (0.01)
-1 1410279304.077932 effect (162.783588 0.047832)
-1 1410279312.720253 action (0.02)
-1 1410279319.732987 effect (-29.365996 0.179192)
-1 1410279327.315820 action (0.03)
-1 1410279332.550499 effect (-144.564184 0.006707)
-1 1410279341.763892 action (0.04)
-1 1410279348.978880 effect (-89.945314 0.041577)
-1 1410279356.822918 action (0.05)
-1 1410279362.319784 effect (105.572449 0.012272)
-1 1410279376.447200 action (-0.05)
-1 1410279382.482547 effect (-2.761145 0.153351)
-1 1410279392.017124 action (-0.04)
-1 1410279397.029475 effect (5.244749 0.158594)
-1 1410279411.086855 action (-0.03)
-1 1410279417.106594 effect (175.524013 0.057926)
-1 1410279431.164390 action (-0.02)
-1 1410279439.289558 effect (174.54322 0.059769)
-1 1410279453.112735 action (-0.01)
-1 1410279460.130631 effect (-172.111922 0.051055)
-1 1410279472.184466 action (0.0)
-1 1410279479.302099 effect (73.036329 0.012073)
-1 1410279492.129424 action (0.01)
-1 1410279499.137233 effect (35.21438 0.179782)
-1 1410279506.692461 action (0.02)
-1 1410279513.796407 effect (-85.318819 0.042627)
-1 1410279521.439699 action (0.03)
-1 1410279527.660512 effect (-102.323202 0.031838)
-1 1410279535.374628 action (0.04)
-1 1410279541.392425 effect (49.70498 0.434402)
-1 1410279549.990341 action (0.05)
-1 1410279555.906194 effect (-94.490875 0.037105)
-1 1410279571.660207 action (-0.05)
-1 1410279576.594608 effect (10.565225 0.173974)
-1 1410279585.663370 action (-0.04)
-1 1410279592.813112 effect (2.235537 0.159988)
-1 1410279603.508367 action (-0.03)
-1 1410279610.533026 effect (5.782724 0.160868)
-1 1410279621.267542 action (-0.02)
-1 1410279629.375235 effect (10.273622 0.16595)
-1 1410279644.735240 action (-0.01)
-1 1410279652.841394 effect (31.716341 0.079684)
-1 1410279665.635595 action (0.0)
-1 1410279671.619396 effect (162.485163 0.180745)
-1 1410279682.011991 action (0.01)
-1 1410279687.918800 effect (-178.648469 0.091273)
-1 1410279697.707900 action (0.02)
-1 1410279704.825415 effect (171.003125 0.104758)
-1 1410279713.195199 action (0.03)
-1 1410279719.201520 effect (-40.381366 0.147138)
-1 1410279727.787118 action (0.04)
-1 1410279733.007478 effect (-43.456398 0.211563)
-1 1410279742.139468 action (0.05)
-1 1410279748.270188 effect (-96.696514 0.034466)
-1 1410279763.546844 action (-0.05)
-1 1410279770.993948 effect (-1.948488 0.14699)
-1 1410279780.718981 action (-0.04)
-1 1410279786.760926 effect (7.210019 0.164889)
-1 1410279798.090929 action (-0.03)
-1 1410279805.304305 effect (41.463848 0.099626)
-1 1410279815.251543 action (-0.02)
-1 1410279821.266734 effect (42.342934 0.148622)
-1 1410279835.667466 action (-0.01)
-1 1410279843.792061 effect (-55.124299 0.067523)
-1 1410279853.936064 action (0.0)
-1 1410279860.072496 effect (-54.308265 0.070753)
-1 1410279872.298827 action (0.01)
-1 1410279880.402847 effect (50.096777 0.164131)
-1 1410279888.384527 action (0.02)
-1 1410279894.501354 effect (-89.507785 0.038941)
-1 1410279902.297422 action (0.03)
-1 1410279907.710340 effect (-70.932959 0.01241)
-1 1410279915.654005 action (0.04)
-1 1410279921.766003 effect (-105.695234 0.014292)
-1 1410279930.106264 action (0.05)
-1 1410279936.122656 effect (63.611934 0.016013)
-1 1410279952.005945 action (-0.05)
-1 1410279958.034518 effect (-3.660892 0.15492)
-1 1410279967.308630 action (-0.04)
-1 1410279974.417839 effect (1.85667 0.156039)
-1 1410279983.478688 action (-0.03)
-1 1410279991.603724 effect (72.634965 0.055015)
-1 1410280007.119214 action (-0.02)
-1 1410280013.134408 effect (-10.566978 0.036029)
-1 1410280025.428540 action (-0.01)
-1 1410280032.539362 effect (20.934905 0.256467)
-1 1410280047.629070 action (0.0)
-1 1410280053.655282 effect (87.00505 0.037619)
-1 1410280064.863022 action (0.01)
-1 1410280070.780550 effect (178.55517 0.097557)
-1 1410280078.667315 action (0.02)
-1 1410280085.681652 effect (-88.490907 0.023452)
-1 1410280094.227205 action (0.03)
-1 1410280101.345808 effect (-29.441426 0.21367)
-1 1410280110.260513 action (0.04)
-1 1410280116.181465 effect (-89.780737 0.078109)
-1 1410280124.309032 action (0.05)
-1 1410280130.443247 effect (109.809644 0.015206)
