-1 1410365536.412037 action (-0.05)
-1 1410365542.550712 effect (74.857008 0.028174)
-1 1410365552.639771 action (-0.04)
-1 1410365557.970623 effect (19.319044 0.066453)
-1 1410365566.804813 action (-0.03)
-1 1410365572.843763 effect (21.571444 0.085454)
-1 1410365582.574220 action (-0.02)
-1 1410365588.201141 effect (115.787563 0.081311)
-1 1410365603.696711 action (-0.01)
-1 1410365611.086026 effect (-61.054373 0.327388)
-1 1410365618.994000 action (0.0)
-1 1410365625.016248 effect (-157.034123 0.004035)
-1 1410365639.437537 action (0.01)
-1 1410365645.569009 effect (10.174745 0.043179)
-1 1410365655.324039 action (0.02)
-1 1410365661.382701 effect (175.492222 0.10472)
-1 1410365669.817400 action (0.03)
-1 1410365675.142197 effect (-139.918546 0.022353)
-1 1410365683.514315 action (0.04)
-1 1410365690.831867 effect (-110.42692 0.027542)
-1 1410365699.501358 action (0.05)
-1 1410365705.946087 effect (60.308762 0.001387)
-1 1410365723.775445 action (-0.05)
-1 1410365730.095933 effect (11.991922 0.051935)
-1 1410365739.753485 action (-0.04)
-1 1410365745.885642 effect (13.78546 0.077101)
-1 1410365754.930425 action (-0.03)
-1 1410365760.937644 effect (21.473975 0.086086)
-1 1410365771.151100 action (-0.02)
-1 1410365776.515106 effect (21.088009 0.116342)
-1 1410365789.270514 action (-0.01)
-1 1410365795.385380 effect (157.550553 0.01182)
-1 1410365803.500541 action (0.0)
-1 1410365809.619868 effect (-70.968631 0.012055)
-1 1410365823.772789 action (0.01)
-1 1410365829.295777 effect (137.96739 0.042822)
-1 1410365839.631764 action (0.02)
-1 1410365845.040099 effect (178.33662 0.122281)
-1 1410365854.627094 action (0.03)
-1 1410365860.644129 effect (176.417715 0.078135)
-1 1410365868.937296 action (0.04)
-1 1410365875.573823 effect (-109.970782 0.020081)
-1 1410365885.176859 action (0.05)
-1 1410365891.316740 effect (-35.993156 0.254267)
-1 1410365907.451931 action (-0.05)
-1 1410365912.706486 effect (24.970665 0.049974)
-1 1410365922.584571 action (-0.04)
-1 1410365927.938862 effect (13.13246 0.09605)
-1 1410365938.716742 action (-0.03)
-1 1410365945.924800 effect (19.003955 0.094257)
-1 1410365955.997609 action (-0.02)
-1 1410365963.234619 effect (113.683087 0.068894)
-1 1410365978.810676 action (-0.01)
-1 1410365984.924050 effect (-48.801949 0.367785)
-1 1410365994.041527 action (0.0)
-1 1410366001.246900 effect (22.09698 0.008891)
-1 1410366015.702404 action (0.01)
-1 1410366022.934691 effect (4.657692 0.050131)
-1 1410366034.183613 action (0.02)
-1 1410366040.291436 effect (-174.689316 0.065113)
-1 1410366050.314679 action (0.03)
-1 1410366055.724901 effect (-35.495846 0.146934)
-1 1410366064.461262 action (0.04)
-1 1410366069.893564 effect (-108.942175 0.022591)
-1 1410366078.534550 action (0.05)
-1 1410366084.666409 effect (-156.005562 0.007311)
-1 1410366100.856922 action (-0.05)
-1 1410366108.091758 effect (1.395141 0.072712)
-1 1410366118.280751 action (-0.04)
-1 1410366123.702310 effect (14.697402 0.085592)
-1 1410366134.125474 action (-0.03)
-1 1410366141.435785 effect (24.449137 0.083293)
-1 1410366152.183396 action (-0.02)
-1 1410366158.404409 effect (23.173062 0.105322)
-1 1410366173.033849 action (-0.01)
-1 1410366180.259077 effect (-55.535203 0.142927)
-1 1410366188.305013 action (0.0)
-1 1410366195.641855 effect (133.100806 0.004535)
-1 1410366209.641923 action (0.01)
-1 1410366215.658342 effect (16.09332 0.031049)
-1 1410366226.757299 action (0.02)
-1 1410366232.776200 effect (-157.719643 0.094207)
-1 1410366241.957925 action (0.03)
-1 1410366247.199002 effect (179.939615 0.10086)
-1 1410366255.204238 action (0.04)
-1 1410366261.312042 effect (-96.781452 0.024015)
-1 1410366269.789767 action (0.05)
-1 1410366275.118522 effect (-111.836176 0.008754)
-1 1410366290.627093 action (-0.05)
-1 1410366296.077267 effect (13.112618 0.065292)
-1 1410366307.857182 action (-0.04)
-1 1410366313.997582 effect (13.006711 0.082184)
-1 1410366323.185487 action (-0.03)
-1 1410366329.290147 effect (18.511297 0.092565)
-1 1410366340.713295 action (-0.02)
-1 1410366347.918748 effect (21.522907 0.098239)
-1 1410366360.371273 action (-0.01)
-1 1410366367.595542 effect (134.745518 0.014102)
-1 1410366375.687628 action (0.0)
-1 1410366383.015890 effect (-73.47574 0.010734)
-1 1410366397.201065 action (0.01)
-1 1410366403.305873 effect (1.871927 0.057321)
-1 1410366412.640877 action (0.02)
-1 1410366419.987656 effect (-157.432481 0.077327)
-1 1410366432.460840 action (0.03)
-1 1410366438.603597 effect (152.937375 0.077888)
-1 1410366448.928232 action (0.04)
-1 1410366455.350256 effect (-47.623226 0.110549)
-1 1410366463.382207 action (0.05)
-1 1410366468.613979 effect (-99.236537 0.02)
-1 1410366484.486558 action (-0.05)
-1 1410366491.139265 effect (22.694353 0.049363)
-1 1410366501.224479 action (-0.04)
-1 1410366508.549111 effect (12.276996 0.073226)
-1 1410366517.155781 action (-0.03)
-1 1410366524.573604 effect (17.799223 0.089327)
-1 1410366533.816837 action (-0.02)
-1 1410366541.146000 effect (127.908991 0.093224)
-1 1410366553.451962 action (-0.01)
-1 1410366560.686365 effect (-126.170585 0.021423)
-1 1410366568.723659 action (0.0)
-1 1410366574.725718 effect (-87.515851 0.007636)
-1 1410366587.181158 action (0.01)
-1 1410366593.313649 effect (114.583384 0.031835)
-1 1410366603.879971 action (0.02)
-1 1410366609.998863 effect (-164.451402 0.095496)
-1 1410366620.926747 action (0.03)
-1 1410366626.950525 effect (48.612788 0.151905)
-1 1410366635.416679 action (0.04)
-1 1410366642.727500 effect (-97.253483 0.023955)
-1 1410366651.827412 action (0.05)
-1 1410366658.260612 effect (-33.885182 0.206225)
-1 1410366672.286470 action (-0.05)
-1 1410366677.524334 effect (3.594023 0.06538)
-1 1410366686.356886 action (-0.04)
-1 1410366691.694322 effect (28.491244 0.064905)
-1 1410366702.489188 action (-0.03)
-1 1410366708.623480 effect (24.78404 0.086637)
-1 1410366723.472205 action (-0.02)
-1 1410366730.722727 effect (16.948297 0.110709)
-1 1410366745.389749 action (-0.01)
-1 1410366752.611915 effect (10.586033 0.127426)
-1 1410366761.253876 action (0.0)
-1 1410366768.487412 effect (9.506663 0.004292)
-1 1410366781.037520 action (0.01)
-1 1410366787.175917 effect (-162.998111 0.018424)
-1 1410366798.264208 action (0.02)
-1 1410366804.284035 effect (-168.078884 0.080359)
-1 1410366813.086331 action (0.03)
-1 1410366819.206921 effect (-109.566403 0.019587)
-1 1410366827.855180 action (0.04)
-1 1410366834.378960 effect (-102.672164 0.01889)
-1 1410366842.339099 action (0.05)
-1 1410366847.772867 effect (-116.854116 0.011851)
-1 1410366865.611738 action (-0.05)
-1 1410366873.138483 effect (-82.336294 0.63412)
-1 1410366883.462664 action (-0.04)
-1 1410366888.680825 effect (19.468037 0.061361)
-1 1410366898.098309 action (-0.03)
-1 1410366905.429687 effect (17.880878 0.092765)
-1 1410366916.270602 action (-0.02)
-1 1410366922.405493 effect (25.614788 0.096971)
-1 1410366936.721594 action (-0.01)
-1 1410366942.853005 effect (-2.309722 0.125199)
-1 1410366951.327551 action (0.0)
-1 1410366958.571311 effect (-51.923762 0.00138)
-1 1410366970.953987 action (0.01)
-1 1410366976.391450 effect (135.990071 0.012782)
-1 1410366987.665637 action (0.02)
-1 1410366993.776536 effect (-174.110306 0.085673)
-1 1410367003.255517 action (0.03)
-1 1410367009.281795 effect (-163.804224 0.0907)
-1 1410367017.513330 action (0.04)
-1 1410367024.130068 effect (-103.3642 0.029283)
-1 1410367032.235740 action (0.05)
-1 1410367037.649226 effect (-120.568292 0.006783)
-1 1410367053.324949 action (-0.05)
-1 1410367059.680579 effect (5.202927 0.062916)
-1 1410367068.270138 action (-0.04)
-1 1410367073.700806 effect (15.124833 0.07635)
-1 1410367083.342027 action (-0.03)
-1 1410367088.853975 effect (23.804904 0.08671)
-1 1410367100.318827 action (-0.02)
-1 1410367106.461463 effect (31.631971 0.087151)
-1 1410367123.231107 action (-0.01)
-1 1410367129.361770 effect (-40.264415 0.141238)
-1 1410367137.042309 action (0.0)
-1 1410367144.379340 effect (-74.239668 0.009955)
-1 1410367157.033689 action (0.01)
-1 1410367163.145138 effect (-137.985535 0.018019)
-1 1410367176.042745 action (0.02)
-1 1410367182.181496 effect (161.890808 0.063623)
-1 1410367191.718422 action (0.03)
-1 1410367199.126567 effect (177.06278 0.104772)
-1 1410367207.424590 action (0.04)
-1 1410367212.825272 effect (-104.025148 0.021054)
-1 1410367222.244704 action (0.05)
-1 1410367228.858789 effect (-43.940874 0.179477)
-1 1410367244.153441 action (-0.05)
-1 1410367249.484911 effect (46.473024 0.041106)
-1 1410367258.822084 action (-0.04)
-1 1410367264.849436 effect (14.689463 0.073969)
-1 1410367276.279782 action (-0.03)
-1 1410367281.708026 effect (19.942155 0.090047)
-1 1410367297.098739 action (-0.02)
-1 1410367303.220355 effect (-46.459656 0.148315)
-1 1410367316.689139 action (-0.01)
-1 1410367323.916469 effect (-83.47437 0.005726)
-1 1410367333.234584 action (0.0)
-1 1410367340.501097 effect (14.813424 0.031227)
-1 1410367352.882057 action (0.01)
-1 1410367358.886214 effect (-172.332318 0.016894)
-1 1410367369.481572 action (0.02)
-1 1410367374.997283 effect (177.989406 0.103749)
-1 1410367384.889803 action (0.03)
-1 1410367390.395528 effect (-118.557638 0.036528)
-1 1410367400.002187 action (0.04)
-1 1410367406.436419 effect (-32.893779 0.163711)
-1 1410367414.594391 action (0.05)
-1 1410367420.140363 effect (-153.829895 0.006366)
