-1 1411405525.551450 action (-0.05)
-1 1411405532.999231 effect (-94.462876 0.14182)
-1 1411405553.509438 action (-0.04)
-1 1411405561.514308 effect (-98.264081 0.113253)
-1 1411405582.226692 action (-0.03)
-1 1411405588.890904 effect (-91.572866 0.105183)
-1 1411405609.269287 action (-0.02)
-1 1411405616.028289 effect (-84.32702 0.092226)
-1 1411405636.881365 action (-0.01)
-1 1411405644.039528 effect (-87.233834 0.086324)
-1 1411405665.170286 action (0.0)
-1 1411405671.839765 effect (-107.901726 0.075398)
-1 1411405692.986363 action (0.01)
-1 1411405701.454866 effect (-92.892396 0.054987)
-1 1411405723.534875 action (0.02)
-1 1411405730.476426 effect (-95.387227 0.028478)
-1 1411405751.456184 action (0.03)
-1 1411405759.330156 effect (-104.0273 0.029783)
-1 1411405781.080098 action (0.04)
-1 1411405789.428316 effect (-71.824687 0.040634)
-1 1411405810.181707 action (0.05)
-1 1411405817.805719 effect (-70.348836 0.041135)
-1 1411405948.998879 action (-0.05)
-1 1411405956.394018 effect (-81.311652 0.125677)
-1 1411405978.357731 action (-0.04)
-1 1411405985.538899 effect (-118.570264 0.123903)
-1 1411406006.421014 action (-0.03)
-1 1411406014.101052 effect (-99.59105 0.097516)
-1 1411406034.746958 action (-0.02)
-1 1411406042.860139 effect (-105.068851 0.096206)
-1 1411406063.439488 action (-0.01)
-1 1411406070.232229 effect (-97.19 0.076445)
-1 1411406091.309766 action (0.0)
-1 1411406098.565478 effect (-98.451587 0.071696)
-1 1411406120.044940 action (0.01)
-1 1411406127.183626 effect (-89.022152 0.070268)
-1 1411406148.320776 action (0.02)
-1 1411406155.987542 effect (-81.534239 0.055571)
-1 1411406176.626666 action (0.03)
-1 1411406183.000946 effect (-98.554277 0.050712)
-1 1411406204.249662 action (0.04)
-1 1411406210.786160 effect (-121.159142 0.04351)
-1 1411406231.567975 action (0.05)
-1 1411406238.863039 effect (-112.902363 0.036322)
-1 1411406292.584675 action (-0.05)
-1 1411406299.301299 effect (-89.462931 0.109734)
-1 1411406319.812161 action (-0.04)
-1 1411406326.786697 effect (-93.918963 0.102973)
-1 1411406348.573372 action (-0.03)
-1 1411406355.235088 effect (-94.137741 0.087077)
-1 1411406376.250742 action (-0.02)
-1 1411406383.468812 effect (-80.776802 0.082798)
-1 1411406404.161761 action (-0.01)
-1 1411406411.567364 effect (-101.961902 0.069922)
-1 1411406432.313995 action (0.0)
-1 1411406439.280165 effect (-89.070923 0.051883)
-1 1411406460.260225 action (0.01)
-1 1411406468.532604 effect (-93.302274 0.045941)
-1 1411406489.538419 action (0.02)
-1 1411406496.783206 effect (-117.031028 0.050064)
-1 1411406518.671648 action (0.03)
-1 1411406525.431867 effect (-113.685462 0.047577)
-1 1411406545.898514 action (0.04)
-1 1411406553.108992 effect (-96.572916 0.026051)
-1 1411406574.287703 action (0.05)
-1 1411406581.290709 effect (-99.763057 0.03317)
-1 1411406614.227099 action (-0.05)
-1 1411406622.795953 effect (-80.597426 0.119773)
-1 1411406643.772673 action (-0.04)
-1 1411406651.035331 effect (-91.935432 0.094152)
-1 1411406671.683103 action (-0.03)
-1 1411406678.940613 effect (-94.194718 0.09943)
-1 1411406699.484143 action (-0.02)
-1 1411406707.305379 effect (-108.730182 0.086509)
-1 1411406729.379350 action (-0.01)
-1 1411406738.048766 effect (-90.729506 0.079921)
-1 1411406759.805482 action (0.0)
-1 1411406767.097438 effect (-113.823268 0.071846)
-1 1411406788.333270 action (0.01)
-1 1411406796.148787 effect (-113.106345 0.058657)
-1 1411406818.182026 action (0.02)
-1 1411406825.179467 effect (-100.327117 0.039395)
-1 1411406847.320885 action (0.03)
-1 1411406855.887653 effect (-109.066198 0.035343)
-1 1411406876.851024 action (0.04)
-1 1411406885.392064 effect (-137.296987 0.037467)
-1 1411406907.319534 action (0.05)
-1 1411406914.524209 effect (-74.111342 0.026131)
-1 1411406960.746643 action (-0.05)
-1 1411406967.394533 effect (-88.630636 0.126046)
-1 1411406988.185716 action (-0.04)
-1 1411406996.742629 effect (-96.727526 0.099533)
-1 1411407017.479090 action (-0.03)
-1 1411407025.242370 effect (-87.533764 0.091108)
-1 1411407046.254613 action (-0.02)
-1 1411407052.843388 effect (-100.021051 0.08494)
-1 1411407073.591163 action (-0.01)
-1 1411407080.766933 effect (-106.336821 0.067703)
-1 1411407101.540859 action (0.0)
-1 1411407108.651259 effect (-104.631618 0.048743)
-1 1411407129.287796 action (0.01)
-1 1411407136.675314 effect (-128.845165 0.051416)
-1 1411407157.435499 action (0.02)
-1 1411407165.029131 effect (-83.65059 0.038209)
-1 1411407186.993392 action (0.03)
-1 1411407194.317809 effect (-103.498468 0.039762)
-1 1411407214.918616 action (0.04)
-1 1411407221.955889 effect (-85.547373 0.032002)
-1 1411407243.195412 action (0.05)
-1 1411407249.840372 effect (-105.209697 0.028245)
