-1 1409582781.283898 action (-0.05)
-1 1409582787.951318 effect (90.879871 0.001489)
-1 1409582805.315250 action (-0.04)
-1 1409582813.515025 effect (2.198507 0.061503)
-1 1409582833.280181 action (-0.03)
-1 1409582840.773342 effect (30.41238 0.059354)
-1 1409582863.659836 action (-0.02)
-1 1409582871.789841 effect (-167.39564 0.025344)
-1 1409582895.673267 action (-0.01)
-1 1409582903.202620 effect (32.205549 0.084054)
-1 1409582927.695906 action (0.0)
-1 1409582937.585725 effect (151.173207 0.002573)
-1 1409582964.631864 action (0.01)
-1 1409582973.322437 effect (-113.823875 0.027016)
-1 1409583000.181824 action (0.02)
-1 1409583010.222265 effect (-119.445738 0.017351)
-1 1409583038.405410 action (0.03)
-1 1409583048.610227 effect (-133.316344 0.038213)
-1 1409583075.216860 action (0.04)
-1 1409583084.648572 effect (-43.506841 0.005079)
-1 1409583112.640362 action (0.05)
-1 1409583125.859539 effect (107.080169 0.023284)
-1 1409583168.621178 action (-0.05)
-1 1409583181.600386 effect (27.586764 0.063927)
-1 1409583211.797318 action (-0.04)
-1 1409583224.910424 effect (63.045576 0.060209)
-1 1409583257.185022 action (-0.03)
-1 1409583272.171628 effect (47.842603 0.075725)
-1 1409583304.846877 action (-0.02)
-1 1409583319.885263 effect (-120.159872 0.017345)
-1 1409583352.573303 action (-0.01)
-1 1409583366.451838 effect (32.928538 0.022414)
-1 1409583399.524493 action (0.0)
-1 1409583414.745014 effect (42.825568 0.022962)
-1 1409583448.700753 action (0.01)
-1 1409583466.406135 effect (-166.035261 0.010411)
-1 1409583501.929357 action (0.02)
-1 1409583519.280018 effect (88.179592 0.031044)
-1 1409583554.597974 action (0.03)
-1 1409583571.601652 effect (-144.586923 0.036185)
-1 1409583606.102946 action (0.04)
-1 1409583624.332177 effect (-122.596774 0.027322)
-1 1409583661.433647 action (0.05)
-1 1409583679.430360 effect (-93.406549 0.028425)
-1 1409583737.386280 action (-0.05)
-1 1409583758.149145 effect (65.842905 0.042514)
-1 1409583797.610093 action (-0.04)
-1 1409583816.993370 effect (55.887476 0.050214)
-1 1409583858.548497 action (-0.03)
-1 1409583878.504941 effect (26.90213 0.065302)
-1 1409583920.000272 action (-0.02)
-1 1409583942.219743 effect (42.400173 0.076183)
-1 1409583984.593351 action (-0.01)
-1 1409584006.822304 effect (171.312795 0.054156)
-1 1409584049.900776 action (0.0)
-1 1409584072.398860 effect (178.747997 0.065233)
-1 1409584116.693914 action (0.01)
-1 1409584141.604742 effect (168.570703 0.027035)
-1 1409584186.896358 action (0.02)
-1 1409584212.072539 effect (-177.90209 0.030292)
-1 1409584257.235151 action (0.03)
-1 1409584281.814135 effect (7.474653 0.006134)
-1 1409584328.825075 action (0.04)
-1 1409584354.695805 effect (-82.618169 0.002671)
-1 1409584402.145355 action (0.05)
-1 1409584430.346679 effect (-167.307323 0.003356)
-1 1409584518.963790 action (-0.05)
-1 1409584547.729984 effect (7.571032 0.014404)
-1 1409584599.178240 action (-0.04)
-1 1409584628.151681 effect (-151.387621 0.012977)
-1 1409584682.876358 action (-0.03)
-1 1409584713.846613 effect (12.147177 0.009503)
-1 1409584766.414455 action (-0.02)
-1 1409584799.056678 effect (115.44242 0.006422)
-1 1409584855.415165 action (-0.01)
-1 1409584888.126338 effect (36.865746 0.02414)
-1 1409584944.573972 action (0.0)
-1 1409584976.555787 effect (7.555185 0.015649)
-1 1409585035.090406 action (0.01)
-1 1409585069.457101 effect (-100.898088 0.010295)
-1 1409585128.047045 action (0.02)
-1 1409585164.382462 effect (-91.358698 0.003757)
-1 1409585225.263592 action (0.03)
-1 1409585261.737339 effect (151.604816 0.010079)
-1 1409585324.618942 action (0.04)
-1 1409585363.324160 effect (-139.115069 0.018614)
-1 1409585427.754908 action (0.05)
-1 1409585469.200843 effect (-90.148569 0.01126)
-1 1409585588.886022 action (-0.05)
-1 1409585630.303816 effect (21.073014 0.004314)
-1 1409585696.831361 action (-0.04)
-1 1409585738.985355 effect (140.071875 0.026318)
-1 1409585809.219789 action (-0.03)
-1 1409585853.355138 effect (22.099194 0.017643)
-1 1409585924.096894 action (-0.02)
-1 1409585968.306319 effect (-108.89682 0.020313)
-1 1409586042.266132 action (-0.01)
-1 1409586088.450622 effect (-98.783215 0.017809)
-1 1409586162.265950 action (0.0)
-1 1409586207.501983 effect (-158.828953 0.010319)
-1 1409586280.905287 action (0.01)
-1 1409586306.290246 effect (162.313759 0.002536)
-1 1409586309.459227 action (0.02)
-1 1409586310.360949 effect (-36.98525 0.019294)
-1 1409586311.145336 action (0.03)
-1 1409586311.875621 effect (-41.431592 0.125455)
-1 1409586313.169643 action (0.04)
-1 1409586314.321570 effect (26.477657 0.055279)
-1 1409586315.736128 action (0.05)
-1 1409586316.325474 effect (9.660723 0.050571)
