-1 1409907816.881958 action (-0.05)
-1 1409907823.018872 effect (-72.819849 0.697779)
-1 1409907832.386994 action (-0.04)
-1 1409907840.538890 effect (6.812444 0.177602)
-1 1409907852.731367 action (-0.03)
-1 1409907859.872038 effect (3.901335 0.160848)
-1 1409907876.301739 action (-0.02)
-1 1409907883.416471 effect (-4.081922 0.145092)
-1 1409907895.686712 action (-0.01)
-1 1409907903.819503 effect (-152.040248 0.00297)
-1 1409907912.565078 action (0.0)
-1 1409907919.586004 effect (121.475083 0.010506)
-1 1409907931.502980 action (0.01)
-1 1409907939.641518 effect (69.542664 0.031703)
-1 1409907951.433667 action (0.02)
-1 1409907958.566214 effect (-121.271854 0.033155)
-1 1409907966.476608 action (0.03)
-1 1409907973.618322 effect (-79.730949 0.018373)
-1 1409907982.049408 action (0.04)
-1 1409907989.193695 effect (-98.476948 0.021925)
-1 1409907998.101843 action (0.05)
-1 1409908005.412960 effect (-91.829846 0.048521)
-1 1409908019.718808 action (-0.05)
-1 1409908026.048906 effect (8.312075 0.182545)
-1 1409908035.056031 action (-0.04)
-1 1409908042.194780 effect (2.76507 0.162466)
-1 1409908053.125761 action (-0.03)
-1 1409908060.358598 effect (6.811975 0.166733)
-1 1409908073.098794 action (-0.02)
-1 1409908080.214889 effect (2.677944 0.160498)
-1 1409908093.555918 action (-0.01)
-1 1409908100.671775 effect (70.212966 0.011475)
-1 1409908108.330293 action (0.0)
-1 1409908115.455402 effect (82.896377 0.00483)
-1 1409908127.466258 action (0.01)
-1 1409908134.693964 effect (77.34021 0.022285)
-1 1409908145.966559 action (0.02)
-1 1409908153.092212 effect (21.207253 0.177027)
-1 1409908160.632667 action (0.03)
-1 1409908168.761053 effect (-107.672607 0.013218)
-1 1409908177.376319 action (0.04)
-1 1409908184.489062 effect (-35.151636 0.172358)
-1 1409908192.634958 action (0.05)
-1 1409908200.061236 effect (83.236783 0.00442)
-1 1409908213.339009 action (-0.05)
-1 1409908218.395154 effect (-0.605817 0.169001)
-1 1409908227.764944 action (-0.04)
-1 1409908234.908374 effect (1.59741 0.166569)
-1 1409908243.884819 action (-0.03)
-1 1409908252.061903 effect (4.62678 0.165604)
-1 1409908267.781626 action (-0.02)
-1 1409908274.995968 effect (-19.281892 0.129441)
-1 1409908288.579611 action (-0.01)
-1 1409908295.906615 effect (21.301004 0.003874)
-1 1409908303.386551 action (0.0)
-1 1409908310.527167 effect (-89.095129 0.015894)
-1 1409908324.415185 action (0.01)
-1 1409908331.741685 effect (84.053551 0.002511)
-1 1409908342.112000 action (0.02)
-1 1409908349.257614 effect (-107.341818 0.023519)
-1 1409908357.393705 action (0.03)
-1 1409908364.525711 effect (-100.819643 0.035216)
-1 1409908373.705073 action (0.04)
-1 1409908380.718865 effect (-31.914114 0.143865)
-1 1409908388.307028 action (0.05)
-1 1409908395.333568 effect (-89.097656 0.007892)
-1 1409908410.225877 action (-0.05)
-1 1409908417.352196 effect (1.626835 0.163783)
-1 1409908426.664811 action (-0.04)
-1 1409908433.819518 effect (1.989998 0.169168)
-1 1409908445.780636 action (-0.03)
-1 1409908453.916749 effect (4.341645 0.163201)
-1 1409908468.077582 action (-0.02)
-1 1409908476.216824 effect (14.288296 0.163729)
-1 1409908489.782249 action (-0.01)
-1 1409908497.005571 effect (77.38989 0.017681)
-1 1409908504.508042 action (0.0)
-1 1409908511.635382 effect (149.288366 0.003828)
-1 1409908525.642212 action (0.01)
-1 1409908533.783937 effect (25.996603 0.007732)
-1 1409908544.216655 action (0.02)
-1 1409908551.451427 effect (-146.498637 0.007825)
-1 1409908560.766621 action (0.03)
-1 1409908567.983372 effect (-25.173433 0.155526)
-1 1409908575.754296 action (0.04)
-1 1409908582.887444 effect (-71.714233 0.001006)
-1 1409908591.515515 action (0.05)
-1 1409908598.722811 effect (-90.985239 0.119802)
-1 1409908613.553998 action (-0.05)
-1 1409908621.691716 effect (4.378333 0.172013)
-1 1409908630.307707 action (-0.04)
-1 1409908638.454707 effect (2.121538 0.165454)
-1 1409908647.384958 action (-0.03)
-1 1409908654.615736 effect (4.471566 0.170507)
-1 1409908664.982654 action (-0.02)
-1 1409908672.216183 effect (8.006105 0.167069)
-1 1409908684.887833 action (-0.01)
-1 1409908692.023609 effect (52.513173 0.006244)
-1 1409908699.142225 action (0.0)
-1 1409908707.287425 effect (19.218923 0.001892)
-1 1409908721.270510 action (0.01)
-1 1409908728.404873 effect (-50.649487 0.012093)
-1 1409908742.311943 action (0.02)
-1 1409908749.532510 effect (-173.361578 0.006515)
-1 1409908757.185018 action (0.03)
-1 1409908764.412697 effect (-89.759024 0.035996)
-1 1409908772.865253 action (0.04)
-1 1409908780.088844 effect (-36.166489 0.147649)
-1 1409908789.467255 action (0.05)
-1 1409908796.694226 effect (-93.624685 0.044967)
-1 1409908815.281222 action (-0.05)
-1 1409908820.419767 effect (3.368247 0.177988)
-1 1409908831.120514 action (-0.04)
-1 1409908839.253825 effect (13.196455 0.183637)
-1 1409908849.896393 action (-0.03)
-1 1409908858.045435 effect (3.847673 0.16936)
-1 1409908870.568241 action (-0.02)
-1 1409908877.783494 effect (-90.880448 0.026816)
-1 1409908891.517944 action (-0.01)
-1 1409908898.760160 effect (-20.773257 0.035932)
-1 1409908906.321410 action (0.0)
-1 1409908913.492969 effect (-89.623326 0.002476)
-1 1409908925.595340 action (0.01)
-1 1409908932.730908 effect (64.012666 0.008532)
-1 1409908944.046822 action (0.02)
-1 1409908951.184064 effect (-115.106924 0.026763)
-1 1409908958.688944 action (0.03)
-1 1409908965.745544 effect (-76.683968 0.005177)
-1 1409908973.398697 action (0.04)
-1 1409908980.545131 effect (-130.012778 0.00472)
-1 1409908989.349703 action (0.05)
-1 1409908996.774337 effect (-90.483323 0.088633)
-1 1409909014.058708 action (-0.05)
-1 1409909022.204478 effect (-147.549853 0.132091)
-1 1409909032.327917 action (-0.04)
-1 1409909039.666041 effect (3.267347 0.16827)
-1 1409909051.538350 action (-0.03)
-1 1409909058.671248 effect (6.773809 0.168818)
-1 1409909074.167999 action (-0.02)
-1 1409909081.290520 effect (-15.63888 0.153192)
-1 1409909096.572828 action (-0.01)
-1 1409909103.931553 effect (20.386476 0.175878)
-1 1409909111.996047 action (0.0)
-1 1409909119.223112 effect (89.895702 0.015223)
-1 1409909133.073109 action (0.01)
-1 1409909140.390117 effect (-164.42077 0.021567)
-1 1409909154.560342 action (0.02)
-1 1409909161.716976 effect (-172.911593 0.052083)
-1 1409909169.473377 action (0.03)
-1 1409909176.817569 effect (-107.144234 0.026393)
-1 1409909184.595169 action (0.04)
-1 1409909191.733384 effect (-79.656392 0.004498)
-1 1409909199.342128 action (0.05)
-1 1409909206.478322 effect (-85.550425 0.003871)
-1 1409909221.485141 action (-0.05)
-1 1409909229.616228 effect (6.504043 0.180955)
-1 1409909238.009381 action (-0.04)
-1 1409909245.029955 effect (3.639333 0.163093)
-1 1409909255.106966 action (-0.03)
-1 1409909262.234046 effect (2.010959 0.167795)
-1 1409909275.734707 action (-0.02)
-1 1409909282.783448 effect (-94.8659 0.02667)
-1 1409909296.140941 action (-0.01)
-1 1409909303.298662 effect (65.906634 0.010882)
-1 1409909312.063359 action (0.0)
-1 1409909319.182309 effect (91.917706 0.007463)
-1 1409909333.210554 action (0.01)
-1 1409909340.361994 effect (41.24925 0.009325)
-1 1409909351.410828 action (0.02)
-1 1409909358.451552 effect (20.48936 0.171879)
-1 1409909366.214334 action (0.03)
-1 1409909373.349074 effect (-89.326752 0.017494)
-1 1409909381.328611 action (0.04)
-1 1409909388.360264 effect (-96.2635 0.023348)
-1 1409909397.600568 action (0.05)
-1 1409909404.812959 effect (-23.878987 0.003625)
-1 1409909418.798375 action (-0.05)
-1 1409909426.033989 effect (2.845275 0.177032)
-1 1409909435.464188 action (-0.04)
-1 1409909442.599826 effect (5.223375 0.162883)
-1 1409909453.169697 action (-0.03)
-1 1409909461.298031 effect (4.859501 0.165452)
-1 1409909473.112718 action (-0.02)
-1 1409909481.234064 effect (5.864308 0.153056)
-1 1409909493.462213 action (-0.01)
-1 1409909500.891940 effect (77.087457 0.017882)
-1 1409909510.047847 action (0.0)
-1 1409909517.193561 effect (104.704309 0.012421)
-1 1409909530.651066 action (0.01)
-1 1409909537.789099 effect (94.813536 0.023732)
-1 1409909551.595444 action (0.02)
-1 1409909558.745478 effect (48.490212 0.015471)
-1 1409909567.731719 action (0.03)
-1 1409909574.893749 effect (-22.74962 0.174008)
-1 1409909582.845856 action (0.04)
-1 1409909589.979282 effect (90.08552 0.004329)
-1 1409909598.751655 action (0.05)
-1 1409909605.779708 effect (-93.912027 0.056927)
-1 1409909618.673132 action (-0.05)
-1 1409909623.711526 effect (8.182955 0.182506)
-1 1409909632.436505 action (-0.04)
-1 1409909639.557203 effect (3.765021 0.163203)
-1 1409909649.813146 action (-0.03)
-1 1409909656.842572 effect (2.591466 0.164097)
-1 1409909672.111102 action (-0.02)
-1 1409909679.332708 effect (9.885846 0.167894)
-1 1409909691.610615 action (-0.01)
-1 1409909698.724159 effect (78.84573 0.019198)
-1 1409909706.353999 action (0.0)
-1 1409909713.487279 effect (-102.257492 0.015173)
-1 1409909727.159527 action (0.01)
-1 1409909734.305606 effect (127.353104 0.022939)
-1 1409909742.692099 action (0.02)
-1 1409909749.835061 effect (-110.327897 0.023498)
-1 1409909758.636852 action (0.03)
-1 1409909766.775747 effect (-23.104362 0.181374)
-1 1409909774.249403 action (0.04)
-1 1409909781.368811 effect (-90.480071 0.002077)
-1 1409909789.434356 action (0.05)
-1 1409909795.561613 effect (84.551642 0.006837)
-1 1409909812.939682 action (-0.05)
-1 1409909818.186159 effect (-29.351988 0.178454)
-1 1409909828.819856 action (-0.04)
-1 1409909834.862709 effect (-0.516982 0.171148)
-1 1409909846.111593 action (-0.03)
-1 1409909853.451967 effect (3.611251 0.167563)
-1 1409909868.891119 action (-0.02)
-1 1409909876.236329 effect (-19.613111 0.128789)
-1 1409909891.704518 action (-0.01)
-1 1409909898.957974 effect (-22.96985 0.161991)
-1 1409909907.409243 action (0.0)
-1 1409909915.535099 effect (-25.599458 0.160914)
-1 1409909930.500700 action (0.01)
-1 1409909938.633716 effect (-27.501837 0.163683)
-1 1409909949.123568 action (0.02)
-1 1409909956.369140 effect (104.15192 0.012981)
-1 1409909963.897516 action (0.03)
-1 1409909971.032533 effect (-102.538262 0.015294)
-1 1409909979.234954 action (0.04)
-1 1409909986.363491 effect (86.195922 0.004632)
-1 1409909994.269305 action (0.05)
-1 1409910001.492587 effect (-129.536353 0.000688)
-1 1409910015.965406 action (-0.05)
-1 1409910022.856996 effect (9.594524 0.170942)
-1 1409910036.033590 action (-0.04)
-1 1409910043.273247 effect (-0.994715 0.171041)
-1 1409910054.619019 action (-0.03)
-1 1409910061.761295 effect (2.306646 0.164801)
-1 1409910078.386332 action (-0.02)
-1 1409910085.722783 effect (-16.03072 0.143117)
-1 1409910100.194913 action (-0.01)
-1 1409910107.312928 effect (17.59593 0.17799)
-1 1409910117.298390 action (0.0)
-1 1409910125.444210 effect (-32.883348 0.169936)
-1 1409910138.763562 action (0.01)
-1 1409910145.880596 effect (-22.327599 0.156682)
-1 1409910156.478763 action (0.02)
-1 1409910163.616839 effect (79.973945 0.002603)
-1 1409910171.932350 action (0.03)
-1 1409910179.077309 effect (-103.727774 0.027515)
-1 1409910186.683127 action (0.04)
-1 1409910193.798001 effect (-82.581114 0.003503)
-1 1409910201.666619 action (0.05)
-1 1409910208.888796 effect (-111.449128 0.01779)
-1 1409910221.867421 action (-0.05)
-1 1409910229.054075 effect (37.302346 3.574265)
-1 1409910239.958486 action (-0.04)
-1 1409910247.106911 effect (-1.077364 0.167647)
-1 1409910258.386880 action (-0.03)
-1 1409910265.605964 effect (-1.221313 0.161856)
-1 1409910280.993116 action (-0.02)
-1 1409910288.275415 effect (-14.415163 0.140904)
-1 1409910303.681133 action (-0.01)
-1 1409910311.804500 effect (-29.196613 0.161322)
-1 1409910321.384492 action (0.0)
-1 1409910328.713579 effect (-34.393438 0.145274)
-1 1409910341.511446 action (0.01)
-1 1409910348.747281 effect (-105.038233 0.034049)
-1 1409910359.538929 action (0.02)
-1 1409910366.768845 effect (117.601809 0.015623)
-1 1409910374.778873 action (0.03)
-1 1409910382.010262 effect (-82.778413 0.021666)
-1 1409910390.026426 action (0.04)
-1 1409910397.169448 effect (-113.188122 0.016154)
-1 1409910406.519083 action (0.05)
-1 1409910413.753051 effect (-89.53162 0.055453)
-1 1409910431.842217 action (-0.05)
-1 1409910438.077917 effect (-4.461045 0.172793)
-1 1409910448.622247 action (-0.04)
-1 1409910455.883415 effect (13.566185 0.180931)
-1 1409910467.705251 action (-0.03)
-1 1409910474.840224 effect (7.751878 0.166316)
-1 1409910491.560028 action (-0.02)
-1 1409910498.889885 effect (-7.577282 0.146679)
-1 1409910513.102196 action (-0.01)
-1 1409910520.521677 effect (-34.514774 0.149041)
-1 1409910529.921172 action (0.0)
-1 1409910537.199502 effect (-47.418623 0.070168)
-1 1409910551.996917 action (0.01)
-1 1409910560.150931 effect (-28.933316 0.160777)
-1 1409910573.580144 action (0.02)
-1 1409910580.817946 effect (-25.538543 0.136385)
-1 1409910589.206071 action (0.03)
-1 1409910596.548566 effect (-104.970092 0.025689)
-1 1409910605.969638 action (0.04)
-1 1409910613.103281 effect (-28.298577 0.157352)
-1 1409910620.612925 action (0.05)
-1 1409910627.820313 effect (-96.520399 0.009141)
-1 1409910643.903237 action (-0.05)
-1 1409910652.119447 effect (-176.633826 0.467263)
-1 1409910662.629556 action (-0.04)
-1 1409910667.983361 effect (-1.519095 0.169039)
-1 1409910679.854247 action (-0.03)
-1 1409910687.989769 effect (2.515495 0.171492)
-1 1409910700.547826 action (-0.02)
-1 1409910707.779849 effect (7.840045 0.170306)
-1 1409910723.062585 action (-0.01)
-1 1409910731.191584 effect (-26.271933 0.161965)
-1 1409910740.596352 action (0.0)
-1 1409910747.738856 effect (-33.056565 0.143419)
-1 1409910761.021496 action (0.01)
-1 1409910768.243814 effect (-21.012496 0.155384)
-1 1409910777.066640 action (0.02)
-1 1409910784.308012 effect (-118.760769 0.035152)
-1 1409910793.314754 action (0.03)
-1 1409910801.435909 effect (-34.436009 0.172896)
-1 1409910809.422118 action (0.04)
-1 1409910816.563722 effect (-113.214115 0.017127)
-1 1409910824.542059 action (0.05)
-1 1409910831.655479 effect (-10.739126 0.002923)
-1 1409910851.863246 action (-0.05)
-1 1409910857.116509 effect (-1.769454 0.167515)
-1 1409910866.249399 action (-0.04)
-1 1409910873.407170 effect (-0.819381 0.173258)
-1 1409910885.271337 action (-0.03)
-1 1409910892.378674 effect (12.499878 0.189723)
-1 1409910904.693024 action (-0.02)
-1 1409910911.925052 effect (7.371701 0.168405)
-1 1409910928.428855 action (-0.01)
-1 1409910935.677966 effect (-0.435281 0.136657)
-1 1409910943.916648 action (0.0)
-1 1409910951.155469 effect (-90.51303 0.041245)
-1 1409910964.425291 action (0.01)
-1 1409910971.777247 effect (-79.518149 0.039183)
-1 1409910980.230025 action (0.02)
-1 1409910987.361780 effect (-102.293967 0.030843)
-1 1409910995.618441 action (0.03)
-1 1409911002.748122 effect (-114.511111 0.015903)
-1 1409911010.558727 action (0.04)
-1 1409911017.789161 effect (-108.480579 0.01198)
-1 1409911027.072936 action (0.05)
-1 1409911034.218871 effect (-89.347647 0.028377)
-1 1409911051.794918 action (-0.05)
-1 1409911058.141603 effect (-4.362501 0.165168)
-1 1409911068.123673 action (-0.04)
-1 1409911074.153694 effect (-0.554447 0.170895)
-1 1409911084.139713 action (-0.03)
-1 1409911091.583939 effect (5.609993 0.165725)
-1 1409911107.125853 action (-0.02)
-1 1409911114.372138 effect (-21.798837 0.126626)
-1 1409911128.804377 action (-0.01)
-1 1409911136.953707 effect (-33.620793 0.176248)
-1 1409911145.566129 action (0.0)
-1 1409911152.689081 effect (-76.949108 0.042446)
-1 1409911165.651074 action (0.01)
-1 1409911172.894284 effect (-83.461707 0.033479)
-1 1409911182.091641 action (0.02)
-1 1409911189.331366 effect (-155.539833 0.015257)
-1 1409911198.304269 action (0.03)
-1 1409911205.449691 effect (-28.968986 0.160768)
-1 1409911213.218918 action (0.04)
-1 1409911220.360854 effect (80.21678 0.003401)
-1 1409911229.591098 action (0.05)
-1 1409911236.818118 effect (-93.634672 0.054199)
-1 1409911250.592467 action (-0.05)
-1 1409911256.846511 effect (-0.256435 0.162513)
-1 1409911267.605878 action (-0.04)
-1 1409911273.651041 effect (2.673217 0.167685)
-1 1409911284.289197 action (-0.03)
-1 1409911291.533988 effect (3.249525 0.177285)
-1 1409911306.961931 action (-0.02)
-1 1409911314.098652 effect (-17.758369 0.147979)
-1 1409911327.203903 action (-0.01)
-1 1409911335.338177 effect (-31.924101 0.16308)
-1 1409911345.310941 action (0.0)
-1 1409911353.464036 effect (-56.946867 0.149436)
-1 1409911368.328946 action (0.01)
-1 1409911375.476155 effect (-25.732209 0.173271)
-1 1409911383.483929 action (0.02)
-1 1409911390.644372 effect (-95.026987 0.039516)
-1 1409911399.641929 action (0.03)
-1 1409911406.876034 effect (-24.452167 0.178479)
-1 1409911414.545630 action (0.04)
-1 1409911421.677912 effect (80.887786 0.003458)
-1 1409911430.903125 action (0.05)
-1 1409911438.112008 effect (-89.951637 0.047795)
-1 1409911455.143708 action (-0.05)
-1 1409911462.301955 effect (3.129992 0.177767)
-1 1409911472.542051 action (-0.04)
-1 1409911479.804992 effect (2.055917 0.167185)
-1 1409911491.382902 action (-0.03)
-1 1409911498.595884 effect (4.278363 0.163672)
-1 1409911514.029226 action (-0.02)
-1 1409911520.158444 effect (-34.980374 0.190256)
-1 1409911534.414487 action (-0.01)
-1 1409911541.639850 effect (-34.782758 0.14559)
-1 1409911549.967030 action (0.0)
-1 1409911557.194625 effect (-72.726757 0.021194)
-1 1409911572.691424 action (0.01)
-1 1409911579.922683 effect (-28.83982 0.165626)
-1 1409911593.202542 action (0.02)
-1 1409911600.434588 effect (-22.578104 0.151894)
-1 1409911608.505930 action (0.03)
-1 1409911615.640479 effect (-90.152055 0.014941)
