-1 1412091872.638552 toolpose 3 -90
-1 1412091872.638565 prediction 2 (0.211603)
-1 1412091886.347453 action (-0.01)
-1 1412091894.364749 effect (-30.166763 0.163005)
-1 1412091872.638552 toolpose 3 -90
-1 1412091897.278986 prediction 2 (0.211603)
-1 1412091911.653134 action (-0.01)
-1 1412091917.556556 effect (-42.138354 0.061823)
-1 1412091872.638552 toolpose 3 -90
-1 1412091922.119998 prediction 2 (0.211603)
-1 1412091938.240841 action (-0.01)
-1 1412091946.180412 effect (-33.58914 0.170979)
-1 1412091950.070502 toolpose 3 -90
-1 1412091950.070518 prediction 2 (0.211603)
-1 1412091959.010366 action (-0.01)
-1 1412091964.563263 effect (-89.048803 0.056905)
-1 1412091995.192741 toolpose 3 -90
-1 1412091967.317123 prediction 2 (0.211603)
-1 1412091982.241518 action (-0.01)
-1 1412091990.250428 effect (-34.89059 0.223728)
-1 1412091995.192741 toolpose 3 0
-1 1412091995.192756 prediction 2 (0.211603)
-1 1412092003.981828 action (-0.01)
-1 1412092010.111189 effect (-94.796629 0.099958)
-1 1412091995.192741 toolpose 3 0
-1 1412092012.780990 prediction 2 (0.211603)
-1 1412092027.889028 action (-0.01)
-1 1412092035.916963 effect (-64.928857 0.401584)
-1 1412092040.510813 toolpose 3 0
-1 1412092040.510829 prediction 2 (0.211603)
-1 1412092050.424586 action (-0.01)
-1 1412092056.458497 effect (15.776934 0.169628)
-1 1412092040.510813 toolpose 3 0
-1 1412092059.328261 prediction 2 (0.211603)
-1 1412092068.046378 action (-0.01)
-1 1412092074.663510 effect (-70.249301 0.077976)
-1 1412092040.510813 toolpose 3 0
-1 1412092077.501797 prediction 2 (0.211603)
-1 1412092091.490302 action (-0.01)
-1 1412092099.511468 effect (-29.980818 0.19018)
-1 1412092105.097310 toolpose 3 90
-1 1412092105.097325 prediction 2 (0.211603)
-1 1412092119.712689 action (-0.01)
-1 1412092127.844754 effect (-35.210815 0.171356)
-1 1412092130.719307 toolpose 3 90
-1 1412092130.719323 prediction 2 (0.211603)
-1 1412092144.166038 action (-0.01)
-1 1412092152.294725 effect (-71.246937 0.45498)
-1 1412092130.719307 toolpose 3 90
-1 1412092155.447924 prediction 2 (0.211603)
-1 1412092170.154087 action (-0.01)
-1 1412092177.284016 effect (14.925882 0.16151)
-1 1412092182.358132 toolpose 3 90
-1 1412092182.358152 prediction 2 (0.211603)
-1 1412092191.505259 action (-0.01)
-1 1412092197.523044 effect (-87.701685 0.058746)
-1 1412092202.200698 toolpose 3 90
-1 1412092202.200712 prediction 2 (0.211603)
-1 1412092216.304686 action (-0.01)
-1 1412092223.523561 effect (-51.059902 0.247327)
-1 1412092227.119583 toolpose 4 -90
-1 1412092227.119592 prediction 1 (0.115401)
-1 1412092236.779543 action (-0.05)
-1 1412092243.964927 effect (41.02586 2.667713)
-1 1412092227.119583 toolpose 4 -90
-1 1412092246.901698 prediction 1 (0.115401)
-1 1412092255.988627 action (-0.05)
-1 1412092262.419673 effect (-165.244687 0.156618)
-1 1412092264.926362 toolpose 4 -90
-1 1412092264.926377 prediction 1 (0.115401)
-1 1412092275.040262 action (-0.05)
-1 1412092281.564526 effect (13.462582 0.128614)
-1 1412092227.119583 toolpose 4 -90
-1 1412092285.778072 prediction 1 (0.115401)
-1 1412092295.428852 action (-0.05)
-1 1412092300.566746 effect (34.438066 0.081978)
-1 1412092305.724806 toolpose 4 -90
-1 1412092305.724819 prediction 2 (0.211603)
-1 1412092313.898931 action (-0.01)
-1 1412092321.117238 effect (-97.899329 0.04494)
-1 1412092327.260869 toolpose 4 0
-1 1412092327.260881 prediction 1 (0.115401)
-1 1412092338.846157 action (-0.05)
-1 1412092346.143211 effect (131.545838 0.048316)
-1 1412092349.354228 toolpose 4 0
-1 1412092349.354243 prediction 1 (0.115401)
-1 1412092359.071673 action (-0.05)
-1 1412092365.502728 effect (39.127178 0.052682)
-1 1412092349.354228 toolpose 4 0
-1 1412092368.251993 prediction 1 (0.115401)
-1 1412092376.712497 action (-0.05)
-1 1412092382.824535 effect (172.626496 0.068661)
-1 1412092349.354228 toolpose 4 0
-1 1412092385.685019 prediction 1 (0.115401)
-1 1412092395.913892 action (-0.05)
-1 1412092401.435412 effect (60.229929 0.036614)
-1 1412092404.578306 toolpose 4 0
-1 1412092404.578323 prediction 1 (0.115401)
-1 1412092413.356219 action (-0.05)
-1 1412092418.725565 effect (21.273357 0.088177)
-1 1412092422.540629 toolpose 4 90
-1 1412092422.540643 prediction 1 (0.115401)
-1 1412092431.529518 action (-0.05)
-1 1412092438.089395 effect (23.400657 0.078838)
-1 1412092422.540629 toolpose 4 90
-1 1412092440.770461 prediction 1 (0.115401)
-1 1412092450.494836 action (-0.05)
-1 1412092456.631590 effect (30.698449 0.068031)
-1 1412092459.878313 toolpose 4 90
-1 1412092459.878333 prediction 1 (0.115401)
-1 1412092472.313981 action (-0.05)
-1 1412092479.153163 effect (-134.908851 0.100405)
-1 1412092483.871708 toolpose 4 90
-1 1412092483.871722 prediction 1 (0.115401)
-1 1412092495.588138 action (-0.05)
-1 1412092503.024056 effect (106.07082 1.256931)
-1 1412092505.633251 toolpose 4 90
-1 1412092505.633272 prediction 1 (0.115401)
-1 1412092515.565608 action (-0.05)
-1 1412092520.882988 effect (50.00012 0.046006)