-1 1410786638.870008 action (-0.05)
-1 1410786644.202047 effect (1.275044 0.192225)
-1 1410786654.831817 action (-0.04)
-1 1410786660.166279 effect (12.071182 0.211825)
-1 1410786670.337441 action (-0.03)
-1 1410786677.767010 effect (75.169305 0.057355)
-1 1410786689.491111 action (-0.02)
-1 1410786696.909082 effect (70.559955 0.059857)
-1 1410786711.433350 action (-0.01)
-1 1410786717.564463 effect (32.100446 0.019429)
-1 1410786731.619084 action (0.0)
-1 1410786737.727071 effect (28.073318 0.041176)
-1 1410786750.385861 action (0.01)
-1 1410786756.511616 effect (66.789325 0.010415)
-1 1410786769.223980 action (0.02)
-1 1410786774.545261 effect (-161.62715 0.003702)
-1 1410786783.530040 action (0.03)
-1 1410786789.657586 effect (-87.945222 0.018472)
-1 1410786798.144709 action (0.04)
-1 1410786804.770081 effect (-115.964286 0.029994)
-1 1410786813.453682 action (0.05)
-1 1410786818.981015 effect (-67.668258 0.019461)
-1 1410786835.238269 action (-0.05)
-1 1410786840.694037 effect (-3.862573 0.183583)
-1 1410786850.444096 action (-0.04)
-1 1410786856.634931 effect (10.138484 0.206715)
-1 1410786865.626440 action (-0.03)
-1 1410786871.049557 effect (68.388567 0.070466)
-1 1410786880.007376 action (-0.02)
-1 1410786886.225668 effect (45.62597 0.064541)
-1 1410786900.110010 action (-0.01)
-1 1410786906.236427 effect (104.497553 0.011016)
-1 1410786918.834563 action (0.0)
-1 1410786925.353517 effect (67.678106 0.01478)
-1 1410786940.343011 action (0.01)
-1 1410786947.269311 effect (-124.628841 0.012215)
-1 1410786960.441208 action (0.02)
-1 1410786965.758087 effect (114.062697 0.031332)
-1 1410786974.135378 action (0.03)
-1 1410786979.445156 effect (-75.503981 0.042042)
-1 1410786989.720875 action (0.04)
-1 1410786995.148330 effect (-18.529144 0.124789)
-1 1410787003.636843 action (0.05)
-1 1410787009.256703 effect (92.055373 0.002214)
-1 1410787025.345577 action (-0.05)
-1 1410787030.667845 effect (3.639278 0.192501)
-1 1410787042.099992 action (-0.04)
-1 1410787049.456868 effect (4.607054 0.184265)
-1 1410787058.331217 action (-0.03)
-1 1410787063.851188 effect (69.028946 0.065426)
-1 1410787072.587644 action (-0.02)
-1 1410787080.017619 effect (82.469749 0.051967)
-1 1410787093.145013 action (-0.01)
-1 1410787099.271947 effect (-86.154617 0.00802)
-1 1410787111.944253 action (0.0)
-1 1410787119.358389 effect (76.076003 0.016577)
-1 1410787132.295268 action (0.01)
-1 1410787139.138355 effect (44.66761 0.018746)
-1 1410787154.862315 action (0.02)
-1 1410787162.205384 effect (23.305207 0.059056)
-1 1410787170.588885 action (0.03)
-1 1410787177.419263 effect (-97.046536 0.022837)
-1 1410787187.254328 action (0.04)
-1 1410787192.781359 effect (-62.367643 0.069892)
-1 1410787201.678209 action (0.05)
-1 1410787208.219132 effect (44.822187 0.010309)
-1 1410787224.727997 action (-0.05)
-1 1410787230.258320 effect (0.135438 0.186601)
-1 1410787240.243858 action (-0.04)
-1 1410787246.772208 effect (9.832856 0.204782)
-1 1410787256.053299 action (-0.03)
-1 1410787261.418305 effect (71.485241 0.063283)
-1 1410787270.116218 action (-0.02)
-1 1410787276.243209 effect (42.069376 0.073356)
-1 1410787288.950378 action (-0.01)
-1 1410787295.571991 effect (71.508557 0.012178)
-1 1410787308.278392 action (0.0)
-1 1410787314.406373 effect (55.517863 0.024184)
-1 1410787329.160689 action (0.01)
-1 1410787336.462392 effect (118.287925 0.006963)
-1 1410787349.792997 action (0.02)
-1 1410787357.108251 effect (122.211253 0.023929)
-1 1410787369.933254 action (0.03)
-1 1410787375.444290 effect (-34.322495 0.046895)
-1 1410787384.481321 action (0.04)
-1 1410787389.797783 effect (-87.394727 0.014731)
-1 1410787399.257706 action (0.05)
-1 1410787404.694161 effect (-90.523293 0.037373)
-1 1410787423.290405 action (-0.05)
-1 1410787428.739682 effect (-1.980216 0.186427)
-1 1410787440.288941 action (-0.04)
-1 1410787446.415086 effect (1.608465 0.18698)
-1 1410787454.830601 action (-0.03)
-1 1410787460.978561 effect (65.64271 0.064841)
-1 1410787475.112019 action (-0.02)
-1 1410787482.024739 effect (61.694717 0.021771)
-1 1410787496.031986 action (-0.01)
-1 1410787501.676504 effect (-11.861954 0.013907)
-1 1410787514.487053 action (0.0)
-1 1410787521.808194 effect (-39.176876 0.012661)
-1 1410787534.520751 action (0.01)
-1 1410787539.944965 effect (81.425662 0.008887)
-1 1410787554.514957 action (0.02)
-1 1410787560.242090 effect (19.469847 0.050474)
-1 1410787568.855561 action (0.03)
-1 1410787574.170324 effect (-57.532355 0.011587)
-1 1410787582.761607 action (0.04)
-1 1410787588.189536 effect (-102.971496 0.012698)
-1 1410787596.504051 action (0.05)
-1 1410787601.923698 effect (73.64379 0.00264)
-1 1410787619.763306 action (-0.05)
-1 1410787626.399320 effect (8.279662 0.206983)
-1 1410787636.624193 action (-0.04)
-1 1410787643.442596 effect (7.860933 0.203824)
-1 1410787652.939451 action (-0.03)
-1 1410787658.479630 effect (62.771924 0.058719)
-1 1410787667.574147 action (-0.02)
-1 1410787673.183426 effect (53.781399 0.071189)
-1 1410787687.784284 action (-0.01)
-1 1410787694.102114 effect (42.909461 0.014479)
-1 1410787706.576809 action (0.0)
-1 1410787712.801682 effect (120.089644 0.011469)
-1 1410787721.645401 action (0.01)
-1 1410787727.784294 effect (-111.469908 0.039825)
-1 1410787740.363279 action (0.02)
-1 1410787747.674276 effect (132.640741 0.010363)
-1 1410787756.398272 action (0.03)
-1 1410787762.903544 effect (-89.715757 0.0193)
-1 1410787772.779224 action (0.04)
-1 1410787778.178950 effect (-26.339308 0.124496)
-1 1410787786.949383 action (0.05)
-1 1410787792.309755 effect (-68.505245 0.014068)
-1 1410787810.068553 action (-0.05)
-1 1410787817.387080 effect (-4.350458 0.180335)
-1 1410787829.994932 action (-0.04)
-1 1410787835.420910 effect (0.585448 0.170953)
-1 1410787844.500041 action (-0.03)
-1 1410787850.640209 effect (12.391957 0.207571)
-1 1410787865.381575 action (-0.02)
-1 1410787871.494932 effect (-83.077332 0.01061)
-1 1410787884.395930 action (-0.01)
-1 1410787890.521981 effect (-100.198065 0.001735)
-1 1410787903.319126 action (0.0)
-1 1410787908.844879 effect (57.221983 0.015535)
-1 1410787923.629609 action (0.01)
-1 1410787931.097304 effect (7.242524 0.048435)
-1 1410787944.012441 action (0.02)
-1 1410787950.766095 effect (111.938161 0.022608)
-1 1410787959.016306 action (0.03)
-1 1410787964.848433 effect (-70.711835 0.030867)
-1 1410787973.685061 action (0.04)
-1 1410787979.103836 effect (-88.618897 0.012977)
-1 1410787987.262702 action (0.05)
-1 1410787992.582194 effect (8.761443 0.004431)
-1 1410788009.107971 action (-0.05)
-1 1410788015.745374 effect (1.20549 0.196719)
-1 1410788025.702009 action (-0.04)
-1 1410788031.041778 effect (5.04889 0.211355)
-1 1410788041.014979 action (-0.03)
-1 1410788046.545222 effect (75.676978 0.065734)
-1 1410788054.836414 action (-0.02)
-1 1410788060.953522 effect (66.746735 0.068231)
-1 1410788076.093702 action (-0.01)
-1 1410788082.312033 effect (174.418354 0.444817)
-1 1410788096.087502 action (0.0)
-1 1410788103.416223 effect (89.585256 0.014169)
-1 1410788116.342829 action (0.01)
-1 1410788122.059744 effect (85.025674 0.007319)
-1 1410788136.069892 action (0.02)
-1 1410788143.542980 effect (17.013843 0.218707)
-1 1410788154.828538 action (0.03)
-1 1410788162.148008 effect (166.949651 0.062061)
-1 1410788170.294326 action (0.04)
-1 1410788175.707072 effect (-71.271883 0.018904)
-1 1410788185.222860 action (0.05)
-1 1410788191.837617 effect (-85.230516 0.040497)
-1 1410788209.535665 action (-0.05)
-1 1410788215.770462 effect (1.586202 0.193136)
-1 1410788228.424872 action (-0.04)
-1 1410788235.752991 effect (1.015746 0.182835)
-1 1410788244.511047 action (-0.03)
-1 1410788251.838733 effect (81.319846 0.045811)
-1 1410788261.710133 action (-0.02)
-1 1410788269.035542 effect (71.506028 0.056361)
-1 1410788281.695503 action (-0.01)
-1 1410788287.818815 effect (31.001699 0.02287)
-1 1410788300.692671 action (0.0)
-1 1410788308.014237 effect (60.568967 0.027406)
-1 1410788321.108509 action (0.01)
-1 1410788327.922072 effect (-124.406808 0.005795)
-1 1410788341.023042 action (0.02)
-1 1410788346.548292 effect (86.564 0.009516)
-1 1410788358.149425 action (0.03)
-1 1410788363.668998 effect (166.260417 0.084399)
-1 1410788372.107455 action (0.04)
-1 1410788377.842374 effect (-141.055035 0.008516)
-1 1410788387.647135 action (0.05)
-1 1410788393.085726 effect (-96.354948 0.031103)
-1 1410788412.107694 action (-0.05)
-1 1410788417.531481 effect (1.399839 0.183172)
-1 1410788427.954076 action (-0.04)
-1 1410788434.607134 effect (8.917112 0.204035)
-1 1410788444.038127 action (-0.03)
-1 1410788451.382234 effect (65.207303 0.10662)
-1 1410788459.938221 action (-0.02)
-1 1410788465.653746 effect (67.550741 0.064485)
-1 1410788478.603218 action (-0.01)
-1 1410788484.113987 effect (59.646571 0.01581)
-1 1410788497.083140 action (0.0)
-1 1410788503.219484 effect (80.631753 0.021793)
-1 1410788518.165444 action (0.01)
-1 1410788523.712444 effect (12.139129 0.051702)
-1 1410788536.253868 action (0.02)
-1 1410788542.366093 effect (30.074569 0.009009)
-1 1410788550.634165 action (0.03)
-1 1410788556.240857 effect (-89.423444 0.023586)
-1 1410788565.166956 action (0.04)
-1 1410788570.667350 effect (-127.813831 0.015422)
-1 1410788580.432134 action (0.05)
-1 1410788585.765509 effect (-84.764673 0.037781)
-1 1410789488.320724 action (-0.05)
-1 1410789495.280816 effect (-158.090053 0.134633)
-1 1410789506.032238 action (-0.04)
-1 1410789511.552822 effect (10.026854 0.214226)
-1 1410789523.952590 action (-0.03)
-1 1410789529.463844 effect (88.103896 0.034262)
-1 1410789538.894495 action (-0.02)
-1 1410789544.428704 effect (63.522517 0.085634)
-1 1410789558.549619 action (-0.01)
-1 1410789564.653482 effect (-2.481557 0.026675)
-1 1410789577.423934 action (0.0)
-1 1410789584.347509 effect (73.730771 0.011339)
-1 1410789597.421382 action (0.01)
-1 1410789603.174423 effect (-51.024341 0.011142)
-1 1410789612.074524 action (0.02)
-1 1410789617.602659 effect (-85.373682 0.042752)
-1 1410789627.459573 action (0.03)
-1 1410789633.669486 effect (-42.424987 0.111237)
-1 1410789642.455147 action (0.04)
-1 1410789648.671218 effect (-51.15454 0.00483)
-1 1410789657.306465 action (0.05)
-1 1410789664.035192 effect (-105.873758 0.009867)
-1 1410789683.694291 action (-0.05)
-1 1410789691.126807 effect (-2.090156 0.182285)
-1 1410789702.896895 action (-0.04)
-1 1410789708.448137 effect (9.554626 0.208454)
-1 1410789719.143271 action (-0.03)
-1 1410789724.656540 effect (75.698006 0.055676)
-1 1410789735.146654 action (-0.02)
-1 1410789741.263987 effect (77.337306 0.063538)
-1 1410789755.389470 action (-0.01)
-1 1410789761.501585 effect (15.490028 0.028479)
-1 1410789774.985269 action (0.0)
-1 1410789780.780258 effect (72.825362 0.00255)
-1 1410789793.536235 action (0.01)
-1 1410789799.659755 effect (137.832996 0.008991)
-1 1410789808.840286 action (0.02)
-1 1410789816.250719 effect (-83.344321 0.03144)
-1 1410789824.701432 action (0.03)
-1 1410789830.225890 effect (-82.993448 0.020634)
-1 1410789839.831485 action (0.04)
-1 1410789846.758066 effect (-91.541453 0.038805)
-1 1410789855.991367 action (0.05)
-1 1410789861.597036 effect (-78.755278 0.021648)
-1 1410789878.397607 action (-0.05)
-1 1410789883.839476 effect (-0.637456 0.18278)
-1 1410789895.211979 action (-0.04)
-1 1410789900.645383 effect (6.843328 0.205501)
-1 1410789910.576289 action (-0.03)
-1 1410789916.225533 effect (61.620393 0.107193)
-1 1410789924.966750 action (-0.02)
-1 1410789930.702051 effect (77.65636 0.061105)
-1 1410789943.569055 action (-0.01)
-1 1410789950.984452 effect (-80.607521 0.006173)
-1 1410789963.884228 action (0.0)
-1 1410789970.000702 effect (113.256022 0.027342)
-1 1410789985.072723 action (0.01)
-1 1410789991.111117 effect (-116.659441 0.004654)
-1 1410790004.317046 action (0.02)
-1 1410790010.041905 effect (66.927906 0.018354)
-1 1410790018.828692 action (0.03)
-1 1410790025.045476 effect (-122.222701 0.015262)
-1 1410790033.782496 action (0.04)
-1 1410790039.206288 effect (-107.672978 0.023134)
-1 1410790047.749645 action (0.05)
-1 1410790053.374700 effect (75.803561 0.00257)
-1 1410790071.865707 action (-0.05)
-1 1410790077.554807 effect (-0.628177 0.175742)
-1 1410790088.926642 action (-0.04)
-1 1410790094.465634 effect (10.559548 0.198491)
-1 1410790103.502842 action (-0.03)
-1 1410790109.328733 effect (66.699956 0.141966)
-1 1410790118.505870 action (-0.02)
-1 1410790124.228626 effect (51.74522 0.092094)
-1 1410790135.131112 action (-0.01)
-1 1410790142.620803 effect (-47.163921 0.348808)
-1 1410790155.275434 action (0.0)
-1 1410790161.400656 effect (106.914933 0.014175)
-1 1410790174.590231 action (0.01)
-1 1410790180.313638 effect (110.174195 0.017661)
-1 1410790189.202180 action (0.02)
-1 1410790194.735122 effect (-89.818758 0.026835)
-1 1410790203.941287 action (0.03)
-1 1410790210.756706 effect (-153.838968 0.017794)
-1 1410790219.336524 action (0.04)
-1 1410790224.921604 effect (-68.988179 0.011622)
-1 1410790233.724779 action (0.05)
-1 1410790240.456434 effect (89.254208 0.006785)
