-1 1410864831.548946 action (-0.05)
-1 1410864837.486450 effect (-1.337676 0.159742)
-1 1410864850.148649 action (-0.04)
-1 1410864856.134534 effect (13.489926 0.175141)
-1 1410864868.601535 action (-0.03)
-1 1410864874.722528 effect (3.534417 0.166296)
-1 1410864890.985387 action (-0.02)
-1 1410864897.052917 effect (-58.332028 0.402134)
-1 1410864913.480464 action (-0.01)
-1 1410864919.706698 effect (-27.797438 0.18006)
-1 1410864931.778146 action (0.0)
-1 1410864938.107152 effect (-24.467306 0.188313)
-1 1410864950.434923 action (0.01)
-1 1410864956.445494 effect (-148.894538 0.057997)
-1 1410864969.475262 action (0.02)
-1 1410864975.507271 effect (-162.161787 0.00977)
-1 1410864985.846263 action (0.03)
-1 1410864991.992381 effect (-125.940612 0.016663)
-1 1410865001.507496 action (0.04)
-1 1410865007.421678 effect (21.768677 0.006701)
-1 1410865016.984729 action (0.05)
-1 1410865022.932226 effect (-35.261238 0.008898)
-1 1410865040.865638 action (-0.05)
-1 1410865045.619983 effect (-1.093294 0.156182)
-1 1410865058.410353 action (-0.04)
-1 1410865064.340421 effect (0.821155 0.164785)
-1 1410865077.137301 action (-0.03)
-1 1410865083.166102 effect (6.370918 0.153947)
-1 1410865097.872261 action (-0.02)
-1 1410865103.796201 effect (8.379607 0.16329)
-1 1410865120.007656 action (-0.01)
-1 1410865126.142155 effect (-24.703179 0.168726)
-1 1410865138.378751 action (0.0)
-1 1410865144.684908 effect (-22.561152 0.166096)
-1 1410865160.843409 action (0.01)
-1 1410865166.968541 effect (-88.891497 0.034415)
-1 1410865180.987309 action (0.02)
-1 1410865186.472421 effect (-165.728863 0.01026)
-1 1410865196.517771 action (0.03)
-1 1410865202.625076 effect (-99.741922 0.016689)
-1 1410865213.268401 action (0.04)
-1 1410865219.695362 effect (-88.371684 0.008672)
-1 1410865229.706441 action (0.05)
-1 1410865235.634730 effect (-106.154783 0.001605)
-1 1410865253.175772 action (-0.05)
-1 1410865259.531145 effect (137.381545 0.403953)
-1 1410865272.083032 action (-0.04)
-1 1410865278.322695 effect (1.563635 0.161774)
-1 1410865293.178385 action (-0.03)
-1 1410865299.308307 effect (7.726146 0.165648)
-1 1410865315.658738 action (-0.02)
-1 1410865321.480190 effect (53.085907 0.194891)
-1 1410865338.320541 action (-0.01)
-1 1410865344.739497 effect (-30.485741 0.183173)
-1 1410865356.678536 action (0.0)
-1 1410865362.782941 effect (-29.869717 0.177443)
-1 1410865377.478799 action (0.01)
-1 1410865383.708034 effect (-37.579082 0.03347)
-1 1410865397.913357 action (0.02)
-1 1410865404.047821 effect (-32.11174 0.036136)
-1 1410865414.757136 action (0.03)
-1 1410865420.771078 effect (-173.745901 0.010595)
-1 1410865430.441921 action (0.04)
-1 1410865436.755653 effect (62.153747 0.001496)
-1 1410865446.456023 action (0.05)
-1 1410865452.393206 effect (114.404952 0.005304)
-1 1410865470.853753 action (-0.05)
-1 1410865476.901377 effect (-2.870525 0.155787)
-1 1410865489.271874 action (-0.04)
-1 1410865495.594748 effect (1.458962 0.167973)
-1 1410865509.217025 action (-0.03)
-1 1410865515.133306 effect (5.124691 0.160293)
-1 1410865531.431486 action (-0.02)
-1 1410865537.683697 effect (30.326235 0.161284)
-1 1410865554.033111 action (-0.01)
-1 1410865560.266619 effect (-25.350937 0.173783)
-1 1410865572.529295 action (0.0)
-1 1410865578.631965 effect (-29.878404 0.169755)
-1 1410865595.226056 action (0.01)
-1 1410865601.630018 effect (-27.41881 0.18339)
-1 1410865615.848288 action (0.02)
-1 1410865621.965304 effect (-79.211085 0.020239)
-1 1410865631.756540 action (0.03)
-1 1410865638.082584 effect (-87.160521 0.008078)
-1 1410865648.328294 action (0.04)
-1 1410865654.480867 effect (-86.427592 0.010646)
-1 1410865664.882795 action (0.05)
-1 1410865670.995722 effect (38.427582 0.009579)
-1 1410865688.034296 action (-0.05)
-1 1410865694.082720 effect (-0.907566 0.152913)
-1 1410865706.635704 action (-0.04)
-1 1410865712.571566 effect (11.811589 0.177132)
-1 1410865728.904099 action (-0.03)
-1 1410865735.024661 effect (4.283797 0.166)
-1 1410865749.706693 action (-0.02)
-1 1410865755.921352 effect (6.717239 0.170246)
-1 1410865772.218100 action (-0.01)
-1 1410865778.337881 effect (-30.885026 0.171338)
-1 1410865788.935882 action (0.0)
-1 1410865794.948234 effect (-65.208723 0.040572)
-1 1410865811.204636 action (0.01)
-1 1410865817.307194 effect (-26.301115 0.171588)
-1 1410865833.796521 action (0.02)
-1 1410865840.007353 effect (-15.933573 0.161698)
-1 1410865849.944805 action (0.03)
-1 1410865855.945566 effect (-88.081795 0.021903)
-1 1410865865.713037 action (0.04)
-1 1410865871.621101 effect (-74.883476 0.024531)
-1 1410865881.509305 action (0.05)
-1 1410865887.610112 effect (-11.554061 0.003884)
-1 1410865905.791818 action (-0.05)
-1 1410865912.611801 effect (-1.826518 0.156706)
-1 1410865924.999629 action (-0.04)
-1 1410865931.020291 effect (2.932329 0.165065)
-1 1410865944.171132 action (-0.03)
-1 1410865950.282668 effect (1.755381 0.158259)
-1 1410865965.505854 action (-0.02)
-1 1410865971.823127 effect (7.301197 0.167989)
-1 1410865988.518869 action (-0.01)
-1 1410865994.649106 effect (-25.018306 0.133086)
-1 1410866006.790237 action (0.0)
-1 1410866013.030061 effect (-33.518669 0.189306)
-1 1410866029.320659 action (0.01)
-1 1410866035.635120 effect (-24.094827 0.168828)
-1 1410866048.139866 action (0.02)
-1 1410866054.288194 effect (-84.414959 0.004198)
-1 1410866064.005590 action (0.03)
-1 1410866069.934440 effect (-100.98161 0.013791)
-1 1410866080.071366 action (0.04)
-1 1410866086.300370 effect (-115.998761 0.005859)
-1 1410866096.080463 action (0.05)
-1 1410866102.299990 effect (-74.725422 0.014152)
-1 1410866123.686361 action (-0.05)
-1 1410866128.808269 effect (-37.408403 0.190206)
-1 1410866141.380315 action (-0.04)
-1 1410866147.427861 effect (1.277747 0.154998)
-1 1410866160.713710 action (-0.03)
-1 1410866166.828816 effect (4.301011 0.158646)
-1 1410866183.460996 action (-0.02)
-1 1410866189.710493 effect (38.632466 0.184346)
-1 1410866206.325351 action (-0.01)
-1 1410866212.443335 effect (-23.68138 0.124635)
-1 1410866224.362348 action (0.0)
-1 1410866230.585502 effect (-32.110652 0.192592)
-1 1410866247.071031 action (0.01)
-1 1410866253.401335 effect (-28.720305 0.178926)
-1 1410866264.241290 action (0.02)
-1 1410866270.276660 effect (-131.886487 0.020131)
-1 1410866281.106142 action (0.03)
-1 1410866287.130130 effect (-159.979675 0.017835)
-1 1410866297.153524 action (0.04)
-1 1410866303.496288 effect (-105.017689 0.010723)
-1 1410866313.041925 action (0.05)
-1 1410866319.175678 effect (152.005504 0.001249)
-1 1410866342.093025 action (-0.05)
-1 1410866346.724112 effect (-22.468376 0.12534)
-1 1410866359.101239 action (-0.04)
-1 1410866364.947822 effect (1.458273 0.163037)
-1 1410866377.375445 action (-0.03)
-1 1410866383.689957 effect (-54.638121 0.424479)
-1 1410866397.253696 action (-0.02)
-1 1410866403.260911 effect (7.837045 0.167092)
-1 1410866419.491508 action (-0.01)
-1 1410866425.610995 effect (-29.358544 0.166681)
-1 1410866437.996619 action (0.0)
-1 1410866444.120266 effect (-23.148539 0.162865)
-1 1410866460.422517 action (0.01)
-1 1410866466.653065 effect (-25.517454 0.170606)
-1 1410866480.363443 action (0.02)
-1 1410866486.534807 effect (175.298147 0.013286)
-1 1410866497.711346 action (0.03)
-1 1410866503.741941 effect (-87.375812 0.016369)
-1 1410866513.529219 action (0.04)
-1 1410866519.747876 effect (-159.309842 0.003394)
-1 1410866530.038959 action (0.05)
-1 1410866535.964252 effect (-43.244661 0.007965)
-1 1410866552.862774 action (-0.05)
-1 1410866558.788078 effect (5.053118 0.18327)
-1 1410866571.292908 action (-0.04)
-1 1410866577.847152 effect (1.266875 0.156802)
-1 1410866590.386244 action (-0.03)
-1 1410866596.424085 effect (16.002901 0.184172)
-1 1410866612.756502 action (-0.02)
-1 1410866618.767890 effect (23.293147 0.187433)
-1 1410866635.034466 action (-0.01)
-1 1410866641.249609 effect (-25.210187 0.131611)
-1 1410866651.085586 action (0.0)
-1 1410866657.199382 effect (-80.185903 0.014601)
-1 1410866668.543786 action (0.01)
-1 1410866674.664438 effect (-160.27175 0.054023)
-1 1410866687.693980 action (0.02)
-1 1410866693.671047 effect (-37.520317 0.023418)
-1 1410866703.933588 action (0.03)
-1 1410866710.035891 effect (-94.957192 0.02867)
-1 1410866720.101115 action (0.04)
-1 1410866726.223759 effect (-62.97472 0.02322)
-1 1410866735.748662 action (0.05)
-1 1410866741.785506 effect (138.045764 0.009055)
-1 1410866759.567843 action (-0.05)
-1 1410866765.517177 effect (8.686422 0.121069)
-1 1410866778.251618 action (-0.04)
-1 1410866784.374659 effect (0.216404 0.16257)
-1 1410866797.465212 action (-0.03)
-1 1410866803.506788 effect (10.342836 0.169719)
-1 1410866819.926246 action (-0.02)
-1 1410866825.992299 effect (-53.085292 0.387401)
-1 1410866842.742986 action (-0.01)
-1 1410866848.959144 effect (-22.988626 0.170416)
-1 1410866861.539767 action (0.0)
-1 1410866867.711829 effect (-28.557542 0.161766)
-1 1410866883.835528 action (0.01)
-1 1410866889.942150 effect (-22.183192 0.16652)
-1 1410866903.323628 action (0.02)
-1 1410866909.445139 effect (-85.773288 0.004432)
-1 1410866920.529452 action (0.03)
-1 1410866926.573500 effect (-132.647101 0.009721)
-1 1410866937.041460 action (0.04)
-1 1410866943.050902 effect (-99.144461 0.016279)
-1 1410866952.359353 action (0.05)
-1 1410866958.295561 effect (-65.576354 0.009394)
