-1 1410360060.198859 action (-0.05)
-1 1410360066.424199 effect (13.9106 0.074573)
-1 1410360075.344613 action (-0.04)
-1 1410360081.400267 effect (37.398485 0.068211)
-1 1410360089.862135 action (-0.03)
-1 1410360097.289220 effect (57.910331 0.055183)
-1 1410360106.854427 action (-0.02)
-1 1410360114.302167 effect (56.552489 0.076531)
-1 1410360128.767601 action (-0.01)
-1 1410360135.799042 effect (108.891849 0.010763)
-1 1410360150.923745 action (0.0)
-1 1410360156.847621 effect (38.089991 0.026463)
-1 1410360171.546630 action (0.01)
-1 1410360178.584085 effect (13.00855 0.046608)
-1 1410360188.546582 action (0.02)
-1 1410360194.785027 effect (43.419551 0.141308)
-1 1410360203.341933 action (0.03)
-1 1410360209.460149 effect (-89.70032 0.019703)
-1 1410360217.780836 action (0.04)
-1 1410360223.949463 effect (165.798687 0.003413)
-1 1410360232.759611 action (0.05)
-1 1410360237.966759 effect (176.376236 0.006021)
-1 1410360252.168767 action (-0.05)
-1 1410360257.203938 effect (11.218129 0.084737)
-1 1410360265.642298 action (-0.04)
-1 1410360270.781771 effect (22.555497 0.073762)
-1 1410360280.344909 action (-0.03)
-1 1410360286.556222 effect (70.848308 0.052922)
-1 1410360297.158999 action (-0.02)
-1 1410360304.243470 effect (-66.509497 1.740087)
-1 1410360312.586655 action (-0.01)
-1 1410360318.812646 effect (19.813959 0.193157)
-1 1410360326.796530 action (0.0)
-1 1410360334.210326 effect (98.065051 0.064795)
-1 1410360345.441325 action (0.01)
-1 1410360352.469458 effect (-157.457682 0.059451)
-1 1410360362.338735 action (0.02)
-1 1410360368.560672 effect (49.126181 0.091937)
-1 1410360376.727634 action (0.03)
-1 1410360382.246667 effect (-99.616607 0.019181)
-1 1410360390.513644 action (0.04)
-1 1410360396.733057 effect (-163.03758 0.00619)
-1 1410360404.641668 action (0.05)
-1 1410360410.155340 effect (-85.717551 0.005808)
-1 1410360423.575134 action (-0.05)
-1 1410360431.035671 effect (17.139763 0.069428)
-1 1410360439.275914 action (-0.04)
-1 1410360445.504205 effect (42.760822 0.049544)
-1 1410360455.544927 action (-0.03)
-1 1410360461.486498 effect (12.150145 0.142503)
-1 1410360471.587963 action (-0.02)
-1 1410360477.567583 effect (71.921386 0.067865)
-1 1410360491.759710 action (-0.01)
-1 1410360498.870287 effect (136.396367 0.013388)
-1 1410360512.666899 action (0.0)
-1 1410360518.581476 effect (-90.502631 0.012605)
-1 1410360532.517207 action (0.01)
-1 1410360539.550083 effect (103.65168 0.02657)
-1 1410360549.044008 action (0.02)
-1 1410360556.160100 effect (173.4945 0.062436)
-1 1410360564.320150 action (0.03)
-1 1410360570.570049 effect (-112.45406 0.008265)
-1 1410360578.711731 action (0.04)
-1 1410360584.224026 effect (-122.754114 0.012075)
-1 1410360592.620617 action (0.05)
-1 1410360598.731741 effect (-128.245397 0.005803)
-1 1410360612.289961 action (-0.05)
-1 1410360617.396186 effect (22.778785 0.065199)
-1 1410360625.691238 action (-0.04)
-1 1410360630.610812 effect (56.93253 0.046251)
-1 1410360638.670636 action (-0.03)
-1 1410360645.199503 effect (52.621972 0.055331)
-1 1410360660.484106 action (-0.02)
-1 1410360667.499702 effect (-175.023996 0.084056)
-1 1410360681.872268 action (-0.01)
-1 1410360688.783511 effect (-179.252701 0.013095)
-1 1410360702.656959 action (0.0)
-1 1410360710.674194 effect (-155.684368 0.013213)
-1 1410360724.975504 action (0.01)
-1 1410360731.909316 effect (119.978731 0.025824)
-1 1410360747.176780 action (0.02)
-1 1410360753.196508 effect (175.496179 0.077525)
-1 1410360764.999969 action (0.03)
-1 1410360771.113079 effect (56.274219 0.102167)
-1 1410360779.254451 action (0.04)
-1 1410360784.480996 effect (-179.339621 0.006442)
-1 1410360793.815167 action (0.05)
-1 1410360800.433511 effect (-86.011425 0.049612)
-1 1410360813.417778 action (-0.05)
-1 1410360818.870853 effect (127.251062 0.050751)
-1 1410360828.436347 action (-0.04)
-1 1410360834.654402 effect (45.552575 0.043476)
-1 1410360842.868579 action (-0.03)
-1 1410360850.199324 effect (61.61172 0.062189)
-1 1410360861.503184 action (-0.02)
-1 1410360867.430364 effect (37.554419 0.079268)
-1 1410360882.930299 action (-0.01)
-1 1410360889.869584 effect (145.127015 0.016367)
-1 1410360903.422847 action (0.0)
-1 1410360909.347629 effect (97.527171 0.006943)
-1 1410360920.951318 action (0.01)
-1 1410360926.168448 effect (-162.697941 0.064694)
-1 1410360933.858371 action (0.02)
-1 1410360939.494907 effect (-90.883097 0.017304)
-1 1410360948.136548 action (0.03)
-1 1410360954.358379 effect (-89.37244 0.019835)
-1 1410360962.409758 action (0.04)
-1 1410360968.605817 effect (-73.998679 0.002616)
-1 1410360977.014741 action (0.05)
-1 1410360982.437706 effect (-175.264574 0.000533)
-1 1410360996.839723 action (-0.05)
-1 1410361002.263017 effect (-168.42489 0.138069)
-1 1410361011.028789 action (-0.04)
-1 1410361017.170674 effect (30.473065 0.066466)
-1 1410361026.454607 action (-0.03)
-1 1410361031.980634 effect (49.487043 0.05559)
-1 1410361045.718988 action (-0.02)
-1 1410361051.646325 effect (132.817084 0.024812)
-1 1410361066.699044 action (-0.01)
-1 1410361073.709669 effect (154.276879 0.007753)
-1 1410361081.342517 action (0.0)
-1 1410361087.453952 effect (-94.611093 0.014361)
-1 1410361099.387926 action (0.01)
-1 1410361107.413473 effect (-152.659774 0.057255)
-1 1410361116.640723 action (0.02)
-1 1410361122.746098 effect (-172.786476 0.035795)
-1 1410361130.922044 action (0.03)
-1 1410361136.436508 effect (-111.439694 0.017463)
-1 1410361144.389694 action (0.04)
-1 1410361150.638519 effect (-170.569638 0.012393)
-1 1410361159.699769 action (0.05)
-1 1410361165.016815 effect (-84.161232 0.065587)
-1 1410361181.312239 action (-0.05)
-1 1410361186.866606 effect (31.859302 0.036178)
-1 1410361195.623590 action (-0.04)
-1 1410361200.834604 effect (33.00653 0.068669)
-1 1410361210.294578 action (-0.03)
-1 1410361217.703422 effect (51.869376 0.054145)
-1 1410361228.284434 action (-0.02)
-1 1410361235.309854 effect (45.724499 0.075313)
-1 1410361249.260927 action (-0.01)
-1 1410361256.182157 effect (149.145995 0.007257)
-1 1410361271.244522 action (0.0)
-1 1410361278.182136 effect (64.426364 0.016075)
-1 1410361290.150588 action (0.01)
-1 1410361296.090876 effect (-174.292409 0.039408)
-1 1410361304.912217 action (0.02)
-1 1410361311.041044 effect (-163.930756 0.052999)
-1 1410361319.372483 action (0.03)
-1 1410361325.002148 effect (-97.823252 0.022717)
-1 1410361333.046172 action (0.04)
-1 1410361338.562226 effect (-62.741475 0.007967)
-1 1410361346.843159 action (0.05)
-1 1410361352.413404 effect (50.209332 0.001393)
-1 1410361367.709879 action (-0.05)
-1 1410361375.170755 effect (30.061972 0.046473)
-1 1410361383.395106 action (-0.04)
-1 1410361388.740529 effect (32.995788 0.063387)
-1 1410361398.414776 action (-0.03)
-1 1410361404.642418 effect (60.577203 0.062677)
-1 1410361418.900652 action (-0.02)
-1 1410361425.812046 effect (163.006871 0.058957)
-1 1410361439.676564 action (-0.01)
-1 1410361445.598270 effect (102.465329 0.026179)
-1 1410361453.157620 action (0.0)
-1 1410361459.288107 effect (-88.469387 0.006422)
-1 1410361472.315294 action (0.01)
-1 1410361478.222284 effect (58.489644 0.067213)
-1 1410361487.170024 action (0.02)
-1 1410361493.401595 effect (-144.367191 0.039441)
-1 1410361502.592008 action (0.03)
-1 1410361508.021047 effect (-105.033793 0.079438)
-1 1410361516.323710 action (0.04)
-1 1410361521.730381 effect (-89.988778 0.014876)
-1 1410361529.906639 action (0.05)
-1 1410361535.421642 effect (-146.869856 0.007329)
-1 1410361552.523807 action (-0.05)
-1 1410361559.857190 effect (5.087683 0.099907)
-1 1410361568.267608 action (-0.04)
-1 1410361574.826039 effect (29.330208 0.066491)
-1 1410361584.091143 action (-0.03)
-1 1410361589.608739 effect (51.316218 0.053191)
-1 1410361600.278397 action (-0.02)
-1 1410361606.387747 effect (58.074553 0.09658)
-1 1410361620.962226 action (-0.01)
-1 1410361626.982909 effect (136.694459 0.010655)
-1 1410361634.489574 action (0.0)
-1 1410361641.192000 effect (34.662036 0.004492)
-1 1410361655.205693 action (0.01)
-1 1410361662.239670 effect (171.898834 0.039539)
-1 1410361673.432779 action (0.02)
-1 1410361680.466517 effect (176.049861 0.087544)
-1 1410361688.908542 action (0.03)
-1 1410361695.026613 effect (-114.578617 0.009895)
-1 1410361703.358086 action (0.04)
-1 1410361709.570398 effect (-176.700777 0.003204)
-1 1410361717.699184 action (0.05)
-1 1410361723.304528 effect (-110.322648 0.00896)
-1 1410361737.613731 action (-0.05)
-1 1410361743.869454 effect (18.39128 0.075948)
-1 1410361753.633320 action (-0.04)
-1 1410361761.056169 effect (24.859193 0.072605)
-1 1410361770.264275 action (-0.03)
-1 1410361776.987593 effect (53.761997 0.057161)
-1 1410361786.826344 action (-0.02)
-1 1410361792.965108 effect (60.739814 0.054881)
-1 1410361807.304796 action (-0.01)
-1 1410361813.342517 effect (118.853225 0.014251)
-1 1410361820.936268 action (0.0)
-1 1410361827.058719 effect (-118.333797 0.005032)
-1 1410361838.116432 action (0.01)
-1 1410361845.244275 effect (-147.307941 0.041956)
-1 1410361855.038535 action (0.02)
-1 1410361862.267510 effect (-175.607675 0.052576)
-1 1410361870.568162 action (0.03)
-1 1410361876.072959 effect (-91.647207 0.022972)
-1 1410361884.607925 action (0.04)
-1 1410361890.712984 effect (164.528228 0.006799)
-1 1410361898.805655 action (0.05)
-1 1410361904.223076 effect (-81.768994 0.004373)
-1 1410361920.607626 action (-0.05)
-1 1410361926.047318 effect (10.037836 0.258252)
-1 1410361934.083380 action (-0.04)
-1 1410361939.652735 effect (128.23601 0.046354)
-1 1410361949.000524 action (-0.03)
-1 1410361954.609513 effect (59.570131 0.055886)
-1 1410361969.799292 action (-0.02)
-1 1410361975.705235 effect (167.040884 0.076929)
-1 1410361991.101219 action (-0.01)
-1 1410361998.130332 effect (166.098889 0.010443)
-1 1410362005.935019 action (0.0)
-1 1410362012.049633 effect (65.009553 0.009125)
-1 1410362024.701435 action (0.01)
-1 1410362031.644352 effect (37.558775 0.093768)
-1 1410362041.765311 action (0.02)
-1 1410362047.884036 effect (34.517113 0.085594)
-1 1410362056.397227 action (0.03)
-1 1410362061.812611 effect (-105.484267 0.022865)
-1 1410362070.008422 action (0.04)
-1 1410362075.536288 effect (-118.538819 0.00565)
-1 1410362083.951285 action (0.05)
-1 1410362089.469764 effect (75.49917 0.003358)
-1 1410362104.199969 action (-0.05)
-1 1410362109.333822 effect (23.911625 0.053239)
-1 1410362118.062809 action (-0.04)
-1 1410362124.311725 effect (23.693323 0.073671)
-1 1410362132.835468 action (-0.03)
-1 1410362139.087773 effect (47.764994 0.055891)
-1 1410362153.376446 action (-0.02)
-1 1410362159.312508 effect (159.87814 0.033315)
-1 1410362174.549637 action (-0.01)
-1 1410362182.589601 effect (116.824492 0.021175)
-1 1410362190.180864 action (0.0)
-1 1410362197.510088 effect (-74.052262 0.002429)
-1 1410362208.125673 action (0.01)
-1 1410362215.230183 effect (-149.000683 0.054916)
-1 1410362224.566839 action (0.02)
-1 1410362230.735978 effect (-151.638499 0.03994)
-1 1410362239.230959 action (0.03)
-1 1410362245.461076 effect (-96.862855 0.025516)
-1 1410362253.561935 action (0.04)
-1 1410362259.072523 effect (167.99849 0.007687)
-1 1410362267.205824 action (0.05)
-1 1410362273.434890 effect (-177.189241 0.002821)
-1 1410362288.620419 action (-0.05)
-1 1410362293.861493 effect (23.270981 0.059916)
-1 1410362302.196117 action (-0.04)
-1 1410362307.339264 effect (29.520307 0.069207)
-1 1410362315.839714 action (-0.03)
-1 1410362321.965140 effect (60.439649 0.053821)
-1 1410362333.216269 action (-0.02)
-1 1410362340.464078 effect (9.748855 0.168933)
-1 1410362356.014261 action (-0.01)
-1 1410362363.082675 effect (80.828055 0.005911)
-1 1410362371.105882 action (0.0)
-1 1410362377.343686 effect (127.49792 0.010445)
-1 1410362387.193354 action (0.01)
-1 1410362394.636368 effect (31.66426 0.092139)
-1 1410362404.135808 action (0.02)
-1 1410362411.451286 effect (-153.942106 0.036484)
-1 1410362420.862499 action (0.03)
-1 1410362427.000697 effect (-22.190686 0.121948)
-1 1410362435.417405 action (0.04)
-1 1410362440.723398 effect (-131.804606 0.009057)
-1 1410362448.887847 action (0.05)
-1 1410362454.296921 effect (-39.95362 0.009064)
-1 1410362473.315811 action (-0.05)
-1 1410362478.666263 effect (57.662745 0.040926)
-1 1410362487.161391 action (-0.04)
-1 1410362492.291474 effect (30.250329 0.06731)
-1 1410362501.937095 action (-0.03)
-1 1410362507.178394 effect (57.313222 0.054493)
-1 1410362521.208777 action (-0.02)
-1 1410362529.242517 effect (155.565143 0.064213)
-1 1410362543.242471 action (-0.01)
-1 1410362549.151092 effect (163.857354 0.013663)
-1 1410362556.848429 action (0.0)
-1 1410362562.478403 effect (-83.784923 0.007561)
-1 1410362573.633234 action (0.01)
-1 1410362581.079764 effect (36.772884 0.09525)
-1 1410362590.687343 action (0.02)
-1 1410362596.810634 effect (172.262466 0.062043)
-1 1410362604.971852 action (0.03)
-1 1410362611.169801 effect (-82.324553 0.014431)
-1 1410362619.454902 action (0.04)
-1 1410362625.668929 effect (145.869552 0.007584)
-1 1410362633.971945 action (0.05)
-1 1410362639.302677 effect (-86.212056 0.010158)
-1 1410362651.715049 action (-0.05)
-1 1410362655.858551 effect (89.762669 0.02012)
-1 1410362664.386042 action (-0.04)
-1 1410362670.717718 effect (42.537885 0.049208)
-1 1410362678.943135 action (-0.03)
-1 1410362685.161471 effect (52.867224 0.056243)
-1 1410362699.686976 action (-0.02)
-1 1410362705.598193 effect (144.680009 0.023131)
-1 1410362719.363336 action (-0.01)
-1 1410362727.377125 effect (169.987313 0.016403)
-1 1410362740.872048 action (0.0)
-1 1410362746.878277 effect (92.138991 0.008358)
-1 1410362757.284018 action (0.01)
-1 1410362764.458393 effect (-160.013974 0.059619)
-1 1410362773.561675 action (0.02)
-1 1410362780.795842 effect (-170.545153 0.066225)
-1 1410362790.063493 action (0.03)
-1 1410362795.567041 effect (-33.926159 0.132662)
-1 1410362803.507069 action (0.04)
-1 1410362809.027118 effect (-147.439032 0.002969)
-1 1410362817.306064 action (0.05)
-1 1410362822.624187 effect (151.396358 0.008723)
