-1 1410278428.934500 action (-0.05)
-1 1410278434.540971 effect (-92.75505 0.039809)
-1 1410278455.725180 action (-0.04)
-1 1410278461.738687 effect (3.571436 0.070236)
-1 1410278481.365637 action (-0.03)
-1 1410278486.834513 effect (37.89857 0.16965)
-1 1410278506.128475 action (-0.02)
-1 1410278513.091397 effect (39.728814 0.184006)
-1 1410278533.028872 action (-0.01)
-1 1410278538.853431 effect (29.199905 0.165777)
-1 1410278558.020620 action (0.0)
-1 1410278564.897323 effect (32.613995 0.17863)
-1 1410278586.104016 action (0.01)
-1 1410278591.967448 effect (-10.955358 0.150996)
-1 1410278611.872167 action (0.02)
-1 1410278618.073146 effect (-39.514354 0.074864)
-1 1410278638.949372 action (0.03)
-1 1410278644.484892 effect (-18.918373 0.103332)
-1 1410278664.318084 action (0.04)
-1 1410278671.467997 effect (122.593131 0.006524)
-1 1410278690.938411 action (0.05)
-1 1410278697.971423 effect (73.63593 0.003895)
-1 1410278742.885870 action (-0.05)
-1 1410278749.361150 effect (55.63333 0.153516)
-1 1410278769.993754 action (-0.04)
-1 1410278775.452012 effect (26.415546 0.193464)
-1 1410278795.860485 action (-0.03)
-1 1410278802.210561 effect (18.212349 0.163638)
-1 1410278821.792819 action (-0.02)
-1 1410278827.418892 effect (-58.733391 0.068845)
-1 1410278846.635125 action (-0.01)
-1 1410278852.691539 effect (34.235344 0.262705)
-1 1410278872.461315 action (0.0)
-1 1410278877.657535 effect (-33.297715 0.098093)
-1 1410278897.088171 action (0.01)
-1 1410278904.074196 effect (3.684126 0.144944)
-1 1410278924.185319 action (0.02)
-1 1410278930.269223 effect (5.241268 0.176369)
-1 1410278949.627102 action (0.03)
-1 1410278955.075178 effect (-4.869719 0.070739)
-1 1410278975.554003 action (0.04)
-1 1410278980.832654 effect (41.983693 0.064221)
-1 1410279001.273490 action (0.05)
-1 1410279007.223441 effect (135.454489 0.030866)
-1 1410279057.352850 action (-0.05)
-1 1410279064.569239 effect (41.312562 0.16818)
-1 1410279083.903807 action (-0.04)
-1 1410279089.215358 effect (48.960232 0.156319)
-1 1410279109.356840 action (-0.03)
-1 1410279116.057249 effect (-6.420034 0.156361)
-1 1410279135.555800 action (-0.02)
-1 1410279140.542090 effect (41.088224 0.185093)
-1 1410279160.923507 action (-0.01)
-1 1410279167.881820 effect (26.686865 0.179306)
-1 1410279187.996936 action (0.0)
-1 1410279193.465307 effect (35.140255 0.156729)
-1 1410279214.667618 action (0.01)
-1 1410279219.642719 effect (37.166506 0.20021)
-1 1410279238.948590 action (0.02)
-1 1410279244.538820 effect (-74.411693 0.039767)
-1 1410279264.047697 action (0.03)
-1 1410279269.946222 effect (-159.433944 0.058721)
-1 1410279290.422224 action (0.04)
-1 1410279295.753568 effect (-99.123672 0.004243)
-1 1410279317.299451 action (0.05)
-1 1410279323.605237 effect (23.927428 0.157412)
-1 1410279378.822404 action (-0.05)
-1 1410279384.079959 effect (114.628365 0.096637)
-1 1410279403.181524 action (-0.04)
-1 1410279409.056468 effect (57.542201 0.157658)
-1 1410279430.218982 action (-0.03)
-1 1410279436.661777 effect (19.150576 0.184277)
-1 1410279458.335686 action (-0.02)
-1 1410279464.003631 effect (44.163262 0.122732)
-1 1410279483.809472 action (-0.01)
-1 1410279488.922393 effect (40.811746 0.186274)
-1 1410279509.180649 action (0.0)
-1 1410279516.065526 effect (21.823335 0.178787)
-1 1410279537.287759 action (0.01)
-1 1410279543.209556 effect (-27.977803 0.082908)
-1 1410279563.200277 action (0.02)
-1 1410279569.576012 effect (-5.314886 0.048254)
-1 1410279589.723051 action (0.03)
-1 1410279596.516697 effect (-24.304485 0.04993)
-1 1410279616.600480 action (0.04)
-1 1410279623.078565 effect (-0.13396 0.150361)
-1 1410279644.099011 action (0.05)
-1 1410279651.087748 effect (19.830853 0.065509)
-1 1410279690.495845 action (-0.05)
-1 1410279697.043672 effect (50.450889 0.157792)
-1 1410279718.847339 action (-0.04)
-1 1410279725.296051 effect (-40.170871 0.087298)
-1 1410279744.018864 action (-0.03)
-1 1410279751.184267 effect (36.017173 0.165079)
-1 1410279771.459522 action (-0.02)
-1 1410279776.869144 effect (26.221087 0.190859)
-1 1410279797.781291 action (-0.01)
-1 1410279803.343659 effect (-35.271334 0.055329)
-1 1410279822.791392 action (0.0)
-1 1410279829.757756 effect (38.428109 0.164897)
-1 1410279850.515142 action (0.01)
-1 1410279857.485744 effect (30.337975 0.182201)
-1 1410279876.912744 action (0.02)
-1 1410279883.005590 effect (1.478897 0.146605)
-1 1410279902.817897 action (0.03)
-1 1410279908.115505 effect (-18.564401 0.064755)
-1 1410279928.115274 action (0.04)
-1 1410279935.249821 effect (-165.305091 0.036001)
-1 1410279955.093258 action (0.05)
-1 1410279962.052098 effect (-1.055216 0.075802)
-1 1410280136.339745 action (-0.05)
-1 1410280141.780318 effect (65.911521 0.120659)
-1 1410280162.234452 action (-0.04)
-1 1410280168.032857 effect (-143.511081 0.023365)
-1 1410280187.923313 action (-0.03)
-1 1410280193.712846 effect (19.34646 0.090606)
-1 1410280213.747391 action (-0.02)
-1 1410280220.724409 effect (22.738919 0.166226)
-1 1410280240.032390 action (-0.01)
-1 1410280246.050745 effect (32.343236 0.160293)
-1 1410280266.952928 action (0.0)
-1 1410280273.027264 effect (-35.583108 0.056103)
-1 1410280292.921587 action (0.01)
-1 1410280299.039648 effect (-55.700029 0.042593)
-1 1410280318.458871 action (0.02)
-1 1410280323.753461 effect (-12.06246 0.085053)
-1 1410280343.672707 action (0.03)
-1 1410280350.732289 effect (-1.295595 0.04936)
-1 1410280370.692231 action (0.04)
-1 1410280375.853905 effect (-16.758013 0.037503)
-1 1410280395.920181 action (0.05)
-1 1410280401.867326 effect (-173.179928 0.035352)
-1 1410280450.731766 action (-0.05)
-1 1410280456.269358 effect (77.579203 0.04899)
-1 1410280475.246324 action (-0.04)
-1 1410280481.650835 effect (127.57001 0.139196)
-1 1410280502.299413 action (-0.03)
-1 1410280508.503352 effect (-22.139134 0.050596)
-1 1410280527.950434 action (-0.02)
-1 1410280534.363579 effect (114.311305 0.097718)
-1 1410280554.730546 action (-0.01)
-1 1410280561.407573 effect (-46.005096 0.106527)
-1 1410280581.505333 action (0.0)
-1 1410280587.691104 effect (-2.170693 0.132775)
-1 1410280608.611635 action (0.01)
-1 1410280615.652204 effect (-16.180892 0.1507)
-1 1410280636.070856 action (0.02)
-1 1410280641.163751 effect (3.692619 0.029424)
-1 1410280662.470912 action (0.03)
-1 1410280667.761891 effect (-143.71427 0.028732)
-1 1410280687.438842 action (0.04)
-1 1410280694.504710 effect (23.015296 0.031535)
-1 1410280714.617662 action (0.05)
-1 1410280721.239315 effect (-23.001227 0.006282)
-1 1410280755.720330 action (-0.05)
-1 1410280761.529724 effect (97.475147 0.114222)
-1 1410280782.363830 action (-0.04)
-1 1410280788.283341 effect (51.097606 0.068273)
-1 1410280808.434409 action (-0.03)
-1 1410280814.825881 effect (47.353399 0.102137)
-1 1410280834.790723 action (-0.02)
-1 1410280841.787338 effect (-1.158008 0.13794)
-1 1410280862.338138 action (-0.01)
-1 1410280869.457232 effect (9.249379 0.020343)
-1 1410280889.201291 action (0.0)
-1 1410280894.673604 effect (33.439466 0.129023)
-1 1410280914.072951 action (0.01)
-1 1410280921.113458 effect (15.53253 0.12588)
-1 1410280940.419341 action (0.02)
-1 1410280945.437535 effect (-34.053777 0.079669)
-1 1410280966.058552 action (0.03)
-1 1410280971.583382 effect (-69.63041 0.021419)
-1 1410280990.753568 action (0.04)
-1 1410280996.138146 effect (16.206266 0.010749)
-1 1410281015.595511 action (0.05)
-1 1410281021.387103 effect (-99.615997 0.002632)
-1 1410281057.931457 action (-0.05)
-1 1410281063.774249 effect (86.332572 0.081553)
-1 1410281083.703183 action (-0.04)
-1 1410281089.874132 effect (-0.445076 0.13031)
-1 1410281109.693212 action (-0.03)
-1 1410281116.734914 effect (34.279192 0.151557)
-1 1410281138.403965 action (-0.02)
-1 1410281143.553350 effect (39.657813 0.145427)
-1 1410281163.694372 action (-0.01)
-1 1410281168.910194 effect (14.542269 0.120763)
-1 1410281189.492542 action (0.0)
-1 1410281196.044529 effect (-80.072526 0.024097)
-1 1410281215.832346 action (0.01)
-1 1410281222.688731 effect (-20.895159 0.124404)
-1 1410281243.146210 action (0.02)
-1 1410281249.266777 effect (18.301312 0.14922)
-1 1410281269.667718 action (0.03)
-1 1410281276.044474 effect (98.990864 0.002217)
-1 1410281295.747878 action (0.04)
-1 1410281301.624584 effect (40.733749 0.140458)
-1 1410281322.514016 action (0.05)
-1 1410281328.246344 effect (-46.224475 0.02233)
-1 1410281356.427597 action (-0.05)
-1 1410281362.382342 effect (72.869136 0.061663)
-1 1410281383.510954 action (-0.04)
-1 1410281390.558623 effect (23.297902 0.124152)
-1 1410281411.472707 action (-0.03)
-1 1410281418.744075 effect (14.376204 0.097569)
-1 1410281438.540871 action (-0.02)
-1 1410281444.524130 effect (11.161554 0.132774)
-1 1410281465.273830 action (-0.01)
-1 1410281470.939952 effect (19.172725 0.109516)
-1 1410281492.658118 action (0.0)
-1 1410281498.219321 effect (23.305837 0.175531)
-1 1410281520.378505 action (0.01)
-1 1410281527.426460 effect (134.970366 0.004466)
-1 1410281548.047146 action (0.02)
-1 1410281553.379171 effect (-11.257434 0.10206)
-1 1410281572.787673 action (0.03)
-1 1410281578.294376 effect (-56.976899 0.043889)
-1 1410281600.133911 action (0.04)
-1 1410281606.316636 effect (-38.074954 0.01367)
-1 1410281626.926314 action (0.05)
-1 1410281633.841989 effect (16.031568 0.089115)
