-1 1410533185.620213 action (-0.05)
-1 1410533191.467523 effect (-100.681992 0.070062)
-1 1410533212.799629 action (-0.04)
-1 1410533218.949248 effect (-38.77575 0.12701)
-1 1410533240.450269 action (-0.03)
-1 1410533247.444252 effect (-1.18038 0.120596)
-1 1410533269.870807 action (-0.02)
-1 1410533275.461223 effect (-15.623375 0.110633)
-1 1410533296.154705 action (-0.01)
-1 1410533301.654538 effect (-118.341604 0.01765)
-1 1410533322.908317 action (0.0)
-1 1410533328.688181 effect (-2.790104 0.08143)
-1 1410533349.739045 action (0.01)
-1 1410533355.468257 effect (132.260914 0.028922)
-1 1410533376.208217 action (0.02)
-1 1410533381.941425 effect (94.894011 0.034825)
-1 1410533403.583120 action (0.03)
-1 1410533410.140967 effect (21.635149 0.081798)
-1 1410533431.246451 action (0.04)
-1 1410533436.800586 effect (-21.826958 0.072593)
-1 1410533457.789217 action (0.05)
-1 1410533464.428852 effect (-4.357488 0.060542)
-1 1410533522.351797 action (-0.05)
-1 1410533528.125677 effect (59.154613 0.02597)
-1 1410533550.963142 action (-0.04)
-1 1410533557.834189 effect (-79.68752 0.067126)
-1 1410533579.947810 action (-0.03)
-1 1410533585.685012 effect (-40.397348 0.020754)
-1 1410533605.349633 action (-0.02)
-1 1410533610.455084 effect (139.537321 0.03415)
-1 1410533632.478299 action (-0.01)
-1 1410533637.822225 effect (160.579962 0.040971)
-1 1410533657.998908 action (0.0)
-1 1410533662.937837 effect (161.464312 0.029943)
-1 1410533684.511279 action (0.01)
-1 1410533689.948034 effect (156.892922 0.010386)
-1 1410533710.766941 action (0.02)
-1 1410533717.221121 effect (-66.977001 0.018092)
-1 1410533738.612445 action (0.03)
-1 1410533744.699919 effect (113.438015 0.042105)
-1 1410533765.544812 action (0.04)
-1 1410533771.191583 effect (-63.120768 0.011171)
-1 1410533792.112045 action (0.05)
-1 1410533798.881584 effect (29.359924 0.08895)
-1 1410533834.492132 action (-0.05)
-1 1410533839.933822 effect (-45.501582 0.113616)
-1 1410533861.233338 action (-0.04)
-1 1410533867.566361 effect (-106.626796 0.015812)
-1 1410533887.463132 action (-0.03)
-1 1410533892.443214 effect (-138.702672 0.003404)
-1 1410533912.599451 action (-0.02)
-1 1410533919.535685 effect (127.86116 0.037144)
-1 1410533942.209719 action (-0.01)
-1 1410533948.826700 effect (-30.412425 0.148697)
-1 1410533968.656127 action (0.0)
-1 1410533973.913800 effect (11.731342 0.109748)
-1 1410533995.678342 action (0.01)
-1 1410534001.249073 effect (15.472731 0.10818)
-1 1410534021.465395 action (0.02)
-1 1410534028.515030 effect (-15.501817 0.117457)
-1 1410534049.225499 action (0.03)
-1 1410534055.767107 effect (-40.956222 0.063578)
-1 1410534075.891816 action (0.04)
-1 1410534081.323298 effect (-16.290626 0.078856)
-1 1410534104.164001 action (0.05)
-1 1410534111.071151 effect (124.978021 0.020529)
-1 1410534190.248570 action (-0.05)
-1 1410534196.213357 effect (179.226486 0.019184)
-1 1410534218.372589 action (-0.04)
-1 1410534225.355064 effect (-5.245623 0.114467)
-1 1410534246.200740 action (-0.03)
-1 1410534251.992712 effect (-6.264617 0.116856)
-1 1410534273.000160 action (-0.02)
-1 1410534279.882263 effect (-109.556384 0.006636)
-1 1410534299.810404 action (-0.01)
-1 1410534304.829912 effect (-6.696607 0.127817)
-1 1410534326.585579 action (0.0)
-1 1410534332.801349 effect (-16.95489 0.029611)
-1 1410534355.448313 action (0.01)
-1 1410534362.487677 effect (98.558278 0.018917)
-1 1410534383.732052 action (0.02)
-1 1410534389.006949 effect (68.582114 0.115259)
-1 1410534410.217767 action (0.03)
-1 1410534416.772588 effect (78.834085 0.022605)
-1 1410534437.262849 action (0.04)
-1 1410534444.047580 effect (21.041051 0.050489)
-1 1410534466.526518 action (0.05)
-1 1410534473.278663 effect (-51.058769 0.012067)
-1 1410534513.632461 action (-0.05)
-1 1410534519.464198 effect (57.13827 0.12675)
-1 1410534540.908164 action (-0.04)
-1 1410534547.297051 effect (-52.238564 0.01473)
-1 1410534567.595060 action (-0.03)
-1 1410534573.929155 effect (-0.420626 0.097189)
-1 1410534594.910844 action (-0.02)
-1 1410534601.665740 effect (-47.540574 0.064325)
-1 1410534621.613435 action (-0.01)
-1 1410534627.949974 effect (-4.158338 0.106127)
-1 1410534649.767054 action (0.0)
-1 1410534655.197386 effect (-9.746271 0.146508)
-1 1410534676.685888 action (0.01)
-1 1410534683.076261 effect (-1.120913 0.118757)
-1 1410534703.994584 action (0.02)
-1 1410534710.957961 effect (2.041748 0.124354)
-1 1410534731.783992 action (0.03)
-1 1410534736.759935 effect (37.990931 0.052296)
-1 1410534756.704978 action (0.04)
-1 1410534761.650943 effect (-31.513909 0.008341)
-1 1410534783.086900 action (0.05)
-1 1410534788.301167 effect (-109.757652 0.011633)
-1 1410534882.962800 action (-0.05)
-1 1410534888.033165 effect (122.09823 0.033604)
-1 1410534909.548136 action (-0.04)
-1 1410534915.205210 effect (-19.024406 0.102233)
-1 1410534937.424756 action (-0.03)
-1 1410534942.562053 effect (157.188164 0.03065)
-1 1410534963.548034 action (-0.02)
-1 1410534969.682181 effect (-24.546698 0.124906)
-1 1410534990.485133 action (-0.01)
-1 1410534997.428273 effect (-15.411874 0.128447)
-1 1410535019.028719 action (0.0)
-1 1410535025.659961 effect (125.508867 0.052555)
-1 1410535046.562644 action (0.01)
-1 1410535051.947529 effect (93.402114 0.096681)
-1 1410535074.236282 action (0.02)
-1 1410535081.267490 effect (96.499896 0.015377)
-1 1410535103.237309 action (0.03)
-1 1410535109.257589 effect (-16.248546 0.091819)
-1 1410535129.606336 action (0.04)
-1 1410535136.610172 effect (124.041861 0.038832)
-1 1410535156.655930 action (0.05)
-1 1410535162.905570 effect (-168.67662 0.002387)
-1 1410535199.041940 action (-0.05)
-1 1410535204.382435 effect (-11.294628 0.109661)
-1 1410535225.749035 action (-0.04)
-1 1410535231.059208 effect (32.409193 0.137752)
-1 1410535250.954133 action (-0.03)
-1 1410535257.418283 effect (-16.100406 0.139422)
-1 1410535278.637143 action (-0.02)
-1 1410535284.147262 effect (42.284198 0.157754)
-1 1410535304.416698 action (-0.01)
-1 1410535310.129596 effect (-17.757043 0.125863)
-1 1410535330.510455 action (0.0)
-1 1410535335.659079 effect (-4.222546 0.108562)
-1 1410535356.335208 action (0.01)
-1 1410535361.664125 effect (-14.389249 0.114221)
-1 1410535383.854966 action (0.02)
-1 1410535390.273377 effect (-0.891519 0.133637)
-1 1410535409.992884 action (0.03)
-1 1410535415.650794 effect (-106.823989 0.014844)
-1 1410535435.709586 action (0.04)
-1 1410535442.075611 effect (163.225645 0.024393)
-1 1410535464.351868 action (0.05)
-1 1410535470.198231 effect (3.007226 0.109446)
-1 1410535508.682685 action (-0.05)
-1 1410535514.269005 effect (-36.572544 0.064691)
-1 1410535536.597247 action (-0.04)
-1 1410535543.183952 effect (159.226192 0.0204)
-1 1410535565.669713 action (-0.03)
-1 1410535572.563766 effect (-15.938101 0.102368)
-1 1410535592.648479 action (-0.02)
-1 1410535598.114921 effect (-5.735631 0.137755)
-1 1410535619.128365 action (-0.01)
-1 1410535624.544204 effect (9.418269 0.101379)
-1 1410535686.578915 action (0.0)
