-1 1410165228.108209 action (-0.05)
-1 1410165234.547006 effect (-101.324256 0.06135)
-1 1410165244.247405 action (-0.04)
-1 1410165249.294347 effect (17.092231 0.164064)
-1 1410165258.349658 action (-0.03)
-1 1410165263.476518 effect (17.253239 0.140501)
-1 1410165280.003949 action (-0.02)
-1 1410165288.137160 effect (-65.994546 0.051336)
-1 1410165298.581059 action (-0.01)
-1 1410165305.819161 effect (22.198048 0.177901)
-1 1410165314.861439 action (0.0)
-1 1410165320.989205 effect (-79.983353 0.002805)
-1 1410165333.577813 action (0.01)
-1 1410165339.501051 effect (129.406295 0.01574)
-1 1410165350.360650 action (0.02)
-1 1410165357.701670 effect (-166.836572 0.102685)
-1 1410165365.486179 action (0.03)
-1 1410165371.936783 effect (-71.569323 0.044169)
-1 1410165381.275211 action (0.04)
-1 1410165386.812031 effect (-14.873408 0.129081)
-1 1410165394.828748 action (0.05)
-1 1410165400.140179 effect (169.006768 0.011172)
-1 1410165416.257722 action (-0.05)
-1 1410165422.315073 effect (15.514543 0.152557)
-1 1410165431.094408 action (-0.04)
-1 1410165437.121043 effect (1.602172 0.165117)
-1 1410165448.031319 action (-0.03)
-1 1410165453.086782 effect (17.079656 0.14767)
-1 1410165468.757240 action (-0.02)
-1 1410165475.003190 effect (-76.622843 0.308991)
-1 1410165488.791798 action (-0.01)
-1 1410165496.026709 effect (25.191028 0.175915)
-1 1410165503.573583 action (0.0)
-1 1410165509.602017 effect (-165.289054 0.007483)
-1 1410165521.710144 action (0.01)
-1 1410165527.709500 effect (-177.777153 0.009821)
-1 1410165537.857442 action (0.02)
-1 1410165544.878434 effect (-122.694958 0.025956)
-1 1410165553.637328 action (0.03)
-1 1410165559.852125 effect (-97.219401 0.026566)
-1 1410165567.576697 action (0.04)
-1 1410165573.925438 effect (-109.403742 0.012994)
-1 1410165582.230086 action (0.05)
-1 1410165587.555347 effect (-41.585776 0.018446)
-1 1410165602.402167 action (-0.05)
-1 1410165608.453337 effect (7.189865 0.144092)
-1 1410165619.302170 action (-0.04)
-1 1410165623.927443 effect (11.431238 0.140712)
-1 1410165634.984733 action (-0.03)
-1 1410165641.118136 effect (16.426276 0.141311)
-1 1410165656.648414 action (-0.02)
-1 1410165662.680435 effect (39.475285 0.175099)
-1 1410165677.853821 action (-0.01)
-1 1410165684.986482 effect (-7.658671 0.015372)
-1 1410165692.996580 action (0.0)
-1 1410165700.247694 effect (-66.570479 0.015078)
-1 1410165714.328871 action (0.01)
-1 1410165720.367668 effect (-42.475663 0.022302)
-1 1410165732.583710 action (0.02)
-1 1410165738.702947 effect (175.438275 0.069917)
-1 1410165746.809705 action (0.03)
-1 1410165752.720588 effect (-103.864134 0.029102)
-1 1410165761.612771 action (0.04)
-1 1410165766.661331 effect (-12.447755 0.141499)
-1 1410165774.772974 action (0.05)
-1 1410165780.108762 effect (176.773701 0.00943)
-1 1410165796.784231 action (-0.05)
-1 1410165801.735995 effect (3.995433 0.153033)
-1 1410165811.451586 action (-0.04)
-1 1410165818.589109 effect (8.865664 0.151055)
-1 1410165829.415267 action (-0.03)
-1 1410165835.540113 effect (19.243911 0.145737)
-1 1410165846.868751 action (-0.02)
-1 1410165853.108981 effect (18.226858 0.161787)
-1 1410165866.684420 action (-0.01)
-1 1410165872.713372 effect (-37.325183 0.017888)
-1 1410165880.931836 action (0.0)
-1 1410165888.247706 effect (129.017767 0.011238)
-1 1410165902.112623 action (0.01)
-1 1410165909.155311 effect (66.50024 0.009599)
-1 1410165920.784217 action (0.02)
-1 1410165926.987026 effect (171.63777 0.077169)
-1 1410165934.433336 action (0.03)
-1 1410165941.560201 effect (-94.736353 0.033823)
-1 1410165949.585521 action (0.04)
-1 1410165955.811877 effect (112.073381 0.000605)
-1 1410165963.869268 action (0.05)
-1 1410165970.589384 effect (-17.30689 0.015163)
-1 1410165985.968452 action (-0.05)
-1 1410165990.097375 effect (-148.88548 0.106551)
-1 1410166000.078558 action (-0.04)
-1 1410166007.356628 effect (17.563529 0.165896)
-1 1410166017.054873 action (-0.03)
-1 1410166022.004901 effect (14.846128 0.135808)
-1 1410166033.746850 action (-0.02)
-1 1410166039.677585 effect (14.627113 0.140209)
-1 1410166051.291808 action (-0.01)
-1 1410166058.529196 effect (19.89429 0.172933)
-1 1410166066.472651 action (0.0)
-1 1410166072.687994 effect (-17.36081 0.011704)
-1 1410166085.356508 action (0.01)
-1 1410166091.285915 effect (124.777143 0.012352)
-1 1410166102.422385 action (0.02)
-1 1410166108.450458 effect (169.403071 0.070128)
-1 1410166116.163688 action (0.03)
-1 1410166122.279899 effect (-70.687977 0.043101)
-1 1410166130.698923 action (0.04)
-1 1410166136.012652 effect (-104.523416 0.012977)
-1 1410166143.829101 action (0.05)
-1 1410166149.084762 effect (-62.973511 0.009367)
-1 1410166163.299810 action (-0.05)
-1 1410166170.422631 effect (2.942375 0.154814)
-1 1410166179.342574 action (-0.04)
-1 1410166184.478760 effect (12.546983 0.141645)
-1 1410166196.021198 action (-0.03)
-1 1410166203.270711 effect (17.575178 0.179505)
-1 1410166217.225116 action (-0.02)
-1 1410166225.342840 effect (-53.140786 0.130773)
-1 1410166239.730091 action (-0.01)
-1 1410166245.868399 effect (133.568567 0.009017)
-1 1410166254.906504 action (0.0)
-1 1410166261.919272 effect (16.330318 0.027268)
-1 1410166274.344888 action (0.01)
-1 1410166281.364532 effect (87.852269 0.01462)
-1 1410166291.687627 action (0.02)
-1 1410166298.814707 effect (37.388101 0.213712)
-1 1410166306.359378 action (0.03)
-1 1410166313.488110 effect (-110.410669 0.03389)
-1 1410166321.575603 action (0.04)
-1 1410166326.889234 effect (-126.313078 0.011658)
-1 1410166336.555747 action (0.05)
-1 1410166342.002596 effect (-86.780817 0.055985)
-1 1410166357.398916 action (-0.05)
-1 1410166364.882154 effect (16.310109 0.150169)
-1 1410166375.148658 action (-0.04)
-1 1410166380.193998 effect (4.347507 0.156714)
-1 1410166391.212189 action (-0.03)
-1 1410166399.360065 effect (16.664322 0.146028)
-1 1410166413.989858 action (-0.02)
-1 1410166421.028994 effect (-52.901388 0.120654)
-1 1410166433.456098 action (-0.01)
-1 1410166440.770150 effect (-53.832203 0.038102)
-1 1410166448.577821 action (0.0)
-1 1410166455.713967 effect (132.001031 0.010963)
-1 1410166469.286236 action (0.01)
-1 1410166475.206647 effect (69.86908 0.011884)
-1 1410166486.360313 action (0.02)
-1 1410166492.383469 effect (-154.726656 0.061721)
-1 1410166500.928194 action (0.03)
-1 1410166506.069369 effect (-86.847335 0.038943)
-1 1410166515.249090 action (0.04)
-1 1410166521.568929 effect (-33.0545 0.125258)
-1 1410166529.093607 action (0.05)
-1 1410166533.430434 effect (12.05814 0.010929)
-1 1410166547.512510 action (-0.05)
-1 1410166552.561311 effect (11.342113 0.15922)
-1 1410166562.362323 action (-0.04)
-1 1410166567.399839 effect (14.26162 0.160917)
-1 1410166577.235029 action (-0.03)
-1 1410166582.483679 effect (18.9203 0.166163)
-1 1410166594.230649 action (-0.02)
-1 1410166600.472581 effect (10.508331 0.133059)
-1 1410166614.716444 action (-0.01)
-1 1410166620.641030 effect (146.75252 0.015896)
-1 1410166628.655841 action (0.0)
-1 1410166634.772820 effect (-45.133616 0.019901)
-1 1410166647.207624 action (0.01)
-1 1410166652.452086 effect (29.764064 0.235238)
-1 1410166664.528219 action (0.02)
-1 1410166670.940516 effect (169.797103 0.062958)
-1 1410166680.684178 action (0.03)
-1 1410166685.698922 effect (-11.016823 0.007155)
-1 1410166693.906587 action (0.04)
-1 1410166700.138445 effect (-10.330817 0.017935)
-1 1410166708.317104 action (0.05)
-1 1410166712.434789 effect (48.396238 0.00543)
-1 1410166727.903067 action (-0.05)
-1 1410166735.161856 effect (15.319775 0.16813)
-1 1410166744.845670 action (-0.04)
-1 1410166749.785257 effect (15.446165 0.159536)
-1 1410166761.034520 action (-0.03)
-1 1410166766.080736 effect (16.64679 0.162876)
-1 1410166781.516634 action (-0.02)
-1 1410166788.653605 effect (-60.51228 0.299943)
-1 1410166800.781863 action (-0.01)
-1 1410166808.930630 effect (-14.538098 0.020314)
-1 1410166822.855195 action (0.0)
-1 1410166829.972160 effect (129.138798 0.032368)
-1 1410166843.694728 action (0.01)
-1 1410166851.820381 effect (38.496898 0.031356)
-1 1410166866.043814 action (0.02)
-1 1410166873.406793 effect (-168.311608 0.101392)
-1 1410166882.295347 action (0.03)
-1 1410166889.417237 effect (-23.713836 0.154241)
-1 1410166898.151881 action (0.04)
-1 1410166903.178402 effect (-16.745247 0.138466)
-1 1410166911.081185 action (0.05)
-1 1410166916.223320 effect (-173.257529 0.007125)
-1 1410166929.891375 action (-0.05)
-1 1410166936.339711 effect (144.630414 0.120713)
-1 1410166945.282163 action (-0.04)
-1 1410166950.106973 effect (18.564829 0.161303)
-1 1410166960.783685 action (-0.03)
-1 1410166965.705361 effect (23.778814 0.170679)
-1 1410166981.322117 action (-0.02)
-1 1410166988.453465 effect (-96.680834 0.495452)
-1 1410167000.660113 action (-0.01)
-1 1410167007.799527 effect (-53.387392 0.005573)
-1 1410167016.013537 action (0.0)
-1 1410167022.238522 effect (92.322894 0.006252)
-1 1410167037.772237 action (0.01)
-1 1410167045.090028 effect (-46.181801 0.02288)
-1 1410167056.712362 action (0.02)
-1 1410167063.845810 effect (-162.586987 0.046565)
-1 1410167071.696662 action (0.03)
-1 1410167077.614232 effect (-83.100712 0.031923)
-1 1410167085.704462 action (0.04)
-1 1410167090.747591 effect (-151.388735 0.007368)
-1 1410167099.049250 action (0.05)
-1 1410167105.076523 effect (86.145878 0.005423)
