-1 1409764833.293532 action (-0.05)
-1 1409764837.568674 effect (-2.152363 0.143875)
-1 1409764853.701069 action (-0.04)
-1 1409764856.750483 effect (160.563895 0.042572)
-1 1409764872.191766 action (-0.03)
-1 1409764875.603954 effect (-64.381692 0.428044)
-1 1409764891.028536 action (-0.02)
-1 1409764894.376700 effect (-62.755599 0.381576)
-1 1409764906.447808 action (-0.01)
-1 1409764910.239314 effect (-63.062241 0.39443)
-1 1409764922.196443 action (0.0)
-1 1409764925.892858 effect (8.524252 0.165555)
-1 1409764943.766758 action (0.01)
-1 1409764947.772519 effect (146.248889 0.084039)
-1 1409764960.401183 action (0.02)
-1 1409764964.474321 effect (-86.508215 0.061544)
-1 1409764978.886637 action (0.03)
-1 1409764982.812368 effect (168.051207 0.073737)
-1 1409764998.312096 action (0.04)
-1 1409765002.293151 effect (153.965856 0.085227)
-1 1409765015.720508 action (0.05)
-1 1409765019.642881 effect (-95.6274 0.026968)
-1 1409765043.578866 action (-0.05)
-1 1409765047.900616 effect (13.42008 0.152038)
-1 1409765064.136423 action (-0.04)
-1 1409765067.575822 effect (1.780789 0.123323)
-1 1409765085.635123 action (-0.03)
-1 1409765089.390897 effect (11.044832 0.140081)
-1 1409765105.325528 action (-0.02)
-1 1409765109.089621 effect (16.013411 0.122366)
-1 1409765126.318563 action (-0.01)
-1 1409765130.408880 effect (-12.117849 0.007478)
-1 1409765147.304397 action (0.0)
-1 1409765152.295795 effect (158.873667 0.022742)
-1 1409765172.654389 action (0.01)
-1 1409765177.341442 effect (171.345363 0.005903)
-1 1409765200.078140 action (0.02)
-1 1409765204.800147 effect (52.102738 0.004701)
-1 1409765225.489917 action (0.03)
-1 1409765230.503105 effect (161.869174 0.078393)
-1 1409765253.132934 action (0.04)
-1 1409765258.996906 effect (158.321314 0.08243)
-1 1409765281.902921 action (0.05)
-1 1409765288.425859 effect (159.654264 0.081651)
-1 1409765320.265165 action (-0.05)
-1 1409765327.353007 effect (73.056762 0.084702)
-1 1409765350.216079 action (-0.04)
-1 1409765357.368523 effect (25.467956 0.083945)
-1 1409765383.841688 action (-0.03)
-1 1409765391.440362 effect (42.747581 0.065106)
-1 1409765418.999106 action (-0.02)
-1 1409765427.800028 effect (44.011965 0.012509)
-1 1409765454.473678 action (-0.01)
-1 1409765464.067165 effect (-69.486831 0.011125)
-1 1409765491.569687 action (0.0)
-1 1409765500.132905 effect (84.347949 0.029253)
-1 1409765527.993276 action (0.01)
-1 1409765536.806522 effect (85.005529 0.026559)
-1 1409765564.121167 action (0.02)
-1 1409765574.642828 effect (-157.300993 0.002343)
-1 1409765603.290712 action (0.03)
-1 1409765614.275934 effect (151.695836 0.011821)
-1 1409765643.873066 action (0.04)
-1 1409765654.505480 effect (-141.677938 0.11826)
-1 1409765684.883917 action (0.05)
-1 1409765697.836549 effect (163.486253 0.082065)
-1 1409765746.782689 action (-0.05)
-1 1409765758.526855 effect (75.170689 0.066914)
-1 1409765789.692501 action (-0.04)
-1 1409765802.161115 effect (73.967408 0.069552)
-1 1409765835.589335 action (-0.03)
-1 1409765848.771136 effect (36.45499 0.067705)
-1 1409765881.672370 action (-0.02)
-1 1409765896.338163 effect (46.091248 0.066457)
-1 1409765931.142410 action (-0.01)
-1 1409765945.317521 effect (66.864047 0.072321)
-1 1409765979.596224 action (0.0)
-1 1409765993.869100 effect (68.976261 0.079874)
-1 1409766030.375431 action (0.01)
-1 1409766045.400601 effect (163.227153 0.088368)
-1 1409766081.953813 action (0.02)
-1 1409766096.414554 effect (129.977939 0.279468)
-1 1409766133.552991 action (0.03)
-1 1409766148.783002 effect (125.132649 0.307439)
-1 1409766187.397299 action (0.04)
-1 1409766204.560047 effect (162.45381 0.014431)
-1 1409766243.532354 action (0.05)
-1 1409766262.186724 effect (137.772771 0.023356)
-1 1409766335.121275 action (-0.05)
-1 1409766355.290564 effect (77.977599 0.082095)
-1 1409766397.790035 action (-0.04)
-1 1409766415.281587 effect (69.400679 0.074906)
-1 1409766456.721668 action (-0.03)
-1 1409766477.607291 effect (77.666658 0.067349)
-1 1409766520.672828 action (-0.02)
-1 1409766542.955130 effect (110.259705 0.073608)
-1 1409766586.490337 action (-0.01)
-1 1409766607.628227 effect (171.345056 0.072032)
-1 1409766650.988459 action (0.0)
-1 1409766675.443485 effect (159.252026 0.082443)
-1 1409766720.306890 action (0.01)
-1 1409766742.097805 effect (143.110785 0.02944)
-1 1409766787.179569 action (0.02)
-1 1409766809.461869 effect (114.759173 0.015038)
-1 1409766855.723531 action (0.03)
-1 1409766880.401593 effect (153.871767 0.019536)
-1 1409766928.195602 action (0.04)
-1 1409766955.381871 effect (159.331791 0.086792)
-1 1409767003.878360 action (0.05)
-1 1409767028.192942 effect (92.332434 0.008841)
-1 1409767111.733836 action (-0.05)
-1 1409767139.834191 effect (45.132824 0.031549)
-1 1409767190.335316 action (-0.04)
-1 1409767218.098284 effect (-141.220506 0.017726)
-1 1409767270.562895 action (-0.03)
-1 1409767299.569509 effect (-31.248071 0.011536)
-1 1409767353.089089 action (-0.02)
-1 1409767380.792535 effect (-90.219408 0.005315)
-1 1409767435.656483 action (-0.01)
-1 1409767466.126070 effect (51.289286 0.000294)
-1 1409767521.416160 action (0.0)
-1 1409767551.314946 effect (-149.889375 0.004419)
-1 1409767607.355501 action (0.01)
-1 1409767638.115910 effect (75.259758 0.001399)
-1 1409767695.956790 action (0.02)
-1 1409767728.830474 effect (104.006023 0.01272)
-1 1409767787.452435 action (0.03)
-1 1409767818.958215 effect (-58.933793 0.007998)
-1 1409767879.691975 action (0.04)
-1 1409767914.545656 effect (107.801697 0.005192)
-1 1409767978.963258 action (0.05)
-1 1409768014.752031 effect (-70.41331 0.007057)
-1 1409768156.659920 action (-0.05)
-1 1409768193.193542 effect (-58.581538 0.015232)
-1 1409768259.203249 action (-0.04)
-1 1409768297.133912 effect (127.885636 0.008403)
-1 1409768363.109332 action (-0.03)
-1 1409768402.536316 effect (-91.569999 0.013205)
-1 1409768471.969898 action (-0.02)
-1 1409768510.304061 effect (98.348073 0.009806)
-1 1409768579.644001 action (-0.01)
-1 1409768620.400567 effect (-90.922285 0.026715)
-1 1409768691.707468 action (0.0)
-1 1409768731.587162 effect (-154.453515 0.00073)
-1 1409768806.632234 action (0.01)
-1 1409768847.390887 effect (-85.870236 0.003453)
-1 1409768922.811579 action (0.02)
-1 1409768969.946662 effect (160.285958 0.002412)
-1 1409769044.351747 action (0.03)
-1 1409769092.025080 effect (-20.019214 0.005248)
-1 1409769173.666438 action (0.04)
-1 1409769222.799510 effect (85.839818 0.015734)
-1 1409769302.651939 action (0.05)
-1 1409769343.930548 effect (-60.722145 0.002099)
-1 1409769503.671345 action (-0.05)
-1 1409769553.473257 effect (-106.924729 0.010135)
-1 1409769638.086818 action (-0.04)
-1 1409769692.989320 effect (96.800661 0.006694)
-1 1409769778.040908 action (-0.03)
-1 1409769832.447818 effect (125.378965 0.006498)
-1 1409769917.184553 action (-0.02)
-1 1409769971.298390 effect (92.618849 0.017831)
