-1 1410781978.244366 action (-0.05)
-1 1410781985.471494 effect (36.377199 0.062718)
-1 1410781995.005576 action (-0.04)
-1 1410782001.238424 effect (29.05887 0.072712)
-1 1410782011.497357 action (-0.03)
-1 1410782018.670115 effect (30.604786 0.094022)
-1 1410782035.177748 action (-0.02)
-1 1410782041.105213 effect (-52.774133 0.364734)
-1 1410782054.785631 action (-0.01)
-1 1410782061.812528 effect (-171.72756 0.0104)
-1 1410782074.581794 action (0.0)
-1 1410782081.705244 effect (-24.583236 0.034858)
-1 1410782092.821663 action (0.01)
-1 1410782099.951381 effect (-155.728412 0.049521)
-1 1410782109.134224 action (0.02)
-1 1410782116.148811 effect (33.647027 0.163223)
-1 1410782123.556301 action (0.03)
-1 1410782129.479948 effect (-89.784372 0.011136)
-1 1410782137.615288 action (0.04)
-1 1410782142.930368 effect (-162.601089 0.003097)
-1 1410782151.142885 action (0.05)
-1 1410782156.459979 effect (-84.796582 0.00923)
-1 1410782172.846709 action (-0.05)
-1 1410782177.981443 effect (13.891492 0.106395)
-1 1410782186.175671 action (-0.04)
-1 1410782192.293361 effect (29.256137 0.075432)
-1 1410782202.223564 action (-0.03)
-1 1410782207.448546 effect (30.84467 0.090564)
-1 1410782223.256873 action (-0.02)
-1 1410782230.399473 effect (-48.781911 0.375528)
-1 1410782243.944087 action (-0.01)
-1 1410782249.869836 effect (-48.546919 0.013828)
-1 1410782261.867820 action (0.0)
-1 1410782270.000659 effect (44.760604 0.014885)
-1 1410782283.360926 action (0.01)
-1 1410782289.370175 effect (25.982536 0.1605)
-1 1410782298.709121 action (0.02)
-1 1410782305.828160 effect (33.518095 0.171088)
-1 1410782313.651540 action (0.03)
-1 1410782321.683094 effect (-123.105598 0.011359)
-1 1410782330.128388 action (0.04)
-1 1410782336.087171 effect (-37.81109 0.126967)
-1 1410782345.250265 action (0.05)
-1 1410782350.348245 effect (-84.392634 0.039836)
-1 1410782366.672272 action (-0.05)
-1 1410782371.904966 effect (22.450447 0.065119)
-1 1410782380.477725 action (-0.04)
-1 1410782386.599426 effect (28.475309 0.074072)
-1 1410782396.369323 action (-0.03)
-1 1410782403.487843 effect (14.295339 0.131114)
-1 1410782413.646581 action (-0.02)
-1 1410782421.756839 effect (10.073883 0.166093)
-1 1410782438.579724 action (-0.01)
-1 1410782446.702030 effect (-55.493959 0.374023)
-1 1410782455.180785 action (0.0)
-1 1410782462.253570 effect (53.176014 0.017284)
-1 1410782476.112771 action (0.01)
-1 1410782483.234023 effect (145.243374 0.017784)
-1 1410782492.125064 action (0.02)
-1 1410782498.217855 effect (-34.560304 0.140519)
-1 1410782506.429990 action (0.03)
-1 1410782511.746302 effect (-105.584684 0.024522)
-1 1410782520.753854 action (0.04)
-1 1410782526.884865 effect (-37.811128 0.173759)
-1 1410782535.037299 action (0.05)
-1 1410782540.344755 effect (-138.792296 0.008464)
-1 1410782554.854926 action (-0.05)
-1 1410782558.989007 effect (34.669148 0.053378)
-1 1410782567.880359 action (-0.04)
-1 1410782572.819839 effect (26.127849 0.075238)
-1 1410782582.924564 action (-0.03)
-1 1410782588.948676 effect (24.21268 0.102405)
-1 1410782604.673154 action (-0.02)
-1 1410782612.790768 effect (39.089692 0.197232)
-1 1410782623.788822 action (-0.01)
-1 1410782630.802570 effect (23.333916 0.165614)
-1 1410782643.917595 action (0.0)
-1 1410782650.934291 effect (-9.187865 0.039872)
-1 1410782664.782693 action (0.01)
-1 1410782671.789319 effect (-168.24845 0.029122)
-1 1410782679.013103 action (0.02)
-1 1410782686.132782 effect (-96.890772 0.025753)
-1 1410782694.305564 action (0.03)
-1 1410782700.333356 effect (-102.11356 0.0152)
-1 1410782708.687363 action (0.04)
-1 1410782716.031827 effect (-160.144185 0.007805)
-1 1410782724.269466 action (0.05)
-1 1410782729.694432 effect (-87.713359 0.017484)
-1 1410782743.825342 action (-0.05)
-1 1410782749.759736 effect (3.286573 0.109189)
-1 1410782759.588179 action (-0.04)
-1 1410782767.717834 effect (23.862554 0.075118)
-1 1410782776.828990 action (-0.03)
-1 1410782782.756189 effect (27.147404 0.096589)
-1 1410782792.970030 action (-0.02)
-1 1410782801.000052 effect (18.335414 0.146413)
-1 1410782816.752010 action (-0.01)
-1 1410782822.670856 effect (-55.285751 0.216627)
-1 1410782834.665948 action (0.0)
-1 1410782840.601096 effect (-75.325517 0.015954)
-1 1410782852.486807 action (0.01)
-1 1410782857.714135 effect (-148.488075 0.049648)
-1 1410782868.283995 action (0.02)
-1 1410782875.317572 effect (14.66638 0.261236)
-1 1410782882.795248 action (0.03)
-1 1410782889.834604 effect (-97.808 0.026825)
-1 1410782899.681681 action (0.04)
-1 1410782905.094660 effect (-96.242861 0.062069)
-1 1410782914.332822 action (0.05)
-1 1410782919.758470 effect (-89.842423 0.037001)
-1 1410782934.782452 action (-0.05)
-1 1410782941.021880 effect (18.165884 0.081965)
-1 1410782950.011402 action (-0.04)
-1 1410782958.146297 effect (30.432309 0.072255)
-1 1410782966.853180 action (-0.03)
-1 1410782973.009971 effect (19.731592 0.10201)
-1 1410782983.451706 action (-0.02)
-1 1410782989.464499 effect (10.097997 0.166337)
-1 1410783004.927655 action (-0.01)
-1 1410783013.029851 effect (-51.532237 0.373236)
-1 1410783027.847902 action (0.0)
-1 1410783033.780365 effect (-6.220029 0.051247)
-1 1410783043.796467 action (0.01)
-1 1410783049.708585 effect (-142.665849 0.035025)
-1 1410783059.584123 action (0.02)
-1 1410783064.806971 effect (24.560712 0.16697)
-1 1410783074.001196 action (0.03)
-1 1410783080.020384 effect (178.028894 0.029478)
-1 1410783089.443145 action (0.04)
-1 1410783094.766063 effect (-86.590198 0.05575)
-1 1410783102.842768 action (0.05)
-1 1410783108.367753 effect (59.794687 0.014251)
-1 1410783124.828061 action (-0.05)
-1 1410783132.299487 effect (18.149577 0.062969)
-1 1410783141.330692 action (-0.04)
-1 1410783149.460317 effect (24.316424 0.078666)
-1 1410783158.138122 action (-0.03)
-1 1410783164.263549 effect (23.265532 0.093431)
-1 1410783179.975962 action (-0.02)
-1 1410783187.001038 effect (-33.547464 0.192221)
-1 1410783202.136861 action (-0.01)
-1 1410783208.062613 effect (-77.262932 0.406885)
-1 1410783220.963485 action (0.0)
-1 1410783226.901655 effect (19.699424 0.039013)
-1 1410783238.088218 action (0.01)
-1 1410783245.288056 effect (-146.975918 0.04294)
-1 1410783254.023386 action (0.02)
-1 1410783261.235234 effect (-178.669418 0.042952)
-1 1410783268.398714 action (0.03)
-1 1410783274.304865 effect (-80.193358 0.020996)
-1 1410783281.972632 action (0.04)
-1 1410783286.982206 effect (-24.175917 0.006496)
-1 1410783295.473469 action (0.05)
-1 1410783301.578452 effect (-99.284439 0.037896)
-1 1410783316.159564 action (-0.05)
-1 1410783321.277021 effect (10.532811 0.093394)
-1 1410783331.331864 action (-0.04)
-1 1410783338.552894 effect (36.730052 0.070739)
-1 1410783348.348496 action (-0.03)
-1 1410783354.479470 effect (30.087941 0.090802)
-1 1410783369.701117 action (-0.02)
-1 1410783375.639022 effect (11.658971 0.157047)
-1 1410783392.007942 action (-0.01)
-1 1410783398.032724 effect (-60.513859 0.280226)
-1 1410783406.830589 action (0.0)
-1 1410783413.961730 effect (34.718985 0.024222)
-1 1410783422.274934 action (0.01)
-1 1410783428.200125 effect (-46.647387 0.149986)
-1 1410783436.107688 action (0.02)
-1 1410783442.221514 effect (-100.904828 0.022592)
-1 1410783450.276920 action (0.03)
-1 1410783456.395567 effect (-107.427059 0.010925)
-1 1410783464.441417 action (0.04)
-1 1410783469.948816 effect (-68.48896 0.011289)
-1 1410783478.152648 action (0.05)
-1 1410783483.477752 effect (-14.080812 0.002872)
-1 1410783498.841396 action (-0.05)
-1 1410783504.762674 effect (4.749993 0.138773)
-1 1410783513.520823 action (-0.04)
-1 1410783518.647659 effect (22.660388 0.080757)
-1 1410783528.277435 action (-0.03)
-1 1410783534.343463 effect (61.118111 0.068854)
-1 1410783549.494862 action (-0.02)
-1 1410783555.523680 effect (14.75256 0.147732)
-1 1410783568.059460 action (-0.01)
-1 1410783576.174509 effect (18.89599 0.02835)
-1 1410783589.094083 action (0.0)
-1 1410783595.015042 effect (-19.471119 0.034376)
-1 1410783604.550197 action (0.01)
-1 1410783610.573636 effect (26.893748 0.175738)
-1 1410783620.344958 action (0.02)
-1 1410783628.373392 effect (-170.891124 0.035648)
-1 1410783636.343943 action (0.03)
-1 1410783642.457069 effect (-107.171982 0.025796)
-1 1410783650.815343 action (0.04)
-1 1410783657.539959 effect (-127.687814 0.00356)
-1 1410783665.454779 action (0.05)
-1 1410783670.778314 effect (-87.272689 0.008405)
-1 1410783685.643653 action (-0.05)
-1 1410783693.196712 effect (8.087191 0.186622)
-1 1410783701.601562 action (-0.04)
-1 1410783706.759220 effect (32.19996 0.05844)
-1 1410783715.277002 action (-0.03)
-1 1410783720.195018 effect (25.682208 0.09683)
-1 1410783736.012906 action (-0.02)
-1 1410783743.046295 effect (-54.855567 0.375638)
-1 1410783755.857666 action (-0.01)
-1 1410783761.785563 effect (5.321852 0.04888)
-1 1410783774.867991 action (0.0)
-1 1410783780.774196 effect (-13.667238 0.08272)
-1 1410783791.582134 action (0.01)
-1 1410783798.702554 effect (-155.528444 0.051531)
-1 1410783807.921241 action (0.02)
-1 1410783814.011105 effect (-169.549786 0.040728)
-1 1410783821.623314 action (0.03)
-1 1410783829.755415 effect (-99.532092 0.025912)
-1 1410783837.092301 action (0.04)
-1 1410783844.405206 effect (116.360806 0.007242)
-1 1410783853.822537 action (0.05)
-1 1410783859.143758 effect (-89.534915 0.050259)
-1 1410784067.517115 action (-0.05)
-1 1410784073.564105 effect (7.67133 0.106605)
-1 1410784081.633099 action (-0.04)
-1 1410784087.894048 effect (36.749977 0.06773)
-1 1410784096.737456 action (-0.03)
-1 1410784103.864926 effect (26.616624 0.095967)
-1 1410784119.590169 action (-0.02)
-1 1410784127.682631 effect (45.109552 0.179746)
-1 1410784139.947351 action (-0.01)
-1 1410784147.058268 effect (24.799589 0.152295)
-1 1410784161.697755 action (0.0)
-1 1410784167.737904 effect (-38.802065 0.140866)
-1 1410784177.318108 action (0.01)
-1 1410784183.350834 effect (-146.202473 0.042945)
-1 1410784192.291890 action (0.02)
-1 1410784200.439961 effect (178.126154 0.040822)
-1 1410784209.705001 action (0.03)
-1 1410784215.742762 effect (-109.524158 0.008804)
-1 1410784223.344965 action (0.04)
-1 1410784228.785369 effect (-87.790043 0.015809)
-1 1410784236.566418 action (0.05)
-1 1410784241.703624 effect (42.325386 0.007655)
-1 1410784259.762253 action (-0.05)
-1 1410784266.893782 effect (1.166486 0.126826)
-1 1410784276.061712 action (-0.04)
-1 1410784282.082507 effect (50.772146 0.058031)
-1 1410784290.315717 action (-0.03)
-1 1410784297.543067 effect (19.980739 0.097423)
-1 1410784308.366669 action (-0.02)
-1 1410784314.471975 effect (14.29155 0.150182)
-1 1410784326.725106 action (-0.01)
-1 1410784332.855241 effect (-116.485047 0.022131)
-1 1410784341.026710 action (0.0)
-1 1410784346.253961 effect (-124.422091 0.002376)
-1 1410784360.460517 action (0.01)
-1 1410784365.770207 effect (5.219192 0.066785)
-1 1410784377.288511 action (0.02)
-1 1410784383.341399 effect (30.263391 0.172678)
-1 1410784390.993639 action (0.03)
-1 1410784397.027171 effect (-88.216763 0.012905)
-1 1410784405.662419 action (0.04)
-1 1410784412.800037 effect (-89.683979 0.078401)
-1 1410784420.973887 action (0.05)
-1 1410784426.182796 effect (86.225405 0.003199)
-1 1410784441.839814 action (-0.05)
-1 1410784448.071781 effect (35.178194 0.052738)
-1 1410784456.921619 action (-0.04)
-1 1410784462.049448 effect (21.589015 0.087771)
-1 1410784471.504468 action (-0.03)
-1 1410784477.521745 effect (12.735552 0.155336)
-1 1410784487.816920 action (-0.02)
-1 1410784494.919672 effect (11.140857 0.162967)
-1 1410784507.560387 action (-0.01)
-1 1410784515.687932 effect (26.117467 0.029527)
-1 1410784523.572047 action (0.0)
-1 1410784529.606607 effect (110.825643 0.007024)
-1 1410784542.252586 action (0.01)
-1 1410784549.254132 effect (90.554719 0.011533)
-1 1410784557.314926 action (0.02)
-1 1410784564.431593 effect (-101.089669 0.031346)
-1 1410784572.380005 action (0.03)
-1 1410784579.737213 effect (-119.908387 0.012571)
-1 1410784587.901125 action (0.04)
-1 1410784594.032020 effect (158.31272 0.0035)
-1 1410784602.161470 action (0.05)
-1 1410784608.294869 effect (36.227044 0.00433)
-1 1410784621.833106 action (-0.05)
-1 1410784626.946093 effect (31.064934 0.062216)
-1 1410784635.508026 action (-0.04)
-1 1410784641.886114 effect (26.425023 0.076824)
-1 1410784652.043054 action (-0.03)
-1 1410784659.274444 effect (23.896795 0.102315)
-1 1410784669.212687 action (-0.02)
-1 1410784675.127284 effect (10.614064 0.162913)
-1 1410784687.787239 action (-0.01)
-1 1410784695.920652 effect (31.260674 0.035493)
-1 1410784708.986797 action (0.0)
-1 1410784715.010503 effect (-3.051979 0.059108)
-1 1410784726.144447 action (0.01)
-1 1410784732.159624 effect (-167.35628 0.044224)
-1 1410784741.824413 action (0.02)
-1 1410784747.839301 effect (32.066622 0.168283)
-1 1410784755.647296 action (0.03)
-1 1410784761.660342 effect (-74.953899 0.024648)
-1 1410784770.284644 action (0.04)
-1 1410784777.490900 effect (-87.356564 0.078012)
-1 1410784786.960951 action (0.05)
-1 1410784792.169116 effect (-97.664154 0.04714)
-1 1410784806.647119 action (-0.05)
-1 1410784813.978155 effect (43.278083 0.048875)
-1 1410784823.174891 action (-0.04)
-1 1410784828.694621 effect (-177.075357 0.565755)
-1 1410784838.858009 action (-0.03)
-1 1410784846.091594 effect (20.971306 0.106818)
-1 1410784857.071192 action (-0.02)
-1 1410784864.183798 effect (15.434762 0.153885)
-1 1410784876.179729 action (-0.01)
-1 1410784882.183369 effect (17.772994 0.164887)
-1 1410784890.943929 action (0.0)
-1 1410784897.176313 effect (39.933502 0.022938)
-1 1410784910.451976 action (0.01)
-1 1410784917.671362 effect (131.22796 0.018908)
-1 1410784926.897196 action (0.02)
-1 1410784934.008574 effect (-140.248777 0.02591)
-1 1410784942.738974 action (0.03)
-1 1410784949.855616 effect (-40.918427 0.148308)
-1 1410784957.597925 action (0.04)
-1 1410784963.716345 effect (119.422413 0.00424)
-1 1410784973.153293 action (0.05)
-1 1410784979.400092 effect (-89.839486 0.039843)
-1 1410784993.784245 action (-0.05)
-1 1410784999.020740 effect (5.390144 0.083619)
-1 1410785008.853410 action (-0.04)
-1 1410785016.087462 effect (31.584324 0.071063)
-1 1410785025.332806 action (-0.03)
-1 1410785031.355592 effect (18.168679 0.110076)
-1 1410785047.020503 action (-0.02)
-1 1410785053.047609 effect (-55.854574 0.43147)
-1 1410785066.033620 action (-0.01)
-1 1410785072.047475 effect (42.644957 0.03148)
-1 1410785085.298219 action (0.0)
-1 1410785091.206978 effect (87.837816 0.011793)
-1 1410785102.577510 action (0.01)
-1 1410785109.688612 effect (-150.149201 0.038358)
-1 1410785118.792543 action (0.02)
-1 1410785124.798675 effect (-103.069081 0.012955)
-1 1410785132.470548 action (0.03)
-1 1410785139.584521 effect (-106.492519 0.014673)
-1 1410785147.092000 action (0.04)
-1 1410785153.095381 effect (-132.202616 0.008019)
-1 1410785162.402723 action (0.05)
-1 1410785168.627106 effect (-89.774827 0.050542)
-1 1410785190.741190 action (-0.05)
-1 1410785196.752778 effect (129.153475 0.062167)
-1 1410785205.826906 action (-0.04)
-1 1410785211.875137 effect (35.651347 0.067764)
-1 1410785223.654506 action (-0.03)
-1 1410785229.680006 effect (7.162727 0.16243)
-1 1410785246.243424 action (-0.02)
-1 1410785253.365421 effect (-4.122182 0.174564)
-1 1410785265.335435 action (-0.01)
-1 1410785272.475957 effect (19.612813 0.168241)
-1 1410785280.246149 action (0.0)
-1 1410785286.271207 effect (1.165794 0.003522)
-1 1410785297.915285 action (0.01)
-1 1410785303.845328 effect (-158.321816 0.04241)
-1 1410785312.619594 action (0.02)
-1 1410785319.747690 effect (-39.080414 0.152214)
-1 1410785328.595034 action (0.03)
-1 1410785334.691146 effect (-89.679428 0.058621)
-1 1410785342.502994 action (0.04)
-1 1410785348.729965 effect (-4.088941 0.00726)
-1 1410785356.617237 action (0.05)
-1 1410785361.743669 effect (33.878027 0.004914)
-1 1410785375.589999 action (-0.05)
-1 1410785380.722236 effect (5.951796 0.105892)
-1 1410785390.781427 action (-0.04)
-1 1410785395.911327 effect (31.839456 0.067012)
-1 1410785404.863340 action (-0.03)
-1 1410785410.886473 effect (24.648852 0.103105)
-1 1410785427.503376 action (-0.02)
-1 1410785433.519142 effect (-49.477874 0.371672)
-1 1410785446.022202 action (-0.01)
-1 1410785453.156932 effect (-6.433533 0.00727)
-1 1410785461.129461 action (0.0)
-1 1410785467.155966 effect (112.294889 0.008612)
-1 1410785479.677907 action (0.01)
-1 1410785486.784415 effect (34.660956 0.025316)
-1 1410785494.525683 action (0.02)
-1 1410785500.547425 effect (-106.321677 0.024695)
-1 1410785509.437189 action (0.03)
-1 1410785515.445768 effect (-43.926074 0.124977)
-1 1410785523.562072 action (0.04)
-1 1410785529.572509 effect (-126.387783 0.004686)
-1 1410785537.052462 action (0.05)
-1 1410785543.080625 effect (128.540299 0.005148)
-1 1410785557.681201 action (-0.05)
-1 1410785563.694969 effect (52.623939 0.048361)
-1 1410785573.372814 action (-0.04)
-1 1410785580.607292 effect (25.111669 0.072074)
-1 1410785589.365115 action (-0.03)
-1 1410785594.588485 effect (24.08708 0.102516)
-1 1410785610.068901 action (-0.02)
-1 1410785616.087107 effect (-47.198396 0.375297)
-1 1410785628.907026 action (-0.01)
-1 1410785634.920303 effect (18.159739 0.01465)
-1 1410785643.593324 action (0.0)
-1 1410785650.820231 effect (-18.004374 0.032836)
-1 1410785663.247765 action (0.01)
-1 1410785670.354912 effect (101.583657 0.012531)
-1 1410785679.312413 action (0.02)
-1 1410785685.448572 effect (-45.3118 0.163479)
-1 1410785693.491706 action (0.03)
-1 1410785699.521628 effect (-119.27201 0.00695)
-1 1410785708.042085 action (0.04)
-1 1410785713.272197 effect (-86.909699 0.064385)
-1 1410785722.172123 action (0.05)
-1 1410785727.186841 effect (-81.146809 0.046366)
-1 1410785743.661360 action (-0.05)
-1 1410785748.700228 effect (4.521023 0.106853)
-1 1410785756.926819 action (-0.04)
-1 1410785763.158456 effect (15.256155 0.129787)
-1 1410785772.363631 action (-0.03)
-1 1410785780.487549 effect (9.786714 0.159419)
-1 1410785790.551280 action (-0.02)
-1 1410785797.665274 effect (21.057701 0.140431)
-1 1410785813.310029 action (-0.01)
-1 1410785820.338669 effect (-66.600785 0.305517)
-1 1410785827.907603 action (0.0)
-1 1410785833.935332 effect (-74.048428 0.003387)
-1 1410785847.719123 action (0.01)
-1 1410785854.833266 effect (-4.97255 0.064498)
-1 1410785862.999822 action (0.02)
-1 1410785869.022614 effect (-87.748583 0.01564)
-1 1410785877.033799 action (0.03)
-1 1410785883.036761 effect (-92.854149 0.021039)
-1 1410785891.680657 action (0.04)
-1 1410785897.710552 effect (-34.341758 0.135956)
-1 1410785905.935357 action (0.05)
-1 1410785911.946181 effect (-136.673925 0.027572)
