-1 1411758911.175342 action (-0.05)
-1 1411758918.972720 effect (15.679933 0.057941)
-1 1411758940.511017 action (-0.04)
-1 1411758947.501420 effect (62.421054 0.007344)
-1 1411758968.754791 action (-0.03)
-1 1411758976.640439 effect (-35.541319 0.152447)
-1 1411758998.216605 action (-0.02)
-1 1411759005.027432 effect (-68.898635 0.12353)
-1 1411759026.559106 action (-0.01)
-1 1411759033.839827 effect (114.209246 0.007633)
-1 1411759055.204477 action (0.0)
-1 1411759063.276685 effect (142.600097 0.009543)
-1 1411759084.749285 action (0.01)
-1 1411759091.564457 effect (-168.529233 0.006045)
-1 1411759112.212731 action (0.02)
-1 1411759120.053669 effect (4.626259 0.009808)
-1 1411759140.721380 action (0.03)
-1 1411759148.893301 effect (32.076019 0.012128)
-1 1411759169.612613 action (0.04)
-1 1411759176.726984 effect (83.824393 0.009461)
-1 1411759197.145829 action (0.05)
-1 1411759204.952997 effect (-163.530786 0.007767)
-1 1411759239.952022 action (-0.05)
-1 1411759248.441932 effect (124.06291 0.010277)
-1 1411759270.913810 action (-0.04)
-1 1411759278.011944 effect (-22.1658 0.127931)
-1 1411759299.120638 action (-0.03)
-1 1411759306.734722 effect (-16.585302 0.10007)
-1 1411759328.353169 action (-0.02)
-1 1411759335.465383 effect (-12.779517 0.136303)
-1 1411759356.094210 action (-0.01)
-1 1411759364.516576 effect (-25.616196 0.118303)
-1 1411759385.472576 action (0.0)
-1 1411759392.591661 effect (-21.052798 0.126869)
-1 1411759414.172593 action (0.01)
-1 1411759422.384574 effect (-22.979963 0.113134)
-1 1411759443.511253 action (0.02)
-1 1411759451.282113 effect (-19.242635 0.144714)
-1 1411759472.570356 action (0.03)
-1 1411759479.638847 effect (-17.010644 0.129877)
-1 1411759502.090197 action (0.04)
-1 1411759508.795441 effect (-23.602287 0.129692)
-1 1411759530.455526 action (0.05)
-1 1411759537.271838 effect (-24.521646 0.142334)
-1 1411759567.961580 action (-0.05)
-1 1411759574.970546 effect (16.42981 0.05232)
-1 1411759596.068354 action (-0.04)
-1 1411759604.639705 effect (-25.025074 0.158906)
-1 1411759625.871548 action (-0.03)
-1 1411759634.176532 effect (-9.835977 0.13949)
-1 1411759655.265500 action (-0.02)
-1 1411759662.168464 effect (-21.08049 0.159388)
-1 1411759683.365388 action (-0.01)
-1 1411759690.815515 effect (-17.933725 0.149749)
-1 1411759712.854493 action (0.0)
-1 1411759720.365130 effect (-14.137168 0.046307)
-1 1411759741.168133 action (0.01)
-1 1411759747.556197 effect (-11.296789 0.140241)
-1 1411759769.526607 action (0.02)
-1 1411759776.499320 effect (-18.191516 0.128454)
-1 1411759797.264622 action (0.03)
-1 1411759804.714991 effect (-23.248748 0.164602)
-1 1411759826.812346 action (0.04)
-1 1411759834.731621 effect (-14.669581 0.147)
-1 1411759855.612257 action (0.05)
-1 1411759862.184073 effect (-18.023053 0.16509)
-1 1411759903.495079 action (-0.05)
-1 1411759911.817372 effect (-20.285003 0.172557)
-1 1411759932.355543 action (-0.04)
-1 1411759939.180997 effect (-29.838637 0.171474)
-1 1411759960.507956 action (-0.03)
-1 1411759969.121237 effect (-15.225128 0.150547)
-1 1411759991.689032 action (-0.02)
-1 1411759999.148544 effect (-30.345325 0.155011)
-1 1411760019.564838 action (-0.01)
-1 1411760026.760909 effect (163.398358 0.013412)
-1 1411760048.862723 action (0.0)
-1 1411760055.921778 effect (-150.295684 0.010642)
-1 1411760076.537008 action (0.01)
-1 1411760084.721448 effect (-2.011812 0.129464)
-1 1411760105.295424 action (0.02)
-1 1411760112.423173 effect (-56.68805 0.087898)
-1 1411760133.387064 action (0.03)
-1 1411760140.857508 effect (-15.680703 0.115372)
-1 1411760162.279694 action (0.04)
-1 1411760170.722254 effect (-29.19999 0.151339)
-1 1411760191.838680 action (0.05)
-1 1411760199.200979 effect (-22.294587 0.117751)
-1 1411760236.262128 action (-0.05)
-1 1411760243.473473 effect (-9.149857 0.061527)
-1 1411760264.948417 action (-0.04)
-1 1411760272.026339 effect (-23.15413 0.167742)
-1 1411760293.351099 action (-0.03)
-1 1411760300.739715 effect (-23.976489 0.131307)
-1 1411760322.379946 action (-0.02)
-1 1411760330.051111 effect (-23.661711 0.156439)
-1 1411760350.562464 action (-0.01)
-1 1411760357.938730 effect (-20.582797 0.161555)
-1 1411760378.427989 action (0.0)
-1 1411760386.729930 effect (-13.851592 0.134741)
-1 1411760407.783928 action (0.01)
-1 1411760415.491715 effect (-16.181572 0.140694)
-1 1411760436.064071 action (0.02)
-1 1411760444.064215 effect (-114.934886 0.006033)
-1 1411760464.889089 action (0.03)
-1 1411760473.011369 effect (97.317026 0.015865)
-1 1411760495.224950 action (0.04)
-1 1411760502.093057 effect (-17.036637 0.141485)
-1 1411760523.242965 action (0.05)
-1 1411760529.724591 effect (-18.926569 0.123835)
-1 1411760570.630847 action (-0.05)
-1 1411760577.677664 effect (16.807 0.045045)
-1 1411760598.608087 action (-0.04)
-1 1411760606.958513 effect (-13.488331 0.146704)
-1 1411760628.139927 action (-0.03)
-1 1411760635.199888 effect (1.91492 0.131131)
-1 1411760656.746963 action (-0.02)
-1 1411760664.925723 effect (-20.03338 0.135839)
-1 1411760686.336643 action (-0.01)
-1 1411760693.660512 effect (-19.679861 0.138035)
-1 1411760714.570861 action (0.0)
-1 1411760721.630358 effect (-3.530468 0.139477)
-1 1411760742.773485 action (0.01)
-1 1411760750.488574 effect (1.477655 0.171071)
-1 1411760771.772969 action (0.02)
-1 1411760778.480026 effect (-14.82019 0.157839)
-1 1411760800.021692 action (0.03)
-1 1411760806.510092 effect (-3.018904 0.16715)
-1 1411760827.642689 action (0.04)
-1 1411760835.279036 effect (-12.679779 0.148553)
-1 1411760857.565094 action (0.05)
-1 1411760865.943677 effect (-16.125071 0.161664)
-1 1411760898.055549 action (-0.05)
-1 1411760905.085142 effect (30.614435 0.059797)
-1 1411760926.391613 action (-0.04)
-1 1411760933.609990 effect (-29.803953 0.140048)
-1 1411760954.578443 action (-0.03)
-1 1411760962.546823 effect (29.345923 0.049245)
-1 1411760983.666960 action (-0.02)
-1 1411760990.964592 effect (8.350153 0.098894)
-1 1411761012.087353 action (-0.01)
-1 1411761019.782530 effect (-10.525538 0.136975)
-1 1411761040.739860 action (0.0)
-1 1411761049.079889 effect (-13.549559 0.152362)
-1 1411761071.237631 action (0.01)
-1 1411761078.628648 effect (0.700092 0.107313)
-1 1411761099.948630 action (0.02)
-1 1411761107.385732 effect (-12.446652 0.136259)
-1 1411761129.995192 action (0.03)
-1 1411761138.362241 effect (-7.782496 0.123063)
-1 1411761160.163393 action (0.04)
-1 1411761167.966337 effect (-18.265527 0.141472)
-1 1411761188.468704 action (0.05)
-1 1411761196.566273 effect (-20.837793 0.136271)
-1 1411761234.557951 action (-0.05)
-1 1411761243.151878 effect (15.034532 0.040148)
-1 1411761264.860062 action (-0.04)
-1 1411761271.419937 effect (0.538991 0.138135)
-1 1411761292.171336 action (-0.03)
-1 1411761299.458536 effect (-4.039756 0.145026)
-1 1411761320.330352 action (-0.02)
-1 1411761327.096360 effect (-10.944495 0.165722)
-1 1411761348.259774 action (-0.01)
-1 1411761355.717124 effect (-5.200146 0.146311)
-1 1411761376.386651 action (0.0)
-1 1411761384.860489 effect (-12.276246 0.143186)
-1 1411761406.772389 action (0.01)
-1 1411761414.902618 effect (-11.263846 0.14348)
-1 1411761435.745051 action (0.02)
-1 1411761442.987432 effect (-4.941471 0.131834)
-1 1411761463.779569 action (0.03)
-1 1411761472.311794 effect (-4.020603 0.146369)
-1 1411761492.885878 action (0.04)
-1 1411761500.805889 effect (-7.018672 0.139289)
-1 1411761521.406990 action (0.05)
-1 1411761528.169078 effect (-82.68648 0.04502)
-1 1411761560.078719 action (-0.05)
-1 1411761567.463413 effect (-16.363565 0.167846)
-1 1411761589.230711 action (-0.04)
-1 1411761596.238049 effect (-55.168845 0.021561)
-1 1411761616.841305 action (-0.03)
-1 1411761624.004993 effect (-17.844985 0.179256)
-1 1411761645.394238 action (-0.02)
-1 1411761652.498086 effect (-15.4085 0.176582)
-1 1411761674.042830 action (-0.01)
-1 1411761682.385588 effect (-17.701369 0.173036)
-1 1411761703.333828 action (0.0)
-1 1411761711.650878 effect (-13.330625 0.148742)
-1 1411761732.880306 action (0.01)
-1 1411761739.520693 effect (-13.100965 0.164045)
-1 1411761760.486648 action (0.02)
-1 1411761767.403667 effect (-8.404762 0.118169)
-1 1411761788.378301 action (0.03)
-1 1411761796.763823 effect (-15.095938 0.123912)
-1 1411761818.369962 action (0.04)
-1 1411761825.168233 effect (-13.430156 0.125646)
-1 1411761845.917475 action (0.05)
-1 1411761852.635803 effect (-73.909122 0.039669)
-1 1411761889.306739 action (-0.05)
-1 1411761898.031037 effect (-38.515034 0.166226)
-1 1411761918.685160 action (-0.04)
-1 1411761925.252256 effect (-20.178667 0.069288)
-1 1411761945.669849 action (-0.03)
-1 1411761952.471707 effect (-11.398028 0.126942)
-1 1411761972.898579 action (-0.02)
-1 1411761980.783168 effect (-19.492109 0.181055)
-1 1411762001.333260 action (-0.01)
-1 1411762008.988848 effect (-23.703404 0.181888)
-1 1411762031.405535 action (0.0)
-1 1411762038.494577 effect (-4.034402 0.17139)
-1 1411762059.883689 action (0.01)
-1 1411762066.792646 effect (2.265455 0.138546)
-1 1411762088.030538 action (0.02)
-1 1411762095.438880 effect (-20.49768 0.171195)
-1 1411762117.126499 action (0.03)
-1 1411762125.004747 effect (-33.643388 0.162964)
-1 1411762146.358660 action (0.04)
-1 1411762154.920286 effect (-34.780079 0.152582)
-1 1411762175.893884 action (0.05)
-1 1411762182.851625 effect (-86.213112 0.033036)
