-1 1410949987.011323 action (-0.05)
-1 1410949993.688403 effect (23.649251 0.094604)
-1 1410950015.458770 action (-0.04)
-1 1410950023.386218 effect (-147.088119 0.068061)
-1 1410950044.287024 action (-0.03)
-1 1410950051.662758 effect (-97.133387 0.090607)
-1 1410950072.641109 action (-0.02)
-1 1410950079.697530 effect (40.815578 0.068802)
-1 1410950101.178949 action (-0.01)
-1 1410950108.109978 effect (-5.938732 0.086712)
-1 1410950129.263606 action (0.0)
-1 1410950135.932561 effect (-110.442208 0.029549)
-1 1410950156.610766 action (0.01)
-1 1410950163.441750 effect (14.797196 0.028881)
-1 1410950184.849941 action (0.02)
-1 1410950191.796994 effect (-60.730046 0.037414)
-1 1410950213.566386 action (0.03)
-1 1410950220.948597 effect (-115.933344 0.066483)
-1 1410950243.190455 action (0.04)
-1 1410950249.962943 effect (-116.516275 0.021022)
-1 1410950271.636863 action (0.05)
-1 1410950278.520256 effect (170.828813 0.023854)
-1 1410950310.553166 action (-0.05)
-1 1410950317.436906 effect (7.354605 0.107776)
-1 1410950338.516786 action (-0.04)
-1 1410950346.539271 effect (-128.501329 0.090971)
-1 1410950367.585112 action (-0.03)
-1 1410950376.022562 effect (-129.546647 0.083253)
-1 1410950396.812061 action (-0.02)
-1 1410950403.301745 effect (2.695049 0.099418)
-1 1410950424.073070 action (-0.01)
-1 1410950430.787971 effect (74.820376 0.010244)
-1 1410950452.394487 action (0.0)
-1 1410950458.832600 effect (-151.550411 0.070991)
-1 1410950480.114241 action (0.01)
-1 1410950488.081625 effect (-0.035105 0.010546)
-1 1410950510.286683 action (0.02)
-1 1410950516.846310 effect (46.484803 0.005172)
-1 1410950538.588749 action (0.03)
-1 1410950545.403628 effect (-29.215932 0.078255)
-1 1410950566.441547 action (0.04)
-1 1410950574.070221 effect (-144.99962 0.011703)
-1 1410950595.043412 action (0.05)
-1 1410950602.130138 effect (-112.862288 0.042592)
-1 1410950637.072161 action (-0.05)
-1 1410950645.582593 effect (41.757357 0.140194)
-1 1410950666.679112 action (-0.04)
-1 1410950674.787126 effect (-134.118123 0.110508)
-1 1410950696.867453 action (-0.03)
-1 1410950705.284669 effect (24.314873 0.107846)
-1 1410950726.316993 action (-0.02)
-1 1410950732.906467 effect (6.932789 0.126959)
-1 1410950753.848113 action (-0.01)
-1 1410950761.835315 effect (-153.113158 0.082077)
-1 1410950782.958042 action (0.0)
-1 1410950789.888222 effect (19.593025 0.028562)
-1 1410950810.901636 action (0.01)
-1 1410950817.798537 effect (-114.810825 0.027507)
-1 1410950838.778267 action (0.02)
-1 1410950845.633958 effect (-168.344422 0.031971)
-1 1410950866.945317 action (0.03)
-1 1410950874.755245 effect (-122.226657 0.046623)
-1 1410950896.525056 action (0.04)
-1 1410950903.487220 effect (-165.450123 0.060033)
-1 1410950924.219259 action (0.05)
-1 1410950930.833399 effect (-151.670874 0.029476)
-1 1410951122.210925 action (-0.05)
-1 1410951130.756852 effect (-107.223289 0.112245)
-1 1410951151.716221 action (-0.04)
-1 1410951158.308187 effect (-107.68482 0.099073)
-1 1410951180.510987 action (-0.03)
-1 1410951187.769534 effect (-99.298982 0.087186)
-1 1410951209.275470 action (-0.02)
-1 1410951217.112656 effect (-115.139959 0.07971)
-1 1410951238.347312 action (-0.01)
-1 1410951245.092699 effect (-17.156543 0.107818)
-1 1410951266.025840 action (0.0)
-1 1410951272.758773 effect (29.694142 0.015903)
-1 1410951293.676543 action (0.01)
-1 1410951301.488358 effect (160.075801 0.010409)
-1 1410951322.907881 action (0.02)
-1 1410951330.055336 effect (17.284655 0.052457)
-1 1410951352.543397 action (0.03)
-1 1410951359.522057 effect (-139.673844 0.040017)
-1 1410951382.306443 action (0.04)
-1 1410951390.293846 effect (-8.333299 0.046463)
-1 1410951411.850689 action (0.05)
-1 1410951420.133221 effect (-138.745875 0.037957)
-1 1410951468.175870 action (-0.05)
-1 1410951474.712725 effect (-74.510885 0.13091)
-1 1410951496.622336 action (-0.04)
-1 1410951504.380510 effect (-127.325946 0.081636)
-1 1410951525.168223 action (-0.03)
-1 1410951532.043002 effect (-80.703568 0.107414)
-1 1410951553.254660 action (-0.02)
-1 1410951559.947930 effect (-2.587058 0.106969)
-1 1410951580.796793 action (-0.01)
-1 1410951588.110178 effect (2.816959 0.115755)
-1 1410951608.960565 action (0.0)
-1 1410951615.458851 effect (-16.606874 0.114929)
-1 1410951637.237150 action (0.01)
-1 1410951644.763188 effect (150.246021 0.00332)
-1 1410951666.122948 action (0.02)
-1 1410951673.522648 effect (-24.136761 0.012032)
-1 1410951694.085068 action (0.03)
-1 1410951702.431540 effect (-160.981943 0.024872)
-1 1410951723.799044 action (0.04)
-1 1410951731.115613 effect (-163.342478 0.006246)
-1 1410951752.918781 action (0.05)
-1 1410951760.832788 effect (-148.714245 0.013111)
-1 1410951839.423881 action (-0.05)
-1 1410951846.326064 effect (-67.486433 0.122108)
-1 1410951868.505010 action (-0.04)
-1 1410951877.029155 effect (-108.646576 0.087081)
-1 1410951898.528761 action (-0.03)
-1 1410951905.088450 effect (-104.819684 0.07933)
-1 1410951926.679117 action (-0.02)
-1 1410951933.624604 effect (-114.722203 0.069328)
-1 1410951954.737014 action (-0.01)
-1 1410951962.373812 effect (-107.780016 0.050284)
-1 1410951984.437161 action (0.0)
-1 1410951991.132919 effect (-17.230843 0.122313)
-1 1410952013.831389 action (0.01)
-1 1410952020.245139 effect (-58.968648 0.066992)
-1 1410952042.132009 action (0.02)
-1 1410952048.978387 effect (-165.133642 0.043472)
-1 1410952071.709772 action (0.03)
-1 1410952078.717402 effect (-66.241639 0.016044)
-1 1410952099.672853 action (0.04)
-1 1410952106.224161 effect (166.694751 0.038752)
-1 1410952127.051881 action (0.05)
-1 1410952134.409240 effect (-128.074251 0.034132)
-1 1410952168.034840 action (-0.05)
-1 1410952174.999728 effect (-76.994008 0.122225)
-1 1410952197.647736 action (-0.04)
-1 1410952206.119525 effect (-80.371495 0.09963)
-1 1410952227.472978 action (-0.03)
-1 1410952234.969444 effect (-11.645741 0.11546)
-1 1410952256.186781 action (-0.02)
-1 1410952264.005053 effect (-9.806485 0.138619)
-1 1410952284.862331 action (-0.01)
-1 1410952291.706569 effect (10.384698 0.132791)
-1 1410952312.696459 action (0.0)
-1 1410952320.178087 effect (9.781574 0.128594)
-1 1410952341.931297 action (0.01)
-1 1410952348.783011 effect (14.707632 0.119259)
-1 1410952370.132360 action (0.02)
-1 1410952376.740042 effect (13.36591 0.11924)
-1 1410952398.837132 action (0.03)
-1 1410952405.339111 effect (-19.388904 0.022088)
-1 1410952426.771881 action (0.04)
-1 1410952434.037782 effect (179.317844 0.021986)
-1 1410952456.573811 action (0.05)
-1 1410952463.161795 effect (173.752571 0.03424)
-1 1410952514.605102 action (-0.05)
-1 1410952521.303490 effect (-120.087757 0.106864)
-1 1410952543.268906 action (-0.04)
-1 1410952550.265600 effect (6.657991 0.10691)
-1 1410952573.160323 action (-0.03)
-1 1410952580.436068 effect (1.977372 0.112544)
-1 1410952601.217571 action (-0.02)
-1 1410952608.722499 effect (-18.216964 0.11889)
-1 1410952630.059299 action (-0.01)
-1 1410952637.300168 effect (-15.269649 0.124317)
-1 1410952657.908063 action (0.0)
-1 1410952665.255737 effect (-12.288649 0.128049)
-1 1410952686.168768 action (0.01)
-1 1410952693.894931 effect (-42.453978 0.05143)
-1 1410952714.719263 action (0.02)
-1 1410952723.104548 effect (-155.377065 0.04467)
-1 1410952744.053306 action (0.03)
-1 1410952751.647399 effect (-44.064749 0.087335)
-1 1410952773.199060 action (0.04)
-1 1410952780.041604 effect (-13.237893 0.029397)
-1 1410952801.088032 action (0.05)
-1 1410952808.037875 effect (-113.701391 0.018949)
-1 1410952841.772660 action (-0.05)
-1 1410952848.749792 effect (-110.949624 0.111077)
-1 1410952871.225149 action (-0.04)
-1 1410952879.755576 effect (-117.306834 0.085593)
-1 1410952902.309591 action (-0.03)
-1 1410952909.169379 effect (-90.988155 0.067265)
-1 1410952930.410459 action (-0.02)
-1 1410952937.302561 effect (-61.297517 0.093878)
-1 1410952958.686703 action (-0.01)
-1 1410952967.063339 effect (-81.722523 0.066698)
-1 1410952987.796339 action (0.0)
-1 1410952995.621228 effect (-20.111713 0.109272)
-1 1410953017.053187 action (0.01)
-1 1410953023.725629 effect (-90.748598 0.024762)
-1 1410953044.796337 action (0.02)
-1 1410953051.804240 effect (-172.836301 0.05034)
-1 1410953072.893815 action (0.03)
-1 1410953079.779333 effect (-118.18005 0.019046)
-1 1410953102.398703 action (0.04)
-1 1410953109.267242 effect (176.363815 0.021975)
-1 1410953131.197865 action (0.05)
-1 1410953137.842006 effect (-127.487723 0.020677)
-1 1410953172.376191 action (-0.05)
-1 1410953179.308785 effect (9.384738 0.09367)
-1 1410953201.902912 action (-0.04)
-1 1410953210.383300 effect (0.431126 0.102636)
-1 1410953231.370764 action (-0.03)
-1 1410953238.773988 effect (0.557878 0.122993)
-1 1410953259.484197 action (-0.02)
-1 1410953266.181390 effect (-16.349037 0.128147)
-1 1410953287.271829 action (-0.01)
-1 1410953293.976021 effect (-12.002138 0.181296)
-1 1410953315.397157 action (0.0)
-1 1410953322.652091 effect (-9.415011 0.131584)
-1 1410953344.004753 action (0.01)
-1 1410953350.548122 effect (-10.45276 0.1046)
-1 1410953371.392353 action (0.02)
-1 1410953378.154317 effect (4.5956 0.119834)
-1 1410953399.607786 action (0.03)
-1 1410953406.731616 effect (-4.809669 0.064672)
-1 1410953427.556034 action (0.04)
-1 1410953434.536990 effect (-86.400733 0.014538)
-1 1410953455.336484 action (0.05)
-1 1410953462.620266 effect (-164.693374 0.022311)
