-1 1409912269.100098 action (-0.05)
-1 1409912275.336191 effect (-39.828957 0.190207)
-1 1409912283.562523 action (-0.04)
-1 1409912291.731039 effect (10.826624 0.071109)
-1 1409912301.792183 action (-0.03)
-1 1409912308.214188 effect (17.969275 0.089778)
-1 1409912317.929089 action (-0.02)
-1 1409912325.063689 effect (20.205913 0.116579)
-1 1409912340.872225 action (-0.01)
-1 1409912348.990871 effect (-25.325127 0.187846)
-1 1409912357.919942 action (0.0)
-1 1409912366.063105 effect (-49.716464 0.360332)
-1 1409912377.763289 action (0.01)
-1 1409912383.672530 effect (26.118555 0.172584)
-1 1409912394.881283 action (0.02)
-1 1409912402.006540 effect (-54.744893 0.005968)
-1 1409912411.490265 action (0.03)
-1 1409912417.546271 effect (-143.975094 0.017668)
-1 1409912425.595097 action (0.04)
-1 1409912431.802837 effect (-101.424679 0.021064)
-1 1409912439.741740 action (0.05)
-1 1409912445.185949 effect (-119.003456 0.005927)
-1 1409912460.686620 action (-0.05)
-1 1409912467.914215 effect (4.21271 0.067183)
-1 1409912476.840902 action (-0.04)
-1 1409912483.179965 effect (11.86243 0.103435)
-1 1409912493.627703 action (-0.03)
-1 1409912500.653589 effect (23.509998 0.076458)
-1 1409912511.631810 action (-0.02)
-1 1409912518.866311 effect (31.812585 0.091547)
-1 1409912532.450002 action (-0.01)
-1 1409912540.500688 effect (-38.405156 0.203573)
-1 1409912549.467258 action (0.0)
-1 1409912556.586437 effect (-55.428572 0.371252)
-1 1409912571.184628 action (0.01)
-1 1409912579.215402 effect (-22.993636 0.179775)
-1 1409912590.883594 action (0.02)
-1 1409912598.028959 effect (104.041897 0.010991)
-1 1409912607.814023 action (0.03)
-1 1409912614.764408 effect (-171.166973 0.021221)
-1 1409912622.682710 action (0.04)
-1 1409912629.334613 effect (-121.621811 0.020114)
-1 1409912637.501807 action (0.05)
-1 1409912642.897989 effect (-48.148803 0.005466)
-1 1409912657.369909 action (-0.05)
-1 1409912662.452299 effect (7.815457 0.119546)
-1 1409912672.294368 action (-0.04)
-1 1409912678.454942 effect (9.943801 0.087291)
-1 1409912687.145094 action (-0.03)
-1 1409912694.474113 effect (14.345476 0.118081)
-1 1409912705.093517 action (-0.02)
-1 1409912711.217125 effect (19.901035 0.121292)
-1 1409912726.993076 action (-0.01)
-1 1409912735.021924 effect (-34.145653 0.243566)
-1 1409912743.330050 action (0.0)
-1 1409912750.376785 effect (-61.981402 0.357805)
-1 1409912762.781551 action (0.01)
-1 1409912770.911716 effect (-34.963409 0.188451)
-1 1409912781.075650 action (0.02)
-1 1409912787.086445 effect (38.408741 0.149801)
-1 1409912795.690975 action (0.03)
-1 1409912803.828061 effect (-150.968047 0.0093)
-1 1409912812.246314 action (0.04)
-1 1409912817.662656 effect (-102.526044 0.018255)
-1 1409912827.042000 action (0.05)
-1 1409912832.559356 effect (-34.025229 0.234369)
-1 1409912849.025607 action (-0.05)
-1 1409912854.389514 effect (9.727704 0.062959)
-1 1409912862.965296 action (-0.04)
-1 1409912869.410823 effect (10.203224 0.076331)
-1 1409912879.779710 action (-0.03)
-1 1409912885.825458 effect (18.147131 0.08762)
-1 1409912896.700909 action (-0.02)
-1 1409912903.937660 effect (21.378351 0.108755)
-1 1409912918.885689 action (-0.01)
-1 1409912926.992612 effect (-27.510178 0.177973)
-1 1409912936.320010 action (0.0)
-1 1409912944.439349 effect (-36.284941 0.197162)
-1 1409912954.432265 action (0.01)
-1 1409912961.512962 effect (27.649715 0.163162)
-1 1409912974.498199 action (0.02)
-1 1409912980.412015 effect (-33.31879 0.187342)
-1 1409912990.074661 action (0.03)
-1 1409912998.192024 effect (42.737362 0.152012)
-1 1409913005.927658 action (0.04)
-1 1409913012.069604 effect (-99.736452 0.013384)
-1 1409913020.072012 action (0.05)
-1 1409913025.308404 effect (-64.599983 0.009482)
-1 1409913039.759652 action (-0.05)
-1 1409913046.366616 effect (0.607464 0.040301)
-1 1409913056.609885 action (-0.04)
-1 1409913064.746639 effect (12.871492 0.07213)
-1 1409913073.665586 action (-0.03)
-1 1409913080.894986 effect (18.677288 0.115549)
-1 1409913090.569161 action (-0.02)
-1 1409913097.889857 effect (18.445638 0.113797)
-1 1409913112.247091 action (-0.01)
-1 1409913120.353935 effect (-30.413162 0.172555)
-1 1409913129.807172 action (0.0)
-1 1409913137.022906 effect (-30.6216 0.180296)
-1 1409913150.508349 action (0.01)
-1 1409913157.728296 effect (-24.477796 0.175532)
-1 1409913168.335256 action (0.02)
-1 1409913174.255032 effect (28.167385 0.167922)
-1 1409913183.117172 action (0.03)
-1 1409913189.060958 effect (-146.791493 0.013202)
-1 1409913198.227430 action (0.04)
-1 1409913203.667558 effect (-36.591537 0.198553)
-1 1409913211.918222 action (0.05)
-1 1409913218.044669 effect (80.200467 0.003611)
-1 1409913233.986278 action (-0.05)
-1 1409913240.140134 effect (3.589214 0.070934)
-1 1409913249.565515 action (-0.04)
-1 1409913256.693922 effect (11.195513 0.076307)
-1 1409913266.700021 action (-0.03)
-1 1409913272.612024 effect (78.531024 0.050515)
-1 1409913288.306552 action (-0.02)
-1 1409913294.329119 effect (22.948628 0.154645)
-1 1409913308.202411 action (-0.01)
-1 1409913315.319432 effect (-68.293548 0.329824)
-1 1409913325.315591 action (0.0)
-1 1409913332.530749 effect (-27.70057 0.182947)
-1 1409913345.285588 action (0.01)
-1 1409913352.508871 effect (-32.731095 0.179164)
-1 1409913365.249000 action (0.02)
-1 1409913373.397726 effect (-178.955488 0.050216)
-1 1409913380.882280 action (0.03)
-1 1409913387.925917 effect (-84.880978 0.032247)
-1 1409913395.566500 action (0.04)
-1 1409913403.579502 effect (-104.2698 0.023074)
-1 1409913411.254446 action (0.05)
-1 1409913417.389026 effect (65.915301 0.00268)
-1 1409913431.816231 action (-0.05)
-1 1409913437.872694 effect (-0.685846 0.066611)
-1 1409913446.805598 action (-0.04)
-1 1409913451.760351 effect (16.717568 0.08365)
-1 1409913461.798358 action (-0.03)
-1 1409913468.028398 effect (13.038693 0.119518)
-1 1409913477.442980 action (-0.02)
-1 1409913484.674862 effect (18.784226 0.109177)
-1 1409913501.456949 action (-0.01)
-1 1409913508.482184 effect (-77.357693 0.318089)
-1 1409913520.134897 action (0.0)
-1 1409913527.370954 effect (-27.162582 0.176404)
-1 1409913540.173802 action (0.01)
-1 1409913548.324570 effect (-24.243562 0.175426)
-1 1409913561.394695 action (0.02)
-1 1409913569.526607 effect (-27.548749 0.184471)
-1 1409913578.640941 action (0.03)
-1 1409913586.673709 effect (-142.059681 0.008339)
-1 1409913594.615347 action (0.04)
-1 1409913601.751469 effect (-124.207711 0.011428)
-1 1409913610.391422 action (0.05)
-1 1409913617.529701 effect (-101.962836 0.046129)
-1 1409913631.750105 action (-0.05)
-1 1409913637.103513 effect (1.906957 0.069453)
-1 1409913645.605106 action (-0.04)
-1 1409913653.031118 effect (13.574606 0.072942)
-1 1409913664.209018 action (-0.03)
-1 1409913670.359842 effect (23.896539 0.081684)
-1 1409913680.885564 action (-0.02)
-1 1409913687.125790 effect (16.678492 0.12193)
-1 1409913702.527317 action (-0.01)
-1 1409913710.556884 effect (-27.878264 0.182936)
-1 1409913719.435644 action (0.0)
-1 1409913725.363673 effect (-58.909314 0.444628)
-1 1409913739.887886 action (0.01)
-1 1409913748.013549 effect (-29.798514 0.176185)
-1 1409913758.372847 action (0.02)
-1 1409913765.388954 effect (179.973437 0.015039)
-1 1409913778.232604 action (0.03)
-1 1409913784.159788 effect (153.928509 0.00748)
-1 1409913791.857550 action (0.04)
-1 1409913797.108809 effect (-142.510376 0.008092)
-1 1409913806.083012 action (0.05)
-1 1409913811.537745 effect (-85.401279 0.044273)
-1 1409913825.682739 action (-0.05)
-1 1409913831.056318 effect (45.000084 0.03862)
-1 1409913840.340942 action (-0.04)
-1 1409913846.392351 effect (10.333335 0.105978)
-1 1409913856.557418 action (-0.03)
-1 1409913862.783057 effect (10.948318 0.120172)
-1 1409913874.398182 action (-0.02)
-1 1409913882.527779 effect (18.946967 0.121484)
-1 1409913896.046108 action (-0.01)
-1 1409913904.078182 effect (-30.016446 0.180404)
-1 1409913912.231521 action (0.0)
-1 1409913920.246535 effect (-26.680412 0.174448)
-1 1409913933.495517 action (0.01)
-1 1409913939.409134 effect (-75.018248 0.443884)
-1 1409913949.131290 action (0.02)
-1 1409913955.171396 effect (35.984613 0.167791)
-1 1409913964.872866 action (0.03)
-1 1409913971.996863 effect (-174.44465 0.020003)
-1 1409913981.154139 action (0.04)
-1 1409913988.626872 effect (-29.527707 0.245506)
-1 1409913998.116669 action (0.05)
-1 1409914005.437162 effect (-85.852581 0.046061)
-1 1409914018.553807 action (-0.05)
-1 1409914023.479354 effect (12.80095 0.093658)
-1 1409914032.256818 action (-0.04)
-1 1409914037.310298 effect (11.809972 0.090613)
-1 1409914048.417096 action (-0.03)
-1 1409914055.554395 effect (17.726513 0.082088)
-1 1409914065.463385 action (-0.02)
-1 1409914071.390808 effect (24.901514 0.121888)
-1 1409914085.024831 action (-0.01)
-1 1409914093.144717 effect (27.411683 0.127833)
-1 1409914101.364173 action (0.0)
-1 1409914108.681133 effect (-52.792229 0.228819)
-1 1409914118.602258 action (0.01)
-1 1409914124.851391 effect (34.407093 0.137169)
-1 1409914135.844478 action (0.02)
-1 1409914143.090421 effect (152.315505 0.024041)
-1 1409914151.980490 action (0.03)
-1 1409914159.258412 effect (-125.811558 0.009542)
-1 1409914167.262253 action (0.04)
-1 1409914173.386212 effect (-88.665197 0.008206)
-1 1409914181.744510 action (0.05)
-1 1409914188.557477 effect (-80.524116 0.00368)
-1 1409914201.726805 action (-0.05)
-1 1409914206.879571 effect (7.906774 0.068467)
-1 1409914215.329745 action (-0.04)
-1 1409914222.709843 effect (11.419026 0.065941)
-1 1409914231.922840 action (-0.03)
-1 1409914239.168773 effect (20.455808 0.081993)
-1 1409914251.148308 action (-0.02)
-1 1409914259.271904 effect (18.121904 0.135173)
-1 1409914275.703294 action (-0.01)
-1 1409914282.837109 effect (-36.029523 0.236023)
-1 1409914292.971014 action (0.0)
-1 1409914301.006233 effect (-34.654656 0.199266)
-1 1409914314.685240 action (0.01)
-1 1409914321.731304 effect (-75.725025 0.457507)
-1 1409914333.143856 action (0.02)
-1 1409914339.047734 effect (-28.516426 0.169333)
-1 1409914348.071948 action (0.03)
-1 1409914355.193842 effect (-35.12221 0.176482)
-1 1409914362.957085 action (0.04)
-1 1409914368.979760 effect (-104.597197 0.02295)
-1 1409914376.567663 action (0.05)
-1 1409914383.794148 effect (-84.710848 0.006119)
-1 1409914398.185932 action (-0.05)
-1 1409914404.315089 effect (23.903816 0.042186)
-1 1409914413.750603 action (-0.04)
-1 1409914419.818304 effect (6.758992 0.079107)
-1 1409914428.518196 action (-0.03)
-1 1409914435.776320 effect (19.339677 0.082628)
-1 1409914447.344713 action (-0.02)
-1 1409914453.293304 effect (18.801656 0.116564)
-1 1409914468.020161 action (-0.01)
-1 1409914476.083704 effect (-36.892766 0.199725)
-1 1409914486.169009 action (0.0)
-1 1409914494.203395 effect (-24.778764 0.184453)
-1 1409914508.542168 action (0.01)
-1 1409914516.553388 effect (37.463375 0.13846)
-1 1409914527.697801 action (0.02)
-1 1409914534.949829 effect (23.197241 0.16714)
-1 1409914543.914093 action (0.03)
-1 1409914549.857138 effect (-23.042706 0.233001)
-1 1409914558.033428 action (0.04)
-1 1409914563.359230 effect (-99.737989 0.016221)
-1 1409914572.637315 action (0.05)
-1 1409914578.180039 effect (-38.116081 0.152655)
-1 1409914594.595149 action (-0.05)
-1 1409914600.838372 effect (9.365435 0.092703)
-1 1409914609.700251 action (-0.04)
-1 1409914614.877689 effect (11.928173 0.077575)
-1 1409914623.757316 action (-0.03)
-1 1409914630.995634 effect (13.378504 0.122886)
-1 1409914642.680857 action (-0.02)
-1 1409914649.855619 effect (18.18389 0.131919)
-1 1409914666.651445 action (-0.01)
-1 1409914674.764645 effect (-61.028203 0.322506)
-1 1409914683.444163 action (0.0)
-1 1409914691.585695 effect (-29.183392 0.184786)
-1 1409914704.248736 action (0.01)
-1 1409914710.224045 effect (-35.242159 0.035335)
-1 1409914723.050268 action (0.02)
-1 1409914731.178681 effect (-27.795278 0.167595)
-1 1409914739.875174 action (0.03)
-1 1409914747.894955 effect (-167.770926 0.012717)
-1 1409914756.234697 action (0.04)
-1 1409914762.253744 effect (-90.307098 0.029041)
-1 1409914770.363035 action (0.05)
-1 1409914775.799082 effect (61.058325 0.008933)
-1 1409914788.761121 action (-0.05)
-1 1409914794.824074 effect (4.769993 0.105136)
-1 1409914804.723655 action (-0.04)
-1 1409914810.068324 effect (9.519846 0.076084)
-1 1409914819.208911 action (-0.03)
-1 1409914825.426592 effect (16.033684 0.086383)
-1 1409914836.444934 action (-0.02)
-1 1409914844.571448 effect (19.300654 0.117869)
-1 1409914860.222527 action (-0.01)
-1 1409914868.356203 effect (-58.88971 0.366508)
-1 1409914877.109653 action (0.0)
-1 1409914885.156513 effect (-25.431138 0.183619)
-1 1409914895.413929 action (0.01)
-1 1409914903.456873 effect (25.828206 0.154661)
-1 1409914918.325556 action (0.02)
-1 1409914925.553662 effect (-29.320861 0.176026)
-1 1409914935.688210 action (0.03)
-1 1409914942.802660 effect (-59.721463 0.046138)
-1 1409914950.855564 action (0.04)
-1 1409914957.782933 effect (-110.785305 0.019235)
-1 1409914967.501009 action (0.05)
-1 1409914972.918377 effect (-37.912397 0.215176)
-1 1409914988.404176 action (-0.05)
-1 1409914994.786382 effect (7.582497 0.065827)
-1 1409915004.570374 action (-0.04)
-1 1409915010.705826 effect (9.196315 0.119646)
-1 1409915019.471436 action (-0.03)
-1 1409915025.496399 effect (20.68537 0.087263)
-1 1409915036.652329 action (-0.02)
-1 1409915042.666760 effect (15.256897 0.13363)
-1 1409915058.183041 action (-0.01)
-1 1409915064.109121 effect (-38.910507 0.189713)
-1 1409915072.484520 action (0.0)
-1 1409915077.698212 effect (-51.400425 0.04453)
-1 1409915090.615971 action (0.01)
-1 1409915095.863736 effect (30.023025 0.162571)
-1 1409915105.128607 action (0.02)
-1 1409915111.050125 effect (41.445164 0.146172)
-1 1409915122.011299 action (0.03)
-1 1409915128.038295 effect (8.794554 0.009145)
-1 1409915137.043384 action (0.04)
-1 1409915143.169836 effect (-28.590748 0.225364)
-1 1409915151.388193 action (0.05)
-1 1409915156.876007 effect (-118.162161 0.00583)
