-1 1410777362.775785 action (-0.05)
-1 1410777368.386323 effect (14.094935 0.022599)
-1 1410777388.856168 action (-0.04)
-1 1410777395.386418 effect (120.69193 0.037545)
-1 1410777415.374205 action (-0.03)
-1 1410777421.740778 effect (66.524245 0.032481)
-1 1410777443.320041 action (-0.02)
-1 1410777448.834504 effect (118.628567 0.008209)
-1 1410777468.747674 action (-0.01)
-1 1410777475.196369 effect (-11.362797 0.113489)
-1 1410777496.431344 action (0.0)
-1 1410777503.367524 effect (94.76114 0.021939)
-1 1410777524.422520 action (0.01)
-1 1410777530.095827 effect (-139.411817 0.019944)
-1 1410777551.565167 action (0.02)
-1 1410777557.693050 effect (-149.021436 0.026925)
-1 1410777578.707669 action (0.03)
-1 1410777585.858660 effect (107.215885 0.030957)
-1 1410777606.687013 action (0.04)
-1 1410777612.106626 effect (-155.45235 0.027375)
-1 1410777632.308640 action (0.05)
-1 1410777638.099260 effect (-85.383112 0.007844)
-1 1410777681.084275 action (-0.05)
-1 1410777687.877843 effect (-157.267493 0.090248)
-1 1410777707.772182 action (-0.04)
-1 1410777713.081185 effect (64.296167 0.026341)
-1 1410777733.093890 action (-0.03)
-1 1410777738.247002 effect (-164.715406 0.011564)
-1 1410777758.457523 action (-0.02)
-1 1410777764.367791 effect (-75.932248 0.008838)
-1 1410777784.182725 action (-0.01)
-1 1410777790.799896 effect (-56.836369 0.02116)
-1 1410777811.474644 action (0.0)
-1 1410777816.988672 effect (-88.405921 0.002057)
-1 1410777838.345526 action (0.01)
-1 1410777843.737734 effect (128.416745 0.021311)
-1 1410777864.688817 action (0.02)
-1 1410777870.252416 effect (114.899714 0.064711)
-1 1410777892.140169 action (0.03)
-1 1410777898.084183 effect (157.243422 0.000543)
-1 1410777919.808874 action (0.04)
-1 1410777925.847658 effect (-71.803519 0.028626)
-1 1410777946.983167 action (0.05)
-1 1410777952.425621 effect (-167.738661 0.007348)
-1 1410777981.062700 action (-0.05)
-1 1410777987.907469 effect (25.631674 0.029287)
-1 1410778007.411070 action (-0.04)
-1 1410778013.523472 effect (35.753276 0.058014)
-1 1410778034.987251 action (-0.03)
-1 1410778040.465260 effect (152.064469 0.005486)
-1 1410778060.587428 action (-0.02)
-1 1410778066.332499 effect (-71.477319 0.035057)
-1 1410778085.947869 action (-0.01)
-1 1410778091.505164 effect (172.704876 0.013953)
-1 1410778111.424161 action (0.0)
-1 1410778116.448791 effect (26.087572 0.027674)
-1 1410778137.188675 action (0.01)
-1 1410778144.023352 effect (-3.281465 0.005928)
-1 1410778164.333492 action (0.02)
-1 1410778169.568309 effect (-12.449026 0.007859)
-1 1410778189.445846 action (0.03)
-1 1410778194.660383 effect (147.070481 0.010595)
-1 1410778214.775837 action (0.04)
-1 1410778220.741575 effect (122.561722 0.020885)
-1 1410778241.331696 action (0.05)
-1 1410778246.910102 effect (-7.312661 0.03253)
-1 1410778275.906356 action (-0.05)
-1 1410778282.891442 effect (82.830976 0.009754)
-1 1410778303.028366 action (-0.04)
-1 1410778308.300579 effect (102.710841 0.016456)
-1 1410778328.492221 action (-0.03)
-1 1410778334.981746 effect (77.845178 0.004971)
-1 1410778354.325553 action (-0.02)
-1 1410778360.177976 effect (11.410918 0.007451)
-1 1410778380.128015 action (-0.01)
-1 1410778385.446418 effect (144.000493 0.00727)
-1 1410778405.994220 action (0.0)
-1 1410778411.558938 effect (171.359166 0.035909)
-1 1410778431.274958 action (0.01)
-1 1410778437.161762 effect (-172.729696 0.01146)
-1 1410778457.053516 action (0.02)
-1 1410778462.660957 effect (116.274459 0.005728)
-1 1410778482.890384 action (0.03)
-1 1410778488.127462 effect (22.933738 0.054522)
-1 1410778507.862963 action (0.04)
-1 1410778513.074663 effect (-124.40728 0.008224)
-1 1410778532.843579 action (0.05)
-1 1410778537.961501 effect (28.809434 0.031582)
-1 1410778619.309237 action (-0.05)
-1 1410778624.895272 effect (159.049868 0.028222)
-1 1410778645.110633 action (-0.04)
-1 1410778650.737776 effect (-21.813133 0.020416)
-1 1410778670.999145 action (-0.03)
-1 1410778677.895586 effect (64.604166 0.033177)
-1 1410778697.813170 action (-0.02)
-1 1410778704.679287 effect (120.631657 0.023001)
-1 1410778724.612911 action (-0.01)
-1 1410778730.300705 effect (69.802087 0.202052)
-1 1410778750.984711 action (0.0)
-1 1410778756.187880 effect (-68.128552 0.007741)
-1 1410778776.050990 action (0.01)
-1 1410778781.462195 effect (-155.349457 0.012458)
-1 1410778801.775509 action (0.02)
-1 1410778806.999279 effect (164.162186 0.009171)
-1 1410778827.651770 action (0.03)
-1 1410778833.379871 effect (-103.352782 0.025767)
-1 1410778853.740532 action (0.04)
-1 1410778859.925709 effect (-55.445609 0.007451)
-1 1410778880.346326 action (0.05)
-1 1410778885.533344 effect (-107.66082 0.00384)
