-1 1409922553.874050 action (-0.05)
-1 1409922560.008481 effect (0.673966 0.164178)
-1 1409922568.829516 action (-0.04)
-1 1409922576.171200 effect (1.515534 0.168874)
-1 1409922590.288578 action (-0.03)
-1 1409922596.338094 effect (-1.043929 0.164119)
-1 1409922611.687622 action (-0.02)
-1 1409922619.749897 effect (45.072526 0.194903)
-1 1409922628.813670 action (-0.01)
-1 1409922635.932075 effect (-37.298342 0.194587)
-1 1409922644.927709 action (0.0)
-1 1409922652.970919 effect (-23.865235 0.177086)
-1 1409922666.487723 action (0.01)
-1 1409922674.528411 effect (-24.084501 0.153237)
-1 1409922685.703280 action (0.02)
-1 1409922692.836941 effect (17.914512 0.200707)
-1 1409922702.042823 action (0.03)
-1 1409922708.143247 effect (-35.664611 0.149114)
-1 1409922717.888879 action (0.04)
-1 1409922723.816307 effect (-24.757083 0.163731)
-1 1409922731.667537 action (0.05)
-1 1409922737.091485 effect (85.45693 0.006126)
-1 1409922751.454619 action (-0.05)
-1 1409922756.697166 effect (2.460022 0.166111)
-1 1409922766.855056 action (-0.04)
-1 1409922773.140598 effect (1.113617 0.164575)
-1 1409922786.607231 action (-0.03)
-1 1409922794.632104 effect (5.466503 0.164565)
-1 1409922810.184990 action (-0.02)
-1 1409922817.218462 effect (-5.41713 0.159444)
-1 1409922827.667847 action (-0.01)
-1 1409922835.799308 effect (-33.354316 0.175534)
-1 1409922845.729354 action (0.0)
-1 1409922853.764586 effect (-45.602505 0.355133)
-1 1409922865.974107 action (0.01)
-1 1409922874.098271 effect (-73.976879 0.276428)
-1 1409922886.262639 action (0.02)
-1 1409922892.381714 effect (-164.256288 0.003462)
-1 1409922901.009391 action (0.03)
-1 1409922906.251512 effect (-32.401771 0.172312)
-1 1409922914.602808 action (0.04)
-1 1409922919.839282 effect (33.180554 0.004545)
-1 1409922929.126533 action (0.05)
-1 1409922934.555401 effect (-89.765142 0.041699)
-1 1409922950.864179 action (-0.05)
-1 1409922956.995140 effect (-1.844993 0.165979)
-1 1409922966.798656 action (-0.04)
-1 1409922973.264734 effect (1.41742 0.170556)
-1 1409922988.853386 action (-0.03)
-1 1409922995.891844 effect (25.259167 0.240914)
-1 1409923012.149838 action (-0.02)
-1 1409923018.780515 effect (50.687149 0.085742)
-1 1409923028.355916 action (-0.01)
-1 1409923036.382722 effect (-30.545963 0.184803)
-1 1409923044.542911 action (0.0)
-1 1409923051.658064 effect (-31.488965 0.185443)
-1 1409923059.765321 action (0.01)
-1 1409923067.808455 effect (-38.215702 0.037384)
-1 1409923075.977386 action (0.02)
-1 1409923084.101305 effect (-161.481873 0.008039)
-1 1409923094.636768 action (0.03)
-1 1409923101.655971 effect (26.628967 0.200424)
-1 1409923109.947736 action (0.04)
-1 1409923115.369305 effect (170.405967 0.005308)
-1 1409923123.556698 action (0.05)
-1 1409923130.128535 effect (-65.965318 0.009646)
-1 1409923144.970632 action (-0.05)
-1 1409923149.992057 effect (13.726469 0.183722)
-1 1409923159.848882 action (-0.04)
-1 1409923167.207469 effect (2.309615 0.167308)
-1 1409923179.052242 action (-0.03)
-1 1409923186.206478 effect (12.744501 0.184977)
-1 1409923201.561797 action (-0.02)
-1 1409923209.659502 effect (5.186298 0.155247)
-1 1409923223.146708 action (-0.01)
-1 1409923230.291407 effect (-26.619006 0.177235)
-1 1409923239.616961 action (0.0)
-1 1409923247.640944 effect (-27.356459 0.164708)
-1 1409923255.671796 action (0.01)
-1 1409923263.719248 effect (-65.862523 0.024369)
-1 1409923273.959979 action (0.02)
-1 1409923279.984303 effect (14.516414 0.172969)
-1 1409923287.604883 action (0.03)
-1 1409923293.871739 effect (-116.716017 0.021264)
-1 1409923301.967005 action (0.04)
-1 1409923308.621285 effect (-3.485074 0.004444)
-1 1409923316.787243 action (0.05)
-1 1409923322.219131 effect (-80.494015 0.009173)
-1 1409923335.985532 action (-0.05)
-1 1409923342.104620 effect (2.695186 0.162633)
-1 1409923352.450667 action (-0.04)
-1 1409923358.619046 effect (2.887405 0.163912)
-1 1409923373.599231 action (-0.03)
-1 1409923379.639943 effect (3.216913 0.163466)
-1 1409923393.514104 action (-0.02)
-1 1409923399.543606 effect (1.260823 0.166054)
-1 1409923414.163760 action (-0.01)
-1 1409923420.191233 effect (-28.534829 0.164408)
-1 1409923430.986607 action (0.0)
-1 1409923437.046081 effect (-53.730685 0.377814)
-1 1409923446.148899 action (0.01)
-1 1409923454.278008 effect (-63.576955 0.029954)
-1 1409923463.494106 action (0.02)
-1 1409923471.534393 effect (-66.874468 0.017888)
-1 1409923482.115400 action (0.03)
-1 1409923488.146939 effect (25.005394 0.233994)
-1 1409923496.682497 action (0.04)
-1 1409923502.722775 effect (-36.129935 0.151774)
-1 1409923510.956344 action (0.05)
-1 1409923518.372107 effect (98.305686 0.0132)
-1 1409923532.035201 action (-0.05)
-1 1409923538.217355 effect (1.355246 0.164804)
-1 1409923549.097769 action (-0.04)
-1 1409923556.242262 effect (15.674169 0.183191)
-1 1409923566.782220 action (-0.03)
-1 1409923574.934625 effect (7.244246 0.16259)
-1 1409923585.429706 action (-0.02)
-1 1409923591.544550 effect (12.711794 0.189084)
-1 1409923602.748992 action (-0.01)
-1 1409923610.895127 effect (-34.220337 0.178489)
-1 1409923620.892369 action (0.0)
-1 1409923626.210090 effect (-53.278191 0.366829)
-1 1409923640.291472 action (0.01)
-1 1409923647.329284 effect (-67.596021 0.433919)
-1 1409923660.322394 action (0.02)
-1 1409923668.436037 effect (-29.91063 0.16595)
-1 1409923675.808950 action (0.03)
-1 1409923681.757627 effect (-116.900021 0.023135)
-1 1409923689.419905 action (0.04)
-1 1409923695.540917 effect (-99.010674 0.008228)
-1 1409923704.189960 action (0.05)
-1 1409923710.424058 effect (100.496854 0.011094)
-1 1409923724.279896 action (-0.05)
-1 1409923729.325027 effect (-0.840398 0.168542)
-1 1409923739.289451 action (-0.04)
-1 1409923744.327727 effect (3.723418 0.164555)
-1 1409923756.575598 action (-0.03)
-1 1409923764.609516 effect (-2.900762 0.169188)
-1 1409923779.865496 action (-0.02)
-1 1409923787.016321 effect (-8.333921 0.161553)
-1 1409923802.240006 action (-0.01)
-1 1409923810.373089 effect (-32.040626 0.169625)
-1 1409923819.207741 action (0.0)
-1 1409923825.231297 effect (-30.48402 0.167237)
-1 1409923838.067409 action (0.01)
-1 1409923845.097949 effect (-24.773407 0.172001)
-1 1409923855.958808 action (0.02)
-1 1409923864.087924 effect (-27.996443 0.045315)
-1 1409923872.290931 action (0.03)
-1 1409923879.329387 effect (-105.453583 0.025494)
-1 1409923886.859346 action (0.04)
-1 1409923893.990899 effect (48.465611 0.000361)
-1 1409923903.403058 action (0.05)
-1 1409923908.930033 effect (-85.099125 0.045641)
-1 1409923923.169658 action (-0.05)
-1 1409923929.430844 effect (-1.06217 0.173169)
-1 1409923938.536636 action (-0.04)
-1 1409923945.777326 effect (2.668732 0.166555)
-1 1409923957.048576 action (-0.03)
-1 1409923964.057832 effect (-0.60242 0.16662)
-1 1409923979.231794 action (-0.02)
-1 1409923987.351836 effect (-0.14532 0.153886)
-1 1409923996.589930 action (-0.01)
-1 1409924002.536900 effect (-23.30209 0.182759)
-1 1409924011.899235 action (0.0)
-1 1409924020.052692 effect (-25.811421 0.184231)
-1 1409924027.758824 action (0.01)
-1 1409924034.793808 effect (-107.483527 0.002753)
-1 1409924046.486678 action (0.02)
-1 1409924054.634638 effect (-20.168374 0.167919)
-1 1409924065.982279 action (0.03)
-1 1409924071.365156 effect (40.587297 0.010057)
-1 1409924079.158245 action (0.04)
-1 1409924085.197308 effect (-172.542811 0.004263)
-1 1409924093.315444 action (0.05)
-1 1409924098.846488 effect (-135.325305 0.008659)
-1 1409924112.539193 action (-0.05)
-1 1409924118.855322 effect (3.261282 0.167548)
-1 1409924129.767557 action (-0.04)
-1 1409924134.915168 effect (14.775726 0.141769)
-1 1409924145.800703 action (-0.03)
-1 1409924152.928661 effect (-1.415678 0.162666)
-1 1409924168.224402 action (-0.02)
-1 1409924176.321399 effect (-1.39748 0.15784)
-1 1409924193.531648 action (-0.01)
-1 1409924199.456713 effect (25.913566 0.194986)
-1 1409924209.385976 action (0.0)
-1 1409924216.505880 effect (-51.912577 0.372138)
-1 1409924229.328108 action (0.01)
-1 1409924237.474900 effect (-19.580576 0.160288)
-1 1409924245.628887 action (0.02)
-1 1409924253.753934 effect (-119.628362 0.03398)
-1 1409924264.967468 action (0.03)
-1 1409924271.093331 effect (-154.841233 0.003783)
-1 1409924280.009126 action (0.04)
-1 1409924287.059751 effect (-34.620205 0.192347)
-1 1409924295.386580 action (0.05)
-1 1409924300.517619 effect (-55.848931 0.007286)
-1 1409924314.995993 action (-0.05)
-1 1409924320.025928 effect (5.79613 0.17384)
-1 1409924331.673807 action (-0.04)
-1 1409924337.908767 effect (-1.713264 0.166004)
-1 1409924354.324129 action (-0.03)
-1 1409924361.366667 effect (-2.348885 0.162514)
-1 1409924371.369105 action (-0.02)
-1 1409924379.510082 effect (4.603988 0.172846)
-1 1409924395.483360 action (-0.01)
-1 1409924401.524295 effect (-29.462923 0.186629)
-1 1409924412.320211 action (0.0)
-1 1409924418.327049 effect (-36.522467 0.19847)
-1 1409924432.277463 action (0.01)
-1 1409924440.402858 effect (7.160241 0.150574)
-1 1409924449.640684 action (0.02)
-1 1409924456.690428 effect (-55.006354 0.011702)
-1 1409924464.425175 action (0.03)
-1 1409924470.354954 effect (-96.966627 0.02539)
-1 1409924478.198116 action (0.04)
-1 1409924483.512741 effect (-143.27662 0.008304)
-1 1409924492.701966 action (0.05)
-1 1409924499.242140 effect (-87.651991 0.085928)
-1 1409924515.292824 action (-0.05)
-1 1409924521.202434 effect (-37.687507 0.193304)
-1 1409924530.848233 action (-0.04)
-1 1409924536.804268 effect (0.839744 0.16036)
-1 1409924548.247985 action (-0.03)
-1 1409924556.375186 effect (-1.562339 0.165908)
-1 1409924570.674451 action (-0.02)
-1 1409924577.713514 effect (22.548735 0.192976)
-1 1409924590.552556 action (-0.01)
-1 1409924598.586469 effect (-36.792493 0.180182)
-1 1409924607.554651 action (0.0)
-1 1409924613.591764 effect (-26.066193 0.176305)
-1 1409924621.503582 action (0.01)
-1 1409924627.629420 effect (-79.116334 0.018658)
-1 1409924640.166287 action (0.02)
-1 1409924646.183023 effect (-40.156461 0.009622)
-1 1409924654.832642 action (0.03)
-1 1409924661.054018 effect (-88.930391 0.017925)
-1 1409924669.376182 action (0.04)
-1 1409924676.198894 effect (-173.203606 0.009511)
-1 1409924684.180371 action (0.05)
-1 1409924689.485663 effect (46.117614 0.000739)
-1 1409924704.878808 action (-0.05)
-1 1409924712.016933 effect (3.258668 0.171929)
-1 1409924724.538165 action (-0.04)
-1 1409924731.670485 effect (10.812308 0.176597)
-1 1409924741.425310 action (-0.03)
-1 1409924748.549450 effect (15.084648 0.183981)
-1 1409924761.794974 action (-0.02)
-1 1409924769.920537 effect (8.355265 0.163727)
-1 1409924780.882442 action (-0.01)
-1 1409924789.019343 effect (-33.904697 0.19566)
-1 1409924798.531971 action (0.0)
-1 1409924805.760856 effect (-47.461958 0.060806)
-1 1409924814.515685 action (0.01)
-1 1409924820.648637 effect (-23.350699 0.176451)
-1 1409924829.345280 action (0.02)
-1 1409924836.083866 effect (-123.802311 0.01076)
-1 1409924844.351728 action (0.03)
-1 1409924849.877962 effect (-94.796317 0.035542)
-1 1409924858.265994 action (0.04)
-1 1409924864.486510 effect (176.238311 0.013241)
-1 1409924872.644735 action (0.05)
-1 1409924878.141779 effect (-87.266398 0.003392)
-1 1409924894.000326 action (-0.05)
-1 1409924899.925031 effect (-36.430923 0.198309)
-1 1409924910.408842 action (-0.04)
-1 1409924915.538582 effect (3.402091 0.169397)
-1 1409924932.227294 action (-0.03)
-1 1409924939.358775 effect (-2.193854 0.16297)
-1 1409924954.476181 action (-0.02)
-1 1409924962.599963 effect (-3.330954 0.155041)
-1 1409924977.389681 action (-0.01)
-1 1409924985.505426 effect (-28.380261 0.182724)
-1 1409924996.530233 action (0.0)
-1 1409925004.560934 effect (-26.206286 0.171478)
-1 1409925018.947265 action (0.01)
-1 1409925025.977329 effect (-60.07515 0.29183)
-1 1409925035.307981 action (0.02)
-1 1409925042.526764 effect (-40.479918 0.013343)
-1 1409925050.926145 action (0.03)
-1 1409925056.837390 effect (-116.815304 0.021686)
-1 1409925065.877503 action (0.04)
-1 1409925072.997415 effect (-27.107547 0.137334)
-1 1409925080.880955 action (0.05)
-1 1409925086.072886 effect (71.142512 0.004385)
-1 1409925101.473035 action (-0.05)
-1 1409925107.531895 effect (-1.121983 0.165951)
-1 1409925117.603905 action (-0.04)
-1 1409925123.036504 effect (1.207826 0.171054)
-1 1409925135.745911 action (-0.03)
-1 1409925141.670746 effect (6.771009 0.164032)
-1 1409925156.956753 action (-0.02)
-1 1409925165.089697 effect (-55.336271 0.36337)
-1 1409925179.252805 action (-0.01)
-1 1409925187.271582 effect (-36.386846 0.213043)
-1 1409925198.179488 action (0.0)
-1 1409925206.322470 effect (-49.792728 0.375411)
-1 1409925218.633221 action (0.01)
-1 1409925226.758284 effect (-30.794335 0.180701)
-1 1409925237.042570 action (0.02)
-1 1409925242.354071 effect (-37.624934 0.013201)
-1 1409925250.361788 action (0.03)
-1 1409925256.311557 effect (-90.04626 0.029183)
-1 1409925264.228127 action (0.04)
-1 1409925271.237549 effect (-125.184227 0.010505)
-1 1409925279.116452 action (0.05)
-1 1409925285.350327 effect (-152.778757 0.004027)
-1 1409925300.115243 action (-0.05)
-1 1409925307.368836 effect (0.20508 0.160522)
-1 1409925316.912715 action (-0.04)
-1 1409925321.841803 effect (1.318246 0.163608)
-1 1409925331.204186 action (-0.03)
-1 1409925336.127103 effect (4.407881 0.170518)
-1 1409925350.629886 action (-0.02)
-1 1409925356.671022 effect (3.025767 0.170595)
-1 1409925371.390631 action (-0.01)
-1 1409925379.525390 effect (-29.633506 0.165847)
-1 1409925388.588634 action (0.0)
-1 1409925395.624321 effect (-36.150086 0.192289)
-1 1409925405.570931 action (0.01)
-1 1409925413.699007 effect (-23.330557 0.177341)
-1 1409925421.866748 action (0.02)
-1 1409925429.008337 effect (-97.167678 0.026102)
-1 1409925440.623296 action (0.03)
-1 1409925446.648926 effect (84.681029 0.009844)
-1 1409925455.818883 action (0.04)
-1 1409925461.227628 effect (-33.245686 0.183933)
-1 1409925469.478456 action (0.05)
-1 1409925474.831426 effect (-61.977222 0.011351)
