-1 1412157993.096275 toolpose 10 -90
-1 1412157993.096283 prediction 1 (0.1047)
-1 1412158011.101899 action (-0.03)
-1 1412158018.619683 effect (1.28109 0.120311)
-1 1412158046.242660 toolpose 10 -90
-1 1412158046.242668 prediction 1 (0.1047)
-1 1412158063.010258 action (-0.03)
-1 1412158070.305223 effect (-82.287179 0.065363)
-1 1412158084.131949 toolpose 10 -90
-1 1412158084.131957 prediction 2 (0.058577)
-1 1412158101.421253 action (-0.04)
-1 1412158108.984388 effect (-6.447907 0.18031)
-1 1412158197.167607 toolpose 10 0
-1 1412158197.167615 prediction 3 (0.135881)
-1 1412158215.401224 action (-0.01)
-1 1412158224.040474 effect (0.440311 0.07027)
-1 1412158249.589626 toolpose 10 0
-1 1412158249.589639 prediction 3 (0.135881)
-1 1412158267.586709 action (-0.01)
-1 1412158275.800377 effect (11.74041 0.106058)
-1 1412158291.953956 toolpose 10 0
-1 1412158291.953965 prediction 1 (0.1047)
-1 1412158309.814934 action (-0.03)
-1 1412158317.401716 effect (163.277132 0.016694)
-1 1412158399.326241 toolpose 10 90
-1 1412158399.326252 prediction 2 (0.058577)
-1 1412158418.089774 action (-0.04)
-1 1412158426.773865 effect (22.51962 0.064817)
-1 1412158445.959969 toolpose 10 90
-1 1412158445.959980 prediction 2 (0.058577)
-1 1412158465.683386 action (-0.04)
-1 1412158474.541590 effect (-46.600355 0.01343)
-1 1412158483.130023 toolpose 10 90
-1 1412158483.130032 prediction 2 (0.058577)
-1 1412158500.234919 action (-0.04)
-1 1412158508.166780 effect (62.940066 0.025492)
-1 1412158551.382006 toolpose 11 -90
-1 1412158551.382031 prediction 1 (0.1047)
-1 1412158568.887590 action (-0.03)
-1 1412158576.527256 effect (35.979578 0.196617)
-1 1412158591.355938 toolpose 11 -90
-1 1412158591.355945 prediction 1 (0.1047)
-1 1412158609.128468 action (-0.03)
-1 1412158617.026236 effect (9.335954 0.231081)
-1 1412158628.420015 toolpose 11 -90
-1 1412158628.420023 prediction 1 (0.1047)
-1 1412158648.046811 action (-0.03)
-1 1412158655.989283 effect (7.438098 0.157216)
-1 1412158695.455346 toolpose 11 0
-1 1412158695.455354 prediction 1 (0.1047)
-1 1412158711.973694 action (-0.03)
-1 1412158721.165357 effect (-10.213296 0.198368)
-1 1412158738.036938 toolpose 11 0
-1 1412158738.036949 prediction 3 (0.135881)
-1 1412158755.533719 action (-0.01)
-1 1412158764.358007 effect (-10.790228 0.232024)
-1 1412158775.017610 toolpose 11 0
-1 1412158775.017644 prediction 1 (0.1047)
-1 1412158793.913803 action (-0.03)
-1 1412158801.463538 effect (31.854328 0.202128)
-1 1412158856.659742 toolpose 11 90
-1 1412158856.659750 prediction 3 (0.135881)
-1 1412158875.710180 action (-0.01)
-1 1412158883.241846 effect (5.961088 0.037479)
-1 1412158856.659742 toolpose 11 90
-1 1412158933.383697 prediction 3 (0.135881)
-1 1412158952.203410 action (-0.01)
-1 1412158959.660637 effect (-27.40791 0.020183)
-1 1412158856.659742 toolpose 11 90
-1 1412158978.140208 prediction 3 (0.135881)
-1 1412158996.988908 action (-0.01)
-1 1412159004.067004 effect (-4.47169 0.222534)
-1 1412159171.321138 toolpose 12 -90
-1 1412159171.321159 prediction 3 (0.135881)
-1 1412159188.617880 action (-0.01)
-1 1412159195.653333 effect (-111.558398 0.093863)
-1 1412159171.321138 toolpose 12 -90
-1 1412159218.210792 prediction 2 (0.058577)
-1 1412159236.750067 action (-0.04)
-1 1412159244.022380 effect (-99.277581 0.126466)
-1 1412159272.176074 toolpose 12 -90
-1 1412159272.176085 prediction 3 (0.135881)
-1 1412159289.572474 action (-0.01)
-1 1412159297.264292 effect (18.15248 0.138481)
-1 1412159335.023518 toolpose 12 0
-1 1412159335.023528 prediction 1 (0.1047)
-1 1412159354.279142 action (-0.03)
-1 1412159362.505433 effect (-89.391922 0.130075)
-1 1412159379.373110 toolpose 12 0
-1 1412159379.373126 prediction 1 (0.1047)
-1 1412159397.121063 action (-0.03)
-1 1412159404.982903 effect (-29.995226 0.196311)
-1 1412159379.373110 toolpose 12 0
-1 1412159429.025637 prediction 1 (0.1047)
-1 1412159447.561780 action (-0.03)
-1 1412159456.283903 effect (-14.407743 0.161011)
-1 1412159498.916172 toolpose 12 90
-1 1412159498.916182 prediction 3 (0.135881)
-1 1412159517.194595 action (-0.01)
-1 1412159524.974441 effect (-75.636342 0.096478)
-1 1412159498.916172 toolpose 12 90
-1 1412159539.098525 prediction 3 (0.135881)
-1 1412159556.273263 action (-0.01)
-1 1412159563.304741 effect (-97.407843 0.085714)
-1 1412159579.621569 toolpose 12 90
-1 1412159579.621581 prediction 3 (0.135881)
-1 1412159596.816926 action (-0.01)
-1 1412159603.442124 effect (-89.572786 0.106163)
-1 1412159646.400073 toolpose 13 -90
-1 1412159646.400084 prediction 3 (0.135881)
-1 1412159664.971514 action (-0.01)
-1 1412159671.902968 effect (-90.263893 0.119007)
-1 1412159691.471997 toolpose 13 -90
-1 1412159691.472005 prediction 3 (0.135881)
-1 1412159709.166341 action (-0.01)
-1 1412159716.209204 effect (79.643699 0.098767)
-1 1412159691.471997 toolpose 13 -90
-1 1412159731.268477 prediction 3 (0.135881)
-1 1412159749.786941 action (-0.01)
-1 1412159758.009245 effect (35.273139 0.154306)
-1 1412159792.954393 toolpose 13 0
-1 1412159792.954406 prediction 1 (0.1047)
-1 1412159811.716994 action (-0.03)
-1 1412159819.316665 effect (-38.446542 0.229815)
-1 1412159845.159837 toolpose 13 0
-1 1412159845.159846 prediction 3 (0.135881)
-1 1412159863.039438 action (-0.01)
-1 1412159871.216139 effect (129.155503 0.064985)
-1 1412159896.160519 toolpose 13 0
-1 1412159896.160538 prediction 1 (0.1047)
-1 1412159914.610527 action (-0.03)
-1 1412159922.015485 effect (-11.277577 0.144297)
-1 1412160005.589261 toolpose 13 -90
-1 1412160005.589273 prediction 1 (0.1047)
-1 1412160024.023263 action (-0.03)
-1 1412160032.231519 effect (-113.646088 0.105454)
-1 1412160053.164676 toolpose 13 -90
-1 1412160053.164686 prediction 3 (0.135881)
-1 1412160072.354876 action (-0.01)
-1 1412160079.638587 effect (-50.597782 0.057258)
-1 1412160107.463411 toolpose 13 -90
-1 1412160107.463420 prediction 3 (0.135881)
-1 1412160125.747344 action (-0.01)
-1 1412160132.872378 effect (-20.60241 0.074484)