-1 1410857976.696416 action (-0.05)
-1 1410857982.928544 effect (73.24773 0.022833)
-1 1410857992.942738 action (-0.04)
-1 1410857998.576746 effect (8.246557 0.087672)
-1 1410858009.600027 action (-0.03)
-1 1410858015.231224 effect (120.118613 0.075908)
-1 1410858031.329505 action (-0.02)
-1 1410858037.047199 effect (53.416575 0.190013)
-1 1410858052.096423 action (-0.01)
-1 1410858057.871247 effect (-129.572174 0.03882)
-1 1410858066.635395 action (0.0)
-1 1410858073.759361 effect (77.136949 0.015534)
-1 1410858086.804468 action (0.01)
-1 1410858092.516633 effect (110.800238 0.008445)
-1 1410858105.495890 action (0.02)
-1 1410858111.306820 effect (-168.249247 0.072638)
-1 1410858121.495051 action (0.03)
-1 1410858127.211964 effect (-112.447321 0.016813)
-1 1410858135.962684 action (0.04)
-1 1410858142.777819 effect (-106.965338 0.020802)
-1 1410858151.605542 action (0.05)
-1 1410858157.226039 effect (114.288707 0.007539)
-1 1410858172.251185 action (-0.05)
-1 1410858178.027848 effect (2.261505 0.076805)
-1 1410858188.137483 action (-0.04)
-1 1410858193.805539 effect (28.392357 0.057422)
-1 1410858203.740170 action (-0.03)
-1 1410858209.458485 effect (33.215616 0.06773)
-1 1410858223.060246 action (-0.02)
-1 1410858228.868245 effect (25.282592 0.094543)
-1 1410858244.857247 action (-0.01)
-1 1410858252.490512 effect (40.257275 0.151081)
-1 1410858261.319848 action (0.0)
-1 1410858267.544440 effect (-74.821385 0.003322)
-1 1410858280.834144 action (0.01)
-1 1410858286.605255 effect (60.566918 0.008226)
-1 1410858299.454857 action (0.02)
-1 1410858305.367036 effect (-167.596703 0.111589)
-1 1410858316.075703 action (0.03)
-1 1410858321.887924 effect (174.857327 0.089781)
-1 1410858331.557548 action (0.04)
-1 1410858337.183035 effect (-99.321304 0.02173)
-1 1410858345.895445 action (0.05)
-1 1410858351.725255 effect (-112.536052 0.011271)
-1 1410858366.724238 action (-0.05)
-1 1410858372.379861 effect (5.346198 0.114264)
-1 1410858383.808353 action (-0.04)
-1 1410858389.565971 effect (11.677623 0.058906)
-1 1410858400.649833 action (-0.03)
-1 1410858407.678610 effect (23.113431 0.076183)
-1 1410858419.055514 action (-0.02)
-1 1410858425.247362 effect (26.474735 0.117217)
-1 1410858441.335036 action (-0.01)
-1 1410858447.535588 effect (56.013484 0.186856)
-1 1410858456.400358 action (0.0)
-1 1410858462.122185 effect (88.5687 0.008599)
-1 1410858476.451109 action (0.01)
-1 1410858482.187838 effect (-3.018777 0.047641)
-1 1410858495.765399 action (0.02)
-1 1410858501.574240 effect (166.769565 0.059035)
-1 1410858511.306295 action (0.03)
-1 1410858517.016417 effect (-95.470331 0.018054)
-1 1410858527.714736 action (0.04)
-1 1410858533.336888 effect (-38.615498 0.148635)
-1 1410858543.073262 action (0.05)
-1 1410858549.195225 effect (-118.920486 0.01351)
-1 1410858564.450813 action (-0.05)
-1 1410858570.077323 effect (10.251963 0.056702)
-1 1410858579.708157 action (-0.04)
-1 1410858585.364979 effect (24.271704 0.045984)
-1 1410858596.231932 action (-0.03)
-1 1410858602.172155 effect (20.426761 0.077088)
-1 1410858614.110915 action (-0.02)
-1 1410858619.943289 effect (17.600555 0.117291)
-1 1410858635.709197 action (-0.01)
-1 1410858641.628544 effect (-22.228195 0.007898)
-1 1410858650.584432 action (0.0)
-1 1410858657.610839 effect (85.946525 0.004888)
-1 1410858671.248015 action (0.01)
-1 1410858676.970488 effect (83.73909 0.004849)
-1 1410858690.225783 action (0.02)
-1 1410858695.844090 effect (169.948604 0.05379)
-1 1410858705.841430 action (0.03)
-1 1410858711.595266 effect (-99.953683 0.016682)
-1 1410858720.346353 action (0.04)
-1 1410858726.088424 effect (-102.81716 0.023879)
-1 1410858734.996901 action (0.05)
-1 1410858740.613185 effect (-85.804423 0.012822)
-1 1410858757.198484 action (-0.05)
-1 1410858762.847050 effect (21.384896 0.057639)
-1 1410858772.397472 action (-0.04)
-1 1410858778.148134 effect (8.232136 0.082018)
-1 1410858789.598476 action (-0.03)
-1 1410858795.814428 effect (20.968227 0.083333)
-1 1410858810.139672 action (-0.02)
-1 1410858816.054931 effect (25.782298 0.088778)
-1 1410858829.399661 action (-0.01)
-1 1410858835.236275 effect (24.710834 0.004993)
-1 1410858844.599010 action (0.0)
-1 1410858850.836330 effect (-32.241039 0.004315)
-1 1410858863.970810 action (0.01)
-1 1410858869.687226 effect (63.335479 0.016255)
-1 1410858882.207358 action (0.02)
-1 1410858888.216627 effect (176.902696 0.07346)
-1 1410858898.881861 action (0.03)
-1 1410858904.610367 effect (-124.173983 0.018457)
-1 1410858913.223498 action (0.04)
-1 1410858918.928163 effect (-111.779837 0.016075)
-1 1410858927.749834 action (0.05)
-1 1410858933.392224 effect (-111.90499 0.006475)
-1 1410858949.398482 action (-0.05)
-1 1410858956.249313 effect (-2.52615 0.070678)
-1 1410858966.435058 action (-0.04)
-1 1410858972.184754 effect (15.436414 0.064239)
-1 1410858983.207152 action (-0.03)
-1 1410858988.917658 effect (21.069208 0.082458)
-1 1410859001.882342 action (-0.02)
-1 1410859009.383466 effect (25.45147 0.090639)
-1 1410859023.756057 action (-0.01)
-1 1410859030.687755 effect (32.55506 0.006953)
-1 1410859040.089679 action (0.0)
-1 1410859045.802342 effect (65.504381 0.017596)
-1 1410859058.956661 action (0.01)
-1 1410859065.168700 effect (62.660625 0.014896)
-1 1410859078.683136 action (0.02)
-1 1410859084.314852 effect (152.288117 0.043788)
-1 1410859095.395414 action (0.03)
-1 1410859101.333690 effect (166.932695 0.077773)
-1 1410859110.652091 action (0.04)
-1 1410859116.266611 effect (-88.304259 0.018142)
-1 1410859125.896464 action (0.05)
-1 1410859131.513986 effect (-99.444033 0.016893)
-1 1410859145.447180 action (-0.05)
-1 1410859151.196019 effect (118.776587 0.039994)
-1 1410859161.150985 action (-0.04)
-1 1410859166.813776 effect (10.283833 0.112003)
-1 1410859177.489181 action (-0.03)
-1 1410859183.311925 effect (20.924649 0.075069)
-1 1410859196.832826 action (-0.02)
-1 1410859202.569042 effect (22.8268 0.099139)
-1 1410859216.425011 action (-0.01)
-1 1410859223.458582 effect (-45.029325 0.009903)
-1 1410859232.771261 action (0.0)
-1 1410859238.597336 effect (41.745767 0.012094)
-1 1410859251.850186 action (0.01)
-1 1410859257.656486 effect (74.453602 0.019192)
-1 1410859269.030377 action (0.02)
-1 1410859274.855832 effect (-97.069987 0.025648)
-1 1410859285.268016 action (0.03)
-1 1410859292.209934 effect (-124.824655 0.021088)
-1 1410859300.870485 action (0.04)
-1 1410859306.982628 effect (-108.478561 0.008437)
-1 1410859315.946566 action (0.05)
-1 1410859321.569678 effect (118.360288 0.005369)
-1 1410859337.560717 action (-0.05)
-1 1410859345.027898 effect (60.260182 0.024797)
-1 1410859354.548988 action (-0.04)
-1 1410859360.203392 effect (29.821495 0.073136)
-1 1410859370.524911 action (-0.03)
-1 1410859376.356393 effect (24.115379 0.076507)
-1 1410859390.542363 action (-0.02)
-1 1410859396.165784 effect (29.519899 0.085539)
-1 1410859411.179857 action (-0.01)
-1 1410859418.412157 effect (-78.81757 0.023087)
-1 1410859427.209360 action (0.0)
-1 1410859433.423742 effect (49.589716 0.005385)
-1 1410859446.852602 action (0.01)
-1 1410859452.673319 effect (125.848208 0.010509)
-1 1410859465.181260 action (0.02)
-1 1410859470.803606 effect (-176.867122 0.092728)
-1 1410859481.675378 action (0.03)
-1 1410859487.499598 effect (173.270355 0.104857)
-1 1410859496.891829 action (0.04)
-1 1410859502.732180 effect (-97.626246 0.021158)
-1 1410859511.857613 action (0.05)
-1 1410859517.702513 effect (167.534574 0.003314)
-1 1410859533.114214 action (-0.05)
-1 1410859538.822486 effect (30.141792 0.047646)
-1 1410859549.137512 action (-0.04)
-1 1410859554.765298 effect (29.480684 0.062599)
-1 1410859564.880198 action (-0.03)
-1 1410859570.530269 effect (22.057876 0.073143)
-1 1410859584.251626 action (-0.02)
-1 1410859591.274757 effect (25.016414 0.088298)
-1 1410859606.066980 action (-0.01)
-1 1410859611.888322 effect (-1.706264 0.047649)
-1 1410859621.353368 action (0.0)
-1 1410859627.259800 effect (130.948515 0.004428)
-1 1410859640.188816 action (0.01)
-1 1410859646.026044 effect (-99.822953 0.022295)
-1 1410859659.397584 action (0.02)
-1 1410859665.403681 effect (167.626317 0.058193)
-1 1410859676.453963 action (0.03)
-1 1410859682.373777 effect (170.59682 0.091463)
-1 1410859693.184489 action (0.04)
-1 1410859698.807940 effect (-33.847039 0.142778)
-1 1410859707.967944 action (0.05)
-1 1410859713.589624 effect (-68.092736 0.004195)
-1 1410859730.284870 action (-0.05)
-1 1410859735.944783 effect (37.93793 0.040344)
-1 1410859748.382575 action (-0.04)
-1 1410859754.227435 effect (32.211384 0.055955)
-1 1410859765.828775 action (-0.03)
-1 1410859771.746226 effect (19.00983 0.081175)
-1 1410859784.725917 action (-0.02)
-1 1410859790.752972 effect (17.512335 0.122773)
-1 1410859805.444624 action (-0.01)
-1 1410859812.669539 effect (-21.677469 0.043935)
-1 1410859821.662641 action (0.0)
-1 1410859827.385036 effect (-80.040901 0.003883)
-1 1410859840.963560 action (0.01)
-1 1410859847.167172 effect (70.724039 0.011361)
-1 1410859859.335096 action (0.02)
-1 1410859865.250216 effect (-162.912157 0.112322)
-1 1410859876.255467 action (0.03)
-1 1410859881.965523 effect (168.57427 0.076419)
-1 1410859891.202614 action (0.04)
-1 1410859896.960320 effect (-90.340481 0.025091)
-1 1410859905.945250 action (0.05)
-1 1410859911.558367 effect (-118.986157 0.006822)
-1 1410859928.808827 action (-0.05)
-1 1410859933.119716 effect (-2.434632 0.092683)
-1 1410859942.803193 action (-0.04)
-1 1410859948.626445 effect (11.826243 0.111443)
-1 1410859958.616957 action (-0.03)
-1 1410859964.485463 effect (22.324463 0.079872)
-1 1410859977.161484 action (-0.02)
-1 1410859983.391659 effect (30.361169 0.085313)
-1 1410859999.356117 action (-0.01)
-1 1410860005.608462 effect (13.847504 0.154326)
-1 1410860015.017878 action (0.0)
-1 1410860021.356533 effect (17.252316 0.004387)
-1 1410860034.326982 action (0.01)
-1 1410860040.056403 effect (-30.530702 0.003561)
-1 1410860052.075157 action (0.02)
-1 1410860057.885242 effect (-175.62532 0.085898)
-1 1410860068.878066 action (0.03)
-1 1410860075.890970 effect (170.711861 0.084141)
-1 1410860086.447321 action (0.04)
-1 1410860092.171771 effect (-108.578452 0.016826)
-1 1410860101.565163 action (0.05)
-1 1410860107.189875 effect (-86.166079 0.005324)
-1 1410860122.863307 action (-0.05)
-1 1410860130.404752 effect (127.284629 0.119886)
-1 1410860141.778799 action (-0.04)
-1 1410860147.991280 effect (25.52385 0.05623)
-1 1410860160.257950 action (-0.03)
-1 1410860166.086378 effect (24.067834 0.072015)
-1 1410860177.331941 action (-0.02)
-1 1410860183.454368 effect (27.404429 0.090761)
-1 1410860199.068885 action (-0.01)
-1 1410860203.910131 effect (-89.877102 0.020413)
-1 1410860212.906831 action (0.0)
-1 1410860218.647716 effect (-84.631491 0.007876)
-1 1410860232.020309 action (0.01)
-1 1410860237.724427 effect (73.812338 0.01653)
-1 1410860250.151482 action (0.02)
-1 1410860257.255087 effect (172.571193 0.095804)
-1 1410860270.141568 action (0.03)
-1 1410860275.945822 effect (174.311364 0.081187)
-1 1410860285.236021 action (0.04)
-1 1410860290.941909 effect (-95.631976 0.016957)
-1 1410860299.706835 action (0.05)
-1 1410860305.523067 effect (-69.644631 0.011123)
-1 1410860321.292579 action (-0.05)
-1 1410860325.621599 effect (5.706535 0.113579)
-1 1410860335.696599 action (-0.04)
-1 1410860341.954196 effect (18.218639 0.050162)
-1 1410860353.000053 action (-0.03)
-1 1410860358.720574 effect (20.194884 0.07565)
-1 1410860372.364910 action (-0.02)
-1 1410860379.401100 effect (22.102311 0.087198)
-1 1410860395.626957 action (-0.01)
-1 1410860401.338175 effect (-157.918081 0.00191)
-1 1410860410.328424 action (0.0)
-1 1410860416.145880 effect (-25.169696 0.004571)
-1 1410860430.180344 action (0.01)
-1 1410860435.996749 effect (59.747571 0.00781)
-1 1410860450.722068 action (0.02)
-1 1410860456.429106 effect (167.871637 0.075487)
-1 1410860467.270911 action (0.03)
-1 1410860474.575405 effect (166.177417 0.096446)
-1 1410860483.608478 action (0.04)
-1 1410860489.236287 effect (-71.896406 0.012741)
-1 1410860498.991109 action (0.05)
-1 1410860504.699953 effect (-77.252657 0.012245)
-1 1410860518.117542 action (-0.05)
-1 1410860523.853808 effect (94.830381 0.0514)
-1 1410860534.947912 action (-0.04)
-1 1410860540.562990 effect (10.91865 0.06866)
-1 1410860551.821484 action (-0.03)
-1 1410860557.469962 effect (23.379553 0.07488)
-1 1410860570.118256 action (-0.02)
-1 1410860576.148578 effect (28.653876 0.089644)
-1 1410860591.291831 action (-0.01)
-1 1410860597.129066 effect (-176.922736 0.006058)
-1 1410860606.005381 action (0.0)
-1 1410860611.738369 effect (-60.843769 0.012479)
-1 1410860625.139886 action (0.01)
-1 1410860630.955923 effect (-55.360992 0.001841)
-1 1410860644.341305 action (0.02)
-1 1410860649.967131 effect (-170.987827 0.071488)
-1 1410860660.779119 action (0.03)
-1 1410860666.378425 effect (168.142348 0.079538)
-1 1410860675.323264 action (0.04)
-1 1410860680.950302 effect (-128.072301 0.00829)
-1 1410860691.755925 action (0.05)
-1 1410860697.453238 effect (-93.591968 0.028992)
-1 1410860716.013268 action (-0.05)
-1 1410860722.233828 effect (13.172723 0.058345)
-1 1410860731.789231 action (-0.04)
-1 1410860737.433234 effect (21.004021 0.070539)
-1 1410860749.099841 action (-0.03)
-1 1410860754.805160 effect (19.448092 0.078776)
-1 1410860767.965647 action (-0.02)
-1 1410860773.903532 effect (22.888187 0.099135)
-1 1410860789.741965 action (-0.01)
-1 1410860795.959770 effect (-74.799168 0.287839)
-1 1410860805.486740 action (0.0)
-1 1410860811.607952 effect (78.777018 0.008603)
-1 1410860825.080381 action (0.01)
-1 1410860830.687098 effect (86.819181 0.012015)
-1 1410860844.278602 action (0.02)
-1 1410860851.305509 effect (172.808766 0.09076)
-1 1410860860.183019 action (0.03)
-1 1410860865.900321 effect (-89.554198 0.041031)
-1 1410860876.268366 action (0.04)
-1 1410860881.902614 effect (-46.26895 0.064047)
-1 1410860891.138207 action (0.05)
-1 1410860896.751967 effect (-107.518304 0.010407)
