-1 1411036163.570689 action (-0.05)
-1 1411036168.620803 effect (-1.772228 0.16865)
-1 1411036177.978526 action (-0.04)
-1 1411036185.102889 effect (0.802619 0.165206)
-1 1411036196.326179 action (-0.03)
-1 1411036203.529790 effect (-5.700058 0.16692)
-1 1411036217.443165 action (-0.02)
-1 1411036223.344802 effect (-44.857979 0.05923)
-1 1411036237.128304 action (-0.01)
-1 1411036244.166957 effect (45.042337 0.0196)
-1 1411036252.476384 action (0.0)
-1 1411036258.624707 effect (14.663431 0.031452)
-1 1411036272.754206 action (0.01)
-1 1411036279.767708 effect (74.969905 0.017128)
-1 1411036287.300621 action (0.02)
-1 1411036293.414490 effect (-87.13668 0.045884)
-1 1411036301.648109 action (0.03)
-1 1411036307.053480 effect (-35.941942 0.022404)
-1 1411036315.134697 action (0.04)
-1 1411036320.636714 effect (-63.940495 0.011828)
-1 1411036329.764603 action (0.05)
-1 1411036335.182341 effect (-87.933079 0.029751)
-1 1411036350.235396 action (-0.05)
-1 1411036356.512448 effect (8.274975 0.163127)
-1 1411036365.177229 action (-0.04)
-1 1411036371.330596 effect (1.756416 0.162145)
-1 1411036380.928463 action (-0.03)
-1 1411036388.250023 effect (8.604099 0.175363)
-1 1411036402.018624 action (-0.02)
-1 1411036408.044438 effect (9.031189 0.168317)
-1 1411036421.859355 action (-0.01)
-1 1411036427.771644 effect (-3.527429 0.007362)
-1 1411036441.368913 action (0.0)
-1 1411036447.377637 effect (-50.226195 0.001542)
-1 1411036456.879638 action (0.01)
-1 1411036462.780102 effect (-3.04268 0.16637)
-1 1411036476.665375 action (0.02)
-1 1411036482.595093 effect (70.79888 0.01206)
-1 1411036490.515002 action (0.03)
-1 1411036496.736635 effect (-130.849942 0.028942)
-1 1411036504.859450 action (0.04)
-1 1411036510.374240 effect (-153.98869 0.003789)
-1 1411036519.661038 action (0.05)
-1 1411036525.176661 effect (-82.501111 0.048642)
-1 1411036539.706922 action (-0.05)
-1 1411036544.665933 effect (7.885382 0.177863)
-1 1411036554.447626 action (-0.04)
-1 1411036559.678878 effect (0.992353 0.172962)
-1 1411036568.696590 action (-0.03)
-1 1411036575.808630 effect (4.400144 0.163963)
-1 1411036592.179530 action (-0.02)
-1 1411036600.311026 effect (-96.330796 0.029799)
-1 1411036613.889013 action (-0.01)
-1 1411036619.916678 effect (36.346826 0.036254)
-1 1411036633.304652 action (0.0)
-1 1411036639.346495 effect (73.426625 0.002367)
-1 1411036651.031497 action (0.01)
-1 1411036657.949213 effect (72.334301 0.01266)
-1 1411036671.687890 action (0.02)
-1 1411036678.603029 effect (30.291209 0.01974)
-1 1411036686.252700 action (0.03)
-1 1411036693.387837 effect (-81.394757 0.021645)
-1 1411036700.896535 action (0.04)
-1 1411036706.309348 effect (3.397046 0.010462)
-1 1411036714.430999 action (0.05)
-1 1411036719.751952 effect (25.343605 0.022215)
-1 1411036735.277353 action (-0.05)
-1 1411036741.516168 effect (4.700626 0.179268)
-1 1411036750.439565 action (-0.04)
-1 1411036755.274372 effect (-1.019911 0.16354)
-1 1411036765.638134 action (-0.03)
-1 1411036772.658281 effect (-10.634148 0.162369)
-1 1411036783.071332 action (-0.02)
-1 1411036790.176380 effect (-9.759328 0.172544)
-1 1411036804.453639 action (-0.01)
-1 1411036812.472933 effect (39.4093 0.013726)
-1 1411036827.344663 action (0.0)
-1 1411036835.480247 effect (12.647853 0.016635)
-1 1411036850.359609 action (0.01)
-1 1411036858.463004 effect (37.817446 0.005501)
-1 1411036871.998693 action (0.02)
-1 1411036878.119048 effect (63.046936 0.018612)
-1 1411036886.349316 action (0.03)
-1 1411036892.464649 effect (-34.844686 0.193677)
-1 1411036900.775048 action (0.04)
-1 1411036906.193824 effect (1.897278 0.003911)
-1 1411036914.320296 action (0.05)
-1 1411036920.855260 effect (-154.339858 0.0116)
-1 1411036935.612164 action (-0.05)
-1 1411036941.745092 effect (-1.445341 0.162207)
-1 1411036951.891711 action (-0.04)
-1 1411036956.837315 effect (0.462597 0.167256)
-1 1411036967.676374 action (-0.03)
-1 1411036975.803102 effect (-6.32589 0.164537)
-1 1411036985.877396 action (-0.02)
-1 1411036992.006005 effect (-10.417026 0.165761)
-1 1411037005.441027 action (-0.01)
-1 1411037013.353929 effect (-24.26451 0.049437)
-1 1411037021.745162 action (0.0)
-1 1411037029.164469 effect (9.699013 0.023817)
-1 1411037043.414096 action (0.01)
-1 1411037049.444619 effect (-56.794344 0.033926)
-1 1411037064.258396 action (0.02)
-1 1411037072.281799 effect (-156.493068 0.030764)
-1 1411037079.597001 action (0.03)
-1 1411037086.790922 effect (-82.163502 0.021442)
-1 1411037094.773456 action (0.04)
-1 1411037100.388340 effect (-69.839431 0.010874)
-1 1411037108.361747 action (0.05)
-1 1411037113.676739 effect (-106.041292 0.007573)
-1 1411037127.157984 action (-0.05)
-1 1411037133.399285 effect (-1.822196 0.155785)
-1 1411037143.592226 action (-0.04)
-1 1411037149.827874 effect (0.299571 0.16588)
-1 1411037158.870573 action (-0.03)
-1 1411037166.114678 effect (-5.294481 0.156916)
-1 1411037175.906542 action (-0.02)
-1 1411037183.337930 effect (-9.045395 0.165106)
-1 1411037197.371042 action (-0.01)
-1 1411037205.290269 effect (-45.495166 0.015659)
-1 1411037218.910094 action (0.0)
-1 1411037224.834538 effect (-47.998324 0.0045)
-1 1411037236.969094 action (0.01)
-1 1411037244.990771 effect (-35.664366 0.024637)
-1 1411037255.903904 action (0.02)
-1 1411037263.026741 effect (2.621529 0.166301)
-1 1411037271.313152 action (0.03)
-1 1411037276.839307 effect (-79.006247 0.021742)
-1 1411037285.210421 action (0.04)
-1 1411037291.411787 effect (-123.71643 0.01126)
-1 1411037299.478278 action (0.05)
-1 1411037304.893110 effect (-17.505344 0.004511)
-1 1411037319.255706 action (-0.05)
-1 1411037324.437127 effect (-3.605533 0.169067)
-1 1411037334.559326 action (-0.04)
-1 1411037339.602940 effect (1.083795 0.175427)
-1 1411037350.883130 action (-0.03)
-1 1411037357.796695 effect (-8.830178 0.162646)
-1 1411037371.161414 action (-0.02)
-1 1411037378.189042 effect (-79.815758 0.050058)
-1 1411037392.912075 action (-0.01)
-1 1411037399.943640 effect (-11.669736 0.013633)
-1 1411037413.698556 action (0.0)
-1 1411037421.732384 effect (-69.827437 0.027936)
-1 1411037435.336830 action (0.01)
-1 1411037443.470829 effect (59.429558 0.000675)
-1 1411037452.016036 action (0.02)
-1 1411037458.236637 effect (-81.545277 0.027194)
-1 1411037466.322300 action (0.03)
-1 1411037472.553265 effect (-92.857239 0.027826)
-1 1411037480.901251 action (0.04)
-1 1411037486.418175 effect (90.722553 0.001159)
-1 1411037494.323627 action (0.05)
-1 1411037500.445903 effect (173.972415 0.002263)
-1 1411037514.221731 action (-0.05)
-1 1411037520.150022 effect (-4.941118 0.179211)
-1 1411037530.055225 action (-0.04)
-1 1411037535.166295 effect (-0.397296 0.159543)
-1 1411037544.718797 action (-0.03)
-1 1411037551.840859 effect (3.081614 0.160579)
-1 1411037566.088846 action (-0.02)
-1 1411037572.013417 effect (-87.423444 0.015037)
-1 1411037586.803809 action (-0.01)
-1 1411037593.834836 effect (81.107463 0.023076)
-1 1411037602.529558 action (0.0)
-1 1411037608.650076 effect (79.438375 0.003175)
-1 1411037622.396809 action (0.01)
-1 1411037630.423636 effect (-3.028379 0.033149)
-1 1411037640.040799 action (0.02)
-1 1411037648.063973 effect (-27.187813 0.154404)
-1 1411037656.059281 action (0.03)
-1 1411037663.501336 effect (-90.058146 0.03083)
-1 1411037672.848013 action (0.04)
-1 1411037678.980827 effect (-37.15607 0.13536)
-1 1411037687.155188 action (0.05)
-1 1411037692.681672 effect (-7.000037 0.006999)
-1 1411037708.419977 action (-0.05)
-1 1411037714.565177 effect (-6.614237 0.171094)
-1 1411037723.546000 action (-0.04)
-1 1411037729.684632 effect (1.546122 0.159048)
-1 1411037740.468878 action (-0.03)
-1 1411037748.494999 effect (-6.83168 0.166696)
-1 1411037759.149389 action (-0.02)
-1 1411037765.262434 effect (6.175232 0.172887)
-1 1411037779.710063 action (-0.01)
-1 1411037785.634226 effect (64.061508 0.01642)
-1 1411037794.114072 action (0.0)
-1 1411037800.227259 effect (-32.279615 0.031201)
-1 1411037814.320012 action (0.01)
-1 1411037822.242720 effect (-9.072037 0.006582)
-1 1411037829.963195 action (0.02)
-1 1411037835.473397 effect (-71.285083 0.032018)
-1 1411037846.750016 action (0.03)
-1 1411037852.683027 effect (-153.988922 0.073748)
-1 1411037860.794441 action (0.04)
-1 1411037866.301871 effect (-87.237601 0.013041)
-1 1411037874.754486 action (0.05)
-1 1411037880.258922 effect (-0.768203 0.003897)
-1 1411037894.947884 action (-0.05)
-1 1411037899.985625 effect (-1.313697 0.166053)
-1 1411037909.385085 action (-0.04)
-1 1411037915.516690 effect (-1.757417 0.165879)
-1 1411037925.021061 action (-0.03)
-1 1411037933.145831 effect (5.745007 0.164877)
-1 1411037946.895473 action (-0.02)
-1 1411037954.020386 effect (8.268915 0.176433)
-1 1411037967.161724 action (-0.01)
-1 1411037975.192111 effect (-77.457248 0.129878)
-1 1411037987.925421 action (0.0)
-1 1411037995.041761 effect (79.888731 0.005826)
-1 1411038008.635043 action (0.01)
-1 1411038014.848019 effect (24.727862 0.04223)
-1 1411038022.367050 action (0.02)
-1 1411038029.288939 effect (-73.6664 0.025256)
-1 1411038037.589091 action (0.03)
-1 1411038043.703067 effect (-20.338272 0.237344)
-1 1411038052.938124 action (0.04)
-1 1411038059.154497 effect (-85.586663 0.070225)
-1 1411038067.359427 action (0.05)
-1 1411038072.961843 effect (154.115112 0.003095)
-1 1411038087.261782 action (-0.05)
-1 1411038093.137013 effect (-124.812619 0.101487)
-1 1411038102.950583 action (-0.04)
-1 1411038109.983602 effect (-3.628254 0.16953)
-1 1411038119.299252 action (-0.03)
-1 1411038126.398502 effect (3.525548 0.164225)
-1 1411038140.424405 action (-0.02)
-1 1411038146.438201 effect (12.537795 0.02273)
-1 1411038160.009732 action (-0.01)
-1 1411038167.028520 effect (43.669975 0.012826)
-1 1411038175.718686 action (0.0)
-1 1411038181.964322 effect (-31.252632 0.041172)
-1 1411038196.017186 action (0.01)
-1 1411038202.144139 effect (11.24982 0.006966)
-1 1411038217.198347 action (0.02)
-1 1411038223.129194 effect (87.76262 0.004729)
-1 1411038231.533252 action (0.03)
-1 1411038236.937997 effect (-44.734644 0.185205)
-1 1411038245.253572 action (0.04)
-1 1411038251.382501 effect (-72.918447 0.023087)
-1 1411038260.763124 action (0.05)
-1 1411038266.283568 effect (-101.197663 0.035247)
-1 1411038282.812986 action (-0.05)
-1 1411038288.854782 effect (-5.859923 0.164361)
-1 1411038297.580551 action (-0.04)
-1 1411038305.020357 effect (1.027829 0.168187)
-1 1411038316.091517 action (-0.03)
-1 1411038323.260190 effect (-7.481499 0.167318)
-1 1411038333.166282 action (-0.02)
-1 1411038340.387244 effect (0.193163 0.160285)
-1 1411038352.844610 action (-0.01)
-1 1411038360.968318 effect (-38.429744 0.016054)
-1 1411038369.140044 action (0.0)
-1 1411038375.367938 effect (5.930436 0.035528)
-1 1411038389.180107 action (0.01)
-1 1411038395.110786 effect (13.104422 0.026341)
-1 1411038409.688114 action (0.02)
-1 1411038416.726311 effect (71.518285 0.022607)
-1 1411038424.361884 action (0.03)
-1 1411038430.490421 effect (-120.149319 0.012522)
-1 1411038439.578318 action (0.04)
-1 1411038445.173064 effect (-36.550934 0.097941)
-1 1411038454.510709 action (0.05)
-1 1411038459.915753 effect (-63.771785 0.031116)
-1 1411038474.599706 action (-0.05)
-1 1411038479.731445 effect (7.498439 0.176117)
-1 1411038488.989344 action (-0.04)
-1 1411038495.059730 effect (-0.267912 0.167251)
-1 1411038504.610178 action (-0.03)
-1 1411038511.732887 effect (-7.955653 0.175199)
-1 1411038524.742248 action (-0.02)
-1 1411038530.663437 effect (6.278226 0.033207)
-1 1411038543.580737 action (-0.01)
-1 1411038550.704276 effect (9.476051 0.026048)
-1 1411038565.519100 action (0.0)
-1 1411038572.446184 effect (-12.975445 0.028726)
-1 1411038585.961701 action (0.01)
-1 1411038591.887979 effect (74.833045 0.013238)
-1 1411038607.482093 action (0.02)
-1 1411038615.504421 effect (-19.456913 0.021448)
-1 1411038625.234981 action (0.03)
-1 1411038631.248553 effect (-30.874633 0.189462)
-1 1411038639.959640 action (0.04)
-1 1411038645.368284 effect (-36.38671 0.091054)
-1 1411038654.637819 action (0.05)
-1 1411038660.153666 effect (-81.216356 0.043406)
-1 1411038673.828930 action (-0.05)
-1 1411038680.073316 effect (-6.059536 0.156448)
-1 1411038689.062986 action (-0.04)
-1 1411038694.992178 effect (-2.833726 0.177241)
-1 1411038704.613913 action (-0.03)
-1 1411038712.729903 effect (2.33091 0.174108)
-1 1411038727.025058 action (-0.02)
-1 1411038735.138994 effect (-88.481421 0.027181)
-1 1411038749.190204 action (-0.01)
-1 1411038756.304518 effect (31.375306 0.020681)
-1 1411038769.888057 action (0.0)
-1 1411038776.817541 effect (90.654069 0.00672)
-1 1411038790.965995 action (0.01)
-1 1411038798.986542 effect (26.458264 0.01697)
-1 1411038809.510297 action (0.02)
-1 1411038817.535784 effect (3.024552 0.16389)
-1 1411038825.293190 action (0.03)
-1 1411038830.912765 effect (-82.23779 0.027879)
-1 1411038839.063965 action (0.04)
-1 1411038844.467857 effect (-90.234919 0.002108)
-1 1411038852.872962 action (0.05)
-1 1411038859.091389 effect (156.288583 0.004687)
-1 1411038873.755604 action (-0.05)
-1 1411038879.781607 effect (1.381004 0.160607)
-1 1411038889.841242 action (-0.04)
-1 1411038896.866658 effect (4.846832 0.162726)
-1 1411038905.905699 action (-0.03)
-1 1411038913.319865 effect (2.526729 0.168757)
-1 1411038924.092994 action (-0.02)
-1 1411038930.111742 effect (-1.553081 0.158367)
-1 1411038940.369610 action (-0.01)
-1 1411038947.692705 effect (-4.771365 0.159045)
-1 1411038961.496297 action (0.0)
-1 1411038967.429090 effect (26.091017 0.021375)
-1 1411038980.874842 action (0.01)
-1 1411038988.902116 effect (149.613771 0.016775)
-1 1411038998.512745 action (0.02)
-1 1411039004.522323 effect (19.331058 0.186571)
-1 1411039012.595653 action (0.03)
-1 1411039019.309361 effect (-94.404338 0.021121)
-1 1411039027.444060 action (0.04)
-1 1411039033.657886 effect (-89.816741 0.010747)
-1 1411039042.847429 action (0.05)
-1 1411039048.256300 effect (-83.900126 0.038693)
-1 1411039062.562661 action (-0.05)
-1 1411039068.828272 effect (113.604797 0.07347)
-1 1411039079.741422 action (-0.04)
-1 1411039087.871122 effect (-0.659859 0.173642)
-1 1411039096.840821 action (-0.03)
-1 1411039104.163432 effect (5.53733 0.164969)
-1 1411039116.837422 action (-0.02)
-1 1411039122.051160 effect (-7.273212 0.029358)
-1 1411039131.114937 action (-0.01)
-1 1411039139.223501 effect (12.096798 0.183218)
-1 1411039148.287717 action (0.0)
-1 1411039154.414119 effect (-13.274825 0.022711)
-1 1411039168.667789 action (0.01)
-1 1411039175.697925 effect (46.639092 0.016766)
-1 1411039185.069438 action (0.02)
-1 1411039191.186577 effect (4.631859 0.162969)
-1 1411039199.330034 action (0.03)
-1 1411039205.459641 effect (-62.161885 0.06273)
-1 1411039213.592715 action (0.04)
-1 1411039219.098750 effect (86.557297 0.000368)
-1 1411039227.106264 action (0.05)
-1 1411039233.322281 effect (-133.594635 0.013229)
-1 1411039247.161740 action (-0.05)
-1 1411039252.068454 effect (-3.04161 0.165876)
-1 1411039262.599569 action (-0.04)
-1 1411039269.720226 effect (-0.279179 0.160607)
-1 1411039279.507328 action (-0.03)
-1 1411039287.535963 effect (3.463341 0.166522)
-1 1411039300.610508 action (-0.02)
-1 1411039308.519649 effect (-28.855737 0.03327)
-1 1411039323.387235 action (-0.01)
-1 1411039330.317542 effect (53.215147 0.012483)
-1 1411039338.924621 action (0.0)
-1 1411039346.340236 effect (30.276044 0.032397)
-1 1411039360.438307 action (0.01)
-1 1411039366.351502 effect (92.987707 0.008674)
-1 1411039375.965599 action (0.02)
-1 1411039383.085614 effect (5.472204 0.158472)
-1 1411039392.005536 action (0.03)
-1 1411039399.424942 effect (-24.09896 0.18772)
-1 1411039407.640271 action (0.04)
-1 1411039413.052093 effect (-59.997048 0.000484)
-1 1411039421.072350 action (0.05)
-1 1411039426.598957 effect (14.563507 0.010604)
-1 1411039441.237199 action (-0.05)
-1 1411039447.897123 effect (-179.579607 0.542604)
-1 1411039457.897447 action (-0.04)
-1 1411039463.025119 effect (0.508704 0.172049)
-1 1411039474.416554 action (-0.03)
-1 1411039480.357956 effect (-5.481116 0.167912)
-1 1411039493.335379 action (-0.02)
-1 1411039501.360165 effect (-29.67655 0.04745)
-1 1411039516.078633 action (-0.01)
-1 1411039521.975659 effect (12.670223 0.007478)
-1 1411039535.540766 action (0.0)
-1 1411039542.580307 effect (127.054783 0.00601)
-1 1411039556.313470 action (0.01)
-1 1411039563.239055 effect (23.699065 0.027987)
-1 1411039577.228780 action (0.02)
-1 1411039585.182450 effect (-68.093448 0.076969)
-1 1411039593.757343 action (0.03)
-1 1411039599.867505 effect (-73.571776 0.023453)
-1 1411039608.114113 action (0.04)
-1 1411039614.324892 effect (126.311214 0.002617)
-1 1411039623.775974 action (0.05)
-1 1411039630.416962 effect (-90.026428 0.07629)
-1 1411039645.111686 action (-0.05)
-1 1411039650.147266 effect (-1.080858 0.165592)
-1 1411039659.564236 action (-0.04)
-1 1411039666.697607 effect (1.727599 0.159821)
-1 1411039677.868847 action (-0.03)
-1 1411039684.991632 effect (-9.142129 0.175853)
-1 1411039697.450435 action (-0.02)
-1 1411039705.483262 effect (4.524442 0.031289)
-1 1411039714.958079 action (-0.01)
-1 1411039721.227348 effect (-8.168413 0.162048)
-1 1411039730.453785 action (0.0)
-1 1411039736.594687 effect (-2.324685 0.029124)
-1 1411039750.191728 action (0.01)
-1 1411039757.203084 effect (26.613115 0.036954)
-1 1411039767.294286 action (0.02)
-1 1411039774.428483 effect (11.232722 0.166857)
-1 1411039783.697210 action (0.03)
-1 1411039789.111834 effect (-26.109796 0.168536)
-1 1411039797.284295 action (0.04)
-1 1411039803.400388 effect (-86.368018 0.012166)
-1 1411039811.554791 action (0.05)
-1 1411039816.854071 effect (-18.699958 0.006278)
-1 1411039830.254105 action (-0.05)
-1 1411039835.193471 effect (-5.059235 0.172967)
-1 1411039845.900306 action (-0.04)
-1 1411039851.944554 effect (1.216691 0.17105)
-1 1411039862.125823 action (-0.03)
-1 1411039870.132767 effect (3.813689 0.174834)
-1 1411039884.050243 action (-0.02)
-1 1411039891.068998 effect (-7.841699 0.029668)
-1 1411039905.094883 action (-0.01)
-1 1411039911.298887 effect (-18.270197 0.047055)
-1 1411039920.187913 action (0.0)
-1 1411039927.184965 effect (18.690242 0.032332)
-1 1411039941.314416 action (0.01)
-1 1411039947.298409 effect (-14.721947 0.010799)
-1 1411039955.158255 action (0.02)
-1 1411039961.277645 effect (-75.831232 0.027163)
-1 1411039969.477712 action (0.03)
-1 1411039974.921817 effect (-89.790541 0.022233)
-1 1411039982.880202 action (0.04)
-1 1411039988.204500 effect (-98.510687 0.018029)
-1 1411039996.074162 action (0.05)
-1 1411040001.583577 effect (4.277778 0.001521)
