-1 1409671494.832826 action (-0.05)
-1 1409671497.298500 effect (36.366936 0.019619)
-1 1409671504.954231 action (-0.04)
-1 1409671507.438680 effect (6.179572 0.157712)
-1 1409671515.088423 action (-0.03)
-1 1409671518.992572 effect (77.63935 0.049328)
-1 1409671528.241190 action (-0.02)
-1 1409671530.700745 effect (10.728297 0.159133)
-1 1409671539.713686 action (-0.01)
-1 1409671542.327900 effect (25.497494 0.133043)
-1 1409671550.270942 action (0.0)
-1 1409671552.586298 effect (93.298107 0.058381)
-1 1409671562.695065 action (0.01)
-1 1409671565.575118 effect (20.883181 0.170831)
-1 1409671577.960107 action (0.02)
-1 1409671581.207107 effect (-133.099842 0.039002)
-1 1409671594.030933 action (0.03)
-1 1409671596.608394 effect (22.028007 0.182367)
-1 1409671608.527628 action (0.04)
-1 1409671612.038871 effect (-159.682135 0.037187)
-1 1409671622.277502 action (0.05)
-1 1409671625.393559 effect (-117.368618 0.023361)
-1 1409671643.830563 action (-0.05)
-1 1409671647.390536 effect (19.505444 0.055714)
-1 1409671661.101456 action (-0.04)
-1 1409671664.603827 effect (27.174948 0.058754)
-1 1409671676.963312 action (-0.03)
-1 1409671680.051150 effect (19.250295 0.117488)
-1 1409671694.103714 action (-0.02)
-1 1409671699.529596 effect (44.225789 0.059594)
-1 1409671715.658750 action (-0.01)
-1 1409671719.863893 effect (31.260524 0.083413)
-1 1409671740.027895 action (0.0)
-1 1409671744.154685 effect (163.765285 0.016911)
-1 1409671762.651252 action (0.01)
-1 1409671767.233067 effect (-169.603376 0.012613)
-1 1409671787.934935 action (0.02)
-1 1409671793.794696 effect (67.653724 0.00872)
-1 1409671813.977652 action (0.03)
-1 1409671819.217223 effect (-142.254512 0.017719)
-1 1409671841.250054 action (0.04)
-1 1409671849.347961 effect (135.842098 0.008805)
-1 1409671870.440887 action (0.05)
-1 1409671877.006798 effect (-162.607911 0.02969)
-1 1409671903.874617 action (-0.05)
-1 1409671910.884888 effect (-38.455254 0.025151)
-1 1409671932.323659 action (-0.04)
-1 1409671940.910703 effect (20.785574 0.073049)
-1 1409671962.622273 action (-0.03)
-1 1409671971.856731 effect (47.61459 0.0601)
-1 1409671996.070319 action (-0.02)
-1 1409672004.999848 effect (51.033106 0.053659)
-1 1409672029.723962 action (-0.01)
-1 1409672037.772690 effect (12.040261 0.147419)
-1 1409672063.507031 action (0.0)
-1 1409672074.082052 effect (63.759592 0.068918)
-1 1409672100.660002 action (0.01)
-1 1409672110.530214 effect (67.955081 0.023279)
-1 1409672138.609491 action (0.02)
-1 1409672149.081831 effect (-62.701326 0.007964)
-1 1409672176.211614 action (0.03)
-1 1409672188.657245 effect (-137.117419 0.020284)
-1 1409672217.734677 action (0.04)
-1 1409672228.864255 effect (-126.816881 0.014674)
-1 1409672253.488297 action (0.05)
-1 1409672265.396758 effect (-97.212109 0.024856)
-1 1409672304.427140 action (-0.05)
-1 1409672314.935984 effect (5.532413 0.080117)
-1 1409672342.486270 action (-0.04)
-1 1409672354.807552 effect (22.753555 0.057914)
-1 1409672383.197220 action (-0.03)
-1 1409672396.617250 effect (80.296115 0.034898)
-1 1409672424.674016 action (-0.02)
-1 1409672440.186067 effect (67.773414 0.022788)
-1 1409672471.267967 action (-0.01)
-1 1409672485.365098 effect (43.254154 0.075527)
-1 1409672518.280466 action (0.0)
-1 1409672533.735016 effect (-14.669822 0.022409)
-1 1409672566.506050 action (0.01)
-1 1409672581.231039 effect (-155.631295 0.007365)
-1 1409672613.458258 action (0.02)
-1 1409672629.810732 effect (-68.448464 0.005008)
-1 1409672662.474935 action (0.03)
-1 1409672678.468319 effect (-153.471081 0.049649)
-1 1409672712.599088 action (0.04)
-1 1409672729.314798 effect (-175.265086 0.030486)
-1 1409672765.077621 action (0.05)
-1 1409672783.050320 effect (173.275765 0.032779)
