-1 1410426865.518192 action (-0.05)
-1 1410426871.258991 effect (4.103641 0.161416)
-1 1410426883.207460 action (-0.04)
-1 1410426889.133522 effect (3.232294 0.161368)
-1 1410426901.215724 action (-0.03)
-1 1410426906.871920 effect (9.761946 0.136988)
-1 1410426923.093455 action (-0.02)
-1 1410426929.009432 effect (41.506187 0.198291)
-1 1410426945.715015 action (-0.01)
-1 1410426951.521046 effect (-25.520284 0.169595)
-1 1410426962.496761 action (0.0)
-1 1410426968.334336 effect (-53.452088 0.061084)
-1 1410426983.299492 action (0.01)
-1 1410426989.023531 effect (-77.968307 0.03063)
-1 1410427002.838762 action (0.02)
-1 1410427008.583143 effect (-156.148359 0.018209)
-1 1410427018.022236 action (0.03)
-1 1410427023.830113 effect (-131.659141 0.015581)
-1 1410427033.102959 action (0.04)
-1 1410427038.818239 effect (-109.758219 0.009635)
-1 1410427047.736801 action (0.05)
-1 1410427053.446548 effect (-96.262141 0.008646)
-1 1410427071.385331 action (-0.05)
-1 1410427077.015287 effect (0.798965 0.159019)
-1 1410427088.908436 action (-0.04)
-1 1410427094.535918 effect (4.364893 0.16467)
-1 1410427108.802309 action (-0.03)
-1 1410427114.651163 effect (6.713687 0.1717)
-1 1410427130.861266 action (-0.02)
-1 1410427136.583961 effect (46.193248 0.198508)
-1 1410427154.558249 action (-0.01)
-1 1410427160.402026 effect (-66.285748 0.421371)
-1 1410427171.641701 action (0.0)
-1 1410427177.769984 effect (-36.962537 0.171801)
-1 1410427193.210095 action (0.01)
-1 1410427199.142639 effect (-26.084605 0.166273)
-1 1410427213.345177 action (0.02)
-1 1410427219.158931 effect (-29.10263 0.150918)
-1 1410427230.067725 action (0.03)
-1 1410427235.876501 effect (-114.835106 0.015472)
-1 1410427245.592667 action (0.04)
-1 1410427251.400903 effect (-103.155088 0.019842)
-1 1410427260.637036 action (0.05)
-1 1410427266.440877 effect (-133.320299 0.009172)
-1 1410427284.604808 action (-0.05)
-1 1410427290.437095 effect (3.604642 0.162004)
-1 1410427302.307506 action (-0.04)
-1 1410427308.069267 effect (6.372212 0.159529)
-1 1410427320.352748 action (-0.03)
-1 1410427325.969577 effect (14.158485 0.144566)
-1 1410427341.800959 action (-0.02)
-1 1410427347.722858 effect (11.674414 0.169926)
-1 1410427363.764398 action (-0.01)
-1 1410427369.875180 effect (-31.934799 0.163389)
-1 1410427381.989350 action (0.0)
-1 1410427388.295524 effect (-25.919262 0.134852)
-1 1410427404.363376 action (0.01)
-1 1410427410.565615 effect (-29.88612 0.159074)
-1 1410427422.200988 action (0.02)
-1 1410427428.044427 effect (-80.055152 0.00534)
-1 1410427437.897184 action (0.03)
-1 1410427443.623715 effect (-136.701875 0.013867)
-1 1410427452.799385 action (0.04)
-1 1410427458.609884 effect (-89.406646 0.017512)
-1 1410427467.652002 action (0.05)
-1 1410427473.369318 effect (61.509903 0.000935)
-1 1410427491.519931 action (-0.05)
-1 1410427497.779396 effect (-30.399444 0.167921)
-1 1410427509.914079 action (-0.04)
-1 1410427516.848617 effect (4.688534 0.156057)
-1 1410427528.926407 action (-0.03)
-1 1410427534.560861 effect (9.785591 0.138678)
-1 1410427546.371130 action (-0.02)
-1 1410427552.286499 effect (18.783754 0.139253)
-1 1410427568.321003 action (-0.01)
-1 1410427574.551853 effect (-35.327462 0.169796)
-1 1410427585.983741 action (0.0)
-1 1410427592.211661 effect (-24.948084 0.165288)
-1 1410427607.348284 action (0.01)
-1 1410427613.262527 effect (-30.687564 0.161076)
-1 1410427625.111389 action (0.02)
-1 1410427630.848342 effect (-91.097835 0.01046)
-1 1410427643.250740 action (0.03)
-1 1410427649.087362 effect (-155.256299 0.002337)
-1 1410427658.381841 action (0.04)
-1 1410427664.203600 effect (-99.722825 0.015341)
-1 1410427673.310652 action (0.05)
-1 1410427678.828947 effect (-101.239309 0.012529)
-1 1410427696.462705 action (-0.05)
-1 1410427702.189482 effect (2.24392 0.167623)
-1 1410427715.490652 action (-0.04)
-1 1410427721.123075 effect (4.859893 0.161849)
-1 1410427733.369919 action (-0.03)
-1 1410427739.116724 effect (11.851029 0.14757)
-1 1410427754.182809 action (-0.02)
-1 1410427759.994259 effect (10.52951 0.171075)
-1 1410427776.041963 action (-0.01)
-1 1410427782.062637 effect (-34.184882 0.154294)
-1 1410427793.712170 action (0.0)
-1 1410427799.951270 effect (-33.305825 0.171285)
-1 1410427815.331843 action (0.01)
-1 1410427821.641618 effect (-33.623614 0.163014)
-1 1410427836.620554 action (0.02)
-1 1410427842.438170 effect (-20.389949 0.152106)
-1 1410427852.040681 action (0.03)
-1 1410427857.670573 effect (-117.282115 0.020939)
-1 1410427867.028838 action (0.04)
-1 1410427872.854932 effect (-131.923475 0.004855)
-1 1410427881.691408 action (0.05)
-1 1410427887.615130 effect (49.061937 0.005591)
-1 1410427904.907729 action (-0.05)
-1 1410427910.561908 effect (9.751309 0.152589)
-1 1410427921.762247 action (-0.04)
-1 1410427927.654176 effect (5.434565 0.161261)
-1 1410427940.194602 action (-0.03)
-1 1410427946.203175 effect (7.044337 0.136805)
-1 1410427959.705787 action (-0.02)
-1 1410427965.535110 effect (10.520522 0.171807)
-1 1410427981.524299 action (-0.01)
-1 1410427987.628901 effect (-32.908937 0.164916)
-1 1410427998.856070 action (0.0)
-1 1410428005.169136 effect (-34.766107 0.174029)
-1 1410428021.083825 action (0.01)
-1 1410428027.191737 effect (-29.719748 0.159479)
-1 1410428038.384403 action (0.02)
-1 1410428044.206068 effect (-129.281488 0.033425)
-1 1410428053.641745 action (0.03)
-1 1410428059.388905 effect (-111.849827 0.017458)
-1 1410428068.525964 action (0.04)
-1 1410428074.447831 effect (-142.974222 0.005627)
-1 1410428083.825342 action (0.05)
-1 1410428089.676295 effect (-165.308503 0.003153)
-1 1410428104.420483 action (-0.05)
-1 1410428110.356388 effect (142.482828 0.102387)
-1 1410428122.798528 action (-0.04)
-1 1410428128.421106 effect (3.610981 0.162256)
-1 1410428142.948362 action (-0.03)
-1 1410428148.780153 effect (11.470109 0.167914)
-1 1410428164.774021 action (-0.02)
-1 1410428170.588670 effect (23.894039 0.141966)
-1 1410428186.603033 action (-0.01)
-1 1410428192.729392 effect (-31.700742 0.157621)
-1 1410428204.551715 action (0.0)
-1 1410428210.763153 effect (-34.42208 0.173276)
-1 1410428226.481711 action (0.01)
-1 1410428232.517646 effect (-30.430595 0.173444)
-1 1410428246.166476 action (0.02)
-1 1410428251.879942 effect (163.203064 0.002953)
-1 1410428261.549664 action (0.03)
-1 1410428267.668569 effect (-102.408985 0.015045)
-1 1410428276.799495 action (0.04)
-1 1410428282.809396 effect (-99.331856 0.018246)
-1 1410428291.865505 action (0.05)
-1 1410428297.772155 effect (168.043204 0.000225)
-1 1410428313.574752 action (-0.05)
-1 1410428318.027594 effect (4.612872 0.163171)
-1 1410428329.780747 action (-0.04)
-1 1410428335.717403 effect (6.688383 0.162199)
-1 1410428348.178673 action (-0.03)
-1 1410428353.828359 effect (18.164404 0.150267)
-1 1410428367.313996 action (-0.02)
-1 1410428373.217117 effect (12.532868 0.167042)
-1 1410428389.466245 action (-0.01)
-1 1410428395.680858 effect (-19.247552 0.146789)
-1 1410428407.225992 action (0.0)
-1 1410428413.357357 effect (-31.880262 0.160803)
-1 1410428429.611782 action (0.01)
-1 1410428435.849342 effect (-31.160014 0.159233)
-1 1410428450.346867 action (0.02)
-1 1410428456.183957 effect (-140.326458 0.065665)
-1 1410428465.747337 action (0.03)
-1 1410428471.863868 effect (-145.337083 0.012627)
-1 1410428480.998900 action (0.04)
-1 1410428486.808395 effect (-105.807148 0.023492)
-1 1410428496.276019 action (0.05)
-1 1410428502.307205 effect (85.063883 0.007363)
-1 1410428519.291878 action (-0.05)
-1 1410428524.024451 effect (-105.581447 0.090302)
-1 1410428536.922882 action (-0.04)
-1 1410428542.682236 effect (4.340095 0.136757)
-1 1410428556.007466 action (-0.03)
-1 1410428561.732141 effect (9.431557 0.165304)
-1 1410428577.768724 action (-0.02)
-1 1410428583.594191 effect (36.50028 0.160546)
-1 1410428599.556199 action (-0.01)
-1 1410428605.781733 effect (35.415718 0.178572)
-1 1410428617.375314 action (0.0)
-1 1410428623.387251 effect (-33.626489 0.171731)
-1 1410428638.758932 action (0.01)
-1 1410428644.687101 effect (-74.446348 0.038869)
-1 1410428658.478110 action (0.02)
-1 1410428664.698626 effect (4.872229 0.01378)
-1 1410428674.776788 action (0.03)
-1 1410428680.578819 effect (-109.68155 0.020278)
-1 1410428689.713562 action (0.04)
-1 1410428695.434176 effect (-154.632722 0.007402)
-1 1410428704.613039 action (0.05)
-1 1410428710.421192 effect (-119.802146 0.006538)
-1 1410428727.476304 action (-0.05)
-1 1410428733.336320 effect (1.793847 0.159695)
-1 1410428745.376198 action (-0.04)
-1 1410428751.608263 effect (5.090627 0.158571)
-1 1410428764.552299 action (-0.03)
-1 1410428770.586482 effect (11.960319 0.130831)
-1 1410428786.968619 action (-0.02)
-1 1410428792.792379 effect (45.355371 0.190542)
-1 1410428808.784696 action (-0.01)
-1 1410428815.103157 effect (-32.248588 0.168986)
-1 1410428825.530191 action (0.0)
-1 1410428831.635508 effect (-42.994981 0.044394)
-1 1410428846.658467 action (0.01)
-1 1410428852.671914 effect (-28.610152 0.157645)
-1 1410428866.044089 action (0.02)
-1 1410428871.771572 effect (-159.06263 0.033341)
-1 1410428883.400033 action (0.03)
-1 1410428889.213884 effect (-68.580024 0.010829)
-1 1410428898.554260 action (0.04)
-1 1410428904.296395 effect (-103.371852 0.002182)
-1 1410428913.912869 action (0.05)
-1 1410428919.826716 effect (-91.709318 0.001774)
