-1 1410445187.072919 action (-0.05)
-1 1410445192.300067 effect (22.913835 0.067687)
-1 1410445200.761588 action (-0.04)
-1 1410445206.988276 effect (41.679808 0.040237)
-1 1410445215.203344 action (-0.03)
-1 1410445221.395966 effect (41.258548 0.044942)
-1 1410445229.291271 action (-0.02)
-1 1410445235.510009 effect (75.690043 0.04226)
-1 1410445249.671791 action (-0.01)
-1 1410445256.679394 effect (-85.173093 0.003064)
-1 1410445265.577516 action (0.0)
-1 1410445272.980506 effect (-24.954569 0.032618)
-1 1410445285.008766 action (0.01)
-1 1410445293.044623 effect (-53.525087 0.366567)
-1 1410445307.368623 action (0.02)
-1 1410445314.394704 effect (43.207869 0.123576)
-1 1410445322.783242 action (0.03)
-1 1410445328.872774 effect (-80.967927 0.123564)
-1 1410445338.968946 action (0.04)
-1 1410445344.888516 effect (-23.340143 0.187867)
-1 1410445354.024633 action (0.05)
-1 1410445361.251198 effect (-20.467015 0.180945)
-1 1410445377.272444 action (-0.05)
-1 1410445382.922159 effect (83.634565 0.028113)
-1 1410445392.170487 action (-0.04)
-1 1410445399.589570 effect (40.450462 0.037705)
-1 1410445408.072628 action (-0.03)
-1 1410445414.503847 effect (31.018193 0.051343)
-1 1410445429.621087 action (-0.02)
-1 1410445436.720262 effect (144.844556 0.034421)
-1 1410445450.490355 action (-0.01)
-1 1410445457.530980 effect (124.58564 0.013921)
-1 1410445465.524096 action (0.0)
-1 1410445471.755229 effect (106.943663 0.013239)
-1 1410445486.187500 action (0.01)
-1 1410445492.102399 effect (141.894385 0.007651)
-1 1410445503.008429 action (0.02)
-1 1410445511.149170 effect (39.874401 0.133222)
-1 1410445520.685908 action (0.03)
-1 1410445526.898608 effect (-26.429871 0.19722)
-1 1410445536.915442 action (0.04)
-1 1410445543.029613 effect (-60.506831 0.171847)
-1 1410445552.131149 action (0.05)
-1 1410445558.244677 effect (-21.134129 0.180965)
-1 1410445573.774353 action (-0.05)
-1 1410445579.238270 effect (22.089468 0.031216)
-1 1410445589.012645 action (-0.04)
-1 1410445594.135828 effect (30.426371 0.057941)
-1 1410445602.529753 action (-0.03)
-1 1410445608.752969 effect (52.02487 0.045582)
-1 1410445620.035181 action (-0.02)
-1 1410445625.962396 effect (56.428799 0.061334)
-1 1410445639.979806 action (-0.01)
-1 1410445646.896887 effect (-159.099955 0.003466)
-1 1410445656.180298 action (0.0)
-1 1410445661.495826 effect (71.549219 0.011329)
-1 1410445673.978643 action (0.01)
-1 1410445681.013795 effect (-115.319247 0.014987)
-1 1410445692.582728 action (0.02)
-1 1410445697.822828 effect (-33.318701 0.197807)
-1 1410445708.671638 action (0.03)
-1 1410445715.602067 effect (-25.271535 0.18061)
-1 1410445724.431318 action (0.04)
-1 1410445730.542787 effect (-21.436201 0.189462)
-1 1410445740.355013 action (0.05)
-1 1410445747.378788 effect (-25.028633 0.186074)
-1 1410445761.929082 action (-0.05)
-1 1410445767.260710 effect (25.100546 0.053668)
-1 1410445776.436949 action (-0.04)
-1 1410445781.765608 effect (53.340883 0.034538)
-1 1410445791.776507 action (-0.03)
-1 1410445799.907846 effect (66.657523 0.046732)
-1 1410445815.379683 action (-0.02)
-1 1410445822.389795 effect (147.615975 0.032674)
-1 1410445831.680677 action (-0.01)
-1 1410445838.932017 effect (24.832015 1.459536)
-1 1410445854.222877 action (0.0)
-1 1410445860.139927 effect (58.725179 0.013092)
-1 1410445872.869584 action (0.01)
-1 1410445879.884165 effect (48.116164 0.086444)
-1 1410445891.115235 action (0.02)
-1 1410445898.233853 effect (-161.526693 0.006463)
-1 1410445908.347492 action (0.03)
-1 1410445915.575300 effect (-56.313539 0.20201)
-1 1410445925.294508 action (0.04)
-1 1410445932.612485 effect (-50.757478 0.190607)
-1 1410445942.194720 action (0.05)
-1 1410445947.509194 effect (-41.913114 0.058873)
-1 1410445960.627127 action (-0.05)
-1 1410445966.184399 effect (29.709591 0.041467)
-1 1410445976.027660 action (-0.04)
-1 1410445981.173726 effect (21.419895 0.058089)
-1 1410445989.196804 action (-0.03)
-1 1410445995.315158 effect (55.955418 0.046596)
-1 1410446003.578738 action (-0.02)
-1 1410446010.104699 effect (44.511534 0.04054)
-1 1410446025.153589 action (-0.01)
-1 1410446031.072681 effect (102.452262 0.032033)
-1 1410446045.708771 action (0.0)
-1 1410446051.621454 effect (8.789059 0.019473)
-1 1410446066.532935 action (0.01)
-1 1410446072.458927 effect (97.214306 0.029189)
-1 1410446085.868083 action (0.02)
-1 1410446093.877920 effect (38.450736 0.139517)
-1 1410446103.149544 action (0.03)
-1 1410446109.275023 effect (-29.965489 0.202611)
-1 1410446118.568820 action (0.04)
-1 1410446125.802994 effect (-24.682953 0.195031)
-1 1410446136.330894 action (0.05)
-1 1410446142.573365 effect (-49.788285 0.194882)
-1 1410446159.387789 action (-0.05)
-1 1410446166.819112 effect (23.509492 0.070666)
-1 1410446176.119859 action (-0.04)
-1 1410446182.735186 effect (11.676571 0.113072)
-1 1410446190.872191 action (-0.03)
-1 1410446196.991547 effect (51.376134 0.044685)
-1 1410446212.353065 action (-0.02)
-1 1410446218.267504 effect (152.236271 0.026539)
-1 1410446233.163701 action (-0.01)
-1 1410446239.065265 effect (60.469959 0.008631)
-1 1410446247.553173 action (0.0)
-1 1410446253.771927 effect (120.845664 0.013457)
-1 1410446267.746335 action (0.01)
-1 1410446275.651899 effect (157.588205 0.006847)
-1 1410446288.011337 action (0.02)
-1 1410446295.032894 effect (15.948271 0.17945)
-1 1410446305.352648 action (0.03)
-1 1410446312.263028 effect (-22.633272 0.194109)
-1 1410446321.437834 action (0.04)
-1 1410446326.759116 effect (-89.09348 0.059555)
-1 1410446336.939119 action (0.05)
-1 1410446342.145301 effect (-22.136292 0.181079)
-1 1410446357.048639 action (-0.05)
-1 1410446362.663559 effect (125.429034 0.042578)
-1 1410446372.269948 action (-0.04)
-1 1410446377.554706 effect (16.341163 0.093893)
-1 1410446387.353713 action (-0.03)
-1 1410446393.465574 effect (35.001194 0.054552)
-1 1410446402.802460 action (-0.02)
-1 1410446409.005640 effect (74.879637 0.051156)
-1 1410446423.269684 action (-0.01)
-1 1410446430.280004 effect (-85.657636 0.008031)
-1 1410446442.236064 action (0.0)
-1 1410446449.174885 effect (-148.808992 0.011233)
-1 1410446462.704602 action (0.01)
-1 1410446470.717554 effect (-28.669344 0.19964)
-1 1410446480.932945 action (0.02)
-1 1410446487.039933 effect (36.802255 0.14187)
-1 1410446496.810223 action (0.03)
-1 1410446504.051767 effect (-26.722164 0.194413)
-1 1410446512.899300 action (0.04)
-1 1410446519.155521 effect (-24.527195 0.194547)
-1 1410446528.080545 action (0.05)
-1 1410446535.490181 effect (-22.681766 0.181736)
