-1 1410363123.024790 action (-0.05)
-1 1410363129.163359 effect (2.119745 0.162736)
-1 1410363139.616787 action (-0.04)
-1 1410363145.866105 effect (5.065433 0.164078)
-1 1410363155.770625 action (-0.03)
-1 1410363160.787746 effect (7.251168 0.16327)
-1 1410363175.913522 action (-0.02)
-1 1410363183.035919 effect (33.741325 0.16643)
-1 1410363197.646477 action (-0.01)
-1 1410363205.767490 effect (-30.236616 0.162948)
-1 1410363213.986095 action (0.0)
-1 1410363220.025675 effect (-34.785377 0.044071)
-1 1410363233.837409 action (0.01)
-1 1410363239.845207 effect (-51.515462 0.132153)
-1 1410363252.579017 action (0.02)
-1 1410363259.688148 effect (20.306179 0.166601)
-1 1410363267.826737 action (0.03)
-1 1410363273.965876 effect (-108.420875 0.020325)
-1 1410363281.554312 action (0.04)
-1 1410363288.579120 effect (-74.105779 0.012063)
-1 1410363296.326400 action (0.05)
-1 1410363303.475517 effect (85.652168 0.006706)
-1 1410363319.716432 action (-0.05)
-1 1410363325.963124 effect (-33.377519 0.175144)
-1 1410363334.817963 action (-0.04)
-1 1410363340.850897 effect (5.698347 0.167887)
-1 1410363352.031978 action (-0.03)
-1 1410363359.145319 effect (12.156594 0.142341)
-1 1410363374.945295 action (-0.02)
-1 1410363383.063562 effect (-33.438366 0.166133)
-1 1410363398.444813 action (-0.01)
-1 1410363404.462797 effect (-49.671524 0.244011)
-1 1410363412.550856 action (0.0)
-1 1410363420.672135 effect (-106.771148 0.01101)
-1 1410363434.010475 action (0.01)
-1 1410363439.925141 effect (-28.866814 0.163447)
-1 1410363451.890467 action (0.02)
-1 1410363457.822542 effect (-169.490478 0.052081)
-1 1410363465.500354 action (0.03)
-1 1410363471.523539 effect (-90.0324 0.026282)
-1 1410363480.332578 action (0.04)
-1 1410363486.343757 effect (-32.900029 0.132429)
-1 1410363494.329410 action (0.05)
-1 1410363499.437681 effect (46.519651 0.004952)
-1 1410363513.581239 action (-0.05)
-1 1410363520.727206 effect (2.673481 0.162829)
-1 1410363531.183990 action (-0.04)
-1 1410363536.303278 effect (5.356208 0.161516)
-1 1410363546.227700 action (-0.03)
-1 1410363553.343993 effect (10.59823 0.159969)
-1 1410363569.576949 action (-0.02)
-1 1410363577.692975 effect (-34.458954 0.176042)
-1 1410363593.835027 action (-0.01)
-1 1410363599.848390 effect (-30.411045 0.193338)
-1 1410363607.557529 action (0.0)
-1 1410363613.574079 effect (-63.409814 0.007837)
-1 1410363629.891008 action (0.01)
-1 1410363635.799141 effect (-38.694651 0.18319)
-1 1410363651.539102 action (0.02)
-1 1410363659.671614 effect (-23.044858 0.167102)
-1 1410363667.508520 action (0.03)
-1 1410363673.524319 effect (-106.765035 0.02163)
-1 1410363682.097978 action (0.04)
-1 1410363689.220258 effect (-32.020152 0.166136)
-1 1410363697.040344 action (0.05)
-1 1410363702.372810 effect (-104.009954 0.01227)
-1 1410363718.732542 action (-0.05)
-1 1410363723.981243 effect (-60.614429 0.099548)
-1 1410363733.768276 action (-0.04)
-1 1410363740.908801 effect (6.238531 0.160967)
-1 1410363751.933183 action (-0.03)
-1 1410363757.962859 effect (7.363852 0.165696)
-1 1410363771.651112 action (-0.02)
-1 1410363777.688249 effect (13.86923 0.165528)
-1 1410363787.862828 action (-0.01)
-1 1410363795.083401 effect (-26.185205 0.181157)
-1 1410363803.832310 action (0.0)
-1 1410363809.942651 effect (-32.024272 0.034949)
-1 1410363822.830597 action (0.01)
-1 1410363828.844201 effect (136.944406 0.004328)
-1 1410363840.021819 action (0.02)
-1 1410363845.942491 effect (22.335109 0.174595)
-1 1410363854.552604 action (0.03)
-1 1410363861.659832 effect (-173.065674 0.035619)
-1 1410363870.433883 action (0.04)
-1 1410363876.456422 effect (-34.341306 0.167862)
-1 1410363884.212184 action (0.05)
-1 1410363891.346914 effect (-87.644676 0.006447)
-1 1410363906.862325 action (-0.05)
-1 1410363912.873439 effect (0.341596 0.161555)
-1 1410363923.106137 action (-0.04)
-1 1410363928.146677 effect (4.056723 0.157147)
-1 1410363938.727156 action (-0.03)
-1 1410363946.835508 effect (5.792202 0.161411)
-1 1410363962.149980 action (-0.02)
-1 1410363969.282853 effect (-28.676364 0.187655)
-1 1410363985.786062 action (-0.01)
-1 1410363993.915041 effect (-48.38062 0.387872)
-1 1410364003.343104 action (0.0)
-1 1410364009.373087 effect (-27.692257 0.050709)
-1 1410364022.141702 action (0.01)
-1 1410364028.160041 effect (-29.850287 0.041769)
-1 1410364039.430783 action (0.02)
-1 1410364045.540090 effect (18.32722 0.174329)
-1 1410364054.520976 action (0.03)
-1 1410364061.657798 effect (-25.012313 0.155489)
-1 1410364069.581548 action (0.04)
-1 1410364075.599590 effect (-69.731662 1.050827)
-1 1410364083.841008 action (0.05)
-1 1410364089.073351 effect (30.271179 0.005621)
-1 1410364103.080608 action (-0.05)
-1 1410364111.228430 effect (6.908736 0.177287)
-1 1410364121.005341 action (-0.04)
-1 1410364128.124627 effect (5.509484 0.160032)
-1 1410364138.336541 action (-0.03)
-1 1410364144.270949 effect (7.561182 0.162269)
-1 1410364155.729777 action (-0.02)
-1 1410364161.757254 effect (18.012852 0.147938)
-1 1410364176.128488 action (-0.01)
-1 1410364182.263445 effect (-25.31677 0.168179)
-1 1410364190.205790 action (0.0)
-1 1410364197.337476 effect (-174.25146 0.002489)
-1 1410364211.270569 action (0.01)
-1 1410364218.383687 effect (-28.659907 0.183447)
-1 1410364228.652376 action (0.02)
-1 1410364234.668068 effect (-156.530374 0.063133)
-1 1410364242.750887 action (0.03)
-1 1410364248.763659 effect (-98.133628 0.024848)
-1 1410364256.978312 action (0.04)
-1 1410364264.006119 effect (85.049379 0.002569)
-1 1410364272.559046 action (0.05)
-1 1410364278.685894 effect (-91.715636 0.0968)
-1 1410364292.620642 action (-0.05)
-1 1410364298.760961 effect (5.317036 0.164619)
-1 1410364308.497063 action (-0.04)
-1 1410364315.624266 effect (6.351998 0.161991)
-1 1410364326.282922 action (-0.03)
-1 1410364332.294527 effect (5.625557 0.164771)
-1 1410364343.962125 action (-0.02)
-1 1410364350.980583 effect (12.008105 0.166757)
-1 1410364367.761631 action (-0.01)
-1 1410364374.983131 effect (-29.773204 0.164948)
-1 1410364383.356867 action (0.0)
-1 1410364390.494495 effect (-32.565899 0.047731)
-1 1410364402.487021 action (0.01)
-1 1410364408.500671 effect (-124.244008 0.010224)
-1 1410364419.051427 action (0.02)
-1 1410364426.179916 effect (137.046049 0.009084)
-1 1410364434.144031 action (0.03)
-1 1410364441.283308 effect (-115.515223 0.022746)
-1 1410364449.148021 action (0.04)
-1 1410364456.385845 effect (-78.345352 0.010435)
-1 1410364464.153878 action (0.05)
-1 1410364471.166767 effect (176.896776 0.002324)
-1 1410364485.723411 action (-0.05)
-1 1410364490.849911 effect (3.673155 0.170838)
-1 1410364501.232718 action (-0.04)
-1 1410364506.366919 effect (6.936555 0.164367)
-1 1410364516.325857 action (-0.03)
-1 1410364521.469869 effect (7.473921 0.163567)
-1 1410364536.119699 action (-0.02)
-1 1410364544.250925 effect (-30.247566 0.1658)
-1 1410364559.029848 action (-0.01)
-1 1410364567.142994 effect (-26.075355 0.154392)
-1 1410364575.579417 action (0.0)
-1 1410364583.699193 effect (-29.747837 0.04774)
-1 1410364599.505728 action (0.01)
-1 1410364605.723667 effect (10.03844 0.1816)
-1 1410364616.090770 action (0.02)
-1 1410364624.201354 effect (20.053151 0.186353)
-1 1410364631.992470 action (0.03)
-1 1410364639.109292 effect (-112.921404 0.016477)
-1 1410364648.096524 action (0.04)
-1 1410364654.121091 effect (-32.650976 0.161757)
-1 1410364661.700240 action (0.05)
-1 1410364666.918121 effect (-83.011934 0.001876)
-1 1410364683.262798 action (-0.05)
-1 1410364688.300753 effect (-83.319992 0.081175)
-1 1410364697.542044 action (-0.04)
-1 1410364705.685383 effect (6.018523 0.165739)
-1 1410364716.892247 action (-0.03)
-1 1410364722.911985 effect (9.436753 0.163166)
-1 1410364737.022862 action (-0.02)
-1 1410364745.147647 effect (-30.47525 0.161608)
-1 1410364758.488874 action (-0.01)
-1 1410364766.609791 effect (-25.170157 0.164238)
-1 1410364776.132322 action (0.0)
-1 1410364784.241878 effect (-30.647091 0.166248)
-1 1410364793.944154 action (0.01)
-1 1410364802.076330 effect (-84.031652 0.071189)
-1 1410364814.383038 action (0.02)
-1 1410364821.522436 effect (-155.178047 0.068537)
-1 1410364829.193755 action (0.03)
-1 1410364835.202753 effect (-104.754145 0.011425)
-1 1410364842.808647 action (0.04)
-1 1410364848.839622 effect (-71.993608 0.01069)
-1 1410364857.756883 action (0.05)
-1 1410364863.775765 effect (-85.38026 0.039382)
-1 1410364878.614943 action (-0.05)
-1 1410364884.796041 effect (6.082979 0.159241)
-1 1410364894.808428 action (-0.04)
-1 1410364899.860617 effect (6.677629 0.157795)
-1 1410364910.718952 action (-0.03)
-1 1410364917.945742 effect (10.312025 0.164155)
-1 1410364927.713743 action (-0.02)
-1 1410364933.735015 effect (-70.942441 1.091155)
-1 1410364943.874419 action (-0.01)
-1 1410364952.007430 effect (11.608301 0.159943)
-1 1410364960.778822 action (0.0)
-1 1410364966.787665 effect (-44.674518 0.227509)
-1 1410364980.442429 action (0.01)
-1 1410364987.574514 effect (-38.201607 0.143575)
-1 1410364996.977124 action (0.02)
-1 1410365004.084149 effect (-161.681559 0.062504)
-1 1410365014.783391 action (0.03)
-1 1410365021.918679 effect (168.822017 0.047648)
-1 1410365030.833500 action (0.04)
-1 1410365037.977841 effect (-42.974856 0.153987)
-1 1410365045.333125 action (0.05)
-1 1410365052.448324 effect (-89.370363 0.006538)
