-1 1410435279.317195 action (-0.05)
-1 1410435285.536773 effect (27.781115 0.057861)
-1 1410435294.367901 action (-0.04)
-1 1410435299.199448 effect (18.766141 0.092785)
-1 1410435309.647944 action (-0.03)
-1 1410435315.578902 effect (21.666567 0.098919)
-1 1410435326.786673 action (-0.02)
-1 1410435333.813753 effect (17.398091 0.151071)
-1 1410435347.461801 action (-0.01)
-1 1410435353.369905 effect (-80.514105 0.021233)
-1 1410435360.735023 action (0.0)
-1 1410435367.958245 effect (27.909895 0.004148)
-1 1410435383.197172 action (0.01)
-1 1410435389.111635 effect (13.91262 0.067183)
-1 1410435397.885676 action (0.02)
-1 1410435404.048644 effect (-44.191952 0.152531)
-1 1410435412.331165 action (0.03)
-1 1410435418.449999 effect (-70.436891 0.011427)
-1 1410435427.985352 action (0.04)
-1 1410435433.305055 effect (-52.658883 0.094311)
-1 1410435441.378586 action (0.05)
-1 1410435446.790176 effect (-81.348874 0.001762)
-1 1410435462.033053 action (-0.05)
-1 1410435468.144251 effect (6.939598 0.147261)
-1 1410435476.512223 action (-0.04)
-1 1410435483.040730 effect (25.051945 0.075974)
-1 1410435492.867417 action (-0.03)
-1 1410435500.088957 effect (31.878669 0.084234)
-1 1410435510.581839 action (-0.02)
-1 1410435516.508576 effect (17.829759 0.152915)
-1 1410435529.768505 action (-0.01)
-1 1410435537.794262 effect (-38.210274 0.14658)
-1 1410435546.233405 action (0.0)
-1 1410435552.365087 effect (-1.083532 0.031507)
-1 1410435566.237012 action (0.01)
-1 1410435574.356189 effect (28.645407 0.047189)
-1 1410435581.972561 action (0.02)
-1 1410435589.409274 effect (-94.463591 0.033842)
-1 1410435597.859098 action (0.03)
-1 1410435604.080079 effect (-78.190617 0.009683)
-1 1410435612.277320 action (0.04)
-1 1410435618.499770 effect (-89.824085 0.011583)
-1 1410435626.576032 action (0.05)
-1 1410435633.116053 effect (-86.135182 0.007429)
-1 1410435647.047411 action (-0.05)
-1 1410435652.080658 effect (11.613399 0.151335)
-1 1410435661.576828 action (-0.04)
-1 1410435666.628442 effect (16.622232 0.102286)
-1 1410435676.132370 action (-0.03)
-1 1410435682.255766 effect (21.999041 0.102331)
-1 1410435693.645687 action (-0.02)
-1 1410435700.672927 effect (18.336361 0.142625)
-1 1410435715.068895 action (-0.01)
-1 1410435723.100788 effect (-37.113687 0.149788)
-1 1410435730.421002 action (0.0)
-1 1410435736.627210 effect (-173.055064 0.002327)
-1 1410435751.016162 action (0.01)
-1 1410435758.021675 effect (122.101902 0.004548)
-1 1410435769.827051 action (0.02)
-1 1410435776.754032 effect (23.830374 0.185834)
-1 1410435785.737279 action (0.03)
-1 1410435791.948130 effect (-39.788519 0.098727)
-1 1410435800.289645 action (0.04)
-1 1410435805.806820 effect (-87.648909 0.018649)
-1 1410435815.257471 action (0.05)
-1 1410435820.686869 effect (-89.793575 0.05181)
-1 1410435834.887715 action (-0.05)
-1 1410435841.121067 effect (14.178397 0.075103)
-1 1410435849.487507 action (-0.04)
-1 1410435854.823877 effect (21.877977 0.07308)
-1 1410435864.587285 action (-0.03)
-1 1410435869.918493 effect (19.696936 0.098842)
-1 1410435882.999613 action (-0.02)
-1 1410435889.016777 effect (34.604922 0.096015)
-1 1410435902.625018 action (-0.01)
-1 1410435910.534625 effect (23.599465 0.150372)
-1 1410435919.465425 action (0.0)
-1 1410435926.882434 effect (-25.458268 0.046684)
-1 1410435941.298852 action (0.01)
-1 1410435949.316879 effect (103.034291 0.015162)
-1 1410435959.149401 action (0.02)
-1 1410435965.052217 effect (36.276428 0.168392)
-1 1410435973.407933 action (0.03)
-1 1410435979.590749 effect (-112.872545 0.016459)
-1 1410435987.745516 action (0.04)
-1 1410435993.971425 effect (-135.146687 0.01437)
-1 1410436002.152654 action (0.05)
-1 1410436007.664932 effect (-151.751117 0.017648)
-1 1410436022.972778 action (-0.05)
-1 1410436028.295838 effect (28.771328 0.052496)
-1 1410436037.852966 action (-0.04)
-1 1410436045.281102 effect (35.309218 0.0695)
-1 1410436055.555854 action (-0.03)
-1 1410436061.686014 effect (22.468796 0.095303)
-1 1410436073.340685 action (-0.02)
-1 1410436079.359516 effect (22.672983 0.12005)
-1 1410436094.586395 action (-0.01)
-1 1410436102.713082 effect (-77.927063 0.458267)
-1 1410436117.516193 action (0.0)
-1 1410436123.452817 effect (73.003948 0.011789)
-1 1410436136.440470 action (0.01)
-1 1410436143.451644 effect (35.240979 0.052703)
-1 1410436157.248480 action (0.02)
-1 1410436165.177820 effect (15.316299 0.081382)
-1 1410436173.529708 action (0.03)
-1 1410436180.823043 effect (-46.422219 0.152519)
-1 1410436188.982531 action (0.04)
-1 1410436195.190794 effect (-105.146455 0.010478)
-1 1410436203.646791 action (0.05)
-1 1410436208.957713 effect (157.572506 0.005889)
-1 1410436223.199249 action (-0.05)
-1 1410436229.442675 effect (32.928036 0.049101)
-1 1410436238.862417 action (-0.04)
-1 1410436244.102886 effect (13.899858 0.105707)
-1 1410436252.639010 action (-0.03)
-1 1410436258.652608 effect (21.778992 0.103595)
-1 1410436271.396651 action (-0.02)
-1 1410436278.325784 effect (8.752261 0.163391)
-1 1410436293.635040 action (-0.01)
-1 1410436301.562631 effect (-42.697198 0.146778)
-1 1410436308.949479 action (0.0)
-1 1410436314.975007 effect (-85.161074 0.008231)
-1 1410436329.212839 action (0.01)
-1 1410436337.234779 effect (-94.837943 0.02361)
-1 1410436351.346778 action (0.02)
-1 1410436356.557847 effect (15.819914 0.244876)
-1 1410436363.725096 action (0.03)
-1 1410436369.845632 effect (-115.013353 0.015015)
-1 1410436378.392166 action (0.04)
-1 1410436384.531657 effect (-88.322536 0.002181)
-1 1410436392.437937 action (0.05)
-1 1410436397.952817 effect (-31.638994 0.004674)
-1 1410436411.969264 action (-0.05)
-1 1410436417.611477 effect (92.787966 0.035072)
-1 1410436426.312402 action (-0.04)
-1 1410436432.458356 effect (28.636824 0.068605)
-1 1410436441.018534 action (-0.03)
-1 1410436447.239050 effect (28.867865 0.082314)
-1 1410436458.170061 action (-0.02)
-1 1410436464.095232 effect (34.596183 0.10032)
-1 1410436475.911903 action (-0.01)
-1 1410436482.835076 effect (19.52591 0.149013)
-1 1410436490.791558 action (0.0)
-1 1410436497.018300 effect (137.500392 0.003689)
-1 1410436510.968443 action (0.01)
-1 1410436518.004033 effect (-117.130007 0.009096)
-1 1410436525.785554 action (0.02)
-1 1410436531.916736 effect (-95.887233 0.033411)
-1 1410436539.775616 action (0.03)
-1 1410436545.300700 effect (-93.876113 0.022348)
-1 1410436553.643615 action (0.04)
-1 1410436560.238672 effect (-72.474159 0.020415)
